#
# There is insufficient memory for the Java Runtime Environment to continue.
# Native memory allocation (malloc) failed to allocate 269136 bytes for Chunk::new
# Possible reasons:
#   The system is out of physical RAM or swap space
#   In 32 bit mode, the process size limit was hit
# Possible solutions:
#   Reduce memory load on the system
#   Increase physical memory or swap space
#   Check if swap backing store is full
#   Use 64 bit Java on a 64 bit OS
#   Decrease Java heap size (-Xmx/-Xms)
#   Decrease number of Java threads
#   Decrease Java thread stack sizes (-Xss)
#   Set larger code cache with -XX:ReservedCodeCacheSize=
# This output file may be truncated or incomplete.
#
#  Out of Memory Error (allocation.cpp:390), pid=6712, tid=0x000000000000021c
#
# JRE version: Java(TM) SE Runtime Environment (8.0_101-b13) (build 1.8.0_101-b13)
# Java VM: Java HotSpot(TM) 64-Bit Server VM (25.101-b13 mixed mode windows-amd64 compressed oops)
# Failed to write core dump. Minidumps are not enabled by default on client versions of Windows
#

---------------  T H R E A D  ---------------

Current thread (0x0000000053e1a800):  JavaThread "C2 CompilerThread0" daemon [_thread_in_native, id=540, stack(0x0000000055500000,0x0000000055600000)]

Stack: [0x0000000055500000,0x0000000055600000]
[error occurred during error reporting (printing stack bounds), id 0xc0000005]

Native frames: (J=compiled Java code, j=interpreted, Vv=VM code, C=native code)


Current CompileTask:
C2:  47306 10348   !   4       java.nio.file.FileTreeWalker::next (144 bytes)


---------------  P R O C E S S  ---------------

Java Threads: ( => current thread )
  0x000000005a90b000 JavaThread "pool-3-thread-3" [_thread_blocked, id=19644, stack(0x0000000060630000,0x0000000060730000)]
  0x000000005a90a000 JavaThread "pool-3-thread-2" [_thread_blocked, id=21048, stack(0x00000000603f0000,0x00000000604f0000)]
  0x000000005a909800 JavaThread "pool-3-thread-1" [_thread_blocked, id=13568, stack(0x0000000060500000,0x0000000060600000)]
  0x000000005a908000 JavaThread "Cache update executor" [_thread_blocked, id=21508, stack(0x000000005f8e0000,0x000000005f9e0000)]
  0x000000005a907000 JavaThread "File lock request listener" [_thread_in_native, id=21436, stack(0x000000005c4f0000,0x000000005c5f0000)]
  0x000000005749e800 JavaThread "Stdin handler" [_thread_blocked, id=5184, stack(0x0000000058a50000,0x0000000058b50000)]
  0x0000000057426800 JavaThread "Asynchronous log dispatcher for DefaultDaemonConnection: socket connection from /127.0.0.1:56785 to /127.0.0.1:56786" [_thread_blocked, id=5372, stack(0x0000000058850000,0x0000000058950000)]
  0x00000000574dc000 JavaThread "Daemon worker" [_thread_in_native, id=20040, stack(0x00000000585d0000,0x00000000586d0000)]
  0x00000000574f6000 JavaThread "Cancel handler" [_thread_blocked, id=19992, stack(0x0000000058440000,0x0000000058540000)]
  0x0000000057425800 JavaThread "Handler for socket connection from /127.0.0.1:56785 to /127.0.0.1:56786" [_thread_in_native, id=16988, stack(0x0000000058240000,0x0000000058340000)]
  0x0000000057410000 JavaThread "Daemon" [_thread_blocked, id=18200, stack(0x00000000580a0000,0x00000000581a0000)]
  0x00000000573c0000 JavaThread "Incoming local TCP Connector on port 56785" [_thread_in_native, id=21152, stack(0x0000000056870000,0x0000000056970000)]
  0x000000005732f800 JavaThread "pool-1-thread-1" [_thread_blocked, id=18916, stack(0x0000000056a30000,0x0000000056b30000)]
  0x0000000055686000 JavaThread "Service Thread" daemon [_thread_blocked, id=4056, stack(0x0000000055f60000,0x0000000056060000)]
  0x0000000055651000 JavaThread "C1 CompilerThread2" daemon [_thread_in_native, id=20020, stack(0x0000000055d00000,0x0000000055e00000)]
  0x000000005563d800 JavaThread "C2 CompilerThread1" daemon [_thread_in_native, id=22220, stack(0x0000000055ae0000,0x0000000055be0000)]
=>0x0000000053e1a800 JavaThread "C2 CompilerThread0" daemon [_thread_in_native, id=540, stack(0x0000000055500000,0x0000000055600000)]
  0x0000000053e16000 JavaThread "Attach Listener" daemon [_thread_blocked, id=20980, stack(0x00000000551b0000,0x00000000552b0000)]
  0x0000000053e12800 JavaThread "Signal Dispatcher" daemon [_thread_blocked, id=15176, stack(0x00000000552c0000,0x00000000553c0000)]
  0x0000000053dfa800 JavaThread "Finalizer" daemon [_thread_blocked, id=16152, stack(0x0000000055030000,0x0000000055130000)]
  0x0000000053db3800 JavaThread "Reference Handler" daemon [_thread_blocked, id=6688, stack(0x0000000054e90000,0x0000000054f90000)]
  0x0000000000c68000 JavaThread "main" [_thread_blocked, id=14460, stack(0x0000000001020000,0x0000000001120000)]

Other Threads:
  0x0000000053dac000 VMThread [stack: 0x0000000054d70000,0x0000000054e70000] [id=2956]
  0x000000005568e800 WatcherThread [stack: 0x00000000553c0000,0x00000000554c0000] [id=19364]

VM state:not at safepoint (normal execution)

VM Mutex/Monitor currently owned by a thread: None

Heap:
 PSYoungGen      total 264192K, used 202793K [0x00000000eab00000, 0x00000000fcd00000, 0x0000000100000000)
  eden space 244224K, 83% used [0x00000000eab00000,0x00000000f710a748,0x00000000f9980000)
  from space 19968K, 0% used [0x00000000fad00000,0x00000000fad00000,0x00000000fc080000)
  to   space 19968K, 0% used [0x00000000f9980000,0x00000000f9980000,0x00000000fad00000)
 ParOldGen       total 123392K, used 42709K [0x00000000c0000000, 0x00000000c7880000, 0x00000000eab00000)
  object space 123392K, 34% used [0x00000000c0000000,0x00000000c29b5400,0x00000000c7880000)
 Metaspace       used 63958K, capacity 65866K, committed 66136K, reserved 1105920K
  class space    used 8600K, capacity 9028K, committed 9088K, reserved 1048576K

Card table byte_map: [0x00000000107b0000,0x00000000109c0000] byte_map_base: 0x00000000101b0000

Marking Bits: (ParMarkBitMap*) 0x000000006fd1a6d0
 Begin Bits: [0x0000000011120000, 0x0000000012120000)
 End Bits:   [0x0000000012120000, 0x0000000013120000)

Polling page: 0x0000000000210000

CodeCache: size=245760Kb used=31840Kb max_used=31840Kb free=213919Kb
 bounds [0x00000000013f0000, 0x0000000003330000, 0x00000000103f0000]
 total_blobs=9839 nmethods=9027 adapters=723
 compilation: enabled

Compilation events (10 events):
Event: 47.272 Thread 0x0000000055651000 nmethod 10481 0x0000000003323110 code [0x0000000003323280, 0x0000000003323550]
Event: 47.272 Thread 0x0000000055651000 10478       3       org.objectweb.asm.tree.MethodNode::visitFieldInsn (20 bytes)
Event: 47.272 Thread 0x0000000055651000 nmethod 10478 0x0000000003323650 code [0x00000000033237e0, 0x0000000003323b48]
Event: 47.272 Thread 0x0000000055651000 10479       3       org.objectweb.asm.tree.FieldInsnNode::<init> (22 bytes)
Event: 47.273 Thread 0x0000000055651000 nmethod 10479 0x0000000003323d50 code [0x0000000003323ec0, 0x0000000003324110]
Event: 47.273 Thread 0x0000000055651000 10476       3       org.objectweb.asm.tree.ClassNode::visitField (31 bytes)
Event: 47.273 Thread 0x0000000055651000 nmethod 10476 0x0000000003324210 code [0x00000000033243a0, 0x0000000003324888]
Event: 47.273 Thread 0x0000000055651000 10477       3       org.objectweb.asm.tree.FieldNode::<init> (32 bytes)
Event: 47.274 Thread 0x0000000055651000 nmethod 10477 0x0000000003324ad0 code [0x0000000003324c60, 0x00000000033250f8]
Event: 47.285 Thread 0x0000000055651000 10483       3       org.objectweb.asm.ClassReader::a (3351 bytes)

GC Heap History (10 events):
Event: 19.934 GC heap before
{Heap before GC invocations=9 (full 2):
 PSYoungGen      total 120320K, used 10750K [0x00000000eab00000, 0x00000000f8380000, 0x0000000100000000)
  eden space 109568K, 0% used [0x00000000eab00000,0x00000000eab00000,0x00000000f1600000)
  from space 10752K, 99% used [0x00000000f1600000,0x00000000f207f990,0x00000000f2080000)
  to   space 12288K, 0% used [0x00000000f7780000,0x00000000f7780000,0x00000000f8380000)
 ParOldGen       total 55296K, used 12973K [0x00000000c0000000, 0x00000000c3600000, 0x00000000eab00000)
  object space 55296K, 23% used [0x00000000c0000000,0x00000000c0cab6d8,0x00000000c3600000)
 Metaspace       used 34665K, capacity 35286K, committed 35416K, reserved 1079296K
  class space    used 4750K, capacity 4943K, committed 4992K, reserved 1048576K
Event: 20.049 GC heap after
Heap after GC invocations=9 (full 2):
 PSYoungGen      total 120320K, used 0K [0x00000000eab00000, 0x00000000f8380000, 0x0000000100000000)
  eden space 109568K, 0% used [0x00000000eab00000,0x00000000eab00000,0x00000000f1600000)
  from space 10752K, 0% used [0x00000000f1600000,0x00000000f1600000,0x00000000f2080000)
  to   space 12288K, 0% used [0x00000000f7780000,0x00000000f7780000,0x00000000f8380000)
 ParOldGen       total 76288K, used 17760K [0x00000000c0000000, 0x00000000c4a80000, 0x00000000eab00000)
  object space 76288K, 23% used [0x00000000c0000000,0x00000000c11582a0,0x00000000c4a80000)
 Metaspace       used 34665K, capacity 35286K, committed 35416K, reserved 1079296K
  class space    used 4750K, capacity 4943K, committed 4992K, reserved 1048576K
}
Event: 22.369 GC heap before
{Heap before GC invocations=10 (full 2):
 PSYoungGen      total 120320K, used 109568K [0x00000000eab00000, 0x00000000f8380000, 0x0000000100000000)
  eden space 109568K, 100% used [0x00000000eab00000,0x00000000f1600000,0x00000000f1600000)
  from space 10752K, 0% used [0x00000000f1600000,0x00000000f1600000,0x00000000f2080000)
  to   space 12288K, 0% used [0x00000000f7780000,0x00000000f7780000,0x00000000f8380000)
 ParOldGen       total 76288K, used 17760K [0x00000000c0000000, 0x00000000c4a80000, 0x00000000eab00000)
  object space 76288K, 23% used [0x00000000c0000000,0x00000000c11582a0,0x00000000c4a80000)
 Metaspace       used 42521K, capacity 43330K, committed 43480K, reserved 1087488K
  class space    used 5829K, capacity 6084K, committed 6144K, reserved 1048576K
Event: 22.382 GC heap after
Heap after GC invocations=10 (full 2):
 PSYoungGen      total 190464K, used 10563K [0x00000000eab00000, 0x00000000f8200000, 0x0000000100000000)
  eden space 179712K, 0% used [0x00000000eab00000,0x00000000eab00000,0x00000000f5a80000)
  from space 10752K, 98% used [0x00000000f7780000,0x00000000f81d0f50,0x00000000f8200000)
  to   space 13312K, 0% used [0x00000000f6800000,0x00000000f6800000,0x00000000f7500000)
 ParOldGen       total 76288K, used 17768K [0x00000000c0000000, 0x00000000c4a80000, 0x00000000eab00000)
  object space 76288K, 23% used [0x00000000c0000000,0x00000000c115a2a0,0x00000000c4a80000)
 Metaspace       used 42521K, capacity 43330K, committed 43480K, reserved 1087488K
  class space    used 5829K, capacity 6084K, committed 6144K, reserved 1048576K
}
Event: 30.748 GC heap before
{Heap before GC invocations=11 (full 2):
 PSYoungGen      total 190464K, used 190275K [0x00000000eab00000, 0x00000000f8200000, 0x0000000100000000)
  eden space 179712K, 100% used [0x00000000eab00000,0x00000000f5a80000,0x00000000f5a80000)
  from space 10752K, 98% used [0x00000000f7780000,0x00000000f81d0f50,0x00000000f8200000)
  to   space 13312K, 0% used [0x00000000f6800000,0x00000000f6800000,0x00000000f7500000)
 ParOldGen       total 76288K, used 17768K [0x00000000c0000000, 0x00000000c4a80000, 0x00000000eab00000)
  object space 76288K, 23% used [0x00000000c0000000,0x00000000c115a2a0,0x00000000c4a80000)
 Metaspace       used 53805K, capacity 55418K, committed 55640K, reserved 1097728K
  class space    used 7434K, capacity 7794K, committed 7808K, reserved 1048576K
Event: 30.789 GC heap after
Heap after GC invocations=11 (full 2):
 PSYoungGen      total 206848K, used 13299K [0x00000000eab00000, 0x00000000fc080000, 0x0000000100000000)
  eden space 193536K, 0% used [0x00000000eab00000,0x00000000eab00000,0x00000000f6800000)
  from space 13312K, 99% used [0x00000000f6800000,0x00000000f74fcc90,0x00000000f7500000)
  to   space 19968K, 0% used [0x00000000fad00000,0x00000000fad00000,0x00000000fc080000)
 ParOldGen       total 76288K, used 30640K [0x00000000c0000000, 0x00000000c4a80000, 0x00000000eab00000)
  object space 76288K, 40% used [0x00000000c0000000,0x00000000c1dec1e8,0x00000000c4a80000)
 Metaspace       used 53805K, capacity 55418K, committed 55640K, reserved 1097728K
  class space    used 7434K, capacity 7794K, committed 7808K, reserved 1048576K
}
Event: 38.548 GC heap before
{Heap before GC invocations=12 (full 2):
 PSYoungGen      total 206848K, used 138014K [0x00000000eab00000, 0x00000000fc080000, 0x0000000100000000)
  eden space 193536K, 64% used [0x00000000eab00000,0x00000000f24caee0,0x00000000f6800000)
  from space 13312K, 99% used [0x00000000f6800000,0x00000000f74fcc90,0x00000000f7500000)
  to   space 19968K, 0% used [0x00000000fad00000,0x00000000fad00000,0x00000000fc080000)
 ParOldGen       total 76288K, used 30640K [0x00000000c0000000, 0x00000000c4a80000, 0x00000000eab00000)
  object space 76288K, 40% used [0x00000000c0000000,0x00000000c1dec1e8,0x00000000c4a80000)
 Metaspace       used 57141K, capacity 58900K, committed 58968K, reserved 1099776K
  class space    used 7864K, capacity 8301K, committed 8320K, reserved 1048576K
Event: 38.575 GC heap after
Heap after GC invocations=12 (full 2):
 PSYoungGen      total 264192K, used 11864K [0x00000000eab00000, 0x00000000fcd00000, 0x0000000100000000)
  eden space 244224K, 0% used [0x00000000eab00000,0x00000000eab00000,0x00000000f9980000)
  from space 19968K, 59% used [0x00000000fad00000,0x00000000fb8961a8,0x00000000fc080000)
  to   space 19968K, 0% used [0x00000000f9980000,0x00000000f9980000,0x00000000fad00000)
 ParOldGen       total 76288K, used 35732K [0x00000000c0000000, 0x00000000c4a80000, 0x00000000eab00000)
  object space 76288K, 46% used [0x00000000c0000000,0x00000000c22e5170,0x00000000c4a80000)
 Metaspace       used 57141K, capacity 58900K, committed 58968K, reserved 1099776K
  class space    used 7864K, capacity 8301K, committed 8320K, reserved 1048576K
}
Event: 38.575 GC heap before
{Heap before GC invocations=13 (full 3):
 PSYoungGen      total 264192K, used 11864K [0x00000000eab00000, 0x00000000fcd00000, 0x0000000100000000)
  eden space 244224K, 0% used [0x00000000eab00000,0x00000000eab00000,0x00000000f9980000)
  from space 19968K, 59% used [0x00000000fad00000,0x00000000fb8961a8,0x00000000fc080000)
  to   space 19968K, 0% used [0x00000000f9980000,0x00000000f9980000,0x00000000fad00000)
 ParOldGen       total 76288K, used 35732K [0x00000000c0000000, 0x00000000c4a80000, 0x00000000eab00000)
  object space 76288K, 46% used [0x00000000c0000000,0x00000000c22e5170,0x00000000c4a80000)
 Metaspace       used 57141K, capacity 58900K, committed 58968K, reserved 1099776K
  class space    used 7864K, capacity 8301K, committed 8320K, reserved 1048576K
Event: 38.890 GC heap after
Heap after GC invocations=13 (full 3):
 PSYoungGen      total 264192K, used 0K [0x00000000eab00000, 0x00000000fcd00000, 0x0000000100000000)
  eden space 244224K, 0% used [0x00000000eab00000,0x00000000eab00000,0x00000000f9980000)
  from space 19968K, 0% used [0x00000000fad00000,0x00000000fad00000,0x00000000fc080000)
  to   space 19968K, 0% used [0x00000000f9980000,0x00000000f9980000,0x00000000fad00000)
 ParOldGen       total 123392K, used 42709K [0x00000000c0000000, 0x00000000c7880000, 0x00000000eab00000)
  object space 123392K, 34% used [0x00000000c0000000,0x00000000c29b5400,0x00000000c7880000)
 Metaspace       used 57139K, capacity 58894K, committed 58968K, reserved 1099776K
  class space    used 7864K, capacity 8300K, committed 8320K, reserved 1048576K
}

Deoptimization events (10 events):
Event: 46.354 Thread 0x00000000574dc000 Uncommon trap: reason=class_check action=maybe_recompile pc=0x00000000023b85f8 method=com.google.common.collect.RegularImmutableMap.get(Ljava/lang/Object;)Ljava/lang/Object; @ 7
Event: 46.354 Thread 0x00000000574dc000 Uncommon trap: reason=class_check action=maybe_recompile pc=0x00000000020bf19c method=com.google.common.collect.RegularImmutableMap.get(Ljava/lang/Object;)Ljava/lang/Object; @ 7
Event: 46.355 Thread 0x00000000574dc000 Uncommon trap: reason=bimorphic action=maybe_recompile pc=0x00000000015968ac method=java.lang.Iterable.forEach(Ljava/util/function/Consumer;)V @ 6
Event: 46.357 Thread 0x00000000574dc000 Uncommon trap: reason=bimorphic action=maybe_recompile pc=0x0000000001504fa0 method=java.lang.Iterable.forEach(Ljava/util/function/Consumer;)V @ 13
Event: 46.568 Thread 0x00000000574dc000 Uncommon trap: reason=bimorphic action=maybe_recompile pc=0x000000000327c574 method=com.google.common.collect.RegularImmutableMap.get(Ljava/lang/Object;)Ljava/lang/Object; @ 7
Event: 46.576 Thread 0x00000000574dc000 Uncommon trap: reason=bimorphic action=maybe_recompile pc=0x000000000327c574 method=com.google.common.collect.RegularImmutableMap.get(Ljava/lang/Object;)Ljava/lang/Object; @ 7
Event: 46.707 Thread 0x00000000574dc000 Uncommon trap: reason=bimorphic action=maybe_recompile pc=0x0000000003272e80 method=com.google.common.collect.RegularImmutableMap.get(Ljava/lang/Object;)Ljava/lang/Object; @ 7
Event: 46.707 Thread 0x00000000574dc000 Uncommon trap: reason=bimorphic action=maybe_recompile pc=0x0000000003272e80 method=com.google.common.collect.RegularImmutableMap.get(Ljava/lang/Object;)Ljava/lang/Object; @ 7
Event: 46.707 Thread 0x00000000574dc000 Uncommon trap: reason=bimorphic action=maybe_recompile pc=0x000000000327c574 method=com.google.common.collect.RegularImmutableMap.get(Ljava/lang/Object;)Ljava/lang/Object; @ 7
Event: 47.189 Thread 0x00000000574dc000 Uncommon trap: reason=unstable_if action=reinterpret pc=0x0000000001b5a078 method=java.util.regex.Matcher.appendReplacement(Ljava/lang/StringBuffer;Ljava/lang/String;)Ljava/util/regex/Matcher; @ 47

Internal exceptions (10 events):
Event: 29.857 Thread 0x00000000574dc000 Exception <a 'java/lang/NoSuchMethodError': <clinit>> (0x00000000f4573f80) thrown at [C:\re\workspace\8-2-build-windows-amd64-cygwin\jdk8u101\7261\hotspot\src\share\vm\prims\jni.cpp, line 1613]
Event: 29.865 Thread 0x00000000574dc000 Implicit null exception at 0x00000000023caa2a to 0x00000000023cbd09
Event: 29.880 Thread 0x00000000574dc000 Exception <a 'java/lang/NoSuchMethodError': <clinit>> (0x00000000f462a3c0) thrown at [C:\re\workspace\8-2-build-windows-amd64-cygwin\jdk8u101\7261\hotspot\src\share\vm\prims\jni.cpp, line 1613]
Event: 29.881 Thread 0x00000000574dc000 Exception <a 'java/lang/NoSuchMethodError': <clinit>> (0x00000000f4643118) thrown at [C:\re\workspace\8-2-build-windows-amd64-cygwin\jdk8u101\7261\hotspot\src\share\vm\prims\jni.cpp, line 1613]
Event: 29.881 Thread 0x00000000574dc000 Exception <a 'java/lang/NoSuchMethodError': <clinit>> (0x00000000f4644d98) thrown at [C:\re\workspace\8-2-build-windows-amd64-cygwin\jdk8u101\7261\hotspot\src\share\vm\prims\jni.cpp, line 1613]
Event: 31.073 Thread 0x00000000574dc000 Implicit null exception at 0x0000000001bebf0e to 0x0000000001bec091
Event: 31.923 Thread 0x00000000574dc000 Implicit null exception at 0x0000000002a5047e to 0x0000000002a50fa9
Event: 32.493 Thread 0x00000000574dc000 Exception <a 'java/lang/NoSuchMethodError': java.lang.Object.lambda$negate$1(Ljava/lang/Object;)Z> (0x00000000eecdf780) thrown at [C:\re\workspace\8-2-build-windows-amd64-cygwin\jdk8u101\7261\hotspot\src\share\vm\interpreter\linkResolver.cpp, line 582]
Event: 46.065 Thread 0x00000000574dc000 Exception <a 'java/lang/NoSuchMethodError': java.lang.Object.lambda$asRunnable$0(Lcom/android/apkzlib/utils/IOExceptionRunnable;)V> (0x00000000f39d3128) thrown at [C:\re\workspace\8-2-build-windows-amd64-cygwin\jdk8u101\7261\hotspot\src\share\vm\interprete9ίρ¦°0G@
Event: 46.380 Thread 0x000000005a908000 Exception <a 'java/lang/NoSuchMethodError': <clinit>> (0x00000000f5e98020) thrown at [C:\re\workspace\8-2-build-windows-amd64-cygwin\jdk8u101\7261\hotspot\src\share\vm\prims\jni.cpp, line 1613]

Events (10 events):
Event: 47.195 loading class com/android/build/gradle/internal/incremental/StringSwitch
Event: 47.195 loading class com/android/build/gradle/internal/incremental/StringSwitch done
Event: 47.197 loading class com/google/common/collect/Multimaps
Event: 47.197 loading class com/google/common/collect/Multimaps done
Event: 47.199 loading class com/google/common/collect/ImmutableListMultimap$Builder
Event: 47.199 loading class com/google/common/collect/ImmutableListMultimap$Builder done
Event: 47.200 loading class com/google/common/base/Function
Event: 47.200 loading class com/google/common/base/Function done
Event: 47.202 loading class com/android/build/gradle/internal/incremental/IncrementalSupportVisitor$2
Event: 47.202 loading class com/android/build/gradle/internal/incremental/IncrementalSupportVisitor$2 done


Dynamic libraries:
0x000000013fa70000 - 0x000000013faa7000 	C:\Program Files\Java\jdk1.8.0_101\bin\java.exe
0x0000000077560000 - 0x000000007770a000 	C:\Windows\SYSTEM32\ntdll.dll
0x0000000077440000 - 0x000000007755f000 	C:\Windows\system32\kernel32.dll
0x000007fefd510000 - 0x000007fefd57a000 	C:\Windows\system32\KERNELBASE.dll
0x000007fefec10000 - 0x000007fefeceb000 	C:\Windows\system32\ADVAPI32.dll
0x000007fefed60000 - 0x000007fefedff000 	C:\Windows\system32\msvcrt.dll
0x000007feff6d0000 - 0x000007feff6ef000 	C:\Windows\SYSTEM32\sechost.dll
0x000007fefead0000 - 0x000007fefebfd000 	C:\Windows\system32\RPCRT4.dll
0x0000000077340000 - 0x000000007743a000 	C:\Windows\system32\USER32.dll
0x000007fefd760000 - 0x000007fefd7c7000 	C:\Windows\system32\GDI32.dll
0x000007fefec00000 - 0x000007fefec0e000 	C:\Windows\system32\LPK.dll
0x000007feff700000 - 0x000007feff7ca000 	C:\Windows\system32\USP10.dll
0x000007fefa5e0000 - 0x000007fefa7d4000 	C:\Windows\WinSxS\amd64_microsoft.windows.common-controls_6595b64144ccf1df_6.0.7601.18837_none_fa3b1e3d17594757\COMCTL32.dll
0x000007fefea50000 - 0x000007fefeac1000 	C:\Windows\system32\SHLWAPI.dll
0x000007fefea20000 - 0x000007fefea4e000 	C:\Windows\system32\IMM32.DLL
0x000007fefd650000 - 0x000007fefd759000 	C:\Windows\system32\MSCTF.dll
0x0000000053b40000 - 0x0000000053c12000 	C:\Program Files\Java\jdk1.8.0_101\jre\bin\msvcr100.dll
0x000000006f500000 - 0x000000006fd9a000 	C:\Program Files\Java\jdk1.8.0_101\jre\bin\server\jvm.dll
0x000007fef9860000 - 0x000007fef9869000 	C:\Windows\system32\WSOCK32.dll
0x000007fefecf0000 - 0x000007fefed3d000 	C:\Windows\system32\WS2_32.dll
0x000007feff6f0000 - 0x000007feff6f8000 	C:\Windows\system32\NSI.dll
0x000007fef9de0000 - 0x000007fef9e1b000 	C:\Windows\system32\WINMM.dll
0x000007fefc1c0000 - 0x000007fefc1cc000 	C:\Windows\system32\VERSION.dll
0x0000000077730000 - 0x0000000077737000 	C:\Windows\system32\PSAPI.DLL
0x0000000074bf0000 - 0x0000000074bff000 	C:\Program Files\Java\jdk1.8.0_101\jre\bin\verify.dll
0x0000000074b80000 - 0x0000000074ba9000 	C:\Program Files\Java\jdk1.8.0_101\jre\bin\java.dll
0x00000000691b0000 - 0x00000000691c6000 	C:\Program Files\Java\jdk1.8.0_101\jre\bin\zip.dll
0x000007fefdc90000 - 0x000007fefea1a000 	C:\Windows\system32\SHELL32.dll
0x000007fefeea0000 - 0x000007feff0a3000 	C:\Windows\system32\ole32.dll
0x000007fefd290000 - 0x000007fefd29f000 	C:\Windows\system32\profapi.dll
0x0000000059160000 - 0x000000005917a000 	C:\Program Files\Java\jdk1.8.0_101\jre\bin\net.dll
0x000007fefca70000 - 0x000007fefcac5000 	C:\Windows\system32\mswsock.dll
0x000007fefca60000 - 0x000007fefca67000 	C:\Windows\System32\wship6.dll
0x0000000056e00000 - 0x0000000056e11000 	C:\Program Files\Java\jdk1.8.0_101\jre\bin\nio.dll
0x000007fea90b0000 - 0x000007fea90ce000 	C:\Users\jco\.gradle\native\23\windows-amd64\native-platform.dll
0x000007fefcad0000 - 0x000007fefcae8000 	C:\Windows\system32\CRYPTSP.dll
0x000007fefc7d0000 - 0x000007fefc817000 	C:\Windows\system32\rsaenh.dll
0x000007fefd4c0000 - 0x000007fefd4de000 	C:\Windows\system32\USERENV.dll
0x000007fefd0d0000 - 0x000007fefd0df000 	C:\Windows\system32\CRYPTBASE.dll
0x000007fef9830000 - 0x000007fef9857000 	C:\Windows\system32\IPHLPAPI.DLL
0x000007fef9820000 - 0x000007fef982b000 	C:\Windows\system32\WINNSI.DLL
0x000007fef86a0000 - 0x000007fef86b8000 	C:\Windows\system32\dhcpcsvc.DLL
0x000007fef8680000 - 0x000007fef8691000 	C:\Windows\system32\dhcpcsvc6.DLL
0x0000000074be0000 - 0x0000000074bed000 	C:\Program Files\Java\jdk1.8.0_101\jre\bin\management.dll
0x000007fefd180000 - 0x000007fefd1d7000 	C:\Windows\system32\apphelp.dll
0x00000000004a0000 - 0x00000000004c4000 	C:\Program Files\Java\jdk1.8.0_101\jre\bin\sunec.dll
0x000007fefc290000 - 0x000007fefc297000 	C:\Windows\System32\wshtcpip.dll
0x000007fefc8f0000 - 0x000007fefc94b000 	C:\Windows\system32\DNSAPI.dll
0x000007feef3b0000 - 0x000007feef3b8000 	C:\Windows\system32\rasadhlp.dll
0x000007fef8840000 - 0x000007fef8893000 	C:\Windows\System32\fwpuclnt.dll
0x0000000074bc0000 - 0x0000000074bcb000 	C:\Program Files\Java\jdk1.8.0_101\jre\bin\sunmscapi.dll
0x000007fefd350000 - 0x000007fefd4bd000 	C:\Windows\system32\CRYPT32.dll
0x000007fefd2a0000 - 0x000007fefd2af000 	C:\Windows\system32\MSASN1.dll
0x000007fef9d60000 - 0x000007fef9d75000 	C:\Windows\system32\NLAapi.dll
0x000007fef6650000 - 0x000007fef6665000 	C:\Windows\system32\napinsp.dll
0x000007fef6630000 - 0x000007fef6649000 	C:\Windows\system32\pnrpnsp.dll
0x000007fef6620000 - 0x000007fef662b000 	C:\Windows\System32\winrnr.dll
0x000007fef6610000 - 0x000007fef6620000 	C:\Windows\system32\wshbth.dll

VM Arguments:
jvm_args: -XX:MaxPermSize=256m -XX:+HeapDumpOnOutOfMemoryError -Xmx1024m -Dfile.encoding=windows-1252 -Duser.country=US -Duser.language=en -Duser.variant 
java_command: org.gradle.launcher.daemon.bootstrap.GradleDaemon 3.3
java_class_path (initial): C:\Users\jco\.gradle\wrapper\dists\gradle-3.3-all\55gk2rcmfc6p2dg9u9ohc3hw9\gradle-3.3\lib\gradle-launcher-3.3.jar
Launcher Type: SUN_STANDARD

Environment Variables:
JAVA_HOME=C:\Program Files\Java\jre1.8.0_111
PATH=C:\ProgramData\Oracle\Java\javapath;C:\Windows\system32;C:\Windows;C:\Windows\System32\Wbem;C:\Windows\System32\WindowsPowerShell\v1.0\;C:\Windows\CCM;C:\Program Files (x86)\WebEx\Productivity Tools;C:\Program Files\Microsoft SQL Server\Client SDK\ODBC\110\Tools\Binn\;C:\Program Files (x86)\Microsoft SQL Server\120\Tools\Binn\;C:\Program Files\Microsoft SQL Server\120\Tools\Binn\;C:\Program Files\Microsoft SQL Server\120\DTS\Binn\;C:\Program Files (x86)\WebEx\PTools020000000;C:\Program Files\TortoiseHg\;C:\RailsInstaller\Git\cmd;C:\RailsInstaller\nodejs\;C:\Program Files (x86)\Heroku\bin;C:\Program Files (x86)\git\cmd;C:\Program Files (x86)\Git\cmd;C:\Program Files (x86)\Brackets\command;C:\Program Files (x86)\nodejs\;C:\Program Files (x86)\Microsoft SQL Server\120\Tools\Binn\ManagementStudio\;C:\Program Files (x86)\Microsoft SQL Server\120\DTS\Binn\;C:\RailsInstaller\Git\cmd;C:\Quality Assurance\jruby-1.7.26\bin;c:\Python27;C:\Program Files\Mercurial;C:\Users\jco\AppData\Roaming\npm;C:\Users\jco\Downloads\apache-maven-3.3.9-bin\apache-maven-3.3.9\bin;C:\Users\jco\AppData\Local\Box\Box Edit\
USERNAME=jco
OS=Windows_NT
PROCESSOR_IDENTIFIER=Intel64 Family 6 Model 61 Stepping 4, GenuineIntel



---------------  S Y S T E M  ---------------

OS: Windows 7 , 64 bit Build 7601 (6.1.7601.23572)

CPU:total 4 (2 cores per cpu, 2 threads per core) family 6 model 61 stepping 4, cmov, cx8, fxsr, mmx, sse, sse2, sse3, ssse3, sse4.1, sse4.2, popcnt, avx, avx2, aes, clmul, erms, 3dnowpref, lzcnt, ht, tsc, tscinvbit, bmi1, bmi2, adx

Memory: 4k page, physical 8077544k(570704k free), swap 18231708k(5056k free)

vm_info: Java HotSpot(TM) 64-Bit Server VM (25.101-b13) for windows-amd64 JRE (1.8.0_101-b13), built on Jun 22 2016 01:21:29 by "java_re" with MS VC++ 10.0 (VS2010)

time: Wed Mar 15 10:25:03 2017
elapsed time: 47 seconds (0d 0h 0m 47s)

