#
# There is insufficient memory for the Java Runtime Environment to continue.
# Native memory allocation (malloc) failed to allocate 1834576 bytes for Chunk::new
# Possible reasons:
#   The system is out of physical RAM or swap space
#   In 32 bit mode, the process size limit was hit
# Possible solutions:
#   Reduce memory load on the system
#   Increase physical memory or swap space
#   Check if swap backing store is full
#   Use 64 bit Java on a 64 bit OS
#   Decrease Java heap size (-Xmx/-Xms)
#   Decrease number of Java threads
#   Decrease Java thread stack sizes (-Xss)
#   Set larger code cache with -XX:ReservedCodeCacheSize=
# This output file may be truncated or incomplete.
#
#  Out of Memory Error (allocation.cpp:390), pid=15916, tid=0x000000000000233c
#
# JRE version: Java(TM) SE Runtime Environment (8.0_101-b13) (build 1.8.0_101-b13)
# Java VM: Java HotSpot(TM) 64-Bit Server VM (25.101-b13 mixed mode windows-amd64 compressed oops)
# Failed to write core dump. Minidumps are not enabled by default on client versions of Windows
#

---------------  T H R E A D  ---------------

Current thread (0x0000000054f0a800):  JavaThread "C2 CompilerThread1" daemon [_thread_in_native, id=9020, stack(0x00000000558b0000,0x00000000559b0000)]

Stack: [0x00000000558b0000,0x00000000559b0000]
[error occurred during error reporting (printing stack bounds), id 0xc0000005]

Native frames: (J=compiled Java code, j=interpreted, Vv=VM code, C=native code)


Current CompileTask:
C2:  20636 5606       4       groovy.lang.MetaClassImpl::addMetaMethodToIndex (65 bytes)


---------------  P R O C E S S  ---------------

Java Threads: ( => current thread )
  0x000000005bb1c000 JavaThread "File lock request listener" [_thread_in_native, id=16484, stack(0x000000005c320000,0x000000005c420000)]
  0x00000000569e8800 JavaThread "Stdin handler" [_thread_blocked, id=16320, stack(0x00000000583e0000,0x00000000584e0000)]
  0x00000000569e7800 JavaThread "Asynchronous log dispatcher for org.gradle.launcher.daemon.server.DefaultDaemonConnection@7cf73501" [_thread_blocked, id=15532, stack(0x0000000058520000,0x0000000058620000)]
  0x00000000569f3000 JavaThread "Daemon worker" [_thread_in_vm, id=15600, stack(0x0000000058060000,0x0000000058160000)]
  0x0000000056a40800 JavaThread "Cancel handler" [_thread_blocked, id=17084, stack(0x0000000057f20000,0x0000000058020000)]
  0x0000000056984800 JavaThread "Handler for socket connection from /127.0.0.1:59765 to /127.0.0.1:59766" [_thread_in_native, id=17728, stack(0x0000000057bc0000,0x0000000057cc0000)]
  0x0000000056971800 JavaThread "Daemon" [_thread_blocked, id=4580, stack(0x0000000057d30000,0x0000000057e30000)]
  0x0000000056b42000 JavaThread "Incoming local TCP Connector on port 59765" [_thread_in_native, id=8676, stack(0x00000000578c0000,0x00000000579c0000)]
  0x0000000056917000 JavaThread "pool-1-thread-1" [_thread_blocked, id=15220, stack(0x0000000057550000,0x0000000057650000)]
  0x0000000053d4f000 JavaThread "Service Thread" daemon [_thread_blocked, id=14292, stack(0x00000000559c0000,0x0000000055ac0000)]
  0x0000000054f0b800 JavaThread "C1 CompilerThread2" daemon [_thread_blocked, id=15096, stack(0x0000000055ac0000,0x0000000055bc0000)]
=>0x0000000054f0a800 JavaThread "C2 CompilerThread1" daemon [_thread_in_native, id=9020, stack(0x00000000558b0000,0x00000000559b0000)]
  0x0000000054f08800 JavaThread "C2 CompilerThread0" daemon [_thread_in_native, id=16440, stack(0x00000000556c0000,0x00000000557c0000)]
  0x0000000054f06800 JavaThread "Attach Listener" daemon [_thread_blocked, id=17592, stack(0x00000000555b0000,0x00000000556b0000)]
  0x0000000053d44800 JavaThread "Signal Dispatcher" daemon [_thread_blocked, id=8468, stack(0x00000000554a0000,0x00000000555a0000)]
  0x0000000053d2c800 JavaThread "Finalizer" daemon [_thread_blocked, id=16068, stack(0x0000000054e00000,0x0000000054f00000)]
  0x0000000053ce5800 JavaThread "Reference Handler" daemon [_thread_blocked, id=17488, stack(0x0000000054b70000,0x0000000054c70000)]
  0x0000000000c98000 JavaThread "main" [_thread_blocked, id=13584, stack(0x0000000000f20000,0x0000000001020000)]

Other Threads:
  0x0000000053cde000 VMThread [stack: 0x0000000054ca0000,0x0000000054da0000] [id=13432]
  0x0000000054fa3000 WatcherThread [stack: 0x0000000055c20000,0x0000000055d20000] [id=18036]

VM state:not at safepoint (normal execution)

VM Mutex/Monitor currently owned by a thread: None

Heap:
 PSYoungGen      total 174080K, used 65046K [0x00000000eab00000, 0x00000000fb500000, 0x0000000100000000)
  eden space 161280K, 32% used [0x00000000eab00000,0x00000000ede06618,0x00000000f4880000)
  from space 12800K, 99% used [0x00000000f4880000,0x00000000f54ff5b0,0x00000000f5500000)
  to   space 15360K, 0% used [0x00000000fa600000,0x00000000fa600000,0x00000000fb500000)
 ParOldGen       total 84992K, used 17773K [0x00000000c0000000, 0x00000000c5300000, 0x00000000eab00000)
  object space 84992K, 20% used [0x00000000c0000000,0x00000000c115b420,0x00000000c5300000)
 Metaspace       used 47213K, capacity 48102K, committed 48512K, reserved 1091584K
  class space    used 6418K, capacity 6697K, committed 6784K, reserved 1048576K

Card table byte_map: [0x00000000106b0000,0x00000000108c0000] byte_map_base: 0x00000000100b0000

Marking Bits: (ParMarkBitMap*) 0x00000000705ea6d0
 Begin Bits: [0x0000000011150000, 0x0000000012150000)
 End Bits:   [0x0000000012150000, 0x0000000013150000)

Polling page: 0x0000000000210000

CodeCache: size=245760Kb used=18499Kb max_used=18499Kb free=227260Kb
 bounds [0x00000000012f0000, 0x0000000002510000, 0x00000000102f0000]
 total_blobs=6019 nmethods=5283 adapters=647
 compilation: enabled

Compilation events (10 events):
Event: 20.556 Thread 0x0000000054f0b800 5715       3       sun.reflect.generics.tree.VoidDescriptor::accept (8 bytes)
Event: 20.556 Thread 0x0000000054f0b800 nmethod 5715 0x000000000250d010 code [0x000000000250d180, 0x000000000250d450]
Event: 20.556 Thread 0x0000000054f0b800 5716       3       sun.reflect.generics.visitor.Reifier::visitVoidDescriptor (14 bytes)
Event: 20.556 Thread 0x0000000054f0b800 nmethod 5716 0x000000000250d610 code [0x000000000250d780, 0x000000000250d9b0]
Event: 20.558 Thread 0x0000000054f0b800 5717       3       java.util.LinkedList::toArray (39 bytes)
Event: 20.559 Thread 0x0000000054f0b800 nmethod 5717 0x000000000250dad0 code [0x000000000250dc40, 0x000000000250e010]
Event: 20.559 Thread 0x0000000054f0b800 5718       3       org.codehaus.groovy.util.ComplexKeyHashMap::resize (103 bytes)
Event: 20.559 Thread 0x0000000054f0b800 nmethod 5718 0x000000000250e190 code [0x000000000250e320, 0x000000000250e830]
Event: 20.561 Thread 0x0000000054f0b800 5719       3       java.lang.Class$AnnotationData::<init> (20 bytes)
Event: 20.561 Thread 0x0000000054f0b800 nmethod 5719 0x000000000250ead0 code [0x000000000250ec20, 0x000000000250ee10]

GC Heap History (10 events):
Event: 7.471 GC heap before
{Heap before GC invocations=5 (full 1):
 PSYoungGen      total 68608K, used 63488K [0x00000000eab00000, 0x00000000f3100000, 0x0000000100000000)
  eden space 63488K, 100% used [0x00000000eab00000,0x00000000ee900000,0x00000000ee900000)
  from space 5120K, 0% used [0x00000000ee900000,0x00000000ee900000,0x00000000eee00000)
  to   space 5120K, 0% used [0x00000000f2c00000,0x00000000f2c00000,0x00000000f3100000)
 ParOldGen       total 60928K, used 11399K [0x00000000c0000000, 0x00000000c3b80000, 0x00000000eab00000)
  object space 60928K, 18% used [0x00000000c0000000,0x00000000c0b21ef0,0x00000000c3b80000)
 Metaspace       used 26019K, capacity 26514K, committed 26624K, reserved 1073152K
  class space    used 3668K, capacity 3837K, committed 3840K, reserved 1048576K
Event: 7.491 GC heap after
Heap after GC invocations=5 (full 1):
 PSYoungGen      total 108032K, used 5103K [0x00000000eab00000, 0x00000000f3100000, 0x0000000100000000)
  eden space 102912K, 0% used [0x00000000eab00000,0x00000000eab00000,0x00000000f0f80000)
  from space 5120K, 99% used [0x00000000f2c00000,0x00000000f30fbf60,0x00000000f3100000)
  to   space 5120K, 0% used [0x00000000f2700000,0x00000000f2700000,0x00000000f2c00000)
 ParOldGen       total 60928K, used 13354K [0x00000000c0000000, 0x00000000c3b80000, 0x00000000eab00000)
  object space 60928K, 21% used [0x00000000c0000000,0x00000000c0d0a948,0x00000000c3b80000)
 Metaspace       used 26019K, capacity 26514K, committed 26624K, reserved 1073152K
  class space    used 3668K, capacity 3837K, committed 3840K, reserved 1048576K
}
Event: 10.766 GC heap before
{Heap before GC invocations=6 (full 1):
 PSYoungGen      total 108032K, used 108015K [0x00000000eab00000, 0x00000000f3100000, 0x0000000100000000)
  eden space 102912K, 100% used [0x00000000eab00000,0x00000000f0f80000,0x00000000f0f80000)
  from space 5120K, 99% used [0x00000000f2c00000,0x00000000f30fbf60,0x00000000f3100000)
  to   space 5120K, 0% used [0x00000000f2700000,0x00000000f2700000,0x00000000f2c00000)
 ParOldGen       total 60928K, used 13354K [0x00000000c0000000, 0x00000000c3b80000, 0x00000000eab00000)
  object space 60928K, 21% used [0x00000000c0000000,0x00000000c0d0a948,0x00000000c3b80000)
 Metaspace       used 32204K, capacity 32824K, committed 33152K, reserved 1077248K
  class space    used 4435K, capacity 4619K, committed 4736K, reserved 1048576K
Event: 10.793 GC heap after
Heap after GC invocations=6 (full 1):
 PSYoungGen      total 132096K, used 5088K [0x00000000eab00000, 0x00000000f6200000, 0x0000000100000000)
  eden space 126976K, 0% used [0x00000000eab00000,0x00000000eab00000,0x00000000f2700000)
  from space 5120K, 99% used [0x00000000f2700000,0x00000000f2bf8020,0x00000000f2c00000)
  to   space 13312K, 0% used [0x00000000f5500000,0x00000000f5500000,0x00000000f6200000)
 ParOldGen       total 60928K, used 19274K [0x00000000c0000000, 0x00000000c3b80000, 0x00000000eab00000)
  object space 60928K, 31% used [0x00000000c0000000,0x00000000c12d2b98,0x00000000c3b80000)
 Metaspace       used 32204K, capacity 32824K, committed 33152K, reserved 1077248K
  class space    used 4435K, capacity 4619K, committed 4736K, reserved 1048576K
}
Event: 11.286 GC heap before
{Heap before GC invocations=7 (full 1):
 PSYoungGen      total 132096K, used 31074K [0x00000000eab00000, 0x00000000f6200000, 0x0000000100000000)
  eden space 126976K, 20% used [0x00000000eab00000,0x00000000ec460930,0x00000000f2700000)
  from space 5120K, 99% used [0x00000000f2700000,0x00000000f2bf8020,0x00000000f2c00000)
  to   space 13312K, 0% used [0x00000000f5500000,0x00000000f5500000,0x00000000f6200000)
 ParOldGen       total 60928K, used 19274K [0x00000000c0000000, 0x00000000c3b80000, 0x00000000eab00000)
  object space 60928K, 31% used [0x00000000c0000000,0x00000000c12d2b98,0x00000000c3b80000)
 Metaspace       used 34585K, capacity 35132K, committed 35456K, reserved 1079296K
  class space    used 4730K, capacity 4913K, committed 4992K, reserved 1048576K
Event: 11.308 GC heap after
Heap after GC invocations=7 (full 1):
 PSYoungGen      total 174592K, used 8344K [0x00000000eab00000, 0x00000000f8800000, 0x0000000100000000)
  eden space 161280K, 0% used [0x00000000eab00000,0x00000000eab00000,0x00000000f4880000)
  from space 13312K, 62% used [0x00000000f5500000,0x00000000f5d26080,0x00000000f6200000)
  to   space 12800K, 0% used [0x00000000f4880000,0x00000000f4880000,0x00000000f5500000)
 ParOldGen       total 60928K, used 19282K [0x00000000c0000000, 0x00000000c3b80000, 0x00000000eab00000)
  object space 60928K, 31% used [0x00000000c0000000,0x00000000c12d4b98,0x00000000c3b80000)
 Metaspace       used 34585K, capacity 35132K, committed 35456K, reserved 1079296K
  class space    used 4730K, capacity 4913K, committed 4992K, reserved 1048576K
}
Event: 11.308 GC heap before
{Heap before GC invocations=8 (full 2):
 PSYoungGen      total 174592K, used 8344K [0x00000000eab00000, 0x00000000f8800000, 0x0000000100000000)
  eden space 161280K, 0% used [0x00000000eab00000,0x00000000eab00000,0x00000000f4880000)
  from space 13312K, 62% used [0x00000000f5500000,0x00000000f5d26080,0x00000000f6200000)
  to   space 12800K, 0% used [0x00000000f4880000,0x00000000f4880000,0x00000000f5500000)
 ParOldGen       total 60928K, used 19282K [0x00000000c0000000, 0x00000000c3b80000, 0x00000000eab00000)
  object space 60928K, 31% used [0x00000000c0000000,0x00000000c12d4b98,0x00000000c3b80000)
 Metaspace       used 34585K, capacity 35132K, committed 35456K, reserved 1079296K
  class space    used 4730K, capacity 4913K, committed 4992K, reserved 1048576K
Event: 11.474 GC heap after
Heap after GC invocations=8 (full 2):
 PSYoungGen      total 174592K, used 0K [0x00000000eab00000, 0x00000000f8800000, 0x0000000100000000)
  eden space 161280K, 0% used [0x00000000eab00000,0x00000000eab00000,0x00000000f4880000)
  from space 13312K, 0% used [0x00000000f5500000,0x00000000f5500000,0x00000000f6200000)
  to   space 12800K, 0% used [0x00000000f4880000,0x00000000f4880000,0x00000000f5500000)
 ParOldGen       total 84992K, used 15823K [0x00000000c0000000, 0x00000000c5300000, 0x00000000eab00000)
  object space 84992K, 18% used [0x00000000c0000000,0x00000000c0f73f68,0x00000000c5300000)
 Metaspace       used 34585K, capacity 35132K, committed 35456K, reserved 1079296K
  class space    used 4730K, capacity 4913K, committed 4992K, reserved 1048576K
}
Event: 16.536 GC heap before
{Heap before GC invocations=9 (full 2):
 PSYoungGen      total 174592K, used 161280K [0x00000000eab00000, 0x00000000f8800000, 0x0000000100000000)
  eden space 161280K, 100% used [0x00000000eab00000,0x00000000f4880000,0x00000000f4880000)
  from space 13312K, 0% used [0x00000000f5500000,0x00000000f5500000,0x00000000f6200000)
  to   space 12800K, 0% used [0x00000000f4880000,0x00000000f4880000,0x00000000f5500000)
 ParOldGen       total 84992K, used 15823K [0x00000000c0000000, 0x00000000c5300000, 0x00000000eab00000)
  object space 84992K, 18% used [0x00000000c0000000,0x00000000c0f73f68,0x00000000c5300000)
 Metaspace       used 44856K, capacity 45832K, committed 46080K, reserved 1089536K
  class space    used 6135K, capacity 6397K, committed 6400K, reserved 1048576K
Event: 16.557 GC heap after
Heap after GC invocations=9 (full 2):
 PSYoungGen      total 174080K, used 12797K [0x00000000eab00000, 0x00000000fb500000, 0x0000000100000000)
  eden space 161280K, 0% used [0x00000000eab00000,0x00000000eab00000,0x00000000f4880000)
  from space 12800K, 99% used [0x00000000f4880000,0x00000000f54ff5b0,0x00000000f5500000)
  to   space 15360K, 0% used [0x00000000fa600000,0x00000000fa600000,0x00000000fb500000)
 ParOldGen       total 84992K, used 17773K [0x00000000c0000000, 0x00000000c5300000, 0x00000000eab00000)
  object space 84992K, 20% used [0x00000000c0000000,0x00000000c115b420,0x00000000c5300000)
 Metaspace       used 44856K, capacity 45832K, committed 46080K, reserved 1089536K
  class space    used 6135K, capacity 6397K, committed 6400K, reserved 1048576K
}

Deoptimization events (10 events):
Event: 17.420 Thread 0x00000000569f3000 Uncommon trap: reason=unstable_if action=reinterpret pc=0x0000000001770628 method=java.util.regex.Pattern$Branch.match(Ljava/util/regex/Matcher;ILjava/lang/CharSequence;)Z @ 35
Event: 17.965 Thread 0x00000000569f3000 Uncommon trap: reason=unstable_if action=reinterpret pc=0x0000000001c8e4e4 method=java.lang.String.regionMatches(ZILjava/lang/String;II)Z @ 123
Event: 18.002 Thread 0x00000000569f3000 Uncommon trap: reason=class_check action=maybe_recompile pc=0x00000000013f89ec method=java.lang.Throwable.<init>(Ljava/lang/String;Ljava/lang/Throwable;)V @ 24
Event: 18.024 Thread 0x00000000569f3000 Uncommon trap: reason=unstable_if action=reinterpret pc=0x0000000001bb9278 method=org.apache.xerces.util.SymbolTable.addSymbol([CII)Ljava/lang/String; @ 56
Event: 18.124 Thread 0x00000000569f3000 Uncommon trap: reason=class_check action=maybe_recompile pc=0x0000000001afc86c method=java.util.Hashtable.get(Ljava/lang/Object;)Ljava/lang/Object; @ 6
Event: 18.920 Thread 0x00000000569f3000 Uncommon trap: reason=class_check action=maybe_recompile pc=0x00000000013f89ec method=java.lang.Throwable.<init>(Ljava/lang/String;Ljava/lang/Throwable;)V @ 24
Event: 18.970 Thread 0x00000000569f3000 Uncommon trap: reason=unstable_if action=reinterpret pc=0x000000000222278c method=java.util.HashMap$HashIterator.<init>(Ljava/util/HashMap;)V @ 45
Event: 19.001 Thread 0x00000000569f3000 Uncommon trap: reason=unstable_if action=reinterpret pc=0x0000000002434058 method=com.google.common.base.Objects.equal(Ljava/lang/Object;Ljava/lang/Object;)Z @ 14
Event: 19.601 Thread 0x00000000569f3000 Uncommon trap: reason=class_check action=maybe_recompile pc=0x00000000013f89ec method=java.lang.Throwable.<init>(Ljava/lang/String;Ljava/lang/Throwable;)V @ 24
Event: 19.849 Thread 0x00000000569f3000 Uncommon trap: reason=class_check action=maybe_recompile pc=0x00000000013f89ec method=java.lang.Throwable.<init>(Ljava/lang/String;Ljava/lang/Throwable;)V @ 24

Internal exceptions (10 events):
Event: 20.372 Thread 0x00000000569f3000 Exception <a 'java/lang/ClassNotFoundException': com/android/build/gradle/tasks/RenderscriptCompileCustomizer> (0x00000000ed8d0510) thrown at [C:\re\workspace\8-2-build-windows-amd64-cygwin\jdk8u101\7261\hotspot\src\share\vm\classfile\systemDictionary.cpp,
Event: 20.378 Thread 0x00000000569f3000 Exception <a 'java/lang/ClassNotFoundException': com/android/build/gradle/tasks/RenderscriptCompile_DecoratedCustomizer> (0x00000000ed91a740) thrown at [C:\re\workspace\8-2-build-windows-amd64-cygwin\jdk8u101\7261\hotspot\src\share\vm\classfile\systemDicti¿—äÈ*â4@
Event: 20.536 Thread 0x00000000569f3000 Exception <a 'java/lang/ClassNotFoundException': com/android/build/gradle/tasks/MergeResources_DecoratedBeanInfo> (0x00000000edad2750) thrown at [C:\re\workspace\8-2-build-windows-amd64-cygwin\jdk8u101\7261\hotspot\src\share\vm\classfile\systemDictionary.cêi&Iâ4@
Event: 20.536 Thread 0x00000000569f3000 Exception <a 'java/lang/ClassNotFoundException': com/android/build/gradle/tasks/MergeResourcesBeanInfo> (0x00000000edae40b0) thrown at [C:\re\workspace\8-2-build-windows-amd64-cygwin\jdk8u101\7261\hotspot\src\share\vm\classfile\systemDictionary.cpp, line 2V¢Ømâ4@
Event: 20.537 Thread 0x00000000569f3000 Exception <a 'java/lang/ClassNotFoundException': com/android/build/gradle/tasks/MergeResourcesCustomizer> (0x00000000edaf5da0) thrown at [C:\re\workspace\8-2-build-windows-amd64-cygwin\jdk8u101\7261\hotspot\src\share\vm\classfile\systemDictionary.cpp, line‚xkTä4@
Event: 20.539 Thread 0x00000000569f3000 Exception <a 'java/lang/ClassNotFoundException': com/android/build/gradle/tasks/MergeResources_DecoratedCustomizer> (0x00000000edb40478) thrown at [C:\re\workspace\8-2-build-windows-amd64-cygwin\jdk8u101\7261\hotspot\src\share\vm\classfile\systemDictionaryïPõ˜Òç4@
Event: 20.554 Thread 0x00000000569f3000 Exception <a 'java/lang/ClassNotFoundException': com/android/build/gradle/tasks/MergeSourceSetFolders_DecoratedBeanInfo> (0x00000000edc949d8) thrown at [C:\re\workspace\8-2-build-windows-amd64-cygwin\jdk8u101\7261\hotspot\src\share\vm\classfile\systemDicti:"ré4@
Event: 20.555 Thread 0x00000000569f3000 Exception <a 'java/lang/ClassNotFoundException': com/android/build/gradle/tasks/MergeSourceSetFoldersBeanInfo> (0x00000000edca7628) thrown at [C:\re\workspace\8-2-build-windows-amd64-cygwin\jdk8u101\7261\hotspot\src\share\vm\classfile\systemDictionary.cpp,U’Ò¿2é4@
Event: 20.555 Thread 0x00000000569f3000 Exception <a 'java/lang/ClassNotFoundException': com/android/build/gradle/tasks/MergeSourceSetFoldersCustomizer> (0x00000000edcba670) thrown at [C:\re\workspace\8-2-build-windows-amd64-cygwin\jdk8u101\7261\hotspot\src\share\vm\classfile\systemDictionary.cpã)Ußé4@
Event: 20.557 Thread 0x00000000569f3000 Exception <a 'java/lang/ClassNotFoundException': com/android/build/gradle/tasks/MergeSourceSetFolders_DecoratedCustomizer> (0x00000000edce8ea8) thrown at [C:\re\workspace\8-2-build-windows-amd64-cygwin\jdk8u101\7261\hotspot\src\share\vm\classfile\systemDicüöcX_4@

Events (10 events):
Event: 20.555 loading class com/android/build/gradle/tasks/MergeSourceSetFoldersCustomizer
Event: 20.555 loading class com/android/build/gradle/tasks/MergeSourceSetFoldersCustomizer done
Event: 20.557 loading class com/android/build/gradle/tasks/MergeSourceSetFolders_DecoratedCustomizer
Event: 20.557 loading class com/android/build/gradle/tasks/MergeSourceSetFolders_DecoratedCustomizer done
Event: 20.557 loading class com/android/build/gradle/tasks/MergeSourceSetFolders_DecoratedCustomizer
Event: 20.557 loading class com/android/build/gradle/tasks/MergeSourceSetFolders_DecoratedCustomizer done
Event: 20.557 loading class com/android/build/gradle/tasks/MergeSourceSetFolders_DecoratedCustomizer
Event: 20.557 loading class com/android/build/gradle/tasks/MergeSourceSetFolders_DecoratedCustomizer done
Event: 20.560 loading class com/android/build/gradle/tasks/GenerateBuildConfig$ConfigAction
Event: 20.560 loading class com/android/build/gradle/tasks/GenerateBuildConfig$ConfigAction done


Dynamic libraries:
0x000000013f7d0000 - 0x000000013f807000 	C:\Program Files\Java\jdk1.8.0_101\bin\java.exe
0x0000000077250000 - 0x00000000773fa000 	C:\Windows\SYSTEM32\ntdll.dll
0x0000000077130000 - 0x000000007724f000 	C:\Windows\system32\kernel32.dll
0x000007fefd270000 - 0x000007fefd2da000 	C:\Windows\system32\KERNELBASE.dll
0x000007feff1d0000 - 0x000007feff2ab000 	C:\Windows\system32\ADVAPI32.dll
0x000007fefd370000 - 0x000007fefd40f000 	C:\Windows\system32\msvcrt.dll
0x000007feff540000 - 0x000007feff55f000 	C:\Windows\SYSTEM32\sechost.dll
0x000007fefd770000 - 0x000007fefd89d000 	C:\Windows\system32\RPCRT4.dll
0x0000000077030000 - 0x000000007712a000 	C:\Windows\system32\USER32.dll
0x000007fefd9b0000 - 0x000007fefda17000 	C:\Windows\system32\GDI32.dll
0x000007fefdd90000 - 0x000007fefdd9e000 	C:\Windows\system32\LPK.dll
0x000007fefd410000 - 0x000007fefd4da000 	C:\Windows\system32\USP10.dll
0x000007fefaea0000 - 0x000007fefb094000 	C:\Windows\WinSxS\amd64_microsoft.windows.common-controls_6595b64144ccf1df_6.0.7601.18837_none_fa3b1e3d17594757\COMCTL32.dll
0x000007feff4c0000 - 0x000007feff531000 	C:\Windows\system32\SHLWAPI.dll
0x000007fefd340000 - 0x000007fefd36e000 	C:\Windows\system32\IMM32.DLL
0x000007fefd8a0000 - 0x000007fefd9a9000 	C:\Windows\system32\MSCTF.dll
0x00000000787f0000 - 0x00000000788c2000 	C:\Program Files\Java\jdk1.8.0_101\jre\bin\msvcr100.dll
0x000000006fdd0000 - 0x000000007066a000 	C:\Program Files\Java\jdk1.8.0_101\jre\bin\server\jvm.dll
0x000007fef9550000 - 0x000007fef9559000 	C:\Windows\system32\WSOCK32.dll
0x000007fefe1f0000 - 0x000007fefe23d000 	C:\Windows\system32\WS2_32.dll
0x000007fefe1e0000 - 0x000007fefe1e8000 	C:\Windows\system32\NSI.dll
0x000007fef9c30000 - 0x000007fef9c6b000 	C:\Windows\system32\WINMM.dll
0x000007fefbeb0000 - 0x000007fefbebc000 	C:\Windows\system32\VERSION.dll
0x0000000077420000 - 0x0000000077427000 	C:\Windows\system32\PSAPI.DLL
0x000000006bcc0000 - 0x000000006bccf000 	C:\Program Files\Java\jdk1.8.0_101\jre\bin\verify.dll
0x000000006bc90000 - 0x000000006bcb9000 	C:\Program Files\Java\jdk1.8.0_101\jre\bin\java.dll
0x0000000066e50000 - 0x0000000066e66000 	C:\Program Files\Java\jdk1.8.0_101\jre\bin\zip.dll
0x000007fefe240000 - 0x000007fefefca000 	C:\Windows\system32\SHELL32.dll
0x000007feff2b0000 - 0x000007feff4b3000 	C:\Windows\system32\ole32.dll
0x000007fefcf80000 - 0x000007fefcf8f000 	C:\Windows\system32\profapi.dll
0x0000000000aa0000 - 0x0000000000aba000 	C:\Program Files\Java\jdk1.8.0_101\jre\bin\net.dll
0x000007fefc760000 - 0x000007fefc7b5000 	C:\Windows\system32\mswsock.dll
0x000007fefc750000 - 0x000007fefc757000 	C:\Windows\System32\wship6.dll
0x000000006fb20000 - 0x000000006fb31000 	C:\Program Files\Java\jdk1.8.0_101\jre\bin\nio.dll
0x000007fef88e0000 - 0x000007fef88f2000 	C:\Users\jco\.gradle\native\19\windows-amd64\native-platform.dll
0x000007fefc9b0000 - 0x000007fefc9c8000 	C:\Windows\system32\CRYPTSP.dll
0x000007fefc4b0000 - 0x000007fefc4f7000 	C:\Windows\system32\rsaenh.dll
0x000007fefd300000 - 0x000007fefd31e000 	C:\Windows\system32\USERENV.dll
0x000007fefcdc0000 - 0x000007fefcdcf000 	C:\Windows\system32\CRYPTBASE.dll
0x000007fef9520000 - 0x000007fef9547000 	C:\Windows\system32\IPHLPAPI.DLL
0x000007fef9510000 - 0x000007fef951b000 	C:\Windows\system32\WINNSI.DLL
0x000007fef8390000 - 0x000007fef83a8000 	C:\Windows\system32\dhcpcsvc.DLL
0x000007fef8370000 - 0x000007fef8381000 	C:\Windows\system32\dhcpcsvc6.DLL
0x0000000067010000 - 0x000000006701d000 	C:\Program Files\Java\jdk1.8.0_101\jre\bin\management.dll
0x000007fefce70000 - 0x000007fefcec7000 	C:\Windows\system32\apphelp.dll
0x0000000000e40000 - 0x0000000000e64000 	C:\Program Files\Java\jdk1.8.0_101\jre\bin\sunec.dll
0x000007fefc350000 - 0x000007fefc357000 	C:\Windows\System32\wshtcpip.dll
0x000007fefc5b0000 - 0x000007fefc60b000 	C:\Windows\system32\DNSAPI.dll
0x000007feef110000 - 0x000007feef118000 	C:\Windows\system32\rasadhlp.dll
0x000007fef8530000 - 0x000007fef8583000 	C:\Windows\System32\fwpuclnt.dll
0x0000000066ee0000 - 0x0000000066eeb000 	C:\Program Files\Java\jdk1.8.0_101\jre\bin\sunmscapi.dll
0x000007fefd0c0000 - 0x000007fefd22d000 	C:\Windows\system32\CRYPT32.dll
0x000007fefcf90000 - 0x000007fefcf9f000 	C:\Windows\system32\MSASN1.dll
0x000007fef9a50000 - 0x000007fef9a65000 	C:\Windows\system32\NLAapi.dll
0x000007fef6340000 - 0x000007fef6355000 	C:\Windows\system32\napinsp.dll
0x000007fef6320000 - 0x000007fef6339000 	C:\Windows\system32\pnrpnsp.dll
0x000007fef6310000 - 0x000007fef631b000 	C:\Windows\System32\winrnr.dll
0x000007fef6300000 - 0x000007fef6310000 	C:\Windows\system32\wshbth.dll

VM Arguments:
jvm_args: -XX:MaxPermSize=256m -XX:+HeapDumpOnOutOfMemoryError -Xmx1024m -Dfile.encoding=windows-1252 -Duser.country=US -Duser.language=en -Duser.variant 
java_command: org.gradle.launcher.daemon.bootstrap.GradleDaemon 2.14.1
java_class_path (initial): C:\Program Files\Android\Android Studio\gradle\gradle-2.14.1\lib\gradle-launcher-2.14.1.jar
Launcher Type: SUN_STANDARD

Environment Variables:
JAVA_HOME=C:\Program Files\Java\jre1.8.0_111
PATH=C:\ProgramData\Oracle\Java\javapath;C:\Windows\system32;C:\Windows;C:\Windows\System32\Wbem;C:\Windows\System32\WindowsPowerShell\v1.0\;C:\Windows\CCM;C:\Program Files (x86)\WebEx\Productivity Tools;C:\Program Files\Microsoft SQL Server\Client SDK\ODBC\110\Tools\Binn\;C:\Program Files (x86)\Microsoft SQL Server\120\Tools\Binn\;C:\Program Files\Microsoft SQL Server\120\Tools\Binn\;C:\Program Files\Microsoft SQL Server\120\DTS\Binn\;C:\Program Files (x86)\WebEx\PTools020000000;C:\Program Files\TortoiseHg\;C:\RailsInstaller\Git\cmd;C:\RailsInstaller\nodejs\;C:\Program Files (x86)\Heroku\bin;C:\Program Files (x86)\git\cmd;C:\Program Files (x86)\Git\cmd;C:\Program Files (x86)\Brackets\command;C:\Program Files (x86)\nodejs\;C:\Program Files (x86)\Microsoft SQL Server\120\Tools\Binn\ManagementStudio\;C:\Program Files (x86)\Microsoft SQL Server\120\DTS\Binn\;C:\RailsInstaller\Git\cmd;C:\Quality Assurance\jruby-1.7.26\bin;c:\Python27;C:\Program Files\Mercurial;C:\Users\jco\AppData\Roaming\npm;C:\Users\jco\Downloads\apache-maven-3.3.9-bin\apache-maven-3.3.9\bin;C:\Users\jco\AppData\Local\Box\Box Edit\
USERNAME=jco
OS=Windows_NT
PROCESSOR_IDENTIFIER=Intel64 Family 6 Model 61 Stepping 4, GenuineIntel



---------------  S Y S T E M  ---------------

OS: Windows 7 , 64 bit Build 7601 (6.1.7601.23572)

CPU:total 4 (2 cores per cpu, 2 threads per core) family 6 model 61 stepping 4, cmov, cx8, fxsr, mmx, sse, sse2, sse3, ssse3, sse4.1, sse4.2, popcnt, avx, avx2, aes, clmul, erms, 3dnowpref, lzcnt, ht, tsc, tscinvbit, bmi1, bmi2, adx

Memory: 4k page, physical 8077544k(352996k free), swap 18858808k(6856k free)

vm_info: Java HotSpot(TM) 64-Bit Server VM (25.101-b13) for windows-amd64 JRE (1.8.0_101-b13), built on Jun 22 2016 01:21:29 by "java_re" with MS VC++ 10.0 (VS2010)

time: Fri Mar 03 10:51:57 2017
elapsed time: 20 seconds (0d 0h 0m 20s)

