#
# There is insufficient memory for the Java Runtime Environment to continue.
# Native memory allocation (malloc) failed to allocate 1206928 bytes for Chunk::new
# Possible reasons:
#   The system is out of physical RAM or swap space
#   In 32 bit mode, the process size limit was hit
# Possible solutions:
#   Reduce memory load on the system
#   Increase physical memory or swap space
#   Check if swap backing store is full
#   Use 64 bit Java on a 64 bit OS
#   Decrease Java heap size (-Xmx/-Xms)
#   Decrease number of Java threads
#   Decrease Java thread stack sizes (-Xss)
#   Set larger code cache with -XX:ReservedCodeCacheSize=
# This output file may be truncated or incomplete.
#
#  Out of Memory Error (allocation.cpp:390), pid=16796, tid=0x0000000000004468
#
# JRE version: Java(TM) SE Runtime Environment (8.0_101-b13) (build 1.8.0_101-b13)
# Java VM: Java HotSpot(TM) 64-Bit Server VM (25.101-b13 mixed mode windows-amd64 compressed oops)
# Failed to write core dump. Minidumps are not enabled by default on client versions of Windows
#

---------------  T H R E A D  ---------------

Current thread (0x00000000554b0800):  JavaThread "C2 CompilerThread1" daemon [_thread_in_native, id=17512, stack(0x0000000055970000,0x0000000055a70000)]

Stack: [0x0000000055970000,0x0000000055a70000]
[error occurred during error reporting (printing stack bounds), id 0xc0000005]

Native frames: (J=compiled Java code, j=interpreted, Vv=VM code, C=native code)


Current CompileTask:
C2:  14909 3655       4       groovy.lang.MetaClassImpl::addMetaMethodToIndex (65 bytes)


---------------  P R O C E S S  ---------------

Java Threads: ( => current thread )
  0x0000000056ab9800 JavaThread "File lock request listener" [_thread_in_native, id=17460, stack(0x000000005c0f0000,0x000000005c1f0000)]
  0x0000000056ab9000 JavaThread "Stdin handler" [_thread_blocked, id=18428, stack(0x00000000583a0000,0x00000000584a0000)]
  0x0000000056ab8000 JavaThread "Asynchronous log dispatcher for org.gradle.launcher.daemon.server.DefaultDaemonConnection@dc84b7d" [_thread_blocked, id=14388, stack(0x00000000581c0000,0x00000000582c0000)]
  0x0000000056ab7800 JavaThread "Daemon worker" [_thread_in_native, id=15620, stack(0x0000000057cb0000,0x0000000057db0000)]
  0x0000000056ab6800 JavaThread "Cancel handler" [_thread_blocked, id=16000, stack(0x0000000057f30000,0x0000000058030000)]
  0x0000000056bee000 JavaThread "Handler for socket connection from /127.0.0.1:59635 to /127.0.0.1:59636" [_thread_in_native, id=512, stack(0x0000000057e00000,0x0000000057f00000)]
  0x0000000056c00800 JavaThread "Daemon" [_thread_blocked, id=8600, stack(0x0000000057b40000,0x0000000057c40000)]
  0x0000000056c7f000 JavaThread "Incoming local TCP Connector on port 59635" [_thread_in_native, id=12256, stack(0x0000000056490000,0x0000000056590000)]
  0x000000005690d800 JavaThread "pool-1-thread-1" [_thread_blocked, id=16532, stack(0x0000000057570000,0x0000000057670000)]
  0x0000000055523000 JavaThread "Service Thread" daemon [_thread_blocked, id=17096, stack(0x0000000054ff0000,0x00000000550f0000)]
  0x00000000554b1800 JavaThread "C1 CompilerThread2" daemon [_thread_blocked, id=17940, stack(0x0000000055a80000,0x0000000055b80000)]
=>0x00000000554b0800 JavaThread "C2 CompilerThread1" daemon [_thread_in_native, id=17512, stack(0x0000000055970000,0x0000000055a70000)]
  0x0000000053bba800 JavaThread "C2 CompilerThread0" daemon [_thread_in_native, id=13368, stack(0x00000000553b0000,0x00000000554b0000)]
  0x0000000053bb8000 JavaThread "Attach Listener" daemon [_thread_blocked, id=5220, stack(0x0000000055210000,0x0000000055310000)]
  0x0000000053bb4800 JavaThread "Signal Dispatcher" daemon [_thread_blocked, id=8356, stack(0x0000000055100000,0x0000000055200000)]
  0x0000000053b9a800 JavaThread "Finalizer" daemon [_thread_blocked, id=17168, stack(0x0000000054ee0000,0x0000000054fe0000)]
  0x0000000053b53800 JavaThread "Reference Handler" daemon [_thread_blocked, id=16924, stack(0x0000000054d00000,0x0000000054e00000)]
  0x0000000000d78000 JavaThread "main" [_thread_blocked, id=15848, stack(0x0000000000ef0000,0x0000000000ff0000)]

Other Threads:
  0x0000000053b4c000 VMThread [stack: 0x0000000054bf0000,0x0000000054cf0000] [id=17288]
  0x0000000055546800 WatcherThread [stack: 0x0000000055b90000,0x0000000055c90000] [id=11320]

VM state:not at safepoint (normal execution)

VM Mutex/Monitor currently owned by a thread: None

Heap:
 PSYoungGen      total 74752K, used 42448K [0x00000000eab00000, 0x00000000f1c80000, 0x0000000100000000)
  eden space 63488K, 66% used [0x00000000eab00000,0x00000000ed4742f8,0x00000000ee900000)
  from space 11264K, 0% used [0x00000000f1180000,0x00000000f1180000,0x00000000f1c80000)
  to   space 5120K, 0% used [0x00000000ee900000,0x00000000ee900000,0x00000000eee00000)
 ParOldGen       total 62976K, used 17278K [0x00000000c0000000, 0x00000000c3d80000, 0x00000000eab00000)
  object space 62976K, 27% used [0x00000000c0000000,0x00000000c10dfbe0,0x00000000c3d80000)
 Metaspace       used 35952K, capacity 36662K, committed 36992K, reserved 1081344K
  class space    used 4960K, capacity 5187K, committed 5248K, reserved 1048576K

Card table byte_map: [0x0000000010680000,0x0000000010890000] byte_map_base: 0x0000000010080000

Marking Bits: (ParMarkBitMap*) 0x00000000705ea6d0
 Begin Bits: [0x0000000010fc0000, 0x0000000011fc0000)
 End Bits:   [0x0000000011fc0000, 0x0000000012fc0000)

Polling page: 0x0000000000220000

CodeCache: size=245760Kb used=12395Kb max_used=12395Kb free=233364Kb
 bounds [0x00000000012c0000, 0x0000000001ef0000, 0x00000000102c0000]
 total_blobs=4139 nmethods=3461 adapters=590
 compilation: enabled

Compilation events (10 events):
Event: 14.604 Thread 0x00000000554b1800 3677       3       java.util.Formatter$Conversion::isText (32 bytes)
Event: 14.604 Thread 0x00000000554b1800 nmethod 3677 0x0000000001ed0d50 code [0x0000000001ed0ea0, 0x0000000001ed0ff0]
Event: 14.609 Thread 0x00000000554b1800 3679       3       java.lang.ClassLoader::compareCerts (149 bytes)
Event: 14.610 Thread 0x00000000554b1800 nmethod 3679 0x0000000001ee3650 code [0x0000000001ee3820, 0x0000000001ee40b8]
Event: 14.678 Thread 0x00000000554b1800 3681       3       java.lang.invoke.LambdaForm::parameterType (9 bytes)
Event: 14.678 Thread 0x00000000554b1800 nmethod 3681 0x0000000001ee4390 code [0x0000000001ee4500, 0x0000000001ee46a8]
Event: 14.679 Thread 0x00000000554b1800 3682       3       jdk.internal.org.objectweb.asm.ClassWriter::newNameType (10 bytes)
Event: 14.679 Thread 0x00000000554b1800 nmethod 3682 0x0000000001ee4790 code [0x0000000001ee4900, 0x0000000001ee4aa8]
Event: 14.679 Thread 0x00000000554b1800 3683       3       jdk.internal.org.objectweb.asm.ClassWriter::newNameTypeItem (71 bytes)
Event: 14.679 Thread 0x00000000554b1800 nmethod 3683 0x0000000001ee4b90 code [0x0000000001ee4d80, 0x0000000001ee52b8]

GC Heap History (10 events):
Event: 4.852 GC heap before
{Heap before GC invocations=4 (full 1):
 PSYoungGen      total 68608K, used 5088K [0x00000000eab00000, 0x00000000ef300000, 0x0000000100000000)
  eden space 63488K, 0% used [0x00000000eab00000,0x00000000eab00000,0x00000000ee900000)
  from space 5120K, 99% used [0x00000000ee900000,0x00000000eedf8040,0x00000000eee00000)
  to   space 5120K, 0% used [0x00000000eee00000,0x00000000eee00000,0x00000000ef300000)
 ParOldGen       total 84992K, used 7304K [0x00000000c0000000, 0x00000000c5300000, 0x00000000eab00000)
  object space 84992K, 8% used [0x00000000c0000000,0x00000000c0722208,0x00000000c5300000)
 Metaspace       used 20819K, capacity 21196K, committed 21296K, reserved 1067008K
  class space    used 2805K, capacity 2919K, committed 2944K, reserved 1048576K
Event: 4.955 GC heap after
Heap after GC invocations=4 (full 1):
 PSYoungGen      total 68608K, used 0K [0x00000000eab00000, 0x00000000ef300000, 0x0000000100000000)
  eden space 63488K, 0% used [0x00000000eab00000,0x00000000eab00000,0x00000000ee900000)
  from space 5120K, 0% used [0x00000000ee900000,0x00000000ee900000,0x00000000eee00000)
  to   space 5120K, 0% used [0x00000000eee00000,0x00000000eee00000,0x00000000ef300000)
 ParOldGen       total 62976K, used 11390K [0x00000000c0000000, 0x00000000c3d80000, 0x00000000eab00000)
  object space 62976K, 18% used [0x00000000c0000000,0x00000000c0b1fa80,0x00000000c3d80000)
 Metaspace       used 20819K, capacity 21196K, committed 21296K, reserved 1067008K
  class space    used 2805K, capacity 2919K, committed 2944K, reserved 1048576K
}
Event: 7.316 GC heap before
{Heap before GC invocations=5 (full 1):
 PSYoungGen      total 68608K, used 63488K [0x00000000eab00000, 0x00000000ef300000, 0x0000000100000000)
  eden space 63488K, 100% used [0x00000000eab00000,0x00000000ee900000,0x00000000ee900000)
  from space 5120K, 0% used [0x00000000ee900000,0x00000000ee900000,0x00000000eee00000)
  to   space 5120K, 0% used [0x00000000eee00000,0x00000000eee00000,0x00000000ef300000)
 ParOldGen       total 62976K, used 11390K [0x00000000c0000000, 0x00000000c3d80000, 0x00000000eab00000)
  object space 62976K, 18% used [0x00000000c0000000,0x00000000c0b1fa80,0x00000000c3d80000)
 Metaspace       used 26114K, capacity 26642K, committed 26880K, reserved 1073152K
  class space    used 3676K, capacity 3837K, committed 3840K, reserved 1048576K
Event: 7.325 GC heap after
Heap after GC invocations=5 (full 1):
 PSYoungGen      total 68608K, used 5096K [0x00000000eab00000, 0x00000000ef300000, 0x0000000100000000)
  eden space 63488K, 0% used [0x00000000eab00000,0x00000000eab00000,0x00000000ee900000)
  from space 5120K, 99% used [0x00000000eee00000,0x00000000ef2fa378,0x00000000ef300000)
  to   space 5120K, 0% used [0x00000000ee900000,0x00000000ee900000,0x00000000eee00000)
 ParOldGen       total 62976K, used 13389K [0x00000000c0000000, 0x00000000c3d80000, 0x00000000eab00000)
  object space 62976K, 21% used [0x00000000c0000000,0x00000000c0d13450,0x00000000c3d80000)
 Metaspace       used 26114K, capacity 26642K, committed 26880K, reserved 1073152K
  class space    used 3676K, capacity 3837K, committed 3840K, reserved 1048576K
}
Event: 12.991 GC heap before
{Heap before GC invocations=6 (full 1):
 PSYoungGen      total 68608K, used 68584K [0x00000000eab00000, 0x00000000ef300000, 0x0000000100000000)
  eden space 63488K, 100% used [0x00000000eab00000,0x00000000ee900000,0x00000000ee900000)
  from space 5120K, 99% used [0x00000000eee00000,0x00000000ef2fa378,0x00000000ef300000)
  to   space 5120K, 0% used [0x00000000ee900000,0x00000000ee900000,0x00000000eee00000)
 ParOldGen       total 62976K, used 13389K [0x00000000c0000000, 0x00000000c3d80000, 0x00000000eab00000)
  object space 62976K, 21% used [0x00000000c0000000,0x00000000c0d13450,0x00000000c3d80000)
 Metaspace       used 30002K, capacity 30588K, committed 30976K, reserved 1075200K
  class space    used 4161K, capacity 4343K, committed 4352K, reserved 1048576K
Event: 13.001 GC heap after
Heap after GC invocations=6 (full 1):
 PSYoungGen      total 68608K, used 5088K [0x00000000eab00000, 0x00000000f1c80000, 0x0000000100000000)
  eden space 63488K, 0% used [0x00000000eab00000,0x00000000eab00000,0x00000000ee900000)
  from space 5120K, 99% used [0x00000000ee900000,0x00000000eedf8020,0x00000000eee00000)
  to   space 11264K, 0% used [0x00000000f1180000,0x00000000f1180000,0x00000000f1c80000)
 ParOldGen       total 62976K, used 16292K [0x00000000c0000000, 0x00000000c3d80000, 0x00000000eab00000)
  object space 62976K, 25% used [0x00000000c0000000,0x00000000c0fe90b0,0x00000000c3d80000)
 Metaspace       used 30002K, capacity 30588K, committed 30976K, reserved 1075200K
  class space    used 4161K, capacity 4343K, committed 4352K, reserved 1048576K
}
Event: 13.973 GC heap before
{Heap before GC invocations=7 (full 1):
 PSYoungGen      total 68608K, used 68576K [0x00000000eab00000, 0x00000000f1c80000, 0x0000000100000000)
  eden space 63488K, 100% used [0x00000000eab00000,0x00000000ee900000,0x00000000ee900000)
  from space 5120K, 99% used [0x00000000ee900000,0x00000000eedf8020,0x00000000eee00000)
  to   space 11264K, 0% used [0x00000000f1180000,0x00000000f1180000,0x00000000f1c80000)
 ParOldGen       total 62976K, used 16292K [0x00000000c0000000, 0x00000000c3d80000, 0x00000000eab00000)
  object space 62976K, 25% used [0x00000000c0000000,0x00000000c0fe90b0,0x00000000c3d80000)
 Metaspace       used 34603K, capacity 35132K, committed 35456K, reserved 1079296K
  class space    used 4732K, capacity 4913K, committed 4992K, reserved 1048576K
Event: 14.039 GC heap after
Heap after GC invocations=7 (full 1):
 PSYoungGen      total 74752K, used 11161K [0x00000000eab00000, 0x00000000f1c80000, 0x0000000100000000)
  eden space 63488K, 0% used [0x00000000eab00000,0x00000000eab00000,0x00000000ee900000)
  from space 11264K, 99% used [0x00000000f1180000,0x00000000f1c66798,0x00000000f1c80000)
  to   space 5120K, 0% used [0x00000000ee900000,0x00000000ee900000,0x00000000eee00000)
 ParOldGen       total 62976K, used 16300K [0x00000000c0000000, 0x00000000c3d80000, 0x00000000eab00000)
  object space 62976K, 25% used [0x00000000c0000000,0x00000000c0feb0b0,0x00000000c3d80000)
 Metaspace       used 34603K, capacity 35132K, committed 35456K, reserved 1079296K
  class space    used 4732K, capacity 4913K, committed 4992K, reserved 1048576K
}
Event: 14.040 GC heap before
{Heap before GC invocations=8 (full 2):
 PSYoungGen      total 74752K, used 11161K [0x00000000eab00000, 0x00000000f1c80000, 0x0000000100000000)
  eden space 63488K, 0% used [0x00000000eab00000,0x00000000eab00000,0x00000000ee900000)
  from space 11264K, 99% used [0x00000000f1180000,0x00000000f1c66798,0x00000000f1c80000)
  to   space 5120K, 0% used [0x00000000ee900000,0x00000000ee900000,0x00000000eee00000)
 ParOldGen       total 62976K, used 16300K [0x00000000c0000000, 0x00000000c3d80000, 0x00000000eab00000)
  object space 62976K, 25% used [0x00000000c0000000,0x00000000c0feb0b0,0x00000000c3d80000)
 Metaspace       used 34603K, capacity 35132K, committed 35456K, reserved 1079296K
  class space    used 4732K, capacity 4913K, committed 4992K, reserved 1048576K
Event: 14.260 GC heap after
Heap after GC invocations=8 (full 2):
 PSYoungGen      total 74752K, used 0K [0x00000000eab00000, 0x00000000f1c80000, 0x0000000100000000)
  eden space 63488K, 0% used [0x00000000eab00000,0x00000000eab00000,0x00000000ee900000)
  from space 11264K, 0% used [0x00000000f1180000,0x00000000f1180000,0x00000000f1c80000)
  to   space 5120K, 0% used [0x00000000ee900000,0x00000000ee900000,0x00000000eee00000)
 ParOldGen       total 62976K, used 17278K [0x00000000c0000000, 0x00000000c3d80000, 0x00000000eab00000)
  object space 62976K, 27% used [0x00000000c0000000,0x00000000c10dfbe0,0x00000000c3d80000)
 Metaspace       used 34603K, capacity 35132K, committed 35456K, reserved 1079296K
  class space    used 4732K, capacity 4913K, committed 4992K, reserved 1048576K
}

Deoptimization events (10 events):
Event: 13.629 Thread 0x0000000056ab7800 Uncommon trap: reason=bimorphic action=maybe_recompile pc=0x0000000001de1bcc method=com.google.common.collect.AbstractMapBasedMultimap$WrappedCollection.refreshIfEmpty()V @ 40
Event: 13.629 Thread 0x0000000056ab7800 Uncommon trap: reason=bimorphic action=maybe_recompile pc=0x0000000001de1bcc method=com.google.common.collect.AbstractMapBasedMultimap$WrappedCollection.refreshIfEmpty()V @ 40
Event: 13.809 Thread 0x0000000056ab7800 Uncommon trap: reason=bimorphic action=maybe_recompile pc=0x0000000001b01844 method=java.util.regex.Pattern$Start.match(Ljava/util/regex/Matcher;ILjava/lang/CharSequence;)Z @ 44
Event: 13.822 Thread 0x0000000056ab7800 Uncommon trap: reason=bimorphic action=maybe_recompile pc=0x0000000001b01844 method=java.util.regex.Pattern$Start.match(Ljava/util/regex/Matcher;ILjava/lang/CharSequence;)Z @ 44
Event: 13.822 Thread 0x0000000056ab7800 Uncommon trap: reason=bimorphic action=maybe_recompile pc=0x0000000001b01844 method=java.util.regex.Pattern$Start.match(Ljava/util/regex/Matcher;ILjava/lang/CharSequence;)Z @ 44
Event: 13.825 Thread 0x0000000056ab7800 Uncommon trap: reason=bimorphic action=maybe_recompile pc=0x0000000001b01844 method=java.util.regex.Pattern$Start.match(Ljava/util/regex/Matcher;ILjava/lang/CharSequence;)Z @ 44
Event: 13.896 Thread 0x0000000056ab7800 Uncommon trap: reason=unstable_if action=reinterpret pc=0x0000000001d3e694 method=java.lang.ThreadLocal.get()Ljava/lang/Object; @ 11
Event: 13.971 Thread 0x0000000056ab7800 Uncommon trap: reason=unstable_if action=reinterpret pc=0x000000000195c7ac method=java.lang.CharacterDataLatin1.isWhitespace(I)Z @ 14
Event: 14.299 Thread 0x0000000056ab7800 Uncommon trap: reason=unstable_if action=reinterpret pc=0x0000000001a8359c method=java.security.CodeSource.getCertificates()[Ljava/security/cert/Certificate; @ 22
Event: 14.322 Thread 0x0000000056ab7800 Uncommon trap: reason=unstable_if action=reinterpret pc=0x0000000001b905ec method=java.util.LinkedHashMap.get(Ljava/lang/Object;)Ljava/lang/Object; @ 20

Internal exceptions (10 events):
Event: 14.565 Thread 0x0000000056ab7800 Exception <a 'java/lang/ClassNotFoundException': org/gradle/api/internal/file/FileTreeInternalBeanInfo> (0x00000000ecacd970) thrown at [C:\re\workspace\8-2-build-windows-amd64-cygwin\jdk8u101\7261\hotspot\src\share\vm\classfile\systemDictionary.cpp, line 2p®ÉJº!-@
Event: 14.566 Thread 0x0000000056ab7800 Exception <a 'java/lang/ClassNotFoundException': org/gradle/api/internal/file/FileTreeInternalCustomizer> (0x00000000ecaf5bf8) thrown at [C:\re\workspace\8-2-build-windows-amd64-cygwin\jdk8u101\7261\hotspot\src\share\vm\classfile\systemDictionary.cpp, lineGb÷˜ç"-@
Event: 14.567 Thread 0x0000000056ab7800 Exception <a 'java/lang/ClassNotFoundException': org/gradle/api/file/FileTreeBeanInfo> (0x00000000ecb25850) thrown at [C:\re\workspace\8-2-build-windows-amd64-cygwin\jdk8u101\7261\hotspot\src\share\vm\classfile\systemDictionary.cpp, line 210]
Event: 14.568 Thread 0x0000000056ab7800 Exception <a 'java/lang/ClassNotFoundException': org/gradle/api/file/FileTreeCustomizer> (0x00000000ecb460c0) thrown at [C:\re\workspace\8-2-build-windows-amd64-cygwin\jdk8u101\7261\hotspot\src\share\vm\classfile\systemDictionary.cpp, line 210]
Event: 14.570 Thread 0x0000000056ab7800 Exception <a 'java/lang/ClassNotFoundException': org/gradle/api/file/ConfigurableFileTreeBeanInfo> (0x00000000ecb806e8) thrown at [C:\re\workspace\8-2-build-windows-amd64-cygwin\jdk8u101\7261\hotspot\src\share\vm\classfile\systemDictionary.cpp, line 210]
Event: 14.571 Thread 0x0000000056ab7800 Exception <a 'java/lang/ClassNotFoundException': org/gradle/api/file/ConfigurableFileTreeCustomizer> (0x00000000ecba58f0) thrown at [C:\re\workspace\8-2-build-windows-amd64-cygwin\jdk8u101\7261\hotspot\src\share\vm\classfile\systemDictionary.cpp, line 210]g0†‡C%-@
Event: 14.573 Thread 0x0000000056ab7800 Exception <a 'java/lang/ClassNotFoundException': org/gradle/api/file/DirectoryTreeBeanInfo> (0x00000000ecbda818) thrown at [C:\re\workspace\8-2-build-windows-amd64-cygwin\jdk8u101\7261\hotspot\src\share\vm\classfile\systemDictionary.cpp, line 210]
Event: 14.574 Thread 0x0000000056ab7800 Exception <a 'java/lang/ClassNotFoundException': org/gradle/api/file/DirectoryTreeCustomizer> (0x00000000ecbfdef8) thrown at [C:\re\workspace\8-2-build-windows-amd64-cygwin\jdk8u101\7261\hotspot\src\share\vm\classfile\systemDictionary.cpp, line 210]
Event: 14.575 Thread 0x0000000056ab7800 Exception <a 'java/lang/ClassNotFoundException': org/gradle/api/tasks/util/PatternFilterableBeanInfo> (0x00000000ecc33998) thrown at [C:\re\workspace\8-2-build-windows-amd64-cygwin\jdk8u101\7261\hotspot\src\share\vm\classfile\systemDictionary.cpp, line 210
Event: 14.576 Thread 0x0000000056ab7800 Exception <a 'java/lang/ClassNotFoundException': org/gradle/api/tasks/util/PatternFilterableCustomizer> (0x00000000ecc5b2d0) thrown at [C:\re\workspace\8-2-build-windows-amd64-cygwin\jdk8u101\7261\hotspot\src\share\vm\classfile\systemDictionary.cpp, line 2hı*ΩJ!-@

Events (10 events):
Event: 14.861 loading class java/util/concurrent/Semaphore done
Event: 14.861 loading class java/util/concurrent/Semaphore$NonfairSync
Event: 14.861 loading class java/util/concurrent/Semaphore$Sync
Event: 14.861 loading class java/util/concurrent/Semaphore$Sync done
Event: 14.861 loading class java/util/concurrent/Semaphore$NonfairSync done
Event: 14.862 loading class com/android/repository/impl/manager/RepoManagerImpl$LoadTask
Event: 14.862 loading class com/android/repository/impl/manager/RepoManagerImpl$LoadTask done
Event: 14.863 loading class com/android/repository/impl/manager/LocalRepoLoaderImpl
Event: 14.863 loading class com/android/repository/impl/manager/LocalRepoLoaderImpl done
Event: 14.865 loading class java/nio/file/AccessMode


Dynamic libraries:
0x000000013f7d0000 - 0x000000013f807000 	C:\Program Files\Java\jdk1.8.0_101\bin\java.exe
0x0000000077250000 - 0x00000000773fa000 	C:\Windows\SYSTEM32\ntdll.dll
0x0000000077130000 - 0x000000007724f000 	C:\Windows\system32\kernel32.dll
0x000007fefd270000 - 0x000007fefd2da000 	C:\Windows\system32\KERNELBASE.dll
0x000007feff1d0000 - 0x000007feff2ab000 	C:\Windows\system32\ADVAPI32.dll
0x000007fefd370000 - 0x000007fefd40f000 	C:\Windows\system32\msvcrt.dll
0x000007feff540000 - 0x000007feff55f000 	C:\Windows\SYSTEM32\sechost.dll
0x000007fefd770000 - 0x000007fefd89d000 	C:\Windows\system32\RPCRT4.dll
0x0000000077030000 - 0x000000007712a000 	C:\Windows\system32\USER32.dll
0x000007fefd9b0000 - 0x000007fefda17000 	C:\Windows\system32\GDI32.dll
0x000007fefdd90000 - 0x000007fefdd9e000 	C:\Windows\system32\LPK.dll
0x000007fefd410000 - 0x000007fefd4da000 	C:\Windows\system32\USP10.dll
0x000007fefaea0000 - 0x000007fefb094000 	C:\Windows\WinSxS\amd64_microsoft.windows.common-controls_6595b64144ccf1df_6.0.7601.18837_none_fa3b1e3d17594757\COMCTL32.dll
0x000007feff4c0000 - 0x000007feff531000 	C:\Windows\system32\SHLWAPI.dll
0x000007fefd340000 - 0x000007fefd36e000 	C:\Windows\system32\IMM32.DLL
0x000007fefd8a0000 - 0x000007fefd9a9000 	C:\Windows\system32\MSCTF.dll
0x00000000787f0000 - 0x00000000788c2000 	C:\Program Files\Java\jdk1.8.0_101\jre\bin\msvcr100.dll
0x000000006fdd0000 - 0x000000007066a000 	C:\Program Files\Java\jdk1.8.0_101\jre\bin\server\jvm.dll
0x000007fef9550000 - 0x000007fef9559000 	C:\Windows\system32\WSOCK32.dll
0x000007fefe1f0000 - 0x000007fefe23d000 	C:\Windows\system32\WS2_32.dll
0x000007fefe1e0000 - 0x000007fefe1e8000 	C:\Windows\system32\NSI.dll
0x000007fef9c30000 - 0x000007fef9c6b000 	C:\Windows\system32\WINMM.dll
0x000007fefbeb0000 - 0x000007fefbebc000 	C:\Windows\system32\VERSION.dll
0x0000000077420000 - 0x0000000077427000 	C:\Windows\system32\PSAPI.DLL
0x000000006bcc0000 - 0x000000006bccf000 	C:\Program Files\Java\jdk1.8.0_101\jre\bin\verify.dll
0x000000006bc90000 - 0x000000006bcb9000 	C:\Program Files\Java\jdk1.8.0_101\jre\bin\java.dll
0x0000000066e50000 - 0x0000000066e66000 	C:\Program Files\Java\jdk1.8.0_101\jre\bin\zip.dll
0x000007fefe240000 - 0x000007fefefca000 	C:\Windows\system32\SHELL32.dll
0x000007feff2b0000 - 0x000007feff4b3000 	C:\Windows\system32\ole32.dll
0x000007fefcf80000 - 0x000007fefcf8f000 	C:\Windows\system32\profapi.dll
0x0000000000280000 - 0x000000000029a000 	C:\Program Files\Java\jdk1.8.0_101\jre\bin\net.dll
0x000007fefc760000 - 0x000007fefc7b5000 	C:\Windows\system32\mswsock.dll
0x000007fefc750000 - 0x000007fefc757000 	C:\Windows\System32\wship6.dll
0x000000006fb20000 - 0x000000006fb31000 	C:\Program Files\Java\jdk1.8.0_101\jre\bin\nio.dll
0x000007fef88e0000 - 0x000007fef88f2000 	C:\Users\jco\.gradle\native\19\windows-amd64\native-platform.dll
0x000007fefc9b0000 - 0x000007fefc9c8000 	C:\Windows\system32\CRYPTSP.dll
0x000007fefc4b0000 - 0x000007fefc4f7000 	C:\Windows\system32\rsaenh.dll
0x000007fefd300000 - 0x000007fefd31e000 	C:\Windows\system32\USERENV.dll
0x000007fefcdc0000 - 0x000007fefcdcf000 	C:\Windows\system32\CRYPTBASE.dll
0x000007fef9520000 - 0x000007fef9547000 	C:\Windows\system32\IPHLPAPI.DLL
0x000007fef9510000 - 0x000007fef951b000 	C:\Windows\system32\WINNSI.DLL
0x000007fef8390000 - 0x000007fef83a8000 	C:\Windows\system32\dhcpcsvc.DLL
0x000007fef8370000 - 0x000007fef8381000 	C:\Windows\system32\dhcpcsvc6.DLL
0x0000000067010000 - 0x000000006701d000 	C:\Program Files\Java\jdk1.8.0_101\jre\bin\management.dll
0x000007fefce70000 - 0x000007fefcec7000 	C:\Windows\system32\apphelp.dll

VM Arguments:
jvm_args: -XX:MaxPermSize=256m -XX:+HeapDumpOnOutOfMemoryError -Xmx1024m -Dfile.encoding=windows-1252 -Duser.country=US -Duser.language=en -Duser.variant 
java_command: org.gradle.launcher.daemon.bootstrap.GradleDaemon 2.14.1
java_class_path (initial): C:\Program Files\Android\Android Studio\gradle\gradle-2.14.1\lib\gradle-launcher-2.14.1.jar
Launcher Type: SUN_STANDARD

Environment Variables:
JAVA_HOME=C:\Program Files\Java\jre1.8.0_111
PATH=C:\ProgramData\Oracle\Java\javapath;C:\Windows\system32;C:\Windows;C:\Windows\System32\Wbem;C:\Windows\System32\WindowsPowerShell\v1.0\;C:\Windows\CCM;C:\Program Files (x86)\WebEx\Productivity Tools;C:\Program Files\Microsoft SQL Server\Client SDK\ODBC\110\Tools\Binn\;C:\Program Files (x86)\Microsoft SQL Server\120\Tools\Binn\;C:\Program Files\Microsoft SQL Server\120\Tools\Binn\;C:\Program Files\Microsoft SQL Server\120\DTS\Binn\;C:\Program Files (x86)\WebEx\PTools020000000;C:\Program Files\TortoiseHg\;C:\RailsInstaller\Git\cmd;C:\RailsInstaller\nodejs\;C:\Program Files (x86)\Heroku\bin;C:\Program Files (x86)\git\cmd;C:\Program Files (x86)\Git\cmd;C:\Program Files (x86)\Brackets\command;C:\Program Files (x86)\nodejs\;C:\Program Files (x86)\Microsoft SQL Server\120\Tools\Binn\ManagementStudio\;C:\Program Files (x86)\Microsoft SQL Server\120\DTS\Binn\;C:\RailsInstaller\Git\cmd;C:\Quality Assurance\jruby-1.7.26\bin;c:\Python27;C:\Program Files\Mercurial;C:\Users\jco\AppData\Roaming\npm;C:\Users\jco\Downloads\apache-maven-3.3.9-bin\apache-maven-3.3.9\bin;C:\Users\jco\AppData\Local\Box\Box Edit\
USERNAME=jco
OS=Windows_NT
PROCESSOR_IDENTIFIER=Intel64 Family 6 Model 61 Stepping 4, GenuineIntel



---------------  S Y S T E M  ---------------

OS: Windows 7 , 64 bit Build 7601 (6.1.7601.23572)

CPU:total 4 (2 cores per cpu, 2 threads per core) family 6 model 61 stepping 4, cmov, cx8, fxsr, mmx, sse, sse2, sse3, ssse3, sse4.1, sse4.2, popcnt, avx, avx2, aes, clmul, erms, 3dnowpref, lzcnt, ht, tsc, tscinvbit, bmi1, bmi2, adx

Memory: 4k page, physical 8077544k(230084k free), swap 18858808k(7052k free)

vm_info: Java HotSpot(TM) 64-Bit Server VM (25.101-b13) for windows-amd64 JRE (1.8.0_101-b13), built on Jun 22 2016 01:21:29 by "java_re" with MS VC++ 10.0 (VS2010)

time: Fri Mar 03 10:51:00 2017
elapsed time: 14 seconds (0d 0h 0m 14s)

