#
# There is insufficient memory for the Java Runtime Environment to continue.
# Native memory allocation (malloc) failed to allocate 1618528 bytes for Chunk::new
# Possible reasons:
#   The system is out of physical RAM or swap space
#   In 32 bit mode, the process size limit was hit
# Possible solutions:
#   Reduce memory load on the system
#   Increase physical memory or swap space
#   Check if swap backing store is full
#   Use 64 bit Java on a 64 bit OS
#   Decrease Java heap size (-Xmx/-Xms)
#   Decrease number of Java threads
#   Decrease Java thread stack sizes (-Xss)
#   Set larger code cache with -XX:ReservedCodeCacheSize=
# This output file may be truncated or incomplete.
#
#  Out of Memory Error (allocation.cpp:390), pid=14696, tid=0x0000000000003b88
#
# JRE version: Java(TM) SE Runtime Environment (8.0_101-b13) (build 1.8.0_101-b13)
# Java VM: Java HotSpot(TM) 64-Bit Server VM (25.101-b13 mixed mode windows-amd64 compressed oops)
# Failed to write core dump. Minidumps are not enabled by default on client versions of Windows
#

---------------  T H R E A D  ---------------

Current thread (0x00000000553e0800):  JavaThread "C2 CompilerThread1" daemon [_thread_in_native, id=15240, stack(0x00000000559d0000,0x0000000055ad0000)]

Stack: [0x00000000559d0000,0x0000000055ad0000]
[error occurred during error reporting (printing stack bounds), id 0xc0000005]

Native frames: (J=compiled Java code, j=interpreted, Vv=VM code, C=native code)


Current CompileTask:
C2:   8927 1655   !   4       java.net.URLClassLoader$1::run (63 bytes)


---------------  P R O C E S S  ---------------

Java Threads: ( => current thread )
  0x000000005760a000 JavaThread "File lock request listener" [_thread_in_native, id=7224, stack(0x00000000599a0000,0x0000000059aa0000)]
  0x0000000056eb5800 JavaThread "Stdin handler" [_thread_blocked, id=2296, stack(0x0000000058040000,0x0000000058140000)]
  0x0000000056eac000 JavaThread "Asynchronous log dispatcher for org.gradle.launcher.daemon.server.DefaultDaemonConnection@6edde393" [_thread_blocked, id=11192, stack(0x0000000058480000,0x0000000058580000)]
  0x0000000056f76800 JavaThread "Daemon worker" [_thread_blocked, id=13812, stack(0x0000000058170000,0x0000000058270000)]
  0x0000000056f70000 JavaThread "Cancel handler" [_thread_blocked, id=1156, stack(0x0000000057f10000,0x0000000058010000)]
  0x0000000056f3f800 JavaThread "Handler for socket connection from /127.0.0.1:60148 to /127.0.0.1:60149" [_thread_in_native, id=1488, stack(0x0000000057e10000,0x0000000057f10000)]
  0x0000000056f3e800 JavaThread "Daemon" [_thread_blocked, id=11984, stack(0x0000000057c00000,0x0000000057d00000)]
  0x0000000056a06800 JavaThread "Incoming local TCP Connector on port 60148" [_thread_in_native, id=12076, stack(0x00000000578b0000,0x00000000579b0000)]
  0x0000000056bcc800 JavaThread "pool-1-thread-1" [_thread_blocked, id=13244, stack(0x0000000057790000,0x0000000057890000)]
  0x0000000055445000 JavaThread "Service Thread" daemon [_thread_blocked, id=10772, stack(0x0000000055840000,0x0000000055940000)]
  0x00000000553e1800 JavaThread "C1 CompilerThread2" daemon [_thread_blocked, id=11996, stack(0x0000000055b70000,0x0000000055c70000)]
=>0x00000000553e0800 JavaThread "C2 CompilerThread1" daemon [_thread_in_native, id=15240, stack(0x00000000559d0000,0x0000000055ad0000)]
  0x0000000053a7a800 JavaThread "C2 CompilerThread0" daemon [_thread_in_native, id=13520, stack(0x00000000552e0000,0x00000000553e0000)]
  0x0000000053a78000 JavaThread "Attach Listener" daemon [_thread_blocked, id=9196, stack(0x0000000055150000,0x0000000055250000)]
  0x0000000053a74800 JavaThread "Signal Dispatcher" daemon [_thread_blocked, id=11244, stack(0x0000000054f70000,0x0000000055070000)]
  0x0000000053a5a800 JavaThread "Finalizer" daemon [_thread_blocked, id=2704, stack(0x0000000054dd0000,0x0000000054ed0000)]
  0x0000000053a13800 JavaThread "Reference Handler" daemon [_thread_blocked, id=1368, stack(0x0000000054cb0000,0x0000000054db0000)]
  0x0000000000d78000 JavaThread "main" [_thread_blocked, id=9808, stack(0x0000000000fe0000,0x00000000010e0000)]

Other Threads:
  0x0000000053a0c000 VMThread [stack: 0x0000000054b70000,0x0000000054c70000] [id=6604]
  0x00000000554a0800 WatcherThread [stack: 0x0000000055e50000,0x0000000055f50000] [id=13492]

VM state:not at safepoint (normal execution)

VM Mutex/Monitor currently owned by a thread:  ([mutex/lock_event])
[0x0000000000d3e3e0] Compile_lock - owner thread: 0x0000000056f76800

Heap:
 PSYoungGen      total 68608K, used 38313K [0x00000000eab00000, 0x00000000ef300000, 0x0000000100000000)
  eden space 63488K, 52% used [0x00000000eab00000,0x00000000ecb6df08,0x00000000ee900000)
  from space 5120K, 99% used [0x00000000eee00000,0x00000000ef2fc8e8,0x00000000ef300000)
  to   space 5120K, 0% used [0x00000000ee900000,0x00000000ee900000,0x00000000eee00000)
 ParOldGen       total 84992K, used 510K [0x00000000c0000000, 0x00000000c5300000, 0x00000000eab00000)
  object space 84992K, 0% used [0x00000000c0000000,0x00000000c007f850,0x00000000c5300000)
 Metaspace       used 18359K, capacity 18812K, committed 19072K, reserved 1064960K
  class space    used 2516K, capacity 2674K, committed 2688K, reserved 1048576K

Card table byte_map: [0x0000000010770000,0x0000000010980000] byte_map_base: 0x0000000010170000

Marking Bits: (ParMarkBitMap*) 0x000000007004a6d0
 Begin Bits: [0x0000000010e80000, 0x0000000011e80000)
 End Bits:   [0x0000000011e80000, 0x0000000012e80000)

Polling page: 0x0000000000110000

CodeCache: size=245760Kb used=5638Kb max_used=5644Kb free=240121Kb
 bounds [0x00000000013b0000, 0x0000000001940000, 0x00000000103b0000]
 total_blobs=2047 nmethods=1662 adapters=297
 compilation: enabled

Compilation events (10 events):
Event: 8.198 Thread 0x00000000553e0800 nmethod 1650 0x0000000001934bd0 code [0x0000000001934dc0, 0x0000000001935d88]
Event: 8.198 Thread 0x00000000553e0800 1655   !   4       java.net.URLClassLoader$1::run (63 bytes)
Event: 8.297 Thread 0x00000000553e1800 1665       3       java.io.ObjectOutputStream$BlockDataOutputStream::writeUTF (46 bytes)
Event: 8.297 Thread 0x00000000553e1800 nmethod 1665 0x0000000001934410 code [0x00000000019345c0, 0x00000000019349f8]
Event: 8.557 Thread 0x00000000553e1800 1666       3       org.gradle.internal.service.DefaultServiceRegistry$SingletonService::<init> (20 bytes)
Event: 8.557 Thread 0x00000000553e1800 nmethod 1666 0x0000000001933850 code [0x0000000001933a00, 0x00000000019341c8]
Event: 8.557 Thread 0x00000000553e1800 1667       3       org.gradle.internal.service.DefaultServiceRegistry$ManagedObjectProvider::<init> (5 bytes)
Event: 8.557 Thread 0x00000000553e1800 nmethod 1667 0x0000000001903fd0 code [0x0000000001904140, 0x0000000001904350]
Event: 8.590 Thread 0x00000000553e1800 1668       3       java.util.AbstractSequentialList::iterator (5 bytes)
Event: 8.590 Thread 0x00000000553e1800 nmethod 1668 0x0000000001933310 code [0x0000000001933480, 0x0000000001933768]

GC Heap History (4 events):
Event: 1.361 GC heap before
{Heap before GC invocations=1 (full 0):
 PSYoungGen      total 36864K, used 31744K [0x00000000eab00000, 0x00000000ed400000, 0x0000000100000000)
  eden space 31744K, 100% used [0x00000000eab00000,0x00000000eca00000,0x00000000eca00000)
  from space 5120K, 0% used [0x00000000ecf00000,0x00000000ecf00000,0x00000000ed400000)
  to   space 5120K, 0% used [0x00000000eca00000,0x00000000eca00000,0x00000000ecf00000)
 ParOldGen       total 84992K, used 0K [0x00000000c0000000, 0x00000000c5300000, 0x00000000eab00000)
  object space 84992K, 0% used [0x00000000c0000000,0x00000000c0000000,0x00000000c5300000)
 Metaspace       used 5925K, capacity 6320K, committed 6528K, reserved 1056768K
  class space    used 768K, capacity 832K, committed 896K, reserved 1048576K
Event: 1.482 GC heap after
Heap after GC invocations=1 (full 0):
 PSYoungGen      total 36864K, used 3984K [0x00000000eab00000, 0x00000000ef300000, 0x0000000100000000)
  eden space 31744K, 0% used [0x00000000eab00000,0x00000000eab00000,0x00000000eca00000)
  from space 5120K, 77% used [0x00000000eca00000,0x00000000ecde4258,0x00000000ecf00000)
  to   space 5120K, 0% used [0x00000000eee00000,0x00000000eee00000,0x00000000ef300000)
 ParOldGen       total 84992K, used 8K [0x00000000c0000000, 0x00000000c5300000, 0x00000000eab00000)
  object space 84992K, 0% used [0x00000000c0000000,0x00000000c0002000,0x00000000c5300000)
 Metaspace       used 5925K, capacity 6320K, committed 6528K, reserved 1056768K
  class space    used 768K, capacity 832K, committed 896K, reserved 1048576K
}
Event: 5.366 GC heap before
{Heap before GC invocations=2 (full 0):
 PSYoungGen      total 36864K, used 35728K [0x00000000eab00000, 0x00000000ef300000, 0x0000000100000000)
  eden space 31744K, 100% used [0x00000000eab00000,0x00000000eca00000,0x00000000eca00000)
  from space 5120K, 77% used [0x00000000eca00000,0x00000000ecde4258,0x00000000ecf00000)
  to   space 5120K, 0% used [0x00000000eee00000,0x00000000eee00000,0x00000000ef300000)
 ParOldGen       total 84992K, used 8K [0x00000000c0000000, 0x00000000c5300000, 0x00000000eab00000)
  object space 84992K, 0% used [0x00000000c0000000,0x00000000c0002000,0x00000000c5300000)
 Metaspace       used 12390K, capacity 12782K, committed 12928K, reserved 1060864K
  class space    used 1688K, capacity 1825K, committed 1920K, reserved 1048576K
Event: 5.378 GC heap after
Heap after GC invocations=2 (full 0):
 PSYoungGen      total 68608K, used 5106K [0x00000000eab00000, 0x00000000ef300000, 0x0000000100000000)
  eden space 63488K, 0% used [0x00000000eab00000,0x00000000eab00000,0x00000000ee900000)
  from space 5120K, 99% used [0x00000000eee00000,0x00000000ef2fc8e8,0x00000000ef300000)
  to   space 5120K, 0% used [0x00000000ee900000,0x00000000ee900000,0x00000000eee00000)
 ParOldGen       total 84992K, used 510K [0x00000000c0000000, 0x00000000c5300000, 0x00000000eab00000)
  object space 84992K, 0% used [0x00000000c0000000,0x00000000c007f850,0x00000000c5300000)
 Metaspace       used 12390K, capacity 12782K, committed 12928K, reserved 1060864K
  class space    used 1688K, capacity 1825K, committed 1920K, reserved 1048576K
}

Deoptimization events (10 events):
Event: 6.509 Thread 0x0000000056f76800 Uncommon trap: reason=class_check action=maybe_recompile pc=0x00000000018b13a4 method=org.gradle.internal.service.DefaultServiceRegistry$SingletonService.getService(Lorg/gradle/internal/service/DefaultServiceRegistry$LookupContext;Lorg/gradle/internal/serv§«Ãﬁ	@
Event: 6.509 Thread 0x0000000056f76800 Uncommon trap: reason=class_check action=maybe_recompile pc=0x00000000018b13a4 method=org.gradle.internal.service.DefaultServiceRegistry$SingletonService.getService(Lorg/gradle/internal/service/DefaultServiceRegistry$LookupContext;Lorg/gradle/internal/serv—æ	ﬂt¡@
Event: 6.939 Thread 0x0000000056f76800 Uncommon trap: reason=bimorphic action=maybe_recompile pc=0x000000000184bf7c method=java.lang.ClassLoader.loadClass(Ljava/lang/String;Z)Ljava/lang/Class; @ 38
Event: 6.985 Thread 0x0000000056f76800 Uncommon trap: reason=bimorphic action=maybe_recompile pc=0x000000000184bf7c method=java.lang.ClassLoader.loadClass(Ljava/lang/String;Z)Ljava/lang/Class; @ 38
Event: 6.986 Thread 0x0000000056f76800 Uncommon trap: reason=bimorphic action=maybe_recompile pc=0x000000000184bf7c method=java.lang.ClassLoader.loadClass(Ljava/lang/String;Z)Ljava/lang/Class; @ 38
Event: 6.986 Thread 0x0000000056f76800 Uncommon trap: reason=bimorphic action=maybe_recompile pc=0x000000000184bf7c method=java.lang.ClassLoader.loadClass(Ljava/lang/String;Z)Ljava/lang/Class; @ 38
Event: 7.526 Thread 0x0000000056f76800 Uncommon trap: reason=bimorphic action=maybe_recompile pc=0x0000000001916b2c method=java.lang.ClassLoader.getPackage(Ljava/lang/String;)Ljava/lang/Package; @ 47
Event: 7.605 Thread 0x0000000056f76800 Uncommon trap: reason=bimorphic action=maybe_recompile pc=0x0000000001916b2c method=java.lang.ClassLoader.getPackage(Ljava/lang/String;)Ljava/lang/Package; @ 47
Event: 7.608 Thread 0x0000000056f76800 Uncommon trap: reason=bimorphic action=maybe_recompile pc=0x0000000001916b2c method=java.lang.ClassLoader.getPackage(Ljava/lang/String;)Ljava/lang/Package; @ 47
Event: 7.613 Thread 0x0000000056f76800 Uncommon trap: reason=bimorphic action=maybe_recompile pc=0x0000000001916b2c method=java.lang.ClassLoader.getPackage(Ljava/lang/String;)Ljava/lang/Package; @ 47

Internal exceptions (10 events):
Event: 7.611 Thread 0x0000000056f76800 Exception <a 'java/lang/NoSuchMethodError': <clinit>> (0x00000000ec787018) thrown at [C:\re\workspace\8-2-build-windows-amd64-cygwin\jdk8u101\7261\hotspot\src\share\vm\prims\jni.cpp, line 1613]
Event: 7.620 Thread 0x0000000056f76800 Exception <a 'java/lang/NoSuchMethodError': <clinit>> (0x00000000ec79d5f0) thrown at [C:\re\workspace\8-2-build-windows-amd64-cygwin\jdk8u101\7261\hotspot\src\share\vm\prims\jni.cpp, line 1613]
Event: 7.621 Thread 0x0000000056f76800 Exception <a 'java/lang/NoSuchMethodError': <clinit>> (0x00000000ec7a8630) thrown at [C:\re\workspace\8-2-build-windows-amd64-cygwin\jdk8u101\7261\hotspot\src\share\vm\prims\jni.cpp, line 1613]
Event: 8.009 Thread 0x0000000056f76800 Exception <a 'java/lang/NoSuchMethodError': <clinit>> (0x00000000ec7c0530) thrown at [C:\re\workspace\8-2-build-windows-amd64-cygwin\jdk8u101\7261\hotspot\src\share\vm\prims\jni.cpp, line 1613]
Event: 8.177 Thread 0x0000000056f76800 Exception <a 'java/lang/NoSuchMethodError': <clinit>> (0x00000000ec824468) thrown at [C:\re\workspace\8-2-build-windows-amd64-cygwin\jdk8u101\7261\hotspot\src\share\vm\prims\jni.cpp, line 1613]
Event: 8.179 Thread 0x0000000056f76800 Exception <a 'java/lang/NoSuchMethodError': <clinit>> (0x00000000ec833168) thrown at [C:\re\workspace\8-2-build-windows-amd64-cygwin\jdk8u101\7261\hotspot\src\share\vm\prims\jni.cpp, line 1613]
Event: 8.190 Thread 0x0000000056f76800 Exception <a 'java/lang/NoSuchMethodError': <clinit>> (0x00000000ec8a21f8) thrown at [C:\re\workspace\8-2-build-windows-amd64-cygwin\jdk8u101\7261\hotspot\src\share\vm\prims\jni.cpp, line 1613]
Event: 8.191 Thread 0x0000000056f76800 Exception <a 'java/lang/NoSuchMethodError': <clinit>> (0x00000000ec8a49b0) thrown at [C:\re\workspace\8-2-build-windows-amd64-cygwin\jdk8u101\7261\hotspot\src\share\vm\prims\jni.cpp, line 1613]
Event: 8.193 Thread 0x0000000056f76800 Exception <a 'java/lang/NoSuchMethodError': <clinit>> (0x00000000ec8b0c90) thrown at [C:\re\workspace\8-2-build-windows-amd64-cygwin\jdk8u101\7261\hotspot\src\share\vm\prims\jni.cpp, line 1613]
Event: 8.194 Thread 0x0000000056f76800 Exception <a 'java/lang/NoSuchMethodError': <clinit>> (0x00000000ec8bb118) thrown at [C:\re\workspace\8-2-build-windows-amd64-cygwin\jdk8u101\7261\hotspot\src\share\vm\prims\jni.cpp, line 1613]

Events (10 events):
Event: 8.863 loading class org/gradle/api/internal/initialization/ClassLoaderIds$Type
Event: 8.863 loading class org/gradle/api/internal/initialization/ClassLoaderIds$Type done
Event: 8.864 loading class org/gradle/api/internal/initialization/ClassLoaderIds$DefaultClassLoaderId
Event: 8.864 loading class org/gradle/api/internal/initialization/ClassLoaderIds$DefaultClassLoaderId done
Event: 8.864 loading class org/gradle/groovy/scripts/internal/ScriptCacheKey
Event: 8.864 loading class org/gradle/groovy/scripts/internal/ScriptCacheKey done
Event: 8.866 loading class sun/security/provider/MD5
Event: 8.918 loading class sun/security/provider/MD5 done
Event: 8.918 Executing VM operation: Deoptimize
Event: 8.918 Executing VM operation: Deoptimize done


Dynamic libraries:
0x000000013f0f0000 - 0x000000013f127000 	C:\Program Files\Java\jdk1.8.0_101\bin\java.exe
0x0000000077bd0000 - 0x0000000077d7a000 	C:\Windows\SYSTEM32\ntdll.dll
0x0000000077ab0000 - 0x0000000077bcf000 	C:\Windows\system32\kernel32.dll
0x000007fefd9e0000 - 0x000007fefda4a000 	C:\Windows\system32\KERNELBASE.dll
0x000007fefde90000 - 0x000007fefdf6b000 	C:\Windows\system32\ADVAPI32.dll
0x000007fefddf0000 - 0x000007fefde8f000 	C:\Windows\system32\msvcrt.dll
0x000007feff470000 - 0x000007feff48f000 	C:\Windows\SYSTEM32\sechost.dll
0x000007fefdcc0000 - 0x000007fefdded000 	C:\Windows\system32\RPCRT4.dll
0x00000000779b0000 - 0x0000000077aaa000 	C:\Windows\system32\USER32.dll
0x000007feff400000 - 0x000007feff467000 	C:\Windows\system32\GDI32.dll
0x000007feff9f0000 - 0x000007feff9fe000 	C:\Windows\system32\LPK.dll
0x000007feff1d0000 - 0x000007feff29a000 	C:\Windows\system32\USP10.dll
0x000007fefabd0000 - 0x000007fefadc4000 	C:\Windows\WinSxS\amd64_microsoft.windows.common-controls_6595b64144ccf1df_6.0.7601.18837_none_fa3b1e3d17594757\COMCTL32.dll
0x000007feffc40000 - 0x000007feffcb1000 	C:\Windows\system32\SHLWAPI.dll
0x000007feffc10000 - 0x000007feffc3e000 	C:\Windows\system32\IMM32.DLL
0x000007feff2f0000 - 0x000007feff3f9000 	C:\Windows\system32\MSCTF.dll
0x0000000078ee0000 - 0x0000000078fb2000 	C:\Program Files\Java\jdk1.8.0_101\jre\bin\msvcr100.dll
0x000000006f830000 - 0x00000000700ca000 	C:\Program Files\Java\jdk1.8.0_101\jre\bin\server\jvm.dll
0x000007fef9ed0000 - 0x000007fef9ed9000 	C:\Windows\system32\WSOCK32.dll
0x000007feff2a0000 - 0x000007feff2ed000 	C:\Windows\system32\WS2_32.dll
0x000007fefe250000 - 0x000007fefe258000 	C:\Windows\system32\NSI.dll
0x000007fefa640000 - 0x000007fefa67b000 	C:\Windows\system32\WINMM.dll
0x000007fefc830000 - 0x000007fefc83c000 	C:\Windows\system32\VERSION.dll
0x0000000077d90000 - 0x0000000077d97000 	C:\Windows\system32\PSAPI.DLL
0x0000000070180000 - 0x000000007018f000 	C:\Program Files\Java\jdk1.8.0_101\jre\bin\verify.dll
0x000000006cc40000 - 0x000000006cc69000 	C:\Program Files\Java\jdk1.8.0_101\jre\bin\java.dll
0x0000000070d50000 - 0x0000000070d66000 	C:\Program Files\Java\jdk1.8.0_101\jre\bin\zip.dll
0x000007fefe440000 - 0x000007feff1ca000 	C:\Windows\system32\SHELL32.dll
0x000007feffa00000 - 0x000007feffc03000 	C:\Windows\system32\ole32.dll
0x000007fefd900000 - 0x000007fefd90f000 	C:\Windows\system32\profapi.dll
0x000000006f350000 - 0x000000006f36a000 	C:\Program Files\Java\jdk1.8.0_101\jre\bin\net.dll
0x000007fefd0e0000 - 0x000007fefd135000 	C:\Windows\system32\mswsock.dll
0x000007fefd0d0000 - 0x000007fefd0d7000 	C:\Windows\System32\wship6.dll
0x0000000000180000 - 0x0000000000191000 	C:\Program Files\Java\jdk1.8.0_101\jre\bin\nio.dll
0x000007feb2900000 - 0x000007feb2912000 	C:\Users\jco\.gradle\native\19\windows-amd64\native-platform.dll
0x000007fefd140000 - 0x000007fefd158000 	C:\Windows\system32\CRYPTSP.dll
0x000007fefce40000 - 0x000007fefce87000 	C:\Windows\system32\rsaenh.dll
0x000007fefdca0000 - 0x000007fefdcbe000 	C:\Windows\system32\USERENV.dll
0x000007fefd740000 - 0x000007fefd74f000 	C:\Windows\system32\CRYPTBASE.dll
0x000007fef9ea0000 - 0x000007fef9ec7000 	C:\Windows\system32\IPHLPAPI.DLL
0x000007fef9e90000 - 0x000007fef9e9b000 	C:\Windows\system32\WINNSI.DLL
0x000007fef8e60000 - 0x000007fef8e78000 	C:\Windows\system32\dhcpcsvc.DLL
0x000007fef8e40000 - 0x000007fef8e51000 	C:\Windows\system32\dhcpcsvc6.DLL
0x00000000001a0000 - 0x00000000001ad000 	C:\Program Files\Java\jdk1.8.0_101\jre\bin\management.dll

VM Arguments:
jvm_args: -XX:MaxPermSize=256m -XX:+HeapDumpOnOutOfMemoryError -Xmx1024m -Dfile.encoding=windows-1252 -Duser.country=US -Duser.language=en -Duser.variant 
java_command: org.gradle.launcher.daemon.bootstrap.GradleDaemon 2.14.1
java_class_path (initial): C:\Program Files\Android\Android Studio\gradle\gradle-2.14.1\lib\gradle-launcher-2.14.1.jar
Launcher Type: SUN_STANDARD

Environment Variables:
JAVA_HOME=C:\Program Files\Java\jre1.8.0_111
PATH=C:\ProgramData\Oracle\Java\javapath;C:\Windows\system32;C:\Windows;C:\Windows\System32\Wbem;C:\Windows\System32\WindowsPowerShell\v1.0\;C:\Windows\CCM;C:\Program Files (x86)\WebEx\Productivity Tools;C:\Program Files\Microsoft SQL Server\Client SDK\ODBC\110\Tools\Binn\;C:\Program Files (x86)\Microsoft SQL Server\120\Tools\Binn\;C:\Program Files\Microsoft SQL Server\120\Tools\Binn\;C:\Program Files\Microsoft SQL Server\120\DTS\Binn\;C:\Program Files (x86)\WebEx\PTools020000000;C:\Program Files\TortoiseHg\;C:\RailsInstaller\Git\cmd;C:\RailsInstaller\nodejs\;C:\Program Files (x86)\Heroku\bin;C:\Program Files (x86)\git\cmd;C:\Program Files (x86)\Git\cmd;C:\Program Files (x86)\Brackets\command;C:\Program Files (x86)\nodejs\;C:\Program Files (x86)\Microsoft SQL Server\120\Tools\Binn\ManagementStudio\;C:\Program Files (x86)\Microsoft SQL Server\120\DTS\Binn\;C:\RailsInstaller\Git\cmd;C:\Quality Assurance\jruby-1.7.26\bin;c:\Python27;C:\Program Files\Mercurial;C:\Users\jco\AppData\Roaming\npm;C:\Users\jco\Downloads\apache-maven-3.3.9-bin\apache-maven-3.3.9\bin;C:\Users\jco\AppData\Local\Box\Box Edit\
USERNAME=jco
OS=Windows_NT
PROCESSOR_IDENTIFIER=Intel64 Family 6 Model 61 Stepping 4, GenuineIntel



---------------  S Y S T E M  ---------------

OS: Windows 7 , 64 bit Build 7601 (6.1.7601.23572)

CPU:total 4 (2 cores per cpu, 2 threads per core) family 6 model 61 stepping 4, cmov, cx8, fxsr, mmx, sse, sse2, sse3, ssse3, sse4.1, sse4.2, popcnt, avx, avx2, aes, clmul, erms, 3dnowpref, lzcnt, ht, tsc, tscinvbit, bmi1, bmi2, adx

Memory: 4k page, physical 8077544k(166300k free), swap 14106576k(6256k free)

vm_info: Java HotSpot(TM) 64-Bit Server VM (25.101-b13) for windows-amd64 JRE (1.8.0_101-b13), built on Jun 22 2016 01:21:29 by "java_re" with MS VC++ 10.0 (VS2010)

time: Fri Mar 03 11:31:43 2017
elapsed time: 8 seconds (0d 0h 0m 8s)

