#
# There is insufficient memory for the Java Runtime Environment to continue.
# Native memory allocation (malloc) failed to allocate 1507200 bytes for Chunk::new
# Possible reasons:
#   The system is out of physical RAM or swap space
#   In 32 bit mode, the process size limit was hit
# Possible solutions:
#   Reduce memory load on the system
#   Increase physical memory or swap space
#   Check if swap backing store is full
#   Use 64 bit Java on a 64 bit OS
#   Decrease Java heap size (-Xmx/-Xms)
#   Decrease number of Java threads
#   Decrease Java thread stack sizes (-Xss)
#   Set larger code cache with -XX:ReservedCodeCacheSize=
# This output file may be truncated or incomplete.
#
#  Out of Memory Error (allocation.cpp:390), pid=15076, tid=0x00000000000049d4
#
# JRE version: Java(TM) SE Runtime Environment (8.0_101-b13) (build 1.8.0_101-b13)
# Java VM: Java HotSpot(TM) 64-Bit Server VM (25.101-b13 mixed mode windows-amd64 compressed oops)
# Failed to write core dump. Minidumps are not enabled by default on client versions of Windows
#

---------------  T H R E A D  ---------------

Current thread (0x0000000054e48000):  JavaThread "C2 CompilerThread0" daemon [_thread_in_native, id=18900, stack(0x00000000553a0000,0x00000000554a0000)]

Stack: [0x00000000553a0000,0x00000000554a0000]
[error occurred during error reporting (printing stack bounds), id 0xc0000005]

Native frames: (J=compiled Java code, j=interpreted, Vv=VM code, C=native code)


Current CompileTask:
C2:  25177 5783   !   4       java.net.URLClassLoader$1::run (63 bytes)


---------------  P R O C E S S  ---------------

Java Threads: ( => current thread )
  0x0000000056c71000 JavaThread "File lock request listener" [_thread_in_native, id=19996, stack(0x0000000058190000,0x0000000058290000)]
  0x00000000568d0000 JavaThread "Stdin handler" [_thread_blocked, id=6936, stack(0x00000000588b0000,0x00000000589b0000)]
  0x00000000567fe000 JavaThread "Asynchronous log dispatcher for org.gradle.launcher.daemon.server.DefaultDaemonConnection@50285a01" [_thread_blocked, id=17384, stack(0x00000000586a0000,0x00000000587a0000)]
  0x0000000056a6e000 JavaThread "Daemon worker" [_thread_in_native, id=6532, stack(0x0000000058290000,0x0000000058390000)]
  0x00000000568d3800 JavaThread "Cancel handler" [_thread_blocked, id=16180, stack(0x0000000058080000,0x0000000058180000)]
  0x0000000056723000 JavaThread "Handler for socket connection from /127.0.0.1:54244 to /127.0.0.1:54245" [_thread_in_native, id=18560, stack(0x0000000057e80000,0x0000000057f80000)]
  0x00000000568d8000 JavaThread "Daemon" [_thread_blocked, id=12300, stack(0x0000000057c40000,0x0000000057d40000)]
  0x000000005677c800 JavaThread "Incoming local TCP Connector on port 54244" [_thread_in_native, id=19796, stack(0x0000000057840000,0x0000000057940000)]
  0x0000000056a3d800 JavaThread "pool-1-thread-1" [_thread_blocked, id=12404, stack(0x0000000057650000,0x0000000057750000)]
  0x0000000054e81000 JavaThread "Service Thread" daemon [_thread_blocked, id=11028, stack(0x0000000055900000,0x0000000055a00000)]
  0x0000000053bb9000 JavaThread "C1 CompilerThread2" daemon [_thread_blocked, id=15096, stack(0x0000000055650000,0x0000000055750000)]
  0x0000000053bb8000 JavaThread "C2 CompilerThread1" daemon [_thread_in_native, id=15964, stack(0x0000000055780000,0x0000000055880000)]
=>0x0000000054e48000 JavaThread "C2 CompilerThread0" daemon [_thread_in_native, id=18900, stack(0x00000000553a0000,0x00000000554a0000)]
  0x0000000054e44800 JavaThread "Attach Listener" daemon [_thread_blocked, id=7952, stack(0x0000000055500000,0x0000000055600000)]
  0x0000000053bb6000 JavaThread "Signal Dispatcher" daemon [_thread_blocked, id=13368, stack(0x0000000055290000,0x0000000055390000)]
  0x0000000053b9e000 JavaThread "Finalizer" daemon [_thread_blocked, id=13476, stack(0x0000000054d40000,0x0000000054e40000)]
  0x0000000053b57000 JavaThread "Reference Handler" daemon [_thread_blocked, id=18252, stack(0x0000000054aa0000,0x0000000054ba0000)]
  0x0000000000bf8000 JavaThread "main" [_thread_blocked, id=6948, stack(0x0000000000dd0000,0x0000000000ed0000)]

Other Threads:
  0x0000000053b4f800 VMThread [stack: 0x0000000054c10000,0x0000000054d10000] [id=8284]
  0x0000000054e89000 WatcherThread [stack: 0x0000000055a00000,0x0000000055b00000] [id=16148]

VM state:not at safepoint (normal execution)

VM Mutex/Monitor currently owned by a thread: None

Heap:
 PSYoungGen      total 139776K, used 112014K [0x00000000eab00000, 0x00000000f7200000, 0x0000000100000000)
  eden space 125952K, 78% used [0x00000000eab00000,0x00000000f0b96d40,0x00000000f2600000)
  from space 13824K, 94% used [0x00000000f2600000,0x00000000f32ccb98,0x00000000f3380000)
  to   space 15360K, 0% used [0x00000000f6300000,0x00000000f6300000,0x00000000f7200000)
 ParOldGen       total 67584K, used 20501K [0x00000000c0000000, 0x00000000c4200000, 0x00000000eab00000)
  object space 67584K, 30% used [0x00000000c0000000,0x00000000c14054a0,0x00000000c4200000)
 Metaspace       used 48615K, capacity 49752K, committed 49920K, reserved 1091584K
  class space    used 6523K, capacity 6830K, committed 6912K, reserved 1048576K

Card table byte_map: [0x0000000010560000,0x0000000010770000] byte_map_base: 0x000000000ff60000

Marking Bits: (ParMarkBitMap*) 0x000000007090a6d0
 Begin Bits: [0x0000000010fc0000, 0x0000000011fc0000)
 End Bits:   [0x0000000011fc0000, 0x0000000012fc0000)

Polling page: 0x00000000001c0000

CodeCache: size=245760Kb used=20170Kb max_used=20192Kb free=225589Kb
 bounds [0x00000000011a0000, 0x0000000002570000, 0x00000000101a0000]
 total_blobs=6185 nmethods=5448 adapters=648
 compilation: enabled

Compilation events (10 events):
Event: 24.277 Thread 0x0000000054e48000 nmethod 5780 0x0000000002558610 code [0x0000000002558820, 0x0000000002558978]
Event: 24.295 Thread 0x0000000054e48000 5782   !   4       java.net.URL::<init> (543 bytes)
Event: 24.367 Thread 0x0000000053bb9000 5785       2       java.lang.String::regionMatches (149 bytes)
Event: 24.368 Thread 0x0000000053bb9000 nmethod 5785 0x0000000002541b50 code [0x0000000002541d40, 0x0000000002542278]
Event: 24.377 Thread 0x0000000053bb9000 5786       2       sun.net.www.protocol.file.Handler::hostsEqual (69 bytes)
Event: 24.377 Thread 0x0000000053bb9000 nmethod 5786 0x0000000002541550 code [0x0000000002541700, 0x00000000025419a8]
Event: 24.573 Thread 0x0000000054e48000 nmethod 5782 0x0000000002561f90 code [0x0000000002562360, 0x0000000002566200]
Event: 24.573 Thread 0x0000000054e48000 5784       4       java.lang.String::toLowerCase (439 bytes)
Event: 24.586 Thread 0x0000000054e48000 nmethod 5784 0x000000000255da10 code [0x000000000255dbc0, 0x000000000255e358]
Event: 24.586 Thread 0x0000000054e48000 5783   !   4       java.net.URLClassLoader$1::run (63 bytes)

GC Heap History (10 events):
Event: 7.366 GC heap before
{Heap before GC invocations=5 (full 1):
 PSYoungGen      total 68608K, used 63488K [0x00000000eab00000, 0x00000000f3100000, 0x0000000100000000)
  eden space 63488K, 100% used [0x00000000eab00000,0x00000000ee900000,0x00000000ee900000)
  from space 5120K, 0% used [0x00000000ee900000,0x00000000ee900000,0x00000000eee00000)
  to   space 5120K, 0% used [0x00000000f2c00000,0x00000000f2c00000,0x00000000f3100000)
 ParOldGen       total 67584K, used 11564K [0x00000000c0000000, 0x00000000c4200000, 0x00000000eab00000)
  object space 67584K, 17% used [0x00000000c0000000,0x00000000c0b4b380,0x00000000c4200000)
 Metaspace       used 26882K, capacity 27364K, committed 27648K, reserved 1073152K
  class space    used 3587K, capacity 3743K, committed 3840K, reserved 1048576K
Event: 7.380 GC heap after
Heap after GC invocations=5 (full 1):
 PSYoungGen      total 95744K, used 5104K [0x00000000eab00000, 0x00000000f3100000, 0x0000000100000000)
  eden space 90624K, 0% used [0x00000000eab00000,0x00000000eab00000,0x00000000f0380000)
  from space 5120K, 99% used [0x00000000f2c00000,0x00000000f30fc238,0x00000000f3100000)
  to   space 5120K, 0% used [0x00000000f2700000,0x00000000f2700000,0x00000000f2c00000)
 ParOldGen       total 67584K, used 14862K [0x00000000c0000000, 0x00000000c4200000, 0x00000000eab00000)
  object space 67584K, 21% used [0x00000000c0000000,0x00000000c0e839c8,0x00000000c4200000)
 Metaspace       used 26882K, capacity 27364K, committed 27648K, reserved 1073152K
  class space    used 3587K, capacity 3743K, committed 3840K, reserved 1048576K
}
Event: 10.152 GC heap before
{Heap before GC invocations=6 (full 1):
 PSYoungGen      total 95744K, used 95728K [0x00000000eab00000, 0x00000000f3100000, 0x0000000100000000)
  eden space 90624K, 100% used [0x00000000eab00000,0x00000000f0380000,0x00000000f0380000)
  from space 5120K, 99% used [0x00000000f2c00000,0x00000000f30fc238,0x00000000f3100000)
  to   space 5120K, 0% used [0x00000000f2700000,0x00000000f2700000,0x00000000f2c00000)
 ParOldGen       total 67584K, used 14862K [0x00000000c0000000, 0x00000000c4200000, 0x00000000eab00000)
  object space 67584K, 21% used [0x00000000c0000000,0x00000000c0e839c8,0x00000000c4200000)
 Metaspace       used 32159K, capacity 32850K, committed 33024K, reserved 1077248K
  class space    used 4408K, capacity 4603K, committed 4608K, reserved 1048576K
Event: 10.169 GC heap after
Heap after GC invocations=6 (full 1):
 PSYoungGen      total 130560K, used 5116K [0x00000000eab00000, 0x00000000f4180000, 0x0000000100000000)
  eden space 125440K, 0% used [0x00000000eab00000,0x00000000eab00000,0x00000000f2580000)
  from space 5120K, 99% used [0x00000000f2700000,0x00000000f2bff0f0,0x00000000f2c00000)
  to   space 14336K, 0% used [0x00000000f3380000,0x00000000f3380000,0x00000000f4180000)
 ParOldGen       total 67584K, used 21471K [0x00000000c0000000, 0x00000000c4200000, 0x00000000eab00000)
  object space 67584K, 31% used [0x00000000c0000000,0x00000000c14f7ca8,0x00000000c4200000)
 Metaspace       used 32159K, capacity 32850K, committed 33024K, reserved 1077248K
  class space    used 4408K, capacity 4603K, committed 4608K, reserved 1048576K
}
Event: 18.020 GC heap before
{Heap before GC invocations=7 (full 1):
 PSYoungGen      total 130560K, used 68855K [0x00000000eab00000, 0x00000000f4180000, 0x0000000100000000)
  eden space 125440K, 50% used [0x00000000eab00000,0x00000000ee93ee98,0x00000000f2580000)
  from space 5120K, 99% used [0x00000000f2700000,0x00000000f2bff0f0,0x00000000f2c00000)
  to   space 14336K, 0% used [0x00000000f3380000,0x00000000f3380000,0x00000000f4180000)
 ParOldGen       total 67584K, used 21471K [0x00000000c0000000, 0x00000000c4200000, 0x00000000eab00000)
  object space 67584K, 31% used [0x00000000c0000000,0x00000000c14f7ca8,0x00000000c4200000)
 Metaspace       used 34478K, capacity 35348K, committed 35456K, reserved 1079296K
  class space    used 4664K, capacity 4928K, committed 4992K, reserved 1048576K
Event: 18.058 GC heap after
Heap after GC invocations=7 (full 1):
 PSYoungGen      total 140288K, used 8762K [0x00000000eab00000, 0x00000000f6a80000, 0x0000000100000000)
  eden space 125952K, 0% used [0x00000000eab00000,0x00000000eab00000,0x00000000f2600000)
  from space 14336K, 61% used [0x00000000f3380000,0x00000000f3c0ea28,0x00000000f4180000)
  to   space 13824K, 0% used [0x00000000f2600000,0x00000000f2600000,0x00000000f3380000)
 ParOldGen       total 67584K, used 21479K [0x00000000c0000000, 0x00000000c4200000, 0x00000000eab00000)
  object space 67584K, 31% used [0x00000000c0000000,0x00000000c14f9ca8,0x00000000c4200000)
 Metaspace       used 34478K, capacity 35348K, committed 35456K, reserved 1079296K
  class space    used 4664K, capacity 4928K, committed 4992K, reserved 1048576K
}
Event: 18.058 GC heap before
{Heap before GC invocations=8 (full 2):
 PSYoungGen      total 140288K, used 8762K [0x00000000eab00000, 0x00000000f6a80000, 0x0000000100000000)
  eden space 125952K, 0% used [0x00000000eab00000,0x00000000eab00000,0x00000000f2600000)
  from space 14336K, 61% used [0x00000000f3380000,0x00000000f3c0ea28,0x00000000f4180000)
  to   space 13824K, 0% used [0x00000000f2600000,0x00000000f2600000,0x00000000f3380000)
 ParOldGen       total 67584K, used 21479K [0x00000000c0000000, 0x00000000c4200000, 0x00000000eab00000)
  object space 67584K, 31% used [0x00000000c0000000,0x00000000c14f9ca8,0x00000000c4200000)
 Metaspace       used 34478K, capacity 35348K, committed 35456K, reserved 1079296K
  class space    used 4664K, capacity 4928K, committed 4992K, reserved 1048576K
Event: 18.205 GC heap after
Heap after GC invocations=8 (full 2):
 PSYoungGen      total 140288K, used 0K [0x00000000eab00000, 0x00000000f6a80000, 0x0000000100000000)
  eden space 125952K, 0% used [0x00000000eab00000,0x00000000eab00000,0x00000000f2600000)
  from space 14336K, 0% used [0x00000000f3380000,0x00000000f3380000,0x00000000f4180000)
  to   space 13824K, 0% used [0x00000000f2600000,0x00000000f2600000,0x00000000f3380000)
 ParOldGen       total 67584K, used 20493K [0x00000000c0000000, 0x00000000c4200000, 0x00000000eab00000)
  object space 67584K, 30% used [0x00000000c0000000,0x00000000c14034a0,0x00000000c4200000)
 Metaspace       used 34403K, capacity 35180K, committed 35456K, reserved 1079296K
  class space    used 4640K, capacity 4872K, committed 4992K, reserved 1048576K
}
Event: 22.385 GC heap before
{Heap before GC invocations=9 (full 2):
 PSYoungGen      total 140288K, used 125952K [0x00000000eab00000, 0x00000000f6a80000, 0x0000000100000000)
  eden space 125952K, 100% used [0x00000000eab00000,0x00000000f2600000,0x00000000f2600000)
  from space 14336K, 0% used [0x00000000f3380000,0x00000000f3380000,0x00000000f4180000)
  to   space 13824K, 0% used [0x00000000f2600000,0x00000000f2600000,0x00000000f3380000)
 ParOldGen       total 67584K, used 20493K [0x00000000c0000000, 0x00000000c4200000, 0x00000000eab00000)
  object space 67584K, 30% used [0x00000000c0000000,0x00000000c14034a0,0x00000000c4200000)
 Metaspace       used 45483K, capacity 46482K, committed 46848K, reserved 1089536K
  class space    used 6113K, capacity 6376K, committed 6400K, reserved 1048576K
Event: 22.407 GC heap after
Heap after GC invocations=9 (full 2):
 PSYoungGen      total 139776K, used 13106K [0x00000000eab00000, 0x00000000f7200000, 0x0000000100000000)
  eden space 125952K, 0% used [0x00000000eab00000,0x00000000eab00000,0x00000000f2600000)
  from space 13824K, 94% used [0x00000000f2600000,0x00000000f32ccb98,0x00000000f3380000)
  to   space 15360K, 0% used [0x00000000f6300000,0x00000000f6300000,0x00000000f7200000)
 ParOldGen       total 67584K, used 20501K [0x00000000c0000000, 0x00000000c4200000, 0x00000000eab00000)
  object space 67584K, 30% used [0x00000000c0000000,0x00000000c14054a0,0x00000000c4200000)
 Metaspace       used 45483K, capacity 46482K, committed 46848K, reserved 1089536K
  class space    used 6113K, capacity 6376K, committed 6400K, reserved 1048576K
}

Deoptimization events (10 events):
Event: 23.356 Thread 0x0000000056a6e000 Uncommon trap: reason=range_check action=make_not_entrant pc=0x0000000002429990 method=java.lang.String.charAt(I)C @ 27
Event: 23.955 Thread 0x0000000056a6e000 Uncommon trap: reason=bimorphic action=maybe_recompile pc=0x00000000019b8748 method=java.security.MessageDigest$Delegate.engineUpdate([BII)V @ 7
Event: 23.958 Thread 0x0000000056a6e000 Uncommon trap: reason=bimorphic action=maybe_recompile pc=0x00000000019b8748 method=java.security.MessageDigest$Delegate.engineUpdate([BII)V @ 7
Event: 24.113 Thread 0x0000000056a6e000 Uncommon trap: reason=unstable_if action=reinterpret pc=0x0000000001f4f57c method=java.util.regex.Pattern.newSlice([IIZ)Ljava/util/regex/Pattern$Node; @ 10
Event: 24.209 Thread 0x0000000056a6e000 Uncommon trap: reason=unstable_if action=reinterpret pc=0x0000000001c99100 method=sun.nio.cs.UTF_8$Decoder.decodeArrayLoop(Ljava/nio/ByteBuffer;Ljava/nio/CharBuffer;)Ljava/nio/charset/CoderResult; @ 84
Event: 24.213 Thread 0x0000000056a6e000 Uncommon trap: reason=unstable_if action=reinterpret pc=0x0000000002248df8 method=java.lang.CharacterData.of(I)Ljava/lang/CharacterData; @ 4
Event: 24.217 Thread 0x0000000056a6e000 Uncommon trap: reason=unstable_if action=reinterpret pc=0x00000000016c232c method=sun.nio.cs.UTF_8$Decoder.decodeArrayLoop(Ljava/nio/ByteBuffer;Ljava/nio/CharBuffer;)Ljava/nio/charset/CoderResult; @ 84
Event: 24.245 Thread 0x0000000056a6e000 Uncommon trap: reason=unstable_if action=reinterpret pc=0x0000000002553180 method=org.apache.http.conn.util.PublicSuffixListParser.readLine(Ljava/io/Reader;Ljava/lang/StringBuilder;)Z @ 15
Event: 24.248 Thread 0x0000000056a6e000 Uncommon trap: reason=unstable_if action=reinterpret pc=0x00000000019bac10 method=java.util.concurrent.ConcurrentHashMap.putVal(Ljava/lang/Object;Ljava/lang/Object;Z)Ljava/lang/Object; @ 195
Event: 24.415 Thread 0x0000000056a6e000 Uncommon trap: reason=unstable_if action=reinterpret pc=0x0000000001d509f8 method=java.net.URI$Parser.scan(IILjava/lang/String;Ljava/lang/String;)I @ 23

Internal exceptions (10 events):
Event: 22.737 Thread 0x0000000056a6e000 Exception <a 'sun/nio/fs/WindowsException'> (0x00000000ec50e758) thrown at [C:\re\workspace\8-2-build-windows-amd64-cygwin\jdk8u101\7261\hotspot\src\share\vm\prims\jni.cpp, line 709]
Event: 22.737 Thread 0x0000000056a6e000 Exception <a 'sun/nio/fs/WindowsException'> (0x00000000ec50f208) thrown at [C:\re\workspace\8-2-build-windows-amd64-cygwin\jdk8u101\7261\hotspot\src\share\vm\prims\jni.cpp, line 709]
Event: 22.882 Thread 0x0000000056a6e000 Implicit null exception at 0x0000000001b2b903 to 0x0000000001b2ef0e
Event: 22.886 Thread 0x0000000056a6e000 Exception <a 'sun/nio/fs/WindowsException'> (0x00000000ed73e058) thrown at [C:\re\workspace\8-2-build-windows-amd64-cygwin\jdk8u101\7261\hotspot\src\share\vm\prims\jni.cpp, line 709]
Event: 22.886 Thread 0x0000000056a6e000 Exception <a 'sun/nio/fs/WindowsException'> (0x00000000ed73eb88) thrown at [C:\re\workspace\8-2-build-windows-amd64-cygwin\jdk8u101\7261\hotspot\src\share\vm\prims\jni.cpp, line 709]
Event: 23.049 Thread 0x0000000056a6e000 Exception <a 'java/lang/NoSuchMethodError': java.lang.Object.lambda$comparing$77a9974f$1(Ljava/util/function/Function;Ljava/lang/Object;Ljava/lang/Object;)I> (0x00000000eebaf110) thrown at [C:\re\workspace\8-2-build-windows-amd64-cygwin\jdk8u101\7261\hotspám2ð7@
Event: 23.051 Thread 0x0000000056a6e000 Exception <a 'java/lang/NoSuchMethodError': java.lang.Object.lambda$thenComparing$36697e65$1(Ljava/util/Comparator;Ljava/lang/Object;Ljava/lang/Object;)I> (0x00000000eebbd5c0) thrown at [C:\re\workspace\8-2-build-windows-amd64-cygwin\jdk8u101\7261\hotspot\~ìÖ,H7@
Event: 23.091 Thread 0x0000000056a6e000 Exception <a 'java/lang/NoSuchMethodError': java.lang.Object.lambda$maxBy$1(Ljava/util/Comparator;Ljava/lang/Object;Ljava/lang/Object;)Ljava/lang/Object;> (0x00000000eed13cf0) thrown at [C:\re\workspace\8-2-build-windows-amd64-cygwin\jdk8u101\7261\hotspot\Ð;þÍ¾97@
Event: 23.226 Thread 0x0000000056a6e000 Exception <a 'sun/nio/fs/WindowsException'> (0x00000000eee05418) thrown at [C:\re\workspace\8-2-build-windows-amd64-cygwin\jdk8u101\7261\hotspot\src\share\vm\prims\jni.cpp, line 709]
Event: 23.226 Thread 0x0000000056a6e000 Exception <a 'sun/nio/fs/WindowsException'> (0x00000000eee078c8) thrown at [C:\re\workspace\8-2-build-windows-amd64-cygwin\jdk8u101\7261\hotspot\src\share\vm\prims\jni.cpp, line 709]

Events (10 events):
Event: 24.488 loading class org/apache/http/config/SocketConfig$Builder
Event: 24.488 loading class org/apache/http/config/SocketConfig$Builder done
Event: 24.489 loading class sun/net/InetAddressCachePolicy
Event: 24.489 loading class sun/net/InetAddressCachePolicy done
Event: 24.489 loading class sun/net/InetAddressCachePolicy$1
Event: 24.489 loading class sun/net/InetAddressCachePolicy$1 done
Event: 24.489 loading class sun/net/InetAddressCachePolicy$2
Event: 24.489 loading class sun/net/InetAddressCachePolicy$2 done
Event: 24.490 loading class java/net/InetAddress$CacheEntry
Event: 24.490 loading class java/net/InetAddress$CacheEntry done


Dynamic libraries:
0x000000013fcc0000 - 0x000000013fcf7000 	C:\Program Files\Java\jdk1.8.0_101\bin\java.exe
0x0000000077c30000 - 0x0000000077dda000 	C:\Windows\SYSTEM32\ntdll.dll
0x0000000077b10000 - 0x0000000077c2f000 	C:\Windows\system32\kernel32.dll
0x000007fefd990000 - 0x000007fefd9fa000 	C:\Windows\system32\KERNELBASE.dll
0x000007fefe060000 - 0x000007fefe13b000 	C:\Windows\system32\ADVAPI32.dll
0x000007feff780000 - 0x000007feff81f000 	C:\Windows\system32\msvcrt.dll
0x000007fefe040000 - 0x000007fefe05f000 	C:\Windows\SYSTEM32\sechost.dll
0x000007fefdf10000 - 0x000007fefe03d000 	C:\Windows\system32\RPCRT4.dll
0x0000000077a10000 - 0x0000000077b0a000 	C:\Windows\system32\USER32.dll
0x000007fefdea0000 - 0x000007fefdf07000 	C:\Windows\system32\GDI32.dll
0x000007feffab0000 - 0x000007feffabe000 	C:\Windows\system32\LPK.dll
0x000007fefdda0000 - 0x000007fefde6a000 	C:\Windows\system32\USP10.dll
0x000007fefb9b0000 - 0x000007fefbba4000 	C:\Windows\WinSxS\amd64_microsoft.windows.common-controls_6595b64144ccf1df_6.0.7601.18837_none_fa3b1e3d17594757\COMCTL32.dll
0x000007feff820000 - 0x000007feff891000 	C:\Windows\system32\SHLWAPI.dll
0x000007fefde70000 - 0x000007fefde9e000 	C:\Windows\system32\IMM32.DLL
0x000007fefe4d0000 - 0x000007fefe5d9000 	C:\Windows\system32\MSCTF.dll
0x000000006bf00000 - 0x000000006bfd2000 	C:\Program Files\Java\jdk1.8.0_101\jre\bin\msvcr100.dll
0x00000000700f0000 - 0x000000007098a000 	C:\Program Files\Java\jdk1.8.0_101\jre\bin\server\jvm.dll
0x000007fefab40000 - 0x000007fefab49000 	C:\Windows\system32\WSOCK32.dll
0x000007feffe50000 - 0x000007feffe9d000 	C:\Windows\system32\WS2_32.dll
0x000007fefe420000 - 0x000007fefe428000 	C:\Windows\system32\NSI.dll
0x000007fefb0c0000 - 0x000007fefb0fb000 	C:\Windows\system32\WINMM.dll
0x000007fefc890000 - 0x000007fefc89c000 	C:\Windows\system32\VERSION.dll
0x0000000077df0000 - 0x0000000077df7000 	C:\Windows\system32\PSAPI.DLL
0x00000000000b0000 - 0x00000000000bf000 	C:\Program Files\Java\jdk1.8.0_101\jre\bin\verify.dll
0x000000006e160000 - 0x000000006e189000 	C:\Program Files\Java\jdk1.8.0_101\jre\bin\java.dll
0x000000006c110000 - 0x000000006c126000 	C:\Program Files\Java\jdk1.8.0_101\jre\bin\zip.dll
0x000007fefe720000 - 0x000007feff4aa000 	C:\Windows\system32\SHELL32.dll
0x000007feff8a0000 - 0x000007feffaa3000 	C:\Windows\system32\ole32.dll
0x000007fefd970000 - 0x000007fefd97f000 	C:\Windows\system32\profapi.dll
0x000000006c0f0000 - 0x000000006c10a000 	C:\Program Files\Java\jdk1.8.0_101\jre\bin\net.dll
0x000007fefd140000 - 0x000007fefd195000 	C:\Windows\system32\mswsock.dll
0x000007fefd130000 - 0x000007fefd137000 	C:\Windows\System32\wship6.dll
0x000000006c020000 - 0x000000006c031000 	C:\Program Files\Java\jdk1.8.0_101\jre\bin\nio.dll
0x000007fefa360000 - 0x000007fefa372000 	C:\Users\jco\.gradle\native\19\windows-amd64\native-platform.dll
0x000007fefd1a0000 - 0x000007fefd1b8000 	C:\Windows\system32\CRYPTSP.dll
0x000007fefcea0000 - 0x000007fefcee7000 	C:\Windows\system32\rsaenh.dll
0x000007fefdbc0000 - 0x000007fefdbde000 	C:\Windows\system32\USERENV.dll
0x000007fefd7a0000 - 0x000007fefd7af000 	C:\Windows\system32\CRYPTBASE.dll
0x000007fefab10000 - 0x000007fefab37000 	C:\Windows\system32\IPHLPAPI.DLL
0x000007fefab00000 - 0x000007fefab0b000 	C:\Windows\system32\WINNSI.DLL
0x000007fef8ec0000 - 0x000007fef8ed8000 	C:\Windows\system32\dhcpcsvc.DLL
0x000007fef8ea0000 - 0x000007fef8eb1000 	C:\Windows\system32\dhcpcsvc6.DLL
0x0000000000cc0000 - 0x0000000000ccd000 	C:\Program Files\Java\jdk1.8.0_101\jre\bin\management.dll
0x000007fefd850000 - 0x000007fefd8a7000 	C:\Windows\system32\apphelp.dll
0x000000006bed0000 - 0x000000006bef4000 	C:\Program Files\Java\jdk1.8.0_101\jre\bin\sunec.dll
0x000007fefc960000 - 0x000007fefc967000 	C:\Windows\System32\wshtcpip.dll
0x000007fefcfc0000 - 0x000007fefd01b000 	C:\Windows\system32\DNSAPI.dll
0x000007fef6ca0000 - 0x000007fef6ca8000 	C:\Windows\system32\rasadhlp.dll

VM Arguments:
jvm_args: -XX:MaxPermSize=256m -XX:+HeapDumpOnOutOfMemoryError -Xmx1024m -Dfile.encoding=windows-1252 -Duser.country=US -Duser.language=en -Duser.variant 
java_command: org.gradle.launcher.daemon.bootstrap.GradleDaemon 2.14.1
java_class_path (initial): C:\Users\jco\.gradle\wrapper\dists\gradle-2.14.1-all\8bnwg5hd3w55iofp58khbp6yv\gradle-2.14.1\lib\gradle-launcher-2.14.1.jar
Launcher Type: SUN_STANDARD

Environment Variables:
JAVA_HOME=C:\Program Files\Java\jre1.8.0_111
PATH=C:\ProgramData\Oracle\Java\javapath;C:\Windows\system32;C:\Windows;C:\Windows\System32\Wbem;C:\Windows\System32\WindowsPowerShell\v1.0\;C:\Windows\CCM;C:\Program Files (x86)\WebEx\Productivity Tools;C:\Program Files\Microsoft SQL Server\Client SDK\ODBC\110\Tools\Binn\;C:\Program Files (x86)\Microsoft SQL Server\120\Tools\Binn\;C:\Program Files\Microsoft SQL Server\120\Tools\Binn\;C:\Program Files\Microsoft SQL Server\120\DTS\Binn\;C:\Program Files (x86)\WebEx\PTools020000000;C:\Program Files\TortoiseHg\;C:\RailsInstaller\Git\cmd;C:\RailsInstaller\nodejs\;C:\Program Files (x86)\Heroku\bin;C:\Program Files (x86)\git\cmd;C:\Program Files (x86)\Git\cmd;C:\Program Files (x86)\Brackets\command;C:\Program Files (x86)\nodejs\;C:\Program Files (x86)\Microsoft SQL Server\120\Tools\Binn\ManagementStudio\;C:\Program Files (x86)\Microsoft SQL Server\120\DTS\Binn\;C:\RailsInstaller\Git\cmd;C:\Quality Assurance\jruby-1.7.26\bin;c:\Python27;C:\Program Files\Mercurial;C:\Users\jco\AppData\Roaming\npm;C:\Users\jco\Downloads\apache-maven-3.3.9-bin\apache-maven-3.3.9\bin;C:\Users\jco\AppData\Local\Box\Box Edit\
USERNAME=jco
OS=Windows_NT
PROCESSOR_IDENTIFIER=Intel64 Family 6 Model 61 Stepping 4, GenuineIntel



---------------  S Y S T E M  ---------------

OS: Windows 7 , 64 bit Build 7601 (6.1.7601.23572)

CPU:total 4 (2 cores per cpu, 2 threads per core) family 6 model 61 stepping 4, cmov, cx8, fxsr, mmx, sse, sse2, sse3, ssse3, sse4.1, sse4.2, popcnt, avx, avx2, aes, clmul, erms, 3dnowpref, lzcnt, ht, tsc, tscinvbit, bmi1, bmi2, adx

Memory: 4k page, physical 8077544k(555848k free), swap 18730096k(6072k free)

vm_info: Java HotSpot(TM) 64-Bit Server VM (25.101-b13) for windows-amd64 JRE (1.8.0_101-b13), built on Jun 22 2016 01:21:29 by "java_re" with MS VC++ 10.0 (VS2010)

time: Fri Mar 10 22:37:03 2017
elapsed time: 25 seconds (0d 0h 0m 25s)

