#
# There is insufficient memory for the Java Runtime Environment to continue.
# Native memory allocation (malloc) failed to allocate 32744 bytes for ChunkPool::allocate
# Possible reasons:
#   The system is out of physical RAM or swap space
#   In 32 bit mode, the process size limit was hit
# Possible solutions:
#   Reduce memory load on the system
#   Increase physical memory or swap space
#   Check if swap backing store is full
#   Use 64 bit Java on a 64 bit OS
#   Decrease Java heap size (-Xmx/-Xms)
#   Decrease number of Java threads
#   Decrease Java thread stack sizes (-Xss)
#   Set larger code cache with -XX:ReservedCodeCacheSize=
# This output file may be truncated or incomplete.
#
#  Out of Memory Error (allocation.cpp:273), pid=16340, tid=0x00000000000038f8
#
# JRE version: Java(TM) SE Runtime Environment (8.0_101-b13) (build 1.8.0_101-b13)
# Java VM: Java HotSpot(TM) 64-Bit Server VM (25.101-b13 mixed mode windows-amd64 compressed oops)
# Failed to write core dump. Minidumps are not enabled by default on client versions of Windows
#

---------------  T H R E A D  ---------------

Current thread (0x0000000055270800):  JavaThread "C2 CompilerThread1" daemon [_thread_in_native, id=14584, stack(0x0000000055740000,0x0000000055840000)]

Stack: [0x0000000055740000,0x0000000055840000]
[error occurred during error reporting (printing stack bounds), id 0xc0000005]

Native frames: (J=compiled Java code, j=interpreted, Vv=VM code, C=native code)


Current CompileTask:
C2: 951721 14443       4       java.io.ObjectOutputStream::writeClassDesc (60 bytes)


---------------  P R O C E S S  ---------------

Java Threads: ( => current thread )
  0x0000000057008800 JavaThread "Forward streams with process: command 'C:\Program Files\Java\jdk1.8.0_101\bin\java.exe' Thread 3" [_thread_in_native, id=8664, stack(0x0000000060490000,0x0000000060590000)]
  0x000000005700d000 JavaThread "Forward streams with process: command 'C:\Program Files\Java\jdk1.8.0_101\bin\java.exe' Thread 2" [_thread_in_native, id=17940, stack(0x0000000067410000,0x0000000067510000)]
  0x0000000057009000 JavaThread "Forward streams with process: command 'C:\Program Files\Java\jdk1.8.0_101\bin\java.exe'" [_thread_blocked, id=16368, stack(0x0000000067030000,0x0000000067130000)]
  0x0000000059d59000 JavaThread "Run command 'C:\Program Files\Java\jdk1.8.0_101\bin\java.exe'" [_thread_in_native, id=17044, stack(0x0000000058310000,0x0000000058410000)]
  0x000000005700c800 JavaThread "Forward streams with process: command 'C:\Program Files\Java\jdk1.8.0_101\bin\java.exe' Thread 3" [_thread_in_native, id=12460, stack(0x0000000067240000,0x0000000067340000)]
  0x000000005700b000 JavaThread "Forward streams with process: command 'C:\Program Files\Java\jdk1.8.0_101\bin\java.exe' Thread 2" [_thread_in_native, id=17532, stack(0x00000000665b0000,0x00000000666b0000)]
  0x000000005700f800 JavaThread "Forward streams with process: command 'C:\Program Files\Java\jdk1.8.0_101\bin\java.exe'" [_thread_blocked, id=16576, stack(0x00000000576b0000,0x00000000577b0000)]
  0x000000005700e000 JavaThread "Run command 'C:\Program Files\Java\jdk1.8.0_101\bin\java.exe'" [_thread_in_native, id=12888, stack(0x0000000066490000,0x0000000066590000)]
  0x000000005700e800 JavaThread "Forward streams with process: command 'C:\Program Files\Java\jdk1.8.0_101\bin\java.exe' Thread 3" [_thread_in_native, id=13696, stack(0x00000000678c0000,0x00000000679c0000)]
  0x000000005700b800 JavaThread "Forward streams with process: command 'C:\Program Files\Java\jdk1.8.0_101\bin\java.exe' Thread 2" [_thread_in_native, id=17124, stack(0x00000000677b0000,0x00000000678b0000)]
  0x000000005a9f9000 JavaThread "Forward streams with process: command 'C:\Program Files\Java\jdk1.8.0_101\bin\java.exe'" [_thread_blocked, id=1248, stack(0x0000000066d60000,0x0000000066e60000)]
  0x0000000059d57800 JavaThread "Run command 'C:\Program Files\Java\jdk1.8.0_101\bin\java.exe'" [_thread_in_native, id=15720, stack(0x0000000066890000,0x0000000066990000)]
  0x000000005a9f8000 JavaThread "Forward streams with process: command 'C:\Program Files\Java\jdk1.8.0_101\bin\java.exe' Thread 3" [_thread_in_native, id=16116, stack(0x0000000067ef0000,0x0000000067ff0000)]
  0x000000005a9fa800 JavaThread "Forward streams with process: command 'C:\Program Files\Java\jdk1.8.0_101\bin\java.exe' Thread 2" [_thread_in_native, id=16596, stack(0x0000000067a50000,0x0000000067b50000)]
  0x000000005a9f9800 JavaThread "Forward streams with process: command 'C:\Program Files\Java\jdk1.8.0_101\bin\java.exe'" [_thread_blocked, id=10816, stack(0x000000005fea0000,0x000000005ffa0000)]
  0x0000000059d56800 JavaThread "Run command 'C:\Program Files\Java\jdk1.8.0_101\bin\java.exe'" [_thread_in_native, id=12632, stack(0x0000000066a70000,0x0000000066b70000)]
  0x000000005b96a000 JavaThread "Stdin handler" [_thread_blocked, id=16240, stack(0x0000000067cc0000,0x0000000067dc0000)]
  0x000000005b96b800 JavaThread "Asynchronous log dispatcher for org.gradle.launcher.daemon.server.DefaultDaemonConnection@407bf8ae" [_thread_blocked, id=16356, stack(0x0000000066eb0000,0x0000000066fb0000)]
  0x000000005b96b000 JavaThread "Cancel handler" [_thread_blocked, id=15844, stack(0x0000000067bb0000,0x0000000067cb0000)]
  0x0000000059d56000 JavaThread "Handler for socket connection from /127.0.0.1:52897 to /127.0.0.1:59700" [_thread_in_native, id=16880, stack(0x00000000666d0000,0x00000000667d0000)]
  0x0000000059d55000 JavaThread "pool-11-thread-4" [_thread_blocked, id=9052, stack(0x0000000065830000,0x0000000065930000)]
  0x0000000059d54800 JavaThread "pool-11-thread-3" [_thread_blocked, id=17548, stack(0x00000000656e0000,0x00000000657e0000)]
  0x0000000059d58000 JavaThread "pool-11-thread-2" [_thread_blocked, id=1040, stack(0x00000000606a0000,0x00000000607a0000)]
  0x0000000059d53800 JavaThread "pool-11-thread-1" [_thread_blocked, id=17008, stack(0x0000000060260000,0x0000000060360000)]
  0x000000005a9fb000 JavaThread "Daemon worker Thread 3" [_thread_in_native, id=16080, stack(0x000000005d480000,0x000000005d580000)]
  0x000000005a9f7800 JavaThread "Daemon Thread 3" [_thread_blocked, id=12328, stack(0x0000000057ec0000,0x0000000057fc0000)]
  0x0000000059d52000 JavaThread "pool-10-thread-2" [_thread_blocked, id=4196, stack(0x0000000066390000,0x0000000066490000)]
  0x0000000059752800 JavaThread "pool-10-thread-4" [_thread_blocked, id=10540, stack(0x00000000661d0000,0x00000000662d0000)]
  0x0000000059754000 JavaThread "pool-10-thread-3" [_thread_blocked, id=9472, stack(0x0000000065e50000,0x0000000065f50000)]
  0x0000000059753800 JavaThread "pool-10-thread-1" [_thread_blocked, id=8712, stack(0x0000000065150000,0x0000000065250000)]
  0x000000005b968000 JavaThread "stdout" daemon [_thread_in_native, id=12772, stack(0x00000000655e0000,0x00000000656e0000)]
  0x000000005b967000 JavaThread "stderr" daemon [_thread_in_native, id=12008, stack(0x0000000064680000,0x0000000064780000)]
  0x000000005b965800 JavaThread "stdout" daemon [_thread_in_native, id=8444, stack(0x0000000065250000,0x0000000065350000)]
  0x000000005b965000 JavaThread "stderr" daemon [_thread_in_native, id=13360, stack(0x0000000065050000,0x0000000065150000)]
  0x00000000598ed800 JavaThread "stdout" daemon [_thread_in_native, id=16072, stack(0x0000000064e40000,0x0000000064f40000)]
  0x00000000598ed000 JavaThread "stderr" daemon [_thread_in_native, id=14416, stack(0x0000000064ce0000,0x0000000064de0000)]
  0x00000000598ec000 JavaThread "stdout" daemon [_thread_in_native, id=15008, stack(0x0000000064bb0000,0x0000000064cb0000)]
  0x00000000598eb800 JavaThread "stderr" daemon [_thread_in_native, id=10892, stack(0x0000000064a30000,0x0000000064b30000)]
  0x00000000598ea800 JavaThread "stdout" daemon [_thread_in_native, id=16188, stack(0x00000000648f0000,0x00000000649f0000)]
  0x00000000598ea000 JavaThread "stderr" daemon [_thread_in_native, id=17440, stack(0x00000000647c0000,0x00000000648c0000)]
  0x00000000598e9000 JavaThread "stdout" daemon [_thread_in_native, id=14716, stack(0x0000000064560000,0x0000000064660000)]
  0x00000000598e8800 JavaThread "stderr" daemon [_thread_in_native, id=9464, stack(0x0000000064370000,0x0000000064470000)]
  0x00000000598e7800 JavaThread "stdout" daemon [_thread_in_native, id=17640, stack(0x0000000063e70000,0x0000000063f70000)]
  0x00000000598e7000 JavaThread "stderr" daemon [_thread_in_native, id=13232, stack(0x00000000641a0000,0x00000000642a0000)]
  0x00000000599c0800 JavaThread "stdout" daemon [_thread_in_native, id=13672, stack(0x0000000063f90000,0x0000000064090000)]
  0x00000000599bf800 JavaThread "stderr" daemon [_thread_in_native, id=17904, stack(0x00000000639f0000,0x0000000063af0000)]
  0x00000000599bf000 JavaThread "stdout" daemon [_thread_in_native, id=14420, stack(0x0000000063cd0000,0x0000000063dd0000)]
  0x00000000599be000 JavaThread "stderr" daemon [_thread_in_native, id=17340, stack(0x0000000063b80000,0x0000000063c80000)]
  0x00000000599bd800 JavaThread "stdout" daemon [_thread_in_native, id=15436, stack(0x00000000638a0000,0x00000000639a0000)]
  0x00000000599bc800 JavaThread "stderr" daemon [_thread_in_native, id=1016, stack(0x00000000618a0000,0x00000000619a0000)]
  0x00000000599bc000 JavaThread "stdout" daemon [_thread_in_native, id=9200, stack(0x0000000063710000,0x0000000063810000)]
  0x00000000599bb000 JavaThread "stderr" daemon [_thread_in_native, id=8608, stack(0x0000000063530000,0x0000000063630000)]
  0x00000000599ba800 JavaThread "stdout" daemon [_thread_in_native, id=17480, stack(0x00000000633d0000,0x00000000634d0000)]
  0x00000000599b9800 JavaThread "stderr" daemon [_thread_in_native, id=9348, stack(0x0000000063270000,0x0000000063370000)]
  0x0000000059d9e000 JavaThread "stdout" daemon [_thread_in_native, id=17436, stack(0x0000000063140000,0x0000000063240000)]
  0x0000000059d9d000 JavaThread "stderr" daemon [_thread_in_native, id=13468, stack(0x0000000063020000,0x0000000063120000)]
  0x0000000059d9c800 JavaThread "stdout" daemon [_thread_in_native, id=9696, stack(0x0000000062eb0000,0x0000000062fb0000)]
  0x0000000059d9b800 JavaThread "stderr" daemon [_thread_in_native, id=13828, stack(0x0000000062db0000,0x0000000062eb0000)]
  0x0000000059d9b000 JavaThread "stdout" daemon [_thread_in_native, id=14464, stack(0x00000000627f0000,0x00000000628f0000)]
  0x0000000059d9a000 JavaThread "stderr" daemon [_thread_in_native, id=16048, stack(0x0000000062c70000,0x0000000062d70000)]
  0x0000000059d99800 JavaThread "stdout" daemon [_thread_in_native, id=17780, stack(0x0000000062b00000,0x0000000062c00000)]
  0x0000000059d98800 JavaThread "stderr" daemon [_thread_in_native, id=17052, stack(0x0000000062930000,0x0000000062a30000)]
  0x0000000059d98000 JavaThread "stdout" daemon [_thread_in_native, id=16564, stack(0x0000000061c40000,0x0000000061d40000)]
  0x0000000059d97000 JavaThread "stderr" daemon [_thread_in_native, id=15636, stack(0x00000000626e0000,0x00000000627e0000)]
  0x0000000059f47000 JavaThread "stdout" daemon [_thread_in_native, id=17544, stack(0x00000000625e0000,0x00000000626e0000)]
  0x0000000059f46000 JavaThread "stderr" daemon [_thread_in_native, id=16700, stack(0x00000000624b0000,0x00000000625b0000)]
  0x0000000059f45800 JavaThread "stdout" daemon [_thread_in_native, id=14788, stack(0x00000000622e0000,0x00000000623e0000)]
  0x0000000059f44800 JavaThread "stdout" daemon [_thread_in_native, id=17872, stack(0x00000000621c0000,0x00000000622c0000)]
  0x0000000059f44000 JavaThread "stderr" daemon [_thread_in_native, id=16768, stack(0x00000000620a0000,0x00000000621a0000)]
  0x0000000059f43000 JavaThread "stderr" daemon [_thread_in_native, id=16376, stack(0x0000000061690000,0x0000000061790000)]
  0x0000000059f42800 JavaThread "png-cruncher_20" daemon [_thread_blocked, id=16728, stack(0x0000000061f50000,0x0000000062050000)]
  0x0000000059f41800 JavaThread "png-cruncher_19" daemon [_thread_blocked, id=9484, stack(0x0000000061d90000,0x0000000061e90000)]
  0x0000000059f41000 JavaThread "png-cruncher_18" daemon [_thread_blocked, id=17556, stack(0x0000000061b40000,0x0000000061c40000)]
  0x0000000059f40000 JavaThread "png-cruncher_17" daemon [_thread_blocked, id=1056, stack(0x0000000058540000,0x0000000058640000)]
  0x000000005642a000 JavaThread "png-cruncher_16" daemon [_thread_blocked, id=8948, stack(0x0000000061330000,0x0000000061430000)]
  0x0000000056429000 JavaThread "png-cruncher_15" daemon [_thread_blocked, id=11456, stack(0x00000000619e0000,0x0000000061ae0000)]
  0x0000000056428800 JavaThread "png-cruncher_14" daemon [_thread_blocked, id=17764, stack(0x00000000617a0000,0x00000000618a0000)]
  0x0000000056427800 JavaThread "png-cruncher_13" daemon [_thread_blocked, id=15228, stack(0x0000000061580000,0x0000000061680000)]
  0x0000000056427000 JavaThread "png-cruncher_12" daemon [_thread_blocked, id=15948, stack(0x0000000061430000,0x0000000061530000)]
  0x0000000056426000 JavaThread "png-cruncher_11" daemon [_thread_blocked, id=4056, stack(0x0000000060df0000,0x0000000060ef0000)]
  0x0000000056425800 JavaThread "png-cruncher_10" daemon [_thread_blocked, id=4180, stack(0x0000000061210000,0x0000000061310000)]
  0x0000000056424800 JavaThread "png-cruncher_9" daemon [_thread_blocked, id=1768, stack(0x0000000060370000,0x0000000060470000)]
  0x0000000056424000 JavaThread "png-cruncher_8" daemon [_thread_blocked, id=1252, stack(0x00000000610f0000,0x00000000611f0000)]
  0x0000000056423000 JavaThread "png-cruncher_7" daemon [_thread_blocked, id=3428, stack(0x0000000060f30000,0x0000000061030000)]
  0x0000000059759800 JavaThread "png-cruncher_6" daemon [_thread_blocked, id=9940, stack(0x0000000060800000,0x0000000060900000)]
  0x0000000059759000 JavaThread "png-cruncher_5" daemon [_thread_blocked, id=12312, stack(0x0000000060ce0000,0x0000000060de0000)]
  0x0000000059758000 JavaThread "png-cruncher_4" daemon [_thread_blocked, id=17748, stack(0x0000000060bc0000,0x0000000060cc0000)]
  0x0000000059757800 JavaThread "png-cruncher_3" daemon [_thread_blocked, id=16660, stack(0x00000000564c0000,0x00000000565c0000)]
  0x0000000059756800 JavaThread "png-cruncher_2" daemon [_thread_blocked, id=9084, stack(0x0000000060ac0000,0x0000000060bc0000)]
  0x0000000059755800 JavaThread "png-cruncher_1" daemon [_thread_blocked, id=16808, stack(0x0000000060910000,0x0000000060a10000)]
  0x000000005a9f6800 JavaThread "File lock request listener" [_thread_in_native, id=9568, stack(0x000000005c180000,0x000000005c280000)]
  0x0000000056adc000 JavaThread "Incoming local TCP Connector on port 52897" [_thread_in_native, id=16204, stack(0x0000000057af0000,0x0000000057bf0000)]
  0x0000000056b0e800 JavaThread "pool-1-thread-1" [_thread_blocked, id=17376, stack(0x0000000057920000,0x0000000057a20000)]
  0x00000000552c9800 JavaThread "Service Thread" daemon [_thread_blocked, id=13040, stack(0x00000000558b0000,0x00000000559b0000)]
  0x0000000055275000 JavaThread "C1 CompilerThread2" daemon [_thread_blocked, id=8464, stack(0x00000000559e0000,0x0000000055ae0000)]
=>0x0000000055270800 JavaThread "C2 CompilerThread1" daemon [_thread_in_native, id=14584, stack(0x0000000055740000,0x0000000055840000)]
  0x0000000053c8d000 JavaThread "C2 CompilerThread0" daemon [_thread_blocked, id=14216, stack(0x0000000055170000,0x0000000055270000)]
  0x0000000053c88000 JavaThread "Attach Listener" daemon [_thread_blocked, id=16452, stack(0x0000000054e30000,0x0000000054f30000)]
  0x0000000053c84800 JavaThread "Signal Dispatcher" daemon [_thread_blocked, id=4672, stack(0x0000000054fd0000,0x00000000550d0000)]
  0x0000000053c6a800 JavaThread "Finalizer" daemon [_thread_blocked, id=16960, stack(0x0000000054d30000,0x0000000054e30000)]
  0x0000000053c23800 JavaThread "Reference Handler" daemon [_thread_blocked, id=17672, stack(0x0000000054b20000,0x0000000054c20000)]
  0x0000000000bd8000 JavaThread "main" [_thread_blocked, id=7108, stack(0x0000000000f40000,0x0000000001040000)]

Other Threads:
  0x0000000053c1c000 VMThread [stack: 0x0000000054c30000,0x0000000054d30000] [id=9284]
  0x000000005531f000 WatcherThread [stack: 0x0000000055b80000,0x0000000055c80000] [id=7816]

VM state:not at safepoint (normal execution)

VM Mutex/Monitor currently owned by a thread: None

Heap:
 PSYoungGen      total 318976K, used 105602K [0x00000000eab00000, 0x0000000100000000, 0x0000000100000000)
  eden space 288768K, 36% used [0x00000000eab00000,0x00000000f1220ae8,0x00000000fc500000)
  from space 30208K, 0% used [0x00000000fe280000,0x00000000fe280000,0x0000000100000000)
  to   space 30208K, 0% used [0x00000000fc500000,0x00000000fc500000,0x00000000fe280000)
 ParOldGen       total 82944K, used 40732K [0x00000000c0000000, 0x00000000c5100000, 0x00000000eab00000)
  object space 82944K, 49% used [0x00000000c0000000,0x00000000c27c7218,0x00000000c5100000)
 Metaspace       used 65998K, capacity 67754K, committed 67840K, reserved 1107968K
  class space    used 8487K, capacity 8895K, committed 8960K, reserved 1048576K

Card table byte_map: [0x00000000106d0000,0x00000000108e0000] byte_map_base: 0x00000000100d0000

Marking Bits: (ParMarkBitMap*) 0x00000000709ea6d0
 Begin Bits: [0x0000000011090000, 0x0000000012090000)
 End Bits:   [0x0000000012090000, 0x0000000013090000)

Polling page: 0x0000000000310000

CodeCache: size=245760Kb used=41187Kb max_used=41200Kb free=204572Kb
 bounds [0x0000000001310000, 0x0000000003b90000, 0x0000000010310000]
 total_blobs=12426 nmethods=11657 adapters=680
 compilation: enabled

Compilation events (10 events):
Event: 950.750 Thread 0x0000000055275000 nmethod 14449 0x0000000003b75610 code [0x0000000003b75780, 0x0000000003b75a10]
Event: 950.750 Thread 0x0000000055275000 14445       3       com.sun.org.apache.xerces.internal.impl.XMLDocumentFragmentScannerImpl::scanXMLDeclOrTextDecl (183 bytes)
Event: 950.751 Thread 0x0000000055275000 nmethod 14445 0x0000000003b72d10 code [0x0000000003b72f00, 0x0000000003b73928]
Event: 950.760 Thread 0x0000000053c8d000 nmethod 14444 0x0000000003b74950 code [0x0000000003b74b00, 0x0000000003b74fb0]
Event: 950.861 Thread 0x0000000053c8d000 14451       4       java.util.ArrayDeque$DeqIterator::<init> (6 bytes)
Event: 950.863 Thread 0x0000000053c8d000 nmethod 14451 0x0000000003b13f90 code [0x0000000003b140c0, 0x0000000003b14158]
Event: 950.863 Thread 0x0000000053c8d000 14452       4       org.gradle.api.internal.file.collections.jdk7.Jdk7DirectoryWalker$1::preVisitDirectory (80 bytes)
Event: 950.880 Thread 0x0000000053c8d000 nmethod 14452 0x0000000003b7be50 code [0x0000000003b7c020, 0x0000000003b7c888]
Event: 950.880 Thread 0x0000000053c8d000 14453       4       java.util.LinkedList::pop (5 bytes)
Event: 950.882 Thread 0x0000000053c8d000 nmethod 14453 0x0000000003b2a2d0 code [0x0000000003b2a400, 0x0000000003b2a498]

GC Heap History (10 events):
Event: 386.461 GC heap before
{Heap before GC invocations=15 (full 3):
 PSYoungGen      total 259072K, used 233374K [0x00000000eab00000, 0x00000000ffa80000, 0x0000000100000000)
  eden space 236032K, 91% used [0x00000000eab00000,0x00000000f7d4e3b0,0x00000000f9180000)
  from space 23040K, 78% used [0x00000000f9180000,0x00000000fa3197b8,0x00000000fa800000)
  to   space 24064K, 0% used [0x00000000fe300000,0x00000000fe300000,0x00000000ffa80000)
 ParOldGen       total 82944K, used 29558K [0x00000000c0000000, 0x00000000c5100000, 0x00000000eab00000)
  object space 82944K, 35% used [0x00000000c0000000,0x00000000c1cdd8b8,0x00000000c5100000)
 Metaspace       used 63696K, capacity 65294K, committed 65664K, reserved 1105920K
  class space    used 8362K, capacity 8729K, committed 8832K, reserved 1048576K
Event: 386.589 GC heap after
Heap after GC invocations=15 (full 3):
 PSYoungGen      total 312832K, used 24032K [0x00000000eab00000, 0x0000000100000000, 0x0000000100000000)
  eden space 288768K, 0% used [0x00000000eab00000,0x00000000eab00000,0x00000000fc500000)
  from space 24064K, 99% used [0x00000000fe300000,0x00000000ffa78248,0x00000000ffa80000)
  to   space 30208K, 0% used [0x00000000fc500000,0x00000000fc500000,0x00000000fe280000)
 ParOldGen       total 82944K, used 38028K [0x00000000c0000000, 0x00000000c5100000, 0x00000000eab00000)
  object space 82944K, 45% used [0x00000000c0000000,0x00000000c2523260,0x00000000c5100000)
 Metaspace       used 63696K, capacity 65294K, committed 65664K, reserved 1105920K
  class space    used 8362K, capacity 8729K, committed 8832K, reserved 1048576K
}
Event: 386.589 GC heap before
{Heap before GC invocations=16 (full 4):
 PSYoungGen      total 312832K, used 24032K [0x00000000eab00000, 0x0000000100000000, 0x0000000100000000)
  eden space 288768K, 0% used [0x00000000eab00000,0x00000000eab00000,0x00000000fc500000)
  from space 24064K, 99% used [0x00000000fe300000,0x00000000ffa78248,0x00000000ffa80000)
  to   space 30208K, 0% used [0x00000000fc500000,0x00000000fc500000,0x00000000fe280000)
 ParOldGen       total 82944K, used 38028K [0x00000000c0000000, 0x00000000c5100000, 0x00000000eab00000)
  object space 82944K, 45% used [0x00000000c0000000,0x00000000c2523260,0x00000000c5100000)
 Metaspace       used 63696K, capacity 65294K, committed 65664K, reserved 1105920K
  class space    used 8362K, capacity 8729K, committed 8832K, reserved 1048576K
Event: 387.206 GC heap after
Heap after GC invocations=16 (full 4):
 PSYoungGen      total 312832K, used 0K [0x00000000eab00000, 0x0000000100000000, 0x0000000100000000)
  eden space 288768K, 0% used [0x00000000eab00000,0x00000000eab00000,0x00000000fc500000)
  from space 24064K, 0% used [0x00000000fe300000,0x00000000fe300000,0x00000000ffa80000)
  to   space 30208K, 0% used [0x00000000fc500000,0x00000000fc500000,0x00000000fe280000)
 ParOldGen       total 82944K, used 59151K [0x00000000c0000000, 0x00000000c5100000, 0x00000000eab00000)
  object space 82944K, 71% used [0x00000000c0000000,0x00000000c39c3e20,0x00000000c5100000)
 Metaspace       used 63694K, capacity 65288K, committed 65664K, reserved 1105920K
  class space    used 8362K, capacity 8728K, committed 8832K, reserved 1048576K
}
Event: 902.719 GC heap before
{Heap before GC invocations=17 (full 4):
 PSYoungGen      total 312832K, used 288768K [0x00000000eab00000, 0x0000000100000000, 0x0000000100000000)
  eden space 288768K, 100% used [0x00000000eab00000,0x00000000fc500000,0x00000000fc500000)
  from space 24064K, 0% used [0x00000000fe300000,0x00000000fe300000,0x00000000ffa80000)
  to   space 30208K, 0% used [0x00000000fc500000,0x00000000fc500000,0x00000000fe280000)
 ParOldGen       total 82944K, used 59151K [0x00000000c0000000, 0x00000000c5100000, 0x00000000eab00000)
  object space 82944K, 71% used [0x00000000c0000000,0x00000000c39c3e20,0x00000000c5100000)
 Metaspace       used 65495K, capacity 67290K, committed 67584K, reserved 1107968K
  class space    used 8467K, capacity 8873K, committed 8960K, reserved 1048576K
Event: 902.729 GC heap after
Heap after GC invocations=17 (full 4):
 PSYoungGen      total 318976K, used 4884K [0x00000000eab00000, 0x0000000100000000, 0x0000000100000000)
  eden space 288768K, 0% used [0x00000000eab00000,0x00000000eab00000,0x00000000fc500000)
  from space 30208K, 16% used [0x00000000fc500000,0x00000000fc9c5000,0x00000000fe280000)
  to   space 30208K, 0% used [0x00000000fe280000,0x00000000fe280000,0x0000000100000000)
 ParOldGen       total 82944K, used 59159K [0x00000000c0000000, 0x00000000c5100000, 0x00000000eab00000)
  object space 82944K, 71% used [0x00000000c0000000,0x00000000c39c5e20,0x00000000c5100000)
 Metaspace       used 65495K, capacity 67290K, committed 67584K, reserved 1107968K
  class space    used 8467K, capacity 8873K, committed 8960K, reserved 1048576K
}
Event: 912.643 GC heap before
{Heap before GC invocations=18 (full 4):
 PSYoungGen      total 318976K, used 92568K [0x00000000eab00000, 0x0000000100000000, 0x0000000100000000)
  eden space 288768K, 30% used [0x00000000eab00000,0x00000000f00a1220,0x00000000fc500000)
  from space 30208K, 16% used [0x00000000fc500000,0x00000000fc9c5000,0x00000000fe280000)
  to   space 30208K, 0% used [0x00000000fe280000,0x00000000fe280000,0x0000000100000000)
 ParOldGen       total 82944K, used 59159K [0x00000000c0000000, 0x00000000c5100000, 0x00000000eab00000)
  object space 82944K, 71% used [0x00000000c0000000,0x00000000c39c5e20,0x00000000c5100000)
 Metaspace       used 65807K, capacity 67530K, committed 67840K, reserved 1107968K
  class space    used 8484K, capacity 8891K, committed 8960K, reserved 1048576K
Event: 912.665 GC heap after
Heap after GC invocations=18 (full 4):
 PSYoungGen      total 318976K, used 4514K [0x00000000eab00000, 0x0000000100000000, 0x0000000100000000)
  eden space 288768K, 0% used [0x00000000eab00000,0x00000000eab00000,0x00000000fc500000)
  from space 30208K, 14% used [0x00000000fe280000,0x00000000fe6e8970,0x0000000100000000)
  to   space 30208K, 0% used [0x00000000fc500000,0x00000000fc500000,0x00000000fe280000)
 ParOldGen       total 82944K, used 59167K [0x00000000c0000000, 0x00000000c5100000, 0x00000000eab00000)
  object space 82944K, 71% used [0x00000000c0000000,0x00000000c39c7e20,0x00000000c5100000)
 Metaspace       used 65807K, capacity 67530K, committed 67840K, reserved 1107968K
  class space    used 8484K, capacity 8891K, committed 8960K, reserved 1048576K
}
Event: 912.665 GC heap before
{Heap before GC invocations=19 (full 5):
 PSYoungGen      total 318976K, used 4514K [0x00000000eab00000, 0x0000000100000000, 0x0000000100000000)
  eden space 288768K, 0% used [0x00000000eab00000,0x00000000eab00000,0x00000000fc500000)
  from space 30208K, 14% used [0x00000000fe280000,0x00000000fe6e8970,0x0000000100000000)
  to   space 30208K, 0% used [0x00000000fc500000,0x00000000fc500000,0x00000000fe280000)
 ParOldGen       total 82944K, used 59167K [0x00000000c0000000, 0x00000000c5100000, 0x00000000eab00000)
  object space 82944K, 71% used [0x00000000c0000000,0x00000000c39c7e20,0x00000000c5100000)
 Metaspace       used 65807K, capacity 67530K, committed 67840K, reserved 1107968K
  class space    used 8484K, capacity 8891K, committed 8960K, reserved 1048576K
Event: 922.506 GC heap after
Heap after GC invocations=19 (full 5):
 PSYoungGen      total 318976K, used 0K [0x00000000eab00000, 0x0000000100000000, 0x0000000100000000)
  eden space 288768K, 0% used [0x00000000eab00000,0x00000000eab00000,0x00000000fc500000)
  from space 30208K, 0% used [0x00000000fe280000,0x00000000fe280000,0x0000000100000000)
  to   space 30208K, 0% used [0x00000000fc500000,0x00000000fc500000,0x00000000fe280000)
 ParOldGen       total 82944K, used 40732K [0x00000000c0000000, 0x00000000c5100000, 0x00000000eab00000)
  object space 82944K, 49% used [0x00000000c0000000,0x00000000c27c7218,0x00000000c5100000)
 Metaspace       used 65795K, capacity 67496K, committed 67840K, reserved 1107968K
  class space    used 8480K, capacity 8884K, committed 8960K, reserved 1048576K
}

Deoptimization events (10 events):
Event: 910.365 Thread 0x000000005a9fb000 Uncommon trap: reason=unstable_if action=reinterpret pc=0x0000000003753320 method=com.sun.tools.javac.model.FilteredMemberList.unwanted(Lcom/sun/tools/javac/code/Symbol;)Z @ 14
Event: 910.365 Thread 0x000000005a9fb000 Uncommon trap: reason=unstable_if action=reinterpret pc=0x00000000038b207c method=com.sun.tools.javac.jvm.Gen.checkDimension(Lcom/sun/tools/javac/util/JCDiagnostic$DiagnosticPosition;Lcom/sun/tools/javac/code/Type;)V @ 54
Event: 910.366 Thread 0x000000005a9fb000 Uncommon trap: reason=unstable_if action=reinterpret pc=0x00000000038b01f4 method=com.sun.tools.javac.jvm.ClassWriter.adjustFlags(J)I @ 10
Event: 910.420 Thread 0x000000005a9fb000 Uncommon trap: reason=bimorphic action=maybe_recompile pc=0x0000000002ec23b4 method=java.util.Collections.indexedBinarySearch(Ljava/util/List;Ljava/lang/Object;)I @ 39
Event: 910.456 Thread 0x000000005a9fb000 Uncommon trap: reason=unstable_if action=reinterpret pc=0x00000000038a3d50 method=com.sun.tools.javac.code.Types$SignatureGenerator.hasTypeVar(Lcom/sun/tools/javac/util/List;)Z @ 4
Event: 910.523 Thread 0x000000005a9fb000 Uncommon trap: reason=unstable_if action=reinterpret pc=0x00000000038a8078 method=com.sun.tools.javac.comp.Lower.boxIfNeeded(Lcom/sun/tools/javac/tree/JCTree;Lcom/sun/tools/javac/code/Type;)Lcom/sun/tools/javac/tree/JCTree; @ 13
Event: 912.422 Thread 0x000000005a9fb000 Uncommon trap: reason=bimorphic action=maybe_recompile pc=0x000000000286a28c method=org.gradle.internal.logging.text.AbstractStyledTextOutput.text(Ljava/lang/Object;)Lorg/gradle/internal/logging/text/StyledTextOutput; @ 11
Event: 942.179 Thread 0x000000005a9fb000 Uncommon trap: reason=class_check action=maybe_recompile pc=0x0000000002039548 method=com.google.common.collect.AbstractMapBasedMultimap$WrappedCollection.refreshIfEmpty()V @ 40
Event: 942.179 Thread 0x000000005a9fb000 Uncommon trap: reason=class_check action=maybe_recompile pc=0x0000000002ccea44 method=com.google.common.collect.AbstractMapBasedMultimap.iteratorOrListIterator(Ljava/util/Collection;)Ljava/util/Iterator; @ 1
Event: 949.757 Thread 0x000000005a9fb000 Uncommon trap: reason=speculate_class_check action=maybe_recompile pc=0x0000000002cd1944 method=com.sun.org.apache.xerces.internal.dom.ElementNSImpl.getLocalName()Ljava/lang/String; @ 8

Internal exceptions (10 events):
Event: 942.115 Thread 0x000000005a9fb000 Exception <a 'sun/nio/fs/WindowsException'> (0x00000000ee3718c8) thrown at [C:\re\workspace\8-2-build-windows-amd64-cygwin\jdk8u101\7261\hotspot\src\share\vm\prims\jni.cpp, line 709]
Event: 942.115 Thread 0x000000005a9fb000 Exception <a 'sun/nio/fs/WindowsException'> (0x00000000ee3724c8) thrown at [C:\re\workspace\8-2-build-windows-amd64-cygwin\jdk8u101\7261\hotspot\src\share\vm\prims\jni.cpp, line 709]
Event: 942.117 Thread 0x000000005a9fb000 Exception <a 'sun/nio/fs/WindowsException'> (0x00000000ee374f90) thrown at [C:\re\workspace\8-2-build-windows-amd64-cygwin\jdk8u101\7261\hotspot\src\share\vm\prims\jni.cpp, line 709]
Event: 942.118 Thread 0x000000005a9fb000 Exception <a 'sun/nio/fs/WindowsException'> (0x00000000ee375bb8) thrown at [C:\re\workspace\8-2-build-windows-amd64-cygwin\jdk8u101\7261\hotspot\src\share\vm\prims\jni.cpp, line 709]
Event: 942.123 Thread 0x000000005a9fb000 Exception <a 'sun/nio/fs/WindowsException'> (0x00000000ee377820) thrown at [C:\re\workspace\8-2-build-windows-amd64-cygwin\jdk8u101\7261\hotspot\src\share\vm\prims\jni.cpp, line 709]
Event: 942.123 Thread 0x000000005a9fb000 Exception <a 'sun/nio/fs/WindowsException'> (0x00000000ee378480) thrown at [C:\re\workspace\8-2-build-windows-amd64-cygwin\jdk8u101\7261\hotspot\src\share\vm\prims\jni.cpp, line 709]
Event: 942.124 Thread 0x000000005a9fb000 Exception <a 'sun/nio/fs/WindowsException'> (0x00000000ee37b0a0) thrown at [C:\re\workspace\8-2-build-windows-amd64-cygwin\jdk8u101\7261\hotspot\src\share\vm\prims\jni.cpp, line 709]
Event: 942.124 Thread 0x000000005a9fb000 Exception <a 'sun/nio/fs/WindowsException'> (0x00000000ee37bcf8) thrown at [C:\re\workspace\8-2-build-windows-amd64-cygwin\jdk8u101\7261\hotspot\src\share\vm\prims\jni.cpp, line 709]
Event: 942.124 Thread 0x000000005a9fb000 Exception <a 'sun/nio/fs/WindowsException'> (0x00000000ee37d988) thrown at [C:\re\workspace\8-2-build-windows-amd64-cygwin\jdk8u101\7261\hotspot\src\share\vm\prims\jni.cpp, line 709]
Event: 942.124 Thread 0x000000005a9fb000 Exception <a 'sun/nio/fs/WindowsException'> (0x00000000ee37e620) thrown at [C:\re\workspace\8-2-build-windows-amd64-cygwin\jdk8u101\7261\hotspot\src\share\vm\prims\jni.cpp, line 709]

Events (10 events):
Event: 949.648 Thread 0x0000000059d53000 Thread added: 0x0000000059d53000
Event: 949.649 Thread 0x0000000057009000 Thread added: 0x0000000057009000
Event: 949.649 Thread 0x000000005700d000 Thread added: 0x000000005700d000
Event: 949.649 Thread 0x0000000057008800 Thread added: 0x0000000057008800
Event: 949.757 Thread 0x000000005a9fb000 Uncommon trap: trap_request=0xffffff76 fr.pc=0x0000000002cd1944
Event: 949.757 Thread 0x000000005a9fb000 DEOPT PACKING pc=0x0000000002cd1944 sp=0x000000005d57d590
Event: 949.757 Thread 0x000000005a9fb000 DEOPT UNPACKING pc=0x000000000135582a sp=0x000000005d57d558 mode 2
Event: 949.778 Thread 0x0000000059d53000 Thread exited: 0x0000000059d53000
Event: 950.861 loading class java/util/ArrayDeque$1
Event: 950.861 loading class java/util/ArrayDeque$1 done


Dynamic libraries:
0x000000013f320000 - 0x000000013f357000 	C:\Program Files\Java\jdk1.8.0_101\bin\java.exe
0x0000000077a10000 - 0x0000000077bba000 	C:\Windows\SYSTEM32\ntdll.dll
0x00000000778f0000 - 0x0000000077a0f000 	C:\Windows\system32\kernel32.dll
0x000007fefd780000 - 0x000007fefd7ea000 	C:\Windows\system32\KERNELBASE.dll
0x000007fefde20000 - 0x000007fefdefb000 	C:\Windows\system32\ADVAPI32.dll
0x000007feff590000 - 0x000007feff62f000 	C:\Windows\system32\msvcrt.dll
0x000007fefe200000 - 0x000007fefe21f000 	C:\Windows\SYSTEM32\sechost.dll
0x000007feff390000 - 0x000007feff4bd000 	C:\Windows\system32\RPCRT4.dll
0x00000000777f0000 - 0x00000000778ea000 	C:\Windows\system32\USER32.dll
0x000007feff240000 - 0x000007feff2a7000 	C:\Windows\system32\GDI32.dll
0x000007fefdd40000 - 0x000007fefdd4e000 	C:\Windows\system32\LPK.dll
0x000007fefdd50000 - 0x000007fefde1a000 	C:\Windows\system32\USP10.dll
0x000007fefbb10000 - 0x000007fefbd04000 	C:\Windows\WinSxS\amd64_microsoft.windows.common-controls_6595b64144ccf1df_6.0.7601.18837_none_fa3b1e3d17594757\COMCTL32.dll
0x000007fefdb30000 - 0x000007fefdba1000 	C:\Windows\system32\SHLWAPI.dll
0x000007fefdb00000 - 0x000007fefdb2e000 	C:\Windows\system32\IMM32.DLL
0x000007feffb70000 - 0x000007feffc79000 	C:\Windows\system32\MSCTF.dll
0x0000000078e40000 - 0x0000000078f12000 	C:\Program Files\Java\jdk1.8.0_101\jre\bin\msvcr100.dll
0x00000000701d0000 - 0x0000000070a6a000 	C:\Program Files\Java\jdk1.8.0_101\jre\bin\server\jvm.dll
0x000007fef9d10000 - 0x000007fef9d19000 	C:\Windows\system32\WSOCK32.dll
0x000007feff4c0000 - 0x000007feff50d000 	C:\Windows\system32\WS2_32.dll
0x000007feff230000 - 0x000007feff238000 	C:\Windows\system32\NSI.dll
0x000007fefa2b0000 - 0x000007fefa2eb000 	C:\Windows\system32\WINMM.dll
0x000007fefc670000 - 0x000007fefc67c000 	C:\Windows\system32\VERSION.dll
0x0000000077be0000 - 0x0000000077be7000 	C:\Windows\system32\PSAPI.DLL
0x0000000069600000 - 0x000000006960f000 	C:\Program Files\Java\jdk1.8.0_101\jre\bin\verify.dll
0x00000000695d0000 - 0x00000000695f9000 	C:\Program Files\Java\jdk1.8.0_101\jre\bin\java.dll
0x0000000067770000 - 0x0000000067786000 	C:\Program Files\Java\jdk1.8.0_101\jre\bin\zip.dll
0x000007fefe2c0000 - 0x000007feff04a000 	C:\Windows\system32\SHELL32.dll
0x000007feff900000 - 0x000007feffb03000 	C:\Windows\system32\ole32.dll
0x000007fefd740000 - 0x000007fefd74f000 	C:\Windows\system32\profapi.dll
0x00000000676c0000 - 0x00000000676da000 	C:\Program Files\Java\jdk1.8.0_101\jre\bin\net.dll
0x000007fefcf10000 - 0x000007fefcf65000 	C:\Windows\system32\mswsock.dll
0x000007fefd0d0000 - 0x000007fefd0d7000 	C:\Windows\System32\wship6.dll
0x00000000676a0000 - 0x00000000676b1000 	C:\Program Files\Java\jdk1.8.0_101\jre\bin\nio.dll
0x000007fefa7b0000 - 0x000007fefa7c2000 	C:\Users\jco\.gradle\native\19\windows-amd64\native-platform.dll
0x000007fefd160000 - 0x000007fefd178000 	C:\Windows\system32\CRYPTSP.dll
0x000007fefcca0000 - 0x000007fefcce7000 	C:\Windows\system32\rsaenh.dll
0x000007fefd7f0000 - 0x000007fefd80e000 	C:\Windows\system32\USERENV.dll
0x000007fefd580000 - 0x000007fefd58f000 	C:\Windows\system32\CRYPTBASE.dll
0x000007fef9ce0000 - 0x000007fef9d07000 	C:\Windows\system32\IPHLPAPI.DLL
0x000007fef9cd0000 - 0x000007fef9cdb000 	C:\Windows\system32\WINNSI.DLL
0x000007fef8cd0000 - 0x000007fef8ce8000 	C:\Windows\system32\dhcpcsvc.DLL
0x000007fef8cb0000 - 0x000007fef8cc1000 	C:\Windows\system32\dhcpcsvc6.DLL
0x0000000067710000 - 0x000000006771d000 	C:\Program Files\Java\jdk1.8.0_101\jre\bin\management.dll
0x000007fefd630000 - 0x000007fefd687000 	C:\Windows\system32\apphelp.dll
0x0000000067600000 - 0x0000000067624000 	C:\Program Files\Java\jdk1.8.0_101\jre\bin\sunec.dll
0x000007fefc740000 - 0x000007fefc747000 	C:\Windows\System32\wshtcpip.dll
0x000007fefcda0000 - 0x000007fefcdfb000 	C:\Windows\system32\DNSAPI.dll
0x000007feef860000 - 0x000007feef868000 	C:\Windows\system32\rasadhlp.dll
0x000007fef8cf0000 - 0x000007fef8d43000 	C:\Windows\System32\fwpuclnt.dll
0x0000000067690000 - 0x000000006769b000 	C:\Program Files\Java\jdk1.8.0_101\jre\bin\sunmscapi.dll
0x000007fefd810000 - 0x000007fefd97d000 	C:\Windows\system32\CRYPT32.dll
0x000007fefd750000 - 0x000007fefd75f000 	C:\Windows\system32\MSASN1.dll
0x000007fefa210000 - 0x000007fefa225000 	C:\Windows\system32\NLAapi.dll
0x000007fef6a60000 - 0x000007fef6a75000 	C:\Windows\system32\napinsp.dll
0x000007fef6a40000 - 0x000007fef6a59000 	C:\Windows\system32\pnrpnsp.dll
0x000007fef6a30000 - 0x000007fef6a3b000 	C:\Windows\System32\winrnr.dll
0x000007fef6a20000 - 0x000007fef6a30000 	C:\Windows\system32\wshbth.dll

VM Arguments:
jvm_args: -XX:MaxPermSize=256m -XX:+HeapDumpOnOutOfMemoryError -Xmx1024m -Dfile.encoding=windows-1252 -Duser.country=US -Duser.language=en -Duser.variant 
java_command: org.gradle.launcher.daemon.bootstrap.GradleDaemon 2.14.1
java_class_path (initial): C:\Program Files\Android\Android Studio\gradle\gradle-2.14.1\lib\gradle-launcher-2.14.1.jar
Launcher Type: SUN_STANDARD

Environment Variables:
JAVA_HOME=C:\Program Files\Java\jre1.8.0_111
PATH=C:\ProgramData\Oracle\Java\javapath;C:\Windows\system32;C:\Windows;C:\Windows\System32\Wbem;C:\Windows\System32\WindowsPowerShell\v1.0\;C:\Windows\CCM;C:\Program Files (x86)\WebEx\Productivity Tools;C:\Program Files\Microsoft SQL Server\Client SDK\ODBC\110\Tools\Binn\;C:\Program Files (x86)\Microsoft SQL Server\120\Tools\Binn\;C:\Program Files\Microsoft SQL Server\120\Tools\Binn\;C:\Program Files\Microsoft SQL Server\120\DTS\Binn\;C:\Program Files (x86)\WebEx\PTools020000000;C:\Program Files\TortoiseHg\;C:\RailsInstaller\Git\cmd;C:\RailsInstaller\nodejs\;C:\Program Files (x86)\Heroku\bin;C:\Program Files (x86)\git\cmd;C:\Program Files (x86)\Git\cmd;C:\Program Files (x86)\Brackets\command;C:\Program Files (x86)\nodejs\;C:\Program Files (x86)\Microsoft SQL Server\120\Tools\Binn\ManagementStudio\;C:\Program Files (x86)\Microsoft SQL Server\120\DTS\Binn\;C:\RailsInstaller\Git\cmd;C:\Quality Assurance\jruby-1.7.26\bin;c:\Python27;C:\Program Files\Mercurial;C:\Users\jco\AppData\Roaming\npm;C:\Users\jco\Downloads\apache-maven-3.3.9-bin\apache-maven-3.3.9\bin;C:\Users\jco\AppData\Local\Box\Box Edit\
USERNAME=jco
OS=Windows_NT
PROCESSOR_IDENTIFIER=Intel64 Family 6 Model 61 Stepping 4, GenuineIntel



---------------  S Y S T E M  ---------------

OS: Windows 7 , 64 bit Build 7601 (6.1.7601.23572)

CPU:total 4 (2 cores per cpu, 2 threads per core) family 6 model 61 stepping 4, cmov, cx8, fxsr, mmx, sse, sse2, sse3, ssse3, sse4.1, sse4.2, popcnt, avx, avx2, aes, clmul, erms, 3dnowpref, lzcnt, ht, tsc, tscinvbit, bmi1, bmi2, adx

Memory: 4k page, physical 8077544k(365020k free), swap 17729344k(4900k free)

vm_info: Java HotSpot(TM) 64-Bit Server VM (25.101-b13) for windows-amd64 JRE (1.8.0_101-b13), built on Jun 22 2016 01:21:29 by "java_re" with MS VC++ 10.0 (VS2010)

time: Fri Mar 03 17:19:00 2017
elapsed time: 951 seconds (0d 0h 15m 51s)

