#
# A fatal error has been detected by the Java Runtime Environment:
#
#  EXCEPTION_ACCESS_VIOLATION (0xc0000005) at pc=0x000000006f813987, pid=16280, tid=0x0000000000003a58
#
# JRE version: Java(TM) SE Runtime Environment (8.0_101-b13) (build 1.8.0_101-b13)
# Java VM: Java HotSpot(TM) 64-Bit Server VM (25.101-b13 mixed mode windows-amd64 compressed oops)
# Problematic frame:
# V  [jvm.dll+0x213987]
#
# Failed to write core dump. Minidumps are not enabled by default on client versions of Windows
#
# If you would like to submit a bug report, please visit:
#   http://bugreport.java.com/bugreport/crash.jsp
#

---------------  T H R E A D  ---------------

Current thread (0x0000000053bd1800):  JavaThread "Signal Dispatcher" daemon [_thread_in_vm, id=14936, stack(0x0000000054dd0000,0x0000000054ed0000)]

siginfo: ExceptionCode=0xc0000005, writing address 0x0000000054eca020

Registers:
RAX=0x0000000054eca020, RBX=0x0000000000000006, RCX=0x0000000000005000, RDX=0x0000000000000006
RSP=0x0000000054ecf020, RBP=0x0000000000000000, RSI=0x0000000054ecf020, RDI=0x0000000000000006
R8 =0x0000000000000006, R9 =0x0000000053bbeae0, R10=0x000000005320d580, R11=0x0000000054dda150
R12=0x0000000053bbeae0, R13=0x0000000053bd1800, R14=0x0000000054ecf0e8, R15=0x000000005320d580
RIP=0x000000006f813987, EFLAGS=0x0000000000010202

Top of Stack: (sp=0x0000000054ecf020)
0x0000000054ecf020:   0000000000000000 0000000000000000
0x0000000054ecf030:   0000000053bd1800 0000000053bbeae0
0x0000000054ecf040:   00000000ffffffff 000000006f8148b7
0x0000000054ecf050:   0000000054ecf150 000000005320d580
0x0000000054ecf060:   0000000053bd1800 000000006f6c04e3
0x0000000054ecf070:   0000000054ecf0b0 0000000053bd1800
0x0000000054ecf080:   0000000054ecf140 0000000053bd1800
0x0000000054ecf090:   000000005320d580 0000000053bd1800
0x0000000054ecf0a0:   00000000014531e0 0000000053bd1800
0x0000000054ecf0b0:   000000005320d580 0000000053bd1800
0x0000000054ecf0c0:   000000005320d580 0000000053bd1800
0x0000000054ecf0d0:   0000000000000001 000000005320d580
0x0000000054ecf0e0:   0000000053bd1800 0000000053bd2780
0x0000000054ecf0f0:   0000000053bd1800 000000006f6c19cd
0x0000000054ecf100:   0000000054ecf450 00000000131e69a0
0x0000000054ecf110:   00000000131e69a0 0000000000000543 

Instructions: (pc=0x000000006f813987)
0x000000006f813967:   48 89 6c 24 30 33 ed 66 90 e8 cb 37 08 00 ff c3
0x000000006f813977:   48 63 c8 48 8b c6 48 0f af cf 48 ff c7 48 2b c1
0x000000006f813987:   89 28 48 63 c3 48 3b 05 3d 0d 59 00 7e db 48 8b
0x000000006f813997:   6c 24 30 48 8b 5c 24 38 48 8b 74 24 40 48 83 c4 


Register to memory mapping:

RAX=0x0000000054eca020 is pointing into the stack for thread: 0x0000000053bd1800
RBX=0x0000000000000006 is an unknown value
RCX=0x0000000000005000 is an unknown value
RDX=0x0000000000000006 is an unknown value
RSP=0x0000000054ecf020 is pointing into the stack for thread: 0x0000000053bd1800
RBP=0x0000000000000000 is an unknown value
RSI=0x0000000054ecf020 is pointing into the stack for thread: 0x0000000053bd1800
RDI=0x0000000000000006 is an unknown value
R8 =0x0000000000000006 is an unknown value
R9 =0x0000000053bbeae0 is an unknown value
R10={method} {0x000000005320d588} 'exit' '()V' in 'java/lang/Thread'
R11=0x0000000054dda150 is pointing into the stack for thread: 0x0000000053bd1800
R12=0x0000000053bbeae0 is an unknown value
R13=0x0000000053bd1800 is a thread
R14=0x0000000054ecf0e8 is pointing into the stack for thread: 0x0000000053bd1800
R15={method} {0x000000005320d588} 'exit' '()V' in 'java/lang/Thread'


Stack: [0x0000000054dd0000,0x0000000054ed0000],  sp=0x0000000054ecf020,  free space=1020k
Native frames: (J=compiled Java code, j=interpreted, Vv=VM code, C=native code)


---------------  P R O C E S S  ---------------

Java Threads: ( => current thread )
  0x0000000055554800 JavaThread "Service Thread" daemon [_thread_blocked, id=15488, stack(0x0000000055b70000,0x0000000055c70000)]
  0x00000000554e0800 JavaThread "C1 CompilerThread2" daemon [_thread_blocked, id=9376, stack(0x00000000558e0000,0x00000000559e0000)]
  0x0000000053bdc000 JavaThread "C2 CompilerThread1" daemon [_thread_blocked, id=2080, stack(0x00000000553e0000,0x00000000554e0000)]
  0x0000000053bd9800 JavaThread "C2 CompilerThread0" daemon [_thread_blocked, id=7652, stack(0x0000000055020000,0x0000000055120000)]
  0x0000000053bd5000 JavaThread "Attach Listener" daemon [_thread_blocked, id=14460, stack(0x00000000551d0000,0x00000000552d0000)]
=>0x0000000053bd1800 JavaThread "Signal Dispatcher" daemon [_thread_in_vm, id=14936, stack(0x0000000054dd0000,0x0000000054ed0000)]
  0x0000000053bb9800 JavaThread "Finalizer" daemon [_thread_blocked, id=11664, stack(0x0000000054ee0000,0x0000000054fe0000)]
  0x0000000053b72800 JavaThread "Reference Handler" daemon [_thread_blocked, id=8984, stack(0x0000000054ae0000,0x0000000054be0000)]
  0x0000000000c3f000 JavaThread "main" [_thread_blocked, id=15964, stack(0x0000000001070000,0x0000000001170000)]

Other Threads:
  0x0000000053b6b000 VMThread [stack: 0x0000000054cb0000,0x0000000054db0000] [id=14416]

VM state:synchronizing (normal execution)

VM Mutex/Monitor currently owned by a thread:  ([mutex/lock_event])
[0x0000000000c3cab0] Threads_lock - owner thread: 0x0000000053b6b000

Heap:
 PSYoungGen      total 36864K, used 1904K [0x00000000eab00000, 0x00000000ed400000, 0x0000000100000000)
  eden space 31744K, 6% used [0x00000000eab00000,0x00000000eacdc328,0x00000000eca00000)
  from space 5120K, 0% used [0x00000000ecf00000,0x00000000ecf00000,0x00000000ed400000)
  to   space 5120K, 0% used [0x00000000eca00000,0x00000000eca00000,0x00000000ecf00000)
 ParOldGen       total 84992K, used 0K [0x00000000c0000000, 0x00000000c5300000, 0x00000000eab00000)
  object space 84992K, 0% used [0x00000000c0000000,0x00000000c0000000,0x00000000c5300000)
 Metaspace       used 3194K, capacity 4720K, committed 4864K, reserved 1056768K
  class space    used 355K, capacity 424K, committed 512K, reserved 1048576K

Card table byte_map: [0x0000000010800000,0x0000000010a10000] byte_map_base: 0x0000000010200000

Marking Bits: (ParMarkBitMap*) 0x000000006fe1a6d0
 Begin Bits: [0x0000000010fe0000, 0x0000000011fe0000)
 End Bits:   [0x0000000011fe0000, 0x0000000012fe0000)

Polling page: 0x0000000000310000

CodeCache: size=245760Kb used=1187Kb max_used=1187Kb free=244572Kb
 bounds [0x0000000001440000, 0x00000000016b0000, 0x0000000010440000]
 total_blobs=312 nmethods=73 adapters=152
 compilation: enabled

Compilation events (10 events):
Event: 0.189 Thread 0x00000000554e0800   69       3       java.util.zip.ZStreamRef::address (5 bytes)
Event: 0.190 Thread 0x00000000554e0800 nmethod 69 0x0000000001567bd0 code [0x0000000001567d20, 0x0000000001567e70]
Event: 0.194 Thread 0x00000000554e0800   70       3       sun.nio.cs.SingleByte$Encoder::encode (32 bytes)
Event: 0.194 Thread 0x00000000554e0800 nmethod 70 0x0000000001567ed0 code [0x0000000001568040, 0x0000000001568250]
Event: 0.194 Thread 0x00000000554e0800   71       1       java.nio.Buffer::position (5 bytes)
Event: 0.195 Thread 0x00000000554e0800 nmethod 71 0x0000000001568390 code [0x00000000015684e0, 0x00000000015685f0]
Event: 0.195 Thread 0x00000000554e0800   72       1       java.nio.Buffer::limit (5 bytes)
Event: 0.195 Thread 0x00000000554e0800 nmethod 72 0x0000000001568650 code [0x00000000015687a0, 0x00000000015688b0]
Event: 0.195 Thread 0x00000000554e0800   73       3       java.lang.AbstractStringBuilder::expandCapacity (50 bytes)
Event: 0.195 Thread 0x00000000554e0800 nmethod 73 0x0000000001568910 code [0x0000000001568aa0, 0x0000000001568ff8]

GC Heap History (0 events):
No events

Deoptimization events (0 events):
No events

Internal exceptions (4 events):
Event: 0.040 Thread 0x0000000000c3f000 Exception <a 'java/lang/NoSuchMethodError': Method sun.misc.Unsafe.defineClass(Ljava/lang/String;[BII)Ljava/lang/Class; name or signature does not match> (0x00000000eab07cc0) thrown at [C:\re\workspace\8-2-build-windows-amd64-cygwin\jdk8u101\7261\hotspot\sm—T6‰≤§?
Event: 0.040 Thread 0x0000000000c3f000 Exception <a 'java/lang/NoSuchMethodError': Method sun.misc.Unsafe.prefetchRead(Ljava/lang/Object;J)V name or signature does not match> (0x00000000eab07fa8) thrown at [C:\re\workspace\8-2-build-windows-amd64-cygwin\jdk8u101\7261\hotspot\src\share\vm\prims\Zèﬁz9»?
Event: 0.189 Thread 0x0000000000c3f000 Exception <a 'java/lang/OutOfMemoryError'> (0x00000000eacc0610) thrown at [C:\re\workspace\8-2-build-windows-amd64-cygwin\jdk8u101\7261\hotspot\src\share\vm\prims\jni.cpp, line 735]
Event: 0.189 Thread 0x0000000000c3f000 Exception <a 'java/lang/OutOfMemoryError'> (0x00000000eacc0610) thrown at [C:\re\workspace\8-2-build-windows-amd64-cygwin\jdk8u101\7261\hotspot\src\share\vm\prims\jvm.cpp, line 1390]

Events (10 events):
Event: 0.190 loading class java/lang/Throwable$PrintStreamOrWriter done
Event: 0.190 loading class java/lang/Throwable$WrappedPrintStream done
Event: 0.190 loading class java/util/IdentityHashMap
Event: 0.193 loading class java/util/IdentityHashMap done
Event: 0.193 loading class java/util/IdentityHashMap$KeySet
Event: 0.193 loading class java/util/IdentityHashMap$KeySet done
Event: 0.196 loading class java/lang/Shutdown
Event: 0.196 loading class java/lang/Shutdown done
Event: 0.196 loading class java/lang/Shutdown$Lock
Event: 0.196 loading class java/lang/Shutdown$Lock done


Dynamic libraries:
0x000000013f780000 - 0x000000013f7b7000 	C:\Program Files\Java\jdk1.8.0_101\bin\java.exe
0x0000000076cd0000 - 0x0000000076e7a000 	C:\Windows\SYSTEM32\ntdll.dll
0x0000000076bb0000 - 0x0000000076ccf000 	C:\Windows\system32\kernel32.dll
0x000007fefcd50000 - 0x000007fefcdba000 	C:\Windows\system32\KERNELBASE.dll
0x000007fefce60000 - 0x000007fefcf3b000 	C:\Windows\system32\ADVAPI32.dll
0x000007fefd720000 - 0x000007fefd7bf000 	C:\Windows\system32\msvcrt.dll
0x000007fefd5d0000 - 0x000007fefd5ef000 	C:\Windows\SYSTEM32\sechost.dll
0x000007fefd5f0000 - 0x000007fefd71d000 	C:\Windows\system32\RPCRT4.dll
0x0000000076ab0000 - 0x0000000076baa000 	C:\Windows\system32\USER32.dll
0x000007fefecb0000 - 0x000007fefed17000 	C:\Windows\system32\GDI32.dll
0x000007fefe9c0000 - 0x000007fefe9ce000 	C:\Windows\system32\LPK.dll
0x000007fefcf40000 - 0x000007fefd00a000 	C:\Windows\system32\USP10.dll
0x000007fef9ca0000 - 0x000007fef9e94000 	C:\Windows\WinSxS\amd64_microsoft.windows.common-controls_6595b64144ccf1df_6.0.7601.18837_none_fa3b1e3d17594757\COMCTL32.dll
0x000007fefee50000 - 0x000007fefeec1000 	C:\Windows\system32\SHLWAPI.dll
0x000007fefd360000 - 0x000007fefd38e000 	C:\Windows\system32\IMM32.DLL
0x000007fefeed0000 - 0x000007fefefd9000 	C:\Windows\system32\MSCTF.dll
0x0000000078ae0000 - 0x0000000078bb2000 	C:\Program Files\Java\jdk1.8.0_101\jre\bin\msvcr100.dll
0x000000006f600000 - 0x000000006fe9a000 	C:\Program Files\Java\jdk1.8.0_101\jre\bin\server\jvm.dll
0x000007fef8fc0000 - 0x000007fef8fc9000 	C:\Windows\system32\WSOCK32.dll
0x000007fefed20000 - 0x000007fefed6d000 	C:\Windows\system32\WS2_32.dll
0x000007fefd7c0000 - 0x000007fefd7c8000 	C:\Windows\system32\NSI.dll
0x000007fef96c0000 - 0x000007fef96fb000 	C:\Windows\system32\WINMM.dll
0x000007fefb930000 - 0x000007fefb93c000 	C:\Windows\system32\VERSION.dll
0x0000000076e90000 - 0x0000000076e97000 	C:\Windows\system32\PSAPI.DLL
0x0000000077050000 - 0x000000007705f000 	C:\Program Files\Java\jdk1.8.0_101\jre\bin\verify.dll
0x000000006d6b0000 - 0x000000006d6d9000 	C:\Program Files\Java\jdk1.8.0_101\jre\bin\java.dll
0x0000000077030000 - 0x0000000077046000 	C:\Program Files\Java\jdk1.8.0_101\jre\bin\zip.dll
0x000007fefd870000 - 0x000007fefe5fa000 	C:\Windows\system32\SHELL32.dll
0x000007fefe620000 - 0x000007fefe823000 	C:\Windows\system32\ole32.dll
0x000007fefca00000 - 0x000007fefca0f000 	C:\Windows\system32\profapi.dll

VM Arguments:
jvm_args: -Djava.awt.headless=true -Xmx1024M -Dfile.encoding=windows-1252 -Duser.country=US -Duser.language=en -Duser.variant 
java_command: com.android.dx.command.Main --dex --force-jumbo --num-threads=4 --multi-dex --output C:\Pitonew\Android-Pitonew\app\build\intermediates\transforms\dex\debug\folders\1000\5\slice_1 C:\Pitonew\Android-Pitonew\app\build\intermediates\transforms\instantRunSlicer\debug\folders\1\5\slice_1
java_class_path (initial): C:\Users\jco\AppData\Local\Android\sdk\build-tools\25.0.2\lib\dx.jar
Launcher Type: SUN_STANDARD

Environment Variables:
JAVA_HOME=C:\Program Files\Java\jre1.8.0_111
PATH=C:\ProgramData\Oracle\Java\javapath;C:\Windows\system32;C:\Windows;C:\Windows\System32\Wbem;C:\Windows\System32\WindowsPowerShell\v1.0\;C:\Windows\CCM;C:\Program Files (x86)\WebEx\Productivity Tools;C:\Program Files\Microsoft SQL Server\Client SDK\ODBC\110\Tools\Binn\;C:\Program Files (x86)\Microsoft SQL Server\120\Tools\Binn\;C:\Program Files\Microsoft SQL Server\120\Tools\Binn\;C:\Program Files\Microsoft SQL Server\120\DTS\Binn\;C:\Program Files (x86)\WebEx\PTools020000000;C:\Program Files\TortoiseHg\;C:\RailsInstaller\Git\cmd;C:\RailsInstaller\nodejs\;C:\Program Files (x86)\Heroku\bin;C:\Program Files (x86)\git\cmd;C:\Program Files (x86)\Git\cmd;C:\Program Files (x86)\Brackets\command;C:\Program Files (x86)\nodejs\;C:\Program Files (x86)\Microsoft SQL Server\120\Tools\Binn\ManagementStudio\;C:\Program Files (x86)\Microsoft SQL Server\120\DTS\Binn\;C:\RailsInstaller\Git\cmd;C:\Quality Assurance\jruby-1.7.26\bin;c:\Python27;C:\Program Files\Mercurial;C:\Users\jco\AppData\Roaming\npm;C:\Users\jco\Downloads\apache-maven-3.3.9-bin\apache-maven-3.3.9\bin;C:\Users\jco\AppData\Local\Box\Box Edit\
USERNAME=jco
OS=Windows_NT
PROCESSOR_IDENTIFIER=Intel64 Family 6 Model 61 Stepping 4, GenuineIntel



---------------  S Y S T E M  ---------------

OS: Windows 7 , 64 bit Build 7601 (6.1.7601.23572)

CPU:total 4 (2 cores per cpu, 2 threads per core) family 6 model 61 stepping 4, cmov, cx8, fxsr, mmx, sse, sse2, sse3, ssse3, sse4.1, sse4.2, popcnt, avx, avx2, aes, clmul, erms, 3dnowpref, lzcnt, ht, tsc, tscinvbit, bmi1, bmi2, adx

Memory: 4k page, physical 8077544k(1404048k free), swap 16786680k(2784k free)

vm_info: Java HotSpot(TM) 64-Bit Server VM (25.101-b13) for windows-amd64 JRE (1.8.0_101-b13), built on Jun 22 2016 01:21:29 by "java_re" with MS VC++ 10.0 (VS2010)

time: Mon Mar 27 16:27:23 2017
elapsed time: 0 seconds (0d 0h 0m 0s)

