#
# There is insufficient memory for the Java Runtime Environment to continue.
# Native memory allocation (malloc) failed to allocate 266416 bytes for Chunk::new
# Possible reasons:
#   The system is out of physical RAM or swap space
#   In 32 bit mode, the process size limit was hit
# Possible solutions:
#   Reduce memory load on the system
#   Increase physical memory or swap space
#   Check if swap backing store is full
#   Use 64 bit Java on a 64 bit OS
#   Decrease Java heap size (-Xmx/-Xms)
#   Decrease number of Java threads
#   Decrease Java thread stack sizes (-Xss)
#   Set larger code cache with -XX:ReservedCodeCacheSize=
# This output file may be truncated or incomplete.
#
#  Out of Memory Error (allocation.cpp:390), pid=16496, tid=0x0000000000002f30
#
# JRE version: Java(TM) SE Runtime Environment (8.0_101-b13) (build 1.8.0_101-b13)
# Java VM: Java HotSpot(TM) 64-Bit Server VM (25.101-b13 mixed mode windows-amd64 compressed oops)
# Failed to write core dump. Minidumps are not enabled by default on client versions of Windows
#

---------------  T H R E A D  ---------------

Current thread (0x0000000055037000):  JavaThread "C2 CompilerThread0" daemon [_thread_in_native, id=12080, stack(0x00000000557f0000,0x00000000558f0000)]

Stack: [0x00000000557f0000,0x00000000558f0000]
[error occurred during error reporting (printing stack bounds), id 0xc0000005]

Native frames: (J=compiled Java code, j=interpreted, Vv=VM code, C=native code)


Current CompileTask:
C2:   3919 1285       4       com.android.dx.ssa.SCCP::simulateBranch (666 bytes)


---------------  P R O C E S S  ---------------

Java Threads: ( => current thread )
  0x0000000055429000 JavaThread "pool-2-thread-4" [_thread_blocked, id=14340, stack(0x00000000565d0000,0x00000000566d0000)]
  0x0000000055427800 JavaThread "pool-2-thread-3" [_thread_blocked, id=12472, stack(0x0000000056880000,0x0000000056980000)]
  0x0000000055426800 JavaThread "pool-2-thread-2" [_thread_blocked, id=14860, stack(0x0000000056380000,0x0000000056480000)]
  0x0000000055426000 JavaThread "pool-3-thread-1" [_thread_blocked, id=18192, stack(0x0000000056720000,0x0000000056820000)]
  0x0000000055296800 JavaThread "pool-2-thread-1" [_thread_blocked, id=16676, stack(0x00000000564b0000,0x00000000565b0000)]
  0x000000005508f800 JavaThread "Service Thread" daemon [_thread_blocked, id=12984, stack(0x0000000055530000,0x0000000055630000)]
  0x000000005508a800 JavaThread "C1 CompilerThread2" daemon [_thread_blocked, id=15016, stack(0x00000000558f0000,0x00000000559f0000)]
  0x000000005508a000 JavaThread "C2 CompilerThread1" daemon [_thread_blocked, id=13032, stack(0x0000000054e20000,0x0000000054f20000)]
=>0x0000000055037000 JavaThread "C2 CompilerThread0" daemon [_thread_in_native, id=12080, stack(0x00000000557f0000,0x00000000558f0000)]
  0x0000000055033000 JavaThread "Attach Listener" daemon [_thread_blocked, id=11928, stack(0x0000000055640000,0x0000000055740000)]
  0x0000000055030800 JavaThread "Signal Dispatcher" daemon [_thread_blocked, id=6108, stack(0x0000000055430000,0x0000000055530000)]
  0x0000000053b19000 JavaThread "Finalizer" daemon [_thread_blocked, id=16872, stack(0x0000000054f30000,0x0000000055030000)]
  0x0000000053ad2000 JavaThread "Reference Handler" daemon [_thread_blocked, id=17788, stack(0x0000000054cb0000,0x0000000054db0000)]
  0x0000000000c4f000 JavaThread "main" [_thread_blocked, id=15004, stack(0x0000000000e40000,0x0000000000f40000)]

Other Threads:
  0x0000000053aca800 VMThread [stack: 0x0000000054b60000,0x0000000054c60000] [id=12364]
  0x00000000550a0000 WatcherThread [stack: 0x0000000055a50000,0x0000000055b50000] [id=14892]

VM state:not at safepoint (normal execution)

VM Mutex/Monitor currently owned by a thread: None

Heap:
 PSYoungGen      total 36864K, used 19615K [0x00000000eab00000, 0x00000000ef300000, 0x0000000100000000)
  eden space 31744K, 45% used [0x00000000eab00000,0x00000000eb92a2b8,0x00000000eca00000)
  from space 5120K, 99% used [0x00000000eca00000,0x00000000ecefdb60,0x00000000ecf00000)
  to   space 5120K, 0% used [0x00000000eee00000,0x00000000eee00000,0x00000000ef300000)
 ParOldGen       total 84992K, used 645K [0x00000000c0000000, 0x00000000c5300000, 0x00000000eab00000)
  object space 84992K, 0% used [0x00000000c0000000,0x00000000c00a1608,0x00000000c5300000)
 Metaspace       used 5919K, capacity 6960K, committed 7040K, reserved 1056768K
  class space    used 590K, capacity 616K, committed 640K, reserved 1048576K

Card table byte_map: [0x00000000105d0000,0x00000000107e0000] byte_map_base: 0x000000000ffd0000

Marking Bits: (ParMarkBitMap*) 0x000000006fffa6d0
 Begin Bits: [0x0000000010f40000, 0x0000000011f40000)
 End Bits:   [0x0000000011f40000, 0x0000000012f40000)

Polling page: 0x0000000000410000

CodeCache: size=245760Kb used=5085Kb max_used=5085Kb free=240674Kb
 bounds [0x0000000001210000, 0x0000000001710000, 0x0000000010210000]
 total_blobs=1509 nmethods=1246 adapters=176
 compilation: enabled

Compilation events (10 events):
Event: 3.900 Thread 0x000000005508a800 1284       3       java.util.ArrayList::add (54 bytes)
Event: 3.900 Thread 0x000000005508a800 nmethod 1284 0x0000000001707390 code [0x0000000001707560, 0x0000000001707d38]
Event: 3.900 Thread 0x000000005508a800 1275       3       com.android.dx.cf.code.LocalVariableList$Item::getLocalItem (12 bytes)
Event: 3.901 Thread 0x000000005508a800 nmethod 1275 0x0000000001708110 code [0x0000000001708280, 0x00000000017085f0]
Event: 3.901 Thread 0x000000005508a800 1274       3       com.android.dx.rop.code.RegisterSpecList::getType (12 bytes)
Event: 3.901 Thread 0x000000005508a800 nmethod 1274 0x0000000001708750 code [0x00000000017088e0, 0x0000000001708f18]
Event: 3.901 Thread 0x000000005508a800 1282       3       com.android.dx.ssa.SsaMethod::makeNewGotoBlock (52 bytes)
Event: 3.902 Thread 0x000000005508a800 nmethod 1282 0x0000000001709110 code [0x0000000001709360, 0x000000000170a128]
Event: 3.902 Thread 0x000000005508a800 1283       3       com.android.dx.ssa.SsaMethod::getGoto (26 bytes)
Event: 3.903 Thread 0x000000005508a800 nmethod 1283 0x000000000170a910 code [0x000000000170aac0, 0x000000000170b018]

GC Heap History (2 events):
Event: 1.401 GC heap before
{Heap before GC invocations=1 (full 0):
 PSYoungGen      total 36864K, used 31744K [0x00000000eab00000, 0x00000000ed400000, 0x0000000100000000)
  eden space 31744K, 100% used [0x00000000eab00000,0x00000000eca00000,0x00000000eca00000)
  from space 5120K, 0% used [0x00000000ecf00000,0x00000000ecf00000,0x00000000ed400000)
  to   space 5120K, 0% used [0x00000000eca00000,0x00000000eca00000,0x00000000ecf00000)
 ParOldGen       total 84992K, used 0K [0x00000000c0000000, 0x00000000c5300000, 0x00000000eab00000)
  object space 84992K, 0% used [0x00000000c0000000,0x00000000c0000000,0x00000000c5300000)
 Metaspace       used 5664K, capacity 6704K, committed 6784K, reserved 1056768K
  class space    used 590K, capacity 616K, committed 640K, reserved 1048576K
Event: 1.753 GC heap after
Heap after GC invocations=1 (full 0):
 PSYoungGen      total 36864K, used 5110K [0x00000000eab00000, 0x00000000ef300000, 0x0000000100000000)
  eden space 31744K, 0% used [0x00000000eab00000,0x00000000eab00000,0x00000000eca00000)
  from space 5120K, 99% used [0x00000000eca00000,0x00000000ecefdb60,0x00000000ecf00000)
  to   space 5120K, 0% used [0x00000000eee00000,0x00000000eee00000,0x00000000ef300000)
 ParOldGen       total 84992K, used 645K [0x00000000c0000000, 0x00000000c5300000, 0x00000000eab00000)
  object space 84992K, 0% used [0x00000000c0000000,0x00000000c00a1608,0x00000000c5300000)
 Metaspace       used 5664K, capacity 6704K, committed 6784K, reserved 1056768K
  class space    used 590K, capacity 616K, committed 640K, reserved 1048576K
}

Deoptimization events (6 events):
Event: 0.554 Thread 0x0000000000c4f000 Uncommon trap: reason=unstable_if action=reinterpret pc=0x00000000013683c4 method=java.lang.String.compareTo(Ljava/lang/String;)I @ 38
Event: 1.166 Thread 0x0000000000c4f000 Uncommon trap: reason=unstable_if action=reinterpret pc=0x000000000141136c method=java.util.HashMap.getNode(ILjava/lang/Object;)Ljava/util/HashMap$Node; @ 62
Event: 1.208 Thread 0x0000000000c4f000 Uncommon trap: reason=unstable_if action=reinterpret pc=0x0000000001410da0 method=java.util.BitSet.nextSetBit(I)I @ 87
Event: 1.315 Thread 0x0000000000c4f000 Uncommon trap: reason=unstable_if action=reinterpret pc=0x00000000014315c8 method=java.util.HashMap.getNode(ILjava/lang/Object;)Ljava/util/HashMap$Node; @ 62
Event: 1.935 Thread 0x0000000055426800 Uncommon trap: reason=unstable_if action=reinterpret pc=0x000000000146229c method=com.android.dx.rop.code.RegisterSpecSet.put(Lcom/android/dx/rop/code/RegisterSpec;)V @ 77
Event: 3.156 Thread 0x0000000055427800 Uncommon trap: reason=unstable_if action=reinterpret pc=0x00000000015c6fd4 method=com.android.dx.cf.code.BytecodeArray.parseInstruction(ILcom/android/dx/cf/code/BytecodeArray$Visitor;)I @ 1198

Internal exceptions (2 events):
Event: 0.070 Thread 0x0000000000c4f000 Exception <a 'java/lang/NoSuchMethodError': Method sun.misc.Unsafe.defineClass(Ljava/lang/String;[BII)Ljava/lang/Class; name or signature does not match> (0x00000000eab07cc0) thrown at [C:\re\workspace\8-2-build-windows-amd64-cygwin\jdk8u101\7261\hotspot\s∆0k o·±?
Event: 0.070 Thread 0x0000000000c4f000 Exception <a 'java/lang/NoSuchMethodError': Method sun.misc.Unsafe.prefetchRead(Ljava/lang/Object;J)V name or signature does not match> (0x00000000eab07fa8) thrown at [C:\re\workspace\8-2-build-windows-amd64-cygwin\jdk8u101\7261\hotspot\src\share\vm\prims\

Events (10 events):
Event: 1.400 Executing VM operation: ParallelGCFailedAllocation
Event: 1.753 Executing VM operation: ParallelGCFailedAllocation done
Event: 1.935 Thread 0x0000000055426800 Uncommon trap: trap_request=0xffffff65 fr.pc=0x000000000146229c
Event: 1.935 Thread 0x0000000055426800 DEOPT PACKING pc=0x000000000146229c sp=0x000000005647e9f0
Event: 1.935 Thread 0x0000000055426800 DEOPT UNPACKING pc=0x000000000125582a sp=0x000000005647e988 mode 2
Event: 2.604 Thread 0x0000000055429000 DEOPT PACKING pc=0x0000000001456d23 sp=0x00000000566ce900
Event: 2.604 Thread 0x0000000055429000 DEOPT UNPACKING pc=0x000000000125787f sp=0x00000000566ce658 mode 0
Event: 3.156 Thread 0x0000000055427800 Uncommon trap: trap_request=0xffffff65 fr.pc=0x00000000015c6fd4
Event: 3.156 Thread 0x0000000055427800 DEOPT PACKING pc=0x00000000015c6fd4 sp=0x000000005697eb90
Event: 3.156 Thread 0x0000000055427800 DEOPT UNPACKING pc=0x000000000125582a sp=0x000000005697eb40 mode 2


Dynamic libraries:
0x000000013fd70000 - 0x000000013fda7000 	C:\Program Files\Java\jdk1.8.0_101\bin\java.exe
0x0000000077560000 - 0x000000007770a000 	C:\Windows\SYSTEM32\ntdll.dll
0x0000000077440000 - 0x000000007755f000 	C:\Windows\system32\kernel32.dll
0x000007fefd2d0000 - 0x000007fefd33a000 	C:\Windows\system32\KERNELBASE.dll
0x000007feff0f0000 - 0x000007feff1cb000 	C:\Windows\system32\ADVAPI32.dll
0x000007fefedf0000 - 0x000007fefee8f000 	C:\Windows\system32\msvcrt.dll
0x000007fefed70000 - 0x000007fefed8f000 	C:\Windows\SYSTEM32\sechost.dll
0x000007fefe9b0000 - 0x000007fefeadd000 	C:\Windows\system32\RPCRT4.dll
0x0000000077340000 - 0x000000007743a000 	C:\Windows\system32\USER32.dll
0x000007feff800000 - 0x000007feff867000 	C:\Windows\system32\GDI32.dll
0x000007feff4b0000 - 0x000007feff4be000 	C:\Windows\system32\LPK.dll
0x000007fefee90000 - 0x000007fefef5a000 	C:\Windows\system32\USP10.dll
0x000007fefa8a0000 - 0x000007fefaa94000 	C:\Windows\WinSxS\amd64_microsoft.windows.common-controls_6595b64144ccf1df_6.0.7601.18837_none_fa3b1e3d17594757\COMCTL32.dll
0x000007feff4d0000 - 0x000007feff541000 	C:\Windows\system32\SHLWAPI.dll
0x000007feff7d0000 - 0x000007feff7fe000 	C:\Windows\system32\IMM32.DLL
0x000007fefec60000 - 0x000007fefed69000 	C:\Windows\system32\MSCTF.dll
0x0000000078dc0000 - 0x0000000078e92000 	C:\Program Files\Java\jdk1.8.0_101\jre\bin\msvcr100.dll
0x000000006f7e0000 - 0x000000007007a000 	C:\Program Files\Java\jdk1.8.0_101\jre\bin\server\jvm.dll
0x000007fef9b50000 - 0x000007fef9b59000 	C:\Windows\system32\WSOCK32.dll
0x000007feff550000 - 0x000007feff59d000 	C:\Windows\system32\WS2_32.dll
0x000007feff4c0000 - 0x000007feff4c8000 	C:\Windows\system32\NSI.dll
0x000007fefa230000 - 0x000007fefa26b000 	C:\Windows\system32\WINMM.dll
0x000007fefc1c0000 - 0x000007fefc1cc000 	C:\Windows\system32\VERSION.dll
0x0000000077720000 - 0x0000000077727000 	C:\Windows\system32\PSAPI.DLL
0x0000000074c70000 - 0x0000000074c7f000 	C:\Program Files\Java\jdk1.8.0_101\jre\bin\verify.dll
0x0000000074b80000 - 0x0000000074ba9000 	C:\Program Files\Java\jdk1.8.0_101\jre\bin\java.dll
0x0000000074b60000 - 0x0000000074b76000 	C:\Program Files\Java\jdk1.8.0_101\jre\bin\zip.dll
0x000007fefdc20000 - 0x000007fefe9aa000 	C:\Windows\system32\SHELL32.dll
0x000007feff5c0000 - 0x000007feff7c3000 	C:\Windows\system32\ole32.dll
0x000007fefd290000 - 0x000007fefd29f000 	C:\Windows\system32\profapi.dll

VM Arguments:
jvm_args: -Djava.awt.headless=true -Xmx1024M -Dfile.encoding=windows-1252 -Duser.country=US -Duser.language=en -Duser.variant 
java_command: com.android.dx.command.Main --dex --num-threads=4 --multi-dex --output C:\Pitonew\Android-Pitonew\app\build\intermediates\transforms\dex\debug\folders\1000\10\com.android.support-support-compat-24.2.1_933635b9c04e8ecea9499d5df72af741c04aa01b C:\Pitonew\Android-Pitonew\app\build\intermediates\exploded-aar\com.android.support\support-compat\24.2.1\jars\classes.jar
java_class_path (initial): C:\Users\jco\AppData\Local\Android\sdk\build-tools\24.0.2\lib\dx.jar
Launcher Type: SUN_STANDARD

Environment Variables:
JAVA_HOME=C:\Program Files\Java\jre1.8.0_111
PATH=C:\ProgramData\Oracle\Java\javapath;C:\Windows\system32;C:\Windows;C:\Windows\System32\Wbem;C:\Windows\System32\WindowsPowerShell\v1.0\;C:\Windows\CCM;C:\Program Files (x86)\WebEx\Productivity Tools;C:\Program Files\Microsoft SQL Server\Client SDK\ODBC\110\Tools\Binn\;C:\Program Files (x86)\Microsoft SQL Server\120\Tools\Binn\;C:\Program Files\Microsoft SQL Server\120\Tools\Binn\;C:\Program Files\Microsoft SQL Server\120\DTS\Binn\;C:\Program Files (x86)\WebEx\PTools020000000;C:\Program Files\TortoiseHg\;C:\RailsInstaller\Git\cmd;C:\RailsInstaller\nodejs\;C:\Program Files (x86)\Heroku\bin;C:\Program Files (x86)\git\cmd;C:\Program Files (x86)\Git\cmd;C:\Program Files (x86)\Brackets\command;C:\Program Files (x86)\nodejs\;C:\Program Files (x86)\Microsoft SQL Server\120\Tools\Binn\ManagementStudio\;C:\Program Files (x86)\Microsoft SQL Server\120\DTS\Binn\;C:\RailsInstaller\Git\cmd;C:\Quality Assurance\jruby-1.7.26\bin;c:\Python27;C:\Program Files\Mercurial;C:\Users\jco\AppData\Roaming\npm;C:\Users\jco\Downloads\apache-maven-3.3.9-bin\apache-maven-3.3.9\bin;C:\Users\jco\AppData\Local\Box\Box Edit\
USERNAME=jco
OS=Windows_NT
PROCESSOR_IDENTIFIER=Intel64 Family 6 Model 61 Stepping 4, GenuineIntel



---------------  S Y S T E M  ---------------

OS: Windows 7 , 64 bit Build 7601 (6.1.7601.23572)

CPU:total 4 (2 cores per cpu, 2 threads per core) family 6 model 61 stepping 4, cmov, cx8, fxsr, mmx, sse, sse2, sse3, ssse3, sse4.1, sse4.2, popcnt, avx, avx2, aes, clmul, erms, 3dnowpref, lzcnt, ht, tsc, tscinvbit, bmi1, bmi2, adx

Memory: 4k page, physical 8077544k(1047216k free), swap 17870484k(5560k free)

vm_info: Java HotSpot(TM) 64-Bit Server VM (25.101-b13) for windows-amd64 JRE (1.8.0_101-b13), built on Jun 22 2016 01:21:29 by "java_re" with MS VC++ 10.0 (VS2010)

time: Tue Mar 07 16:52:20 2017
elapsed time: 3 seconds (0d 0h 0m 3s)

