#
# There is insufficient memory for the Java Runtime Environment to continue.
# Native memory allocation (malloc) failed to allocate 440416 bytes for Chunk::new
# Possible reasons:
#   The system is out of physical RAM or swap space
#   In 32 bit mode, the process size limit was hit
# Possible solutions:
#   Reduce memory load on the system
#   Increase physical memory or swap space
#   Check if swap backing store is full
#   Use 64 bit Java on a 64 bit OS
#   Decrease Java heap size (-Xmx/-Xms)
#   Decrease number of Java threads
#   Decrease Java thread stack sizes (-Xss)
#   Set larger code cache with -XX:ReservedCodeCacheSize=
# This output file may be truncated or incomplete.
#
#  Out of Memory Error (allocation.cpp:390), pid=6264, tid=0x0000000000003b94
#
# JRE version: Java(TM) SE Runtime Environment (8.0_101-b13) (build 1.8.0_101-b13)
# Java VM: Java HotSpot(TM) 64-Bit Server VM (25.101-b13 mixed mode windows-amd64 compressed oops)
# Failed to write core dump. Minidumps are not enabled by default on client versions of Windows
#

---------------  T H R E A D  ---------------

Current thread (0x0000000053f39800):  JavaThread "C2 CompilerThread0" daemon [_thread_in_native, id=15252, stack(0x0000000054da0000,0x0000000054ea0000)]

Stack: [0x0000000054da0000,0x0000000054ea0000]
[error occurred during error reporting (printing stack bounds), id 0xc0000005]

Native frames: (J=compiled Java code, j=interpreted, Vv=VM code, C=native code)


Current CompileTask:
C2:   5446 1273       4       com.android.dx.ssa.SCCP::simulatePhi (169 bytes)


---------------  P R O C E S S  ---------------

Java Threads: ( => current thread )
  0x0000000055abc000 JavaThread "pool-1-thread-1" [_thread_new, id=17324, stack(0x0000000000000000,0x0000000000000000)]
  0x0000000055968800 JavaThread "Service Thread" daemon [_thread_blocked, id=15776, stack(0x0000000055d60000,0x0000000055e60000)]
  0x0000000053f3c800 JavaThread "C1 CompilerThread2" daemon [_thread_blocked, id=17320, stack(0x0000000055860000,0x0000000055960000)]
  0x0000000053f3b800 JavaThread "C2 CompilerThread1" daemon [_thread_in_native, id=5144, stack(0x00000000556c0000,0x00000000557c0000)]
=>0x0000000053f39800 JavaThread "C2 CompilerThread0" daemon [_thread_in_native, id=15252, stack(0x0000000054da0000,0x0000000054ea0000)]
  0x0000000053f35000 JavaThread "Attach Listener" daemon [_thread_blocked, id=12836, stack(0x00000000554f0000,0x00000000555f0000)]
  0x0000000053f31800 JavaThread "Signal Dispatcher" daemon [_thread_blocked, id=1048, stack(0x0000000055310000,0x0000000055410000)]
  0x0000000053f19800 JavaThread "Finalizer" daemon [_thread_blocked, id=14092, stack(0x0000000055200000,0x0000000055300000)]
  0x0000000053ed2800 JavaThread "Reference Handler" daemon [_thread_blocked, id=8232, stack(0x00000000550e0000,0x00000000551e0000)]
  0x0000000000f3f000 JavaThread "main" [_thread_blocked, id=13156, stack(0x00000000011a0000,0x00000000012a0000)]

Other Threads:
  0x0000000053ecb000 VMThread [stack: 0x0000000054ee0000,0x0000000054fe0000] [id=17404]
  0x00000000559f5800 WatcherThread [stack: 0x0000000055f50000,0x0000000056050000] [id=14960]

VM state:not at safepoint (normal execution)

VM Mutex/Monitor currently owned by a thread: None

Heap:
 PSYoungGen      total 36864K, used 29473K [0x00000000eab00000, 0x00000000ef300000, 0x0000000100000000)
  eden space 31744K, 76% used [0x00000000eab00000,0x00000000ec2cd600,0x00000000eca00000)
  from space 5120K, 99% used [0x00000000eca00000,0x00000000ecefb120,0x00000000ecf00000)
  to   space 5120K, 0% used [0x00000000eee00000,0x00000000eee00000,0x00000000ef300000)
 ParOldGen       total 84992K, used 2384K [0x00000000c0000000, 0x00000000c5300000, 0x00000000eab00000)
  object space 84992K, 2% used [0x00000000c0000000,0x00000000c02541b0,0x00000000c5300000)
 Metaspace       used 5751K, capacity 6896K, committed 7040K, reserved 1056768K
  class space    used 581K, capacity 616K, committed 640K, reserved 1048576K

Card table byte_map: [0x0000000010930000,0x0000000010b40000] byte_map_base: 0x0000000010330000

Marking Bits: (ParMarkBitMap*) 0x000000007023a6d0
 Begin Bits: [0x0000000011340000, 0x0000000012340000)
 End Bits:   [0x0000000012340000, 0x0000000013340000)

Polling page: 0x0000000000110000

CodeCache: size=245760Kb used=5191Kb max_used=5206Kb free=240568Kb
 bounds [0x0000000001570000, 0x0000000001a90000, 0x0000000010570000]
 total_blobs=1567 nmethods=1305 adapters=175
 compilation: enabled

Compilation events (10 events):
Event: 5.333 Thread 0x0000000053f39800 

Event: 5.333 Thread 0x0000000053f39800 1292       4       com.android.dx.ssa.NormalSsaInsn::accept (25 bytes)
Event: 5.344 Thread 0x0000000053f3c800 1319       2       java.util.concurrent.locks.AbstractQueuedSynchronizer::setState (6 bytes)
Event: 5.344 Thread 0x0000000053f3c800 nmethod 1319 0x0000000001a845d0 code [0x0000000001a84720, 0x0000000001a84870]
Event: 5.344 Thread 0x0000000053f3c800 1320       1       java.util.HashMap::size (5 bytes)
Event: 5.344 Thread 0x0000000053f3c800 nmethod 1320 0x0000000001a84310 code [0x0000000001a84460, 0x0000000001a84570]
Event: 5.361 Thread 0x0000000053f39800 nmethod 1292 0x0000000001a848d0 code [0x0000000001a84b20, 0x0000000001a85a00]
Event: 5.361 Thread 0x0000000053f39800 1309       4       com.android.dx.rop.code.InsnList::contentEquals (54 bytes)
Event: 5.387 Thread 0x0000000053f39800 nmethod 1309 0x0000000001a87310 code [0x0000000001a87500, 0x0000000001a88450]
Event: 5.387 Thread 0x0000000053f39800 1273       4       com.android.dx.ssa.SCCP::simulatePhi (169 bytes)

GC Heap History (2 events):
Event: 4.563 GC heap before
{Heap before GC invocations=1 (full 0):
 PSYoungGen      total 36864K, used 31744K [0x00000000eab00000, 0x00000000ed400000, 0x0000000100000000)
  eden space 31744K, 100% used [0x00000000eab00000,0x00000000eca00000,0x00000000eca00000)
  from space 5120K, 0% used [0x00000000ecf00000,0x00000000ecf00000,0x00000000ed400000)
  to   space 5120K, 0% used [0x00000000eca00000,0x00000000eca00000,0x00000000ecf00000)
 ParOldGen       total 84992K, used 0K [0x00000000c0000000, 0x00000000c5300000, 0x00000000eab00000)
  object space 84992K, 0% used [0x00000000c0000000,0x00000000c0000000,0x00000000c5300000)
 Metaspace       used 5691K, capacity 6832K, committed 7040K, reserved 1056768K
  class space    used 576K, capacity 616K, committed 640K, reserved 1048576K
Event: 4.735 GC heap after
Heap after GC invocations=1 (full 0):
 PSYoungGen      total 36864K, used 5100K [0x00000000eab00000, 0x00000000ef300000, 0x0000000100000000)
  eden space 31744K, 0% used [0x00000000eab00000,0x00000000eab00000,0x00000000eca00000)
  from space 5120K, 99% used [0x00000000eca00000,0x00000000ecefb120,0x00000000ecf00000)
  to   space 5120K, 0% used [0x00000000eee00000,0x00000000eee00000,0x00000000ef300000)
 ParOldGen       total 84992K, used 2384K [0x00000000c0000000, 0x00000000c5300000, 0x00000000eab00000)
  object space 84992K, 2% used [0x00000000c0000000,0x00000000c02541b0,0x00000000c5300000)
 Metaspace       used 5691K, capacity 6832K, committed 7040K, reserved 1056768K
  class space    used 576K, capacity 616K, committed 640K, reserved 1048576K
}

Deoptimization events (10 events):
Event: 3.847 Thread 0x0000000055b5f800 Uncommon trap: reason=unstable_if action=reinterpret pc=0x0000000001830e3c method=com.android.dx.rop.code.RegisterSpec.equals(ILcom/android/dx/rop/type/TypeBearer;Lcom/android/dx/rop/code/LocalItem;)Z @ 24
Event: 3.852 Thread 0x0000000055b5f800 Uncommon trap: reason=unloaded action=reinterpret pc=0x00000000017e9bfc method=com.android.dx.ssa.SsaRenamer$BlockRenamer.visitMoveInsn(Lcom/android/dx/ssa/NormalSsaInsn;)V @ 208
Event: 3.856 Thread 0x0000000055b5f800 Uncommon trap: reason=unstable_if action=reinterpret pc=0x0000000001949290 method=com.android.dx.util.IntList.binarysearch(I)I @ 26
Event: 3.878 Thread 0x0000000055b5f800 Uncommon trap: reason=unstable_if action=reinterpret pc=0x00000000017a4e38 method=com.android.dx.rop.code.RegisterSpec.equals(ILcom/android/dx/rop/type/TypeBearer;Lcom/android/dx/rop/code/LocalItem;)Z @ 24
Event: 4.317 Thread 0x0000000055b17000 Uncommon trap: reason=null_check action=make_not_entrant pc=0x0000000001830768 method=com.android.dx.rop.type.Type.equals(Ljava/lang/Object;)Z @ 8
Event: 5.257 Thread 0x0000000055b5f800 Uncommon trap: reason=unstable_if action=reinterpret pc=0x0000000001781c64 method=java.util.BitSet.ensureCapacity(I)V @ 6
Event: 5.257 Thread 0x0000000055b5f800 Uncommon trap: reason=class_check action=maybe_recompile pc=0x00000000019c14b8 method=com.android.dx.ssa.NormalSsaInsn.accept(Lcom/android/dx/ssa/SsaInsn$Visitor;)V @ 9
Event: 5.257 Thread 0x0000000055b5f800 Uncommon trap: reason=class_check action=maybe_recompile pc=0x00000000019c14b8 method=com.android.dx.ssa.NormalSsaInsn.accept(Lcom/android/dx/ssa/SsaInsn$Visitor;)V @ 9
Event: 5.259 Thread 0x0000000055b5f800 Uncommon trap: reason=class_check action=maybe_recompile pc=0x00000000019c14b8 method=com.android.dx.ssa.NormalSsaInsn.accept(Lcom/android/dx/ssa/SsaInsn$Visitor;)V @ 9
Event: 5.259 Thread 0x0000000055b5f800 Uncommon trap: reason=class_check action=maybe_recompile pc=0x00000000019c14b8 method=com.android.dx.ssa.NormalSsaInsn.accept(Lcom/android/dx/ssa/SsaInsn$Visitor;)V @ 9

Internal exceptions (3 events):
Event: 0.123 Thread 0x0000000000f3f000 Exception <a 'java/lang/NoSuchMethodError': Method sun.misc.Unsafe.defineClass(Ljava/lang/String;[BII)Ljava/lang/Class; name or signature does not match> (0x00000000eab07cc0) thrown at [C:\re\workspace\8-2-build-windows-amd64-cygwin\jdk8u101\7261\hotspot\sD¡˝ç:vø?
Event: 0.123 Thread 0x0000000000f3f000 Exception <a 'java/lang/NoSuchMethodError': Method sun.misc.Unsafe.prefetchRead(Ljava/lang/Object;J)V name or signature does not match> (0x00000000eab07fa8) thrown at [C:\re\workspace\8-2-build-windows-amd64-cygwin\jdk8u101\7261\hotspot\src\share\vm\prims\∞ÈÉ≠9D@
Event: 4.317 Thread 0x0000000055b17000 Implicit null exception at 0x0000000001830652 to 0x0000000001830759

Events (10 events):
Event: 5.259 Thread 0x0000000055b5f800 DEOPT PACKING pc=0x00000000019c14b8 sp=0x000000005667e9b0
Event: 5.259 Thread 0x0000000055b5f800 DEOPT UNPACKING pc=0x00000000015b582a sp=0x000000005667e9c0 mode 2
Event: 5.259 Thread 0x0000000055b5f800 Uncommon trap: trap_request=0xffffffde fr.pc=0x00000000019c14b8
Event: 5.259 Thread 0x0000000055b5f800 DEOPT PACKING pc=0x00000000019c14b8 sp=0x000000005667e9b0
Event: 5.259 Thread 0x0000000055b5f800 DEOPT UNPACKING pc=0x00000000015b582a sp=0x000000005667e9c0 mode 2
Event: 5.327 Thread 0x0000000055b5f800 Thread exited: 0x0000000055b5f800
Event: 5.343 Thread 0x0000000055abc000 Thread exited: 0x0000000055abc000
Event: 5.344 loading class com/android/dx/command/dexer/Main$DexWriter
Event: 5.344 loading class com/android/dx/command/dexer/Main$DexWriter done
Event: 5.345 Thread 0x0000000055abc000 Thread added: 0x0000000055abc000


Dynamic libraries:
0x000000013fa50000 - 0x000000013fa87000 	C:\Program Files\Java\jdk1.8.0_101\bin\java.exe
0x0000000077560000 - 0x000000007770a000 	C:\Windows\SYSTEM32\ntdll.dll
0x0000000077440000 - 0x000000007755f000 	C:\Windows\system32\kernel32.dll
0x000007fefd510000 - 0x000007fefd57a000 	C:\Windows\system32\KERNELBASE.dll
0x000007fefec10000 - 0x000007fefeceb000 	C:\Windows\system32\ADVAPI32.dll
0x000007fefed60000 - 0x000007fefedff000 	C:\Windows\system32\msvcrt.dll
0x000007feff6d0000 - 0x000007feff6ef000 	C:\Windows\SYSTEM32\sechost.dll
0x000007fefead0000 - 0x000007fefebfd000 	C:\Windows\system32\RPCRT4.dll
0x0000000077340000 - 0x000000007743a000 	C:\Windows\system32\USER32.dll
0x000007fefd760000 - 0x000007fefd7c7000 	C:\Windows\system32\GDI32.dll
0x000007fefec00000 - 0x000007fefec0e000 	C:\Windows\system32\LPK.dll
0x000007feff700000 - 0x000007feff7ca000 	C:\Windows\system32\USP10.dll
0x000007fefa5e0000 - 0x000007fefa7d4000 	C:\Windows\WinSxS\amd64_microsoft.windows.common-controls_6595b64144ccf1df_6.0.7601.18837_none_fa3b1e3d17594757\COMCTL32.dll
0x000007fefea50000 - 0x000007fefeac1000 	C:\Windows\system32\SHLWAPI.dll
0x000007fefea20000 - 0x000007fefea4e000 	C:\Windows\system32\IMM32.DLL
0x000007fefd650000 - 0x000007fefd759000 	C:\Windows\system32\MSCTF.dll
0x0000000078eb0000 - 0x0000000078f82000 	C:\Program Files\Java\jdk1.8.0_101\jre\bin\msvcr100.dll
0x000000006fa20000 - 0x00000000702ba000 	C:\Program Files\Java\jdk1.8.0_101\jre\bin\server\jvm.dll
0x000007fef9860000 - 0x000007fef9869000 	C:\Windows\system32\WSOCK32.dll
0x000007fefecf0000 - 0x000007fefed3d000 	C:\Windows\system32\WS2_32.dll
0x000007feff6f0000 - 0x000007feff6f8000 	C:\Windows\system32\NSI.dll
0x000007fef9de0000 - 0x000007fef9e1b000 	C:\Windows\system32\WINMM.dll
0x000007fefc1c0000 - 0x000007fefc1cc000 	C:\Windows\system32\VERSION.dll
0x0000000077730000 - 0x0000000077737000 	C:\Windows\system32\PSAPI.DLL
0x00000000567f0000 - 0x00000000567ff000 	C:\Program Files\Java\jdk1.8.0_101\jre\bin\verify.dll
0x000000006d480000 - 0x000000006d4a9000 	C:\Program Files\Java\jdk1.8.0_101\jre\bin\java.dll
0x0000000000240000 - 0x0000000000256000 	C:\Program Files\Java\jdk1.8.0_101\jre\bin\zip.dll
0x000007fefdc90000 - 0x000007fefea1a000 	C:\Windows\system32\SHELL32.dll
0x000007fefeea0000 - 0x000007feff0a3000 	C:\Windows\system32\ole32.dll
0x000007fefd290000 - 0x000007fefd29f000 	C:\Windows\system32\profapi.dll

VM Arguments:
jvm_args: -Djava.awt.headless=true -Xmx1024M -Dfile.encoding=windows-1252 -Duser.country=US -Duser.language=en -Duser.variant 
java_command: com.android.dx.command.Main --dex --force-jumbo --num-threads=4 --multi-dex --output C:\Pitonew\Android-Pitonew\app\build\intermediates\transforms\dex\debug\folders\1000\5\slice_8 C:\Pitonew\Android-Pitonew\app\build\intermediates\transforms\instantRunSlicer\debug\folders\1\5\slice_8
java_class_path (initial): C:\Users\jco\AppData\Local\Android\sdk\build-tools\25.0.2\lib\dx.jar
Launcher Type: SUN_STANDARD

Environment Variables:
JAVA_HOME=C:\Program Files\Java\jre1.8.0_111
PATH=C:\ProgramData\Oracle\Java\javapath;C:\Windows\system32;C:\Windows;C:\Windows\System32\Wbem;C:\Windows\System32\WindowsPowerShell\v1.0\;C:\Windows\CCM;C:\Program Files (x86)\WebEx\Productivity Tools;C:\Program Files\Microsoft SQL Server\Client SDK\ODBC\110\Tools\Binn\;C:\Program Files (x86)\Microsoft SQL Server\120\Tools\Binn\;C:\Program Files\Microsoft SQL Server\120\Tools\Binn\;C:\Program Files\Microsoft SQL Server\120\DTS\Binn\;C:\Program Files (x86)\WebEx\PTools020000000;C:\Program Files\TortoiseHg\;C:\RailsInstaller\Git\cmd;C:\RailsInstaller\nodejs\;C:\Program Files (x86)\Heroku\bin;C:\Program Files (x86)\git\cmd;C:\Program Files (x86)\Git\cmd;C:\Program Files (x86)\Brackets\command;C:\Program Files (x86)\nodejs\;C:\Program Files (x86)\Microsoft SQL Server\120\Tools\Binn\ManagementStudio\;C:\Program Files (x86)\Microsoft SQL Server\120\DTS\Binn\;C:\RailsInstaller\Git\cmd;C:\Quality Assurance\jruby-1.7.26\bin;c:\Python27;C:\Program Files\Mercurial;C:\Users\jco\AppData\Roaming\npm;C:\Users\jco\Downloads\apache-maven-3.3.9-bin\apache-maven-3.3.9\bin;C:\Users\jco\AppData\Local\Box\Box Edit\
USERNAME=jco
OS=Windows_NT
PROCESSOR_IDENTIFIER=Intel64 Family 6 Model 61 Stepping 4, GenuineIntel



---------------  S Y S T E M  ---------------

OS: Windows 7 , 64 bit Build 7601 (6.1.7601.23572)

CPU:total 4 (2 cores per cpu, 2 threads per core) family 6 model 61 stepping 4, cmov, cx8, fxsr, mmx, sse, sse2, sse3, ssse3, sse4.1, sse4.2, popcnt, avx, avx2, aes, clmul, erms, 3dnowpref, lzcnt, ht, tsc, tscinvbit, bmi1, bmi2, adx

Memory: 4k page, physical 8077544k(596040k free), swap 18231708k(4268k free)

vm_info: Java HotSpot(TM) 64-Bit Server VM (25.101-b13) for windows-amd64 JRE (1.8.0_101-b13), built on Jun 22 2016 01:21:29 by "java_re" with MS VC++ 10.0 (VS2010)

time: Mon Mar 13 18:57:40 2017
elapsed time: 5 seconds (0d 0h 0m 5s)

