#
# There is insufficient memory for the Java Runtime Environment to continue.
# Native memory allocation (malloc) failed to allocate 70576 bytes for Chunk::new
# Possible reasons:
#   The system is out of physical RAM or swap space
#   In 32 bit mode, the process size limit was hit
# Possible solutions:
#   Reduce memory load on the system
#   Increase physical memory or swap space
#   Check if swap backing store is full
#   Use 64 bit Java on a 64 bit OS
#   Decrease Java heap size (-Xmx/-Xms)
#   Decrease number of Java threads
#   Decrease Java thread stack sizes (-Xss)
#   Set larger code cache with -XX:ReservedCodeCacheSize=
# This output file may be truncated or incomplete.
#
#  Out of Memory Error (allocation.cpp:390), pid=7076, tid=0x0000000000004620
#
# JRE version: Java(TM) SE Runtime Environment (8.0_101-b13) (build 1.8.0_101-b13)
# Java VM: Java HotSpot(TM) 64-Bit Server VM (25.101-b13 mixed mode windows-amd64 compressed oops)
# Failed to write core dump. Minidumps are not enabled by default on client versions of Windows
#

---------------  T H R E A D  ---------------

Current thread (0x0000000053d4a000):  JavaThread "C2 CompilerThread0" daemon [_thread_in_native, id=17952, stack(0x0000000054f90000,0x0000000055090000)]

Stack: [0x0000000054f90000,0x0000000055090000]
[error occurred during error reporting (printing stack bounds), id 0xc0000005]

Native frames: (J=compiled Java code, j=interpreted, Vv=VM code, C=native code)


Current CompileTask:
C2:  23373 1888   !   4       com.android.dx.cf.direct.AttributeFactory::parse (248 bytes)


---------------  P R O C E S S  ---------------

Java Threads: ( => current thread )
  0x0000000055926800 JavaThread "pool-2-thread-4" [_thread_blocked, id=8736, stack(0x0000000055a60000,0x0000000055b60000)]
  0x00000000558dc000 JavaThread "pool-2-thread-3" [_thread_blocked, id=17512, stack(0x0000000056420000,0x0000000056520000)]
  0x00000000558da000 JavaThread "pool-2-thread-2" [_thread_blocked, id=3972, stack(0x0000000056270000,0x0000000056370000)]
  0x00000000558d9800 JavaThread "pool-3-thread-1" [_thread_blocked, id=5360, stack(0x0000000056100000,0x0000000056200000)]
  0x00000000558d6800 JavaThread "pool-2-thread-1" [_thread_blocked, id=16236, stack(0x0000000055f80000,0x0000000056080000)]
  0x0000000055697000 JavaThread "Service Thread" daemon [_thread_blocked, id=16776, stack(0x0000000055bc0000,0x0000000055cc0000)]
  0x0000000053d4d000 JavaThread "C1 CompilerThread2" daemon [_thread_blocked, id=9572, stack(0x0000000055530000,0x0000000055630000)]
  0x0000000053d4c000 JavaThread "C2 CompilerThread1" daemon [_thread_blocked, id=13600, stack(0x00000000553f0000,0x00000000554f0000)]
=>0x0000000053d4a000 JavaThread "C2 CompilerThread0" daemon [_thread_in_native, id=17952, stack(0x0000000054f90000,0x0000000055090000)]
  0x0000000053d45800 JavaThread "Attach Listener" daemon [_thread_blocked, id=8708, stack(0x0000000055230000,0x0000000055330000)]
  0x0000000053d42800 JavaThread "Signal Dispatcher" daemon [_thread_blocked, id=3772, stack(0x00000000550b0000,0x00000000551b0000)]
  0x0000000053d29000 JavaThread "Finalizer" daemon [_thread_blocked, id=8652, stack(0x0000000054e40000,0x0000000054f40000)]
  0x0000000053ce2000 JavaThread "Reference Handler" daemon [_thread_blocked, id=7932, stack(0x0000000054c80000,0x0000000054d80000)]
  0x0000000000e5f000 JavaThread "main" [_thread_blocked, id=8568, stack(0x0000000001050000,0x0000000001150000)]

Other Threads:
  0x0000000053cda800 VMThread [stack: 0x0000000054b40000,0x0000000054c40000] [id=11768]
  0x00000000556a7800 WatcherThread [stack: 0x0000000055d90000,0x0000000055e90000] [id=17584]

VM state:not at safepoint (normal execution)

VM Mutex/Monitor currently owned by a thread: None

Heap:
 PSYoungGen      total 68608K, used 20349K [0x00000000eab00000, 0x00000000f3100000, 0x0000000100000000)
  eden space 63488K, 24% used [0x00000000eab00000,0x00000000eb9e5280,0x00000000ee900000)
  from space 5120K, 99% used [0x00000000ee900000,0x00000000eedfa3f8,0x00000000eee00000)
  to   space 5120K, 0% used [0x00000000f2c00000,0x00000000f2c00000,0x00000000f3100000)
 ParOldGen       total 84992K, used 13949K [0x00000000c0000000, 0x00000000c5300000, 0x00000000eab00000)
  object space 84992K, 16% used [0x00000000c0000000,0x00000000c0d9f4d8,0x00000000c5300000)
 Metaspace       used 6123K, capacity 7152K, committed 7296K, reserved 1056768K
  class space    used 592K, capacity 616K, committed 640K, reserved 1048576K

Card table byte_map: [0x00000000107e0000,0x00000000109f0000] byte_map_base: 0x00000000101e0000

Marking Bits: (ParMarkBitMap*) 0x000000006fffa6d0
 Begin Bits: [0x0000000011150000, 0x0000000012150000)
 End Bits:   [0x0000000012150000, 0x0000000013150000)

Polling page: 0x0000000000110000

CodeCache: size=245760Kb used=9474Kb max_used=9475Kb free=236285Kb
 bounds [0x0000000001420000, 0x0000000001d80000, 0x0000000010420000]
 total_blobs=2110 nmethods=1847 adapters=176
 compilation: enabled

Compilation events (10 events):
Event: 23.045 Thread 0x0000000053d4d000 nmethod 1882 0x0000000001580d90 code [0x0000000001580f00, 0x0000000001581230]
Event: 23.045 Thread 0x0000000053d4d000 1883   !   3       java.util.zip.Inflater::reset (69 bytes)
Event: 23.045 Thread 0x0000000053d4d000 nmethod 1883 0x0000000001d5d3d0 code [0x0000000001d5d560, 0x0000000001d5d9b8]
Event: 23.047 Thread 0x0000000053d4d000 1885       3       java.util.ArrayDeque::add (7 bytes)
Event: 23.047 Thread 0x0000000053d4d000 nmethod 1885 0x0000000001d5d010 code [0x0000000001d5d180, 0x0000000001d5d328]
Event: 23.047 Thread 0x0000000053d4d000 1886       3       java.util.ArrayDeque::addLast (53 bytes)
Event: 23.048 Thread 0x0000000053d4d000 nmethod 1886 0x0000000001cf4b90 code [0x0000000001cf4d20, 0x0000000001cf5118]
Event: 23.360 Thread 0x0000000053d4d000 1887   !   3       java.util.zip.Inflater::setInput (74 bytes)
Event: 23.361 Thread 0x0000000053d4d000 nmethod 1887 0x0000000001cf4290 code [0x0000000001cf4420, 0x0000000001cf4978]
Event: 23.362 Thread 0x0000000053d4a000 1888   !   4       com.android.dx.cf.direct.AttributeFactory::parse (248 bytes)

GC Heap History (6 events):
Event: 3.716 GC heap before
{Heap before GC invocations=1 (full 0):
 PSYoungGen      total 36864K, used 31744K [0x00000000eab00000, 0x00000000ed400000, 0x0000000100000000)
  eden space 31744K, 100% used [0x00000000eab00000,0x00000000eca00000,0x00000000eca00000)
  from space 5120K, 0% used [0x00000000ecf00000,0x00000000ecf00000,0x00000000ed400000)
  to   space 5120K, 0% used [0x00000000eca00000,0x00000000eca00000,0x00000000ecf00000)
 ParOldGen       total 84992K, used 0K [0x00000000c0000000, 0x00000000c5300000, 0x00000000eab00000)
  object space 84992K, 0% used [0x00000000c0000000,0x00000000c0000000,0x00000000c5300000)
 Metaspace       used 5768K, capacity 6832K, committed 7040K, reserved 1056768K
  class space    used 590K, capacity 616K, committed 640K, reserved 1048576K
Event: 3.860 GC heap after
Heap after GC invocations=1 (full 0):
 PSYoungGen      total 36864K, used 5108K [0x00000000eab00000, 0x00000000ef300000, 0x0000000100000000)
  eden space 31744K, 0% used [0x00000000eab00000,0x00000000eab00000,0x00000000eca00000)
  from space 5120K, 99% used [0x00000000eca00000,0x00000000ecefd280,0x00000000ecf00000)
  to   space 5120K, 0% used [0x00000000eee00000,0x00000000eee00000,0x00000000ef300000)
 ParOldGen       total 84992K, used 492K [0x00000000c0000000, 0x00000000c5300000, 0x00000000eab00000)
  object space 84992K, 0% used [0x00000000c0000000,0x00000000c007b040,0x00000000c5300000)
 Metaspace       used 5768K, capacity 6832K, committed 7040K, reserved 1056768K
  class space    used 590K, capacity 616K, committed 640K, reserved 1048576K
}
Event: 9.289 GC heap before
{Heap before GC invocations=2 (full 0):
 PSYoungGen      total 36864K, used 36852K [0x00000000eab00000, 0x00000000ef300000, 0x0000000100000000)
  eden space 31744K, 100% used [0x00000000eab00000,0x00000000eca00000,0x00000000eca00000)
  from space 5120K, 99% used [0x00000000eca00000,0x00000000ecefd280,0x00000000ecf00000)
  to   space 5120K, 0% used [0x00000000eee00000,0x00000000eee00000,0x00000000ef300000)
 ParOldGen       total 84992K, used 492K [0x00000000c0000000, 0x00000000c5300000, 0x00000000eab00000)
  object space 84992K, 0% used [0x00000000c0000000,0x00000000c007b040,0x00000000c5300000)
 Metaspace       used 5986K, capacity 7024K, committed 7296K, reserved 1056768K
  class space    used 591K, capacity 616K, committed 640K, reserved 1048576K
Event: 9.772 GC heap after
Heap after GC invocations=2 (full 0):
 PSYoungGen      total 68608K, used 5100K [0x00000000eab00000, 0x00000000ef300000, 0x0000000100000000)
  eden space 63488K, 0% used [0x00000000eab00000,0x00000000eab00000,0x00000000ee900000)
  from space 5120K, 99% used [0x00000000eee00000,0x00000000ef2fb3b8,0x00000000ef300000)
  to   space 5120K, 0% used [0x00000000ee900000,0x00000000ee900000,0x00000000eee00000)
 ParOldGen       total 84992K, used 3951K [0x00000000c0000000, 0x00000000c5300000, 0x00000000eab00000)
  object space 84992K, 4% used [0x00000000c0000000,0x00000000c03dbf80,0x00000000c5300000)
 Metaspace       used 5986K, capacity 7024K, committed 7296K, reserved 1056768K
  class space    used 591K, capacity 616K, committed 640K, reserved 1048576K
}
Event: 20.495 GC heap before
{Heap before GC invocations=3 (full 0):
 PSYoungGen      total 68608K, used 68588K [0x00000000eab00000, 0x00000000ef300000, 0x0000000100000000)
  eden space 63488K, 100% used [0x00000000eab00000,0x00000000ee900000,0x00000000ee900000)
  from space 5120K, 99% used [0x00000000eee00000,0x00000000ef2fb3b8,0x00000000ef300000)
  to   space 5120K, 0% used [0x00000000ee900000,0x00000000ee900000,0x00000000eee00000)
 ParOldGen       total 84992K, used 3951K [0x00000000c0000000, 0x00000000c5300000, 0x00000000eab00000)
  object space 84992K, 4% used [0x00000000c0000000,0x00000000c03dbf80,0x00000000c5300000)
 Metaspace       used 6113K, capacity 7152K, committed 7296K, reserved 1056768K
  class space    used 591K, capacity 616K, committed 640K, reserved 1048576K
Event: 21.366 GC heap after
Heap after GC invocations=3 (full 0):
 PSYoungGen      total 68608K, used 5096K [0x00000000eab00000, 0x00000000f3100000, 0x0000000100000000)
  eden space 63488K, 0% used [0x00000000eab00000,0x00000000eab00000,0x00000000ee900000)
  from space 5120K, 99% used [0x00000000ee900000,0x00000000eedfa3f8,0x00000000eee00000)
  to   space 5120K, 0% used [0x00000000f2c00000,0x00000000f2c00000,0x00000000f3100000)
 ParOldGen       total 84992K, used 13949K [0x00000000c0000000, 0x00000000c5300000, 0x00000000eab00000)
  object space 84992K, 16% used [0x00000000c0000000,0x00000000c0d9f4d8,0x00000000c5300000)
 Metaspace       used 6113K, capacity 7152K, committed 7296K, reserved 1056768K
  class space    used 591K, capacity 616K, committed 640K, reserved 1048576K
}

Deoptimization events (10 events):
Event: 16.983 Thread 0x00000000558d6800 Uncommon trap: reason=unstable_if action=reinterpret pc=0x00000000017cf92c method=com.android.dx.util.IntList.binarysearch(I)I @ 105
Event: 16.984 Thread 0x00000000558d6800 Uncommon trap: reason=unstable_if action=reinterpret pc=0x0000000001a48f0c method=com.android.dx.ssa.SsaBasicBlock.newFromRop(Lcom/android/dx/rop/code/RopMethod;ILcom/android/dx/ssa/SsaMethod;)Lcom/android/dx/ssa/SsaBasicBlock; @ 164
Event: 16.985 Thread 0x00000000558d6800 Uncommon trap: reason=unstable_if action=reinterpret pc=0x0000000001a63d9c method=com.android.dx.ssa.SsaMethod.blockIndexToRopLabel(I)I @ 1
Event: 19.331 Thread 0x00000000558d6800 Uncommon trap: reason=unloaded action=reinterpret pc=0x000000000192a46c method=com.android.dx.ssa.LiteralOpUpgrader$1.visitNonMoveInsn(Lcom/android/dx/ssa/NormalSsaInsn;)V @ 72
Event: 19.332 Thread 0x00000000558d6800 Uncommon trap: reason=unstable_if action=reinterpret pc=0x000000000181834c method=com.android.dx.ssa.SsaMethod.updateOneDefinition(Lcom/android/dx/ssa/SsaInsn;Lcom/android/dx/rop/code/RegisterSpec;)V @ 4
Event: 20.163 Thread 0x00000000558dc000 Uncommon trap: reason=unstable_if action=reinterpret pc=0x0000000001ce4e24 method=com.android.dx.cf.code.RopperMachine.run(Lcom/android/dx/cf/code/Frame;II)V @ 1053
Event: 21.481 Thread 0x0000000055926800 Uncommon trap: reason=bimorphic action=maybe_recompile pc=0x0000000001bd3320 method=com.android.dx.cf.code.BytecodeArray.parseInstruction(ILcom/android/dx/cf/code/BytecodeArray$Visitor;)I @ 1130
Event: 21.481 Thread 0x0000000055926800 Uncommon trap: reason=bimorphic action=maybe_recompile pc=0x0000000001bd2f54 method=com.android.dx.cf.code.BytecodeArray.parseInstruction(ILcom/android/dx/cf/code/BytecodeArray$Visitor;)I @ 971
Event: 21.481 Thread 0x0000000055926800 Uncommon trap: reason=bimorphic action=maybe_recompile pc=0x0000000001bd2ed4 method=com.android.dx.cf.code.BytecodeArray.parseInstruction(ILcom/android/dx/cf/code/BytecodeArray$Visitor;)I @ 955
Event: 21.481 Thread 0x0000000055926800 Uncommon trap: reason=bimorphic action=maybe_recompile pc=0x0000000001bd2ed4 method=com.android.dx.cf.code.BytecodeArray.parseInstruction(ILcom/android/dx/cf/code/BytecodeArray$Visitor;)I @ 955

Internal exceptions (3 events):
Event: 0.051 Thread 0x0000000000e5f000 Exception <a 'java/lang/NoSuchMethodError': Method sun.misc.Unsafe.defineClass(Ljava/lang/String;[BII)Ljava/lang/Class; name or signature does not match> (0x00000000eab07cc0) thrown at [C:\re\workspace\8-2-build-windows-amd64-cygwin\jdk8u101\7261\hotspot\sLŠüª?
Event: 0.051 Thread 0x0000000000e5f000 Exception <a 'java/lang/NoSuchMethodError': Method sun.misc.Unsafe.prefetchRead(Ljava/lang/Object;J)V name or signature does not match> (0x00000000eab07fa8) thrown at [C:\re\workspace\8-2-build-windows-amd64-cygwin\jdk8u101\7261\hotspot\src\share\vm\prims\F<éÞN @
Event: 8.154 Thread 0x00000000558da000 Implicit null exception at 0x0000000001953dd3 to 0x00000000019567f5

Events (10 events):
Event: 21.481 Thread 0x0000000055926800 DEOPT PACKING pc=0x0000000001bd2f54 sp=0x0000000055b5e410
Event: 21.481 Thread 0x0000000055926800 DEOPT UNPACKING pc=0x000000000146582a sp=0x0000000055b5e3b8 mode 2
Event: 21.481 Thread 0x0000000055926800 Uncommon trap: trap_request=0xffffffc6 fr.pc=0x0000000001bd2ed4
Event: 21.481 Thread 0x0000000055926800 DEOPT PACKING pc=0x0000000001bd2ed4 sp=0x0000000055b5e410
Event: 21.481 Thread 0x0000000055926800 DEOPT UNPACKING pc=0x000000000146582a sp=0x0000000055b5e3b8 mode 2
Event: 21.481 Thread 0x0000000055926800 Uncommon trap: trap_request=0xffffffc6 fr.pc=0x0000000001bd2ed4
Event: 21.481 Thread 0x0000000055926800 DEOPT PACKING pc=0x0000000001bd2ed4 sp=0x0000000055b5e410
Event: 21.481 Thread 0x0000000055926800 DEOPT UNPACKING pc=0x000000000146582a sp=0x0000000055b5e3b8 mode 2
Event: 23.361 loading class com/android/dx/cf/iface/ParseObserver
Event: 23.361 loading class com/android/dx/cf/iface/ParseObserver done


Dynamic libraries:
0x000000013fd70000 - 0x000000013fda7000 	C:\Program Files\Java\jdk1.8.0_101\bin\java.exe
0x0000000077560000 - 0x000000007770a000 	C:\Windows\SYSTEM32\ntdll.dll
0x0000000077440000 - 0x000000007755f000 	C:\Windows\system32\kernel32.dll
0x000007fefd2d0000 - 0x000007fefd33a000 	C:\Windows\system32\KERNELBASE.dll
0x000007feff0f0000 - 0x000007feff1cb000 	C:\Windows\system32\ADVAPI32.dll
0x000007fefedf0000 - 0x000007fefee8f000 	C:\Windows\system32\msvcrt.dll
0x000007fefed70000 - 0x000007fefed8f000 	C:\Windows\SYSTEM32\sechost.dll
0x000007fefe9b0000 - 0x000007fefeadd000 	C:\Windows\system32\RPCRT4.dll
0x0000000077340000 - 0x000000007743a000 	C:\Windows\system32\USER32.dll
0x000007feff800000 - 0x000007feff867000 	C:\Windows\system32\GDI32.dll
0x000007feff4b0000 - 0x000007feff4be000 	C:\Windows\system32\LPK.dll
0x000007fefee90000 - 0x000007fefef5a000 	C:\Windows\system32\USP10.dll
0x000007fefa8a0000 - 0x000007fefaa94000 	C:\Windows\WinSxS\amd64_microsoft.windows.common-controls_6595b64144ccf1df_6.0.7601.18837_none_fa3b1e3d17594757\COMCTL32.dll
0x000007feff4d0000 - 0x000007feff541000 	C:\Windows\system32\SHLWAPI.dll
0x000007feff7d0000 - 0x000007feff7fe000 	C:\Windows\system32\IMM32.DLL
0x000007fefec60000 - 0x000007fefed69000 	C:\Windows\system32\MSCTF.dll
0x0000000078dc0000 - 0x0000000078e92000 	C:\Program Files\Java\jdk1.8.0_101\jre\bin\msvcr100.dll
0x000000006f7e0000 - 0x000000007007a000 	C:\Program Files\Java\jdk1.8.0_101\jre\bin\server\jvm.dll
0x000007fef9b50000 - 0x000007fef9b59000 	C:\Windows\system32\WSOCK32.dll
0x000007feff550000 - 0x000007feff59d000 	C:\Windows\system32\WS2_32.dll
0x000007feff4c0000 - 0x000007feff4c8000 	C:\Windows\system32\NSI.dll
0x000007fefa230000 - 0x000007fefa26b000 	C:\Windows\system32\WINMM.dll
0x000007fefc1c0000 - 0x000007fefc1cc000 	C:\Windows\system32\VERSION.dll
0x0000000077720000 - 0x0000000077727000 	C:\Windows\system32\PSAPI.DLL
0x0000000074c70000 - 0x0000000074c7f000 	C:\Program Files\Java\jdk1.8.0_101\jre\bin\verify.dll
0x0000000074b80000 - 0x0000000074ba9000 	C:\Program Files\Java\jdk1.8.0_101\jre\bin\java.dll
0x0000000074b60000 - 0x0000000074b76000 	C:\Program Files\Java\jdk1.8.0_101\jre\bin\zip.dll
0x000007fefdc20000 - 0x000007fefe9aa000 	C:\Windows\system32\SHELL32.dll
0x000007feff5c0000 - 0x000007feff7c3000 	C:\Windows\system32\ole32.dll
0x000007fefd290000 - 0x000007fefd29f000 	C:\Windows\system32\profapi.dll

VM Arguments:
jvm_args: -Djava.awt.headless=true -Xmx1024M -Dfile.encoding=windows-1252 -Duser.country=US -Duser.language=en -Duser.variant 
java_command: com.android.dx.command.Main --dex --num-threads=4 --multi-dex --output C:\Pitonew\Android-Pitonew\app\build\intermediates\transforms\dex\debug\folders\1000\10\com.android.support-appcompat-v7-24.2.1_e9a064c23155facbb9653c33acb19ff8474040d2 C:\Pitonew\Android-Pitonew\app\build\intermediates\exploded-aar\com.android.support\appcompat-v7\24.2.1\jars\classes.jar
java_class_path (initial): C:\Users\jco\AppData\Local\Android\sdk\build-tools\24.0.2\lib\dx.jar
Launcher Type: SUN_STANDARD

Environment Variables:
JAVA_HOME=C:\Program Files\Java\jre1.8.0_111
PATH=C:\ProgramData\Oracle\Java\javapath;C:\Windows\system32;C:\Windows;C:\Windows\System32\Wbem;C:\Windows\System32\WindowsPowerShell\v1.0\;C:\Windows\CCM;C:\Program Files (x86)\WebEx\Productivity Tools;C:\Program Files\Microsoft SQL Server\Client SDK\ODBC\110\Tools\Binn\;C:\Program Files (x86)\Microsoft SQL Server\120\Tools\Binn\;C:\Program Files\Microsoft SQL Server\120\Tools\Binn\;C:\Program Files\Microsoft SQL Server\120\DTS\Binn\;C:\Program Files (x86)\WebEx\PTools020000000;C:\Program Files\TortoiseHg\;C:\RailsInstaller\Git\cmd;C:\RailsInstaller\nodejs\;C:\Program Files (x86)\Heroku\bin;C:\Program Files (x86)\git\cmd;C:\Program Files (x86)\Git\cmd;C:\Program Files (x86)\Brackets\command;C:\Program Files (x86)\nodejs\;C:\Program Files (x86)\Microsoft SQL Server\120\Tools\Binn\ManagementStudio\;C:\Program Files (x86)\Microsoft SQL Server\120\DTS\Binn\;C:\RailsInstaller\Git\cmd;C:\Quality Assurance\jruby-1.7.26\bin;c:\Python27;C:\Program Files\Mercurial;C:\Users\jco\AppData\Roaming\npm;C:\Users\jco\Downloads\apache-maven-3.3.9-bin\apache-maven-3.3.9\bin;C:\Users\jco\AppData\Local\Box\Box Edit\
USERNAME=jco
OS=Windows_NT
PROCESSOR_IDENTIFIER=Intel64 Family 6 Model 61 Stepping 4, GenuineIntel



---------------  S Y S T E M  ---------------

OS: Windows 7 , 64 bit Build 7601 (6.1.7601.23572)

CPU:total 4 (2 cores per cpu, 2 threads per core) family 6 model 61 stepping 4, cmov, cx8, fxsr, mmx, sse, sse2, sse3, ssse3, sse4.1, sse4.2, popcnt, avx, avx2, aes, clmul, erms, 3dnowpref, lzcnt, ht, tsc, tscinvbit, bmi1, bmi2, adx

Memory: 4k page, physical 8077544k(1372864k free), swap 17870484k(4540k free)

vm_info: Java HotSpot(TM) 64-Bit Server VM (25.101-b13) for windows-amd64 JRE (1.8.0_101-b13), built on Jun 22 2016 01:21:29 by "java_re" with MS VC++ 10.0 (VS2010)

time: Tue Mar 07 18:06:44 2017
elapsed time: 23 seconds (0d 0h 0m 23s)

