#
# There is insufficient memory for the Java Runtime Environment to continue.
# Native memory allocation (malloc) failed to allocate 718096 bytes for Chunk::new
# Possible reasons:
#   The system is out of physical RAM or swap space
#   In 32 bit mode, the process size limit was hit
# Possible solutions:
#   Reduce memory load on the system
#   Increase physical memory or swap space
#   Check if swap backing store is full
#   Use 64 bit Java on a 64 bit OS
#   Decrease Java heap size (-Xmx/-Xms)
#   Decrease number of Java threads
#   Decrease Java thread stack sizes (-Xss)
#   Set larger code cache with -XX:ReservedCodeCacheSize=
# This output file may be truncated or incomplete.
#
#  Out of Memory Error (allocation.cpp:390), pid=15392, tid=0x0000000000003f88
#
# JRE version: Java(TM) SE Runtime Environment (8.0_101-b13) (build 1.8.0_101-b13)
# Java VM: Java HotSpot(TM) 64-Bit Server VM (25.101-b13 mixed mode windows-amd64 compressed oops)
# Failed to write core dump. Minidumps are not enabled by default on client versions of Windows
#

---------------  T H R E A D  ---------------

Current thread (0x0000000053bef000):  JavaThread "C2 CompilerThread1" daemon [_thread_in_native, id=16264, stack(0x0000000054ae0000,0x0000000054be0000)]

Stack: [0x0000000054ae0000,0x0000000054be0000]
[error occurred during error reporting (printing stack bounds), id 0xc0000005]

Native frames: (J=compiled Java code, j=interpreted, Vv=VM code, C=native code)


Current CompileTask:
C2:   2046 1234   !   4       com.android.dx.cf.code.BytecodeArray::parseInstruction (2764 bytes)


---------------  P R O C E S S  ---------------

Java Threads: ( => current thread )
  0x000000005588a000 JavaThread "pool-1-thread-4" [_thread_blocked, id=13680, stack(0x0000000056470000,0x0000000056570000)]
  0x0000000055808000 JavaThread "pool-1-thread-3" [_thread_in_vm, id=14780, stack(0x0000000056280000,0x0000000056380000)]
  0x0000000055807800 JavaThread "pool-1-thread-2" [_thread_blocked, id=16276, stack(0x00000000560a0000,0x00000000561a0000)]
  0x0000000055806800 JavaThread "pool-2-thread-1" [_thread_blocked, id=15028, stack(0x0000000055f90000,0x0000000056090000)]
  0x0000000055806000 JavaThread "pool-1-thread-1" [_thread_in_Java, id=14960, stack(0x0000000054f90000,0x0000000055090000)]
  0x00000000555e5800 JavaThread "Service Thread" daemon [_thread_blocked, id=1176, stack(0x0000000055c10000,0x0000000055d10000)]
  0x00000000555d0000 JavaThread "C1 CompilerThread2" daemon [_thread_in_native, id=14200, stack(0x0000000055a80000,0x0000000055b80000)]
=>0x0000000053bef000 JavaThread "C2 CompilerThread1" daemon [_thread_in_native, id=16264, stack(0x0000000054ae0000,0x0000000054be0000)]
  0x0000000053be9800 JavaThread "C2 CompilerThread0" daemon [_thread_in_native, id=9156, stack(0x0000000055480000,0x0000000055580000)]
  0x0000000053be5000 JavaThread "Attach Listener" daemon [_thread_blocked, id=12848, stack(0x0000000054d20000,0x0000000054e20000)]
  0x0000000053be2000 JavaThread "Signal Dispatcher" daemon [_thread_blocked, id=12536, stack(0x0000000055220000,0x0000000055320000)]
  0x0000000053bc9800 JavaThread "Finalizer" daemon [_thread_blocked, id=2876, stack(0x0000000055090000,0x0000000055190000)]
  0x0000000053b82800 JavaThread "Reference Handler" daemon [_thread_blocked, id=8920, stack(0x0000000054e70000,0x0000000054f70000)]
  0x000000000012f000 JavaThread "main" [_thread_blocked, id=8992, stack(0x0000000000d80000,0x0000000000e80000)]

Other Threads:
  0x0000000053b7b000 VMThread [stack: 0x0000000054c10000,0x0000000054d10000] [id=16244]
  0x00000000555f6000 WatcherThread [stack: 0x0000000055db0000,0x0000000055eb0000] [id=15852]

VM state:not at safepoint (normal execution)

VM Mutex/Monitor currently owned by a thread: None

Heap:
 PSYoungGen      total 36864K, used 8928K [0x00000000eab00000, 0x00000000ef300000, 0x0000000100000000)
  eden space 31744K, 12% used [0x00000000eab00000,0x00000000eaeb9c10,0x00000000eca00000)
  from space 5120K, 99% used [0x00000000eca00000,0x00000000ecefe460,0x00000000ecf00000)
  to   space 5120K, 0% used [0x00000000eee00000,0x00000000eee00000,0x00000000ef300000)
 ParOldGen       total 84992K, used 584K [0x00000000c0000000, 0x00000000c5300000, 0x00000000eab00000)
  object space 84992K, 0% used [0x00000000c0000000,0x00000000c0092108,0x00000000c5300000)
 Metaspace       used 5909K, capacity 6896K, committed 7040K, reserved 1056768K
  class space    used 590K, capacity 616K, committed 640K, reserved 1048576K

Card table byte_map: [0x0000000010510000,0x0000000010720000] byte_map_base: 0x000000000ff10000

Marking Bits: (ParMarkBitMap*) 0x000000007096a6d0
 Begin Bits: [0x0000000010ff0000, 0x0000000011ff0000)
 End Bits:   [0x0000000011ff0000, 0x0000000012ff0000)

Polling page: 0x0000000000110000

CodeCache: size=245760Kb used=4946Kb max_used=4946Kb free=240813Kb
 bounds [0x0000000001150000, 0x0000000001630000, 0x0000000010150000]
 total_blobs=1519 nmethods=1256 adapters=176
 compilation: enabled

Compilation events (10 events):
Event: 2.039 Thread 0x00000000555d0000 nmethod 1247 0x0000000001622150 code [0x00000000016222a0, 0x0000000001622450]
Event: 2.039 Thread 0x00000000555d0000 1244   !   3       java.lang.ref.Reference::tryHandlePending (115 bytes)
Event: 2.040 Thread 0x0000000053be9800 1248       4       com.android.dx.cf.code.LineNumberList::pcToLine (73 bytes)
Event: 2.040 Thread 0x00000000555d0000 nmethod 1244 0x00000000016224d0 code [0x0000000001622700, 0x0000000001623388]
Event: 2.040 Thread 0x00000000555d0000 1246   !   3       java.lang.ref.ReferenceQueue::enqueue (119 bytes)
Event: 2.041 Thread 0x00000000555d0000 nmethod 1246 0x0000000001623890 code [0x0000000001623a20, 0x0000000001624168]
Event: 2.043 Thread 0x00000000555d0000 1249       3       java.lang.ref.Finalizer::access$000 (4 bytes)
Event: 2.044 Thread 0x00000000555d0000 nmethod 1249 0x0000000001614090 code [0x00000000016141e0, 0x0000000001614310]
Event: 2.044 Thread 0x00000000555d0000 1250       3       java.lang.ref.ReferenceQueue::remove (6 bytes)
Event: 2.044 Thread 0x00000000555d0000 nmethod 1250 0x0000000001624350 code [0x00000000016244c0, 0x00000000016246c8]

GC Heap History (2 events):
Event: 1.737 GC heap before
{Heap before GC invocations=1 (full 0):
 PSYoungGen      total 36864K, used 31744K [0x00000000eab00000, 0x00000000ed400000, 0x0000000100000000)
  eden space 31744K, 100% used [0x00000000eab00000,0x00000000eca00000,0x00000000eca00000)
  from space 5120K, 0% used [0x00000000ecf00000,0x00000000ecf00000,0x00000000ed400000)
  to   space 5120K, 0% used [0x00000000eca00000,0x00000000eca00000,0x00000000ecf00000)
 ParOldGen       total 84992K, used 0K [0x00000000c0000000, 0x00000000c5300000, 0x00000000eab00000)
  object space 84992K, 0% used [0x00000000c0000000,0x00000000c0000000,0x00000000c5300000)
 Metaspace       used 5874K, capacity 6896K, committed 7040K, reserved 1056768K
  class space    used 590K, capacity 616K, committed 640K, reserved 1048576K
Event: 1.771 GC heap after
Heap after GC invocations=1 (full 0):
 PSYoungGen      total 36864K, used 5113K [0x00000000eab00000, 0x00000000ef300000, 0x0000000100000000)
  eden space 31744K, 0% used [0x00000000eab00000,0x00000000eab00000,0x00000000eca00000)
  from space 5120K, 99% used [0x00000000eca00000,0x00000000ecefe460,0x00000000ecf00000)
  to   space 5120K, 0% used [0x00000000eee00000,0x00000000eee00000,0x00000000ef300000)
 ParOldGen       total 84992K, used 584K [0x00000000c0000000, 0x00000000c5300000, 0x00000000eab00000)
  object space 84992K, 0% used [0x00000000c0000000,0x00000000c0092108,0x00000000c5300000)
 Metaspace       used 5874K, capacity 6896K, committed 7040K, reserved 1056768K
  class space    used 590K, capacity 616K, committed 640K, reserved 1048576K
}

Deoptimization events (7 events):
Event: 1.118 Thread 0x0000000055807800 Uncommon trap: reason=unstable_if action=reinterpret pc=0x0000000001390ab8 method=java.util.HashMap.getNode(ILjava/lang/Object;)Ljava/util/HashMap$Node; @ 62
Event: 1.208 Thread 0x0000000055807800 Uncommon trap: reason=bimorphic action=maybe_recompile pc=0x00000000013dc7e0 method=java.util.HashMap.getNode(ILjava/lang/Object;)Ljava/util/HashMap$Node; @ 126
Event: 1.606 Thread 0x0000000055807800 Uncommon trap: reason=unstable_if action=reinterpret pc=0x000000000151d3a8 method=com.android.dx.rop.code.LocalItem.hashCode()I @ 25
Event: 1.606 Thread 0x0000000055807800 Uncommon trap: reason=unstable_if action=reinterpret pc=0x0000000001505460 method=com.android.dx.rop.code.LocalItem.hashCode()I @ 25
Event: 1.607 Thread 0x0000000055807800 Uncommon trap: reason=unstable_if action=reinterpret pc=0x0000000001522cdc method=com.android.dx.rop.code.RegisterSpecSet.put(Lcom/android/dx/rop/code/RegisterSpec;)V @ 77
Event: 1.607 Thread 0x0000000055807800 Uncommon trap: reason=unstable_if action=reinterpret pc=0x00000000014317dc method=com.android.dx.rop.code.LocalItem.hashCode()I @ 25
Event: 1.712 Thread 0x0000000055808000 Uncommon trap: reason=unstable_if action=reinterpret pc=0x00000000014ea3b4 method=com.android.dx.rop.code.RegisterSpec.equals(ILcom/android/dx/rop/type/TypeBearer;Lcom/android/dx/rop/code/LocalItem;)Z @ 42

Internal exceptions (2 events):
Event: 0.144 Thread 0x000000000012f000 Exception <a 'java/lang/NoSuchMethodError': Method sun.misc.Unsafe.defineClass(Ljava/lang/String;[BII)Ljava/lang/Class; name or signature does not match> (0x00000000eab07cc0) thrown at [C:\re\workspace\8-2-build-windows-amd64-cygwin\jdk8u101\7261\hotspot\sx•kïWgÂ?
Event: 0.144 Thread 0x000000000012f000 Exception <a 'java/lang/NoSuchMethodError': Method sun.misc.Unsafe.prefetchRead(Ljava/lang/Object;J)V name or signature does not match> (0x00000000eab07fa8) thrown at [C:\re\workspace\8-2-build-windows-amd64-cygwin\jdk8u101\7261\hotspot\src\share\vm\prims\

Events (10 events):
Event: 1.607 Thread 0x0000000055807800 Uncommon trap: trap_request=0xffffff65 fr.pc=0x00000000014317dc
Event: 1.607 Thread 0x0000000055807800 DEOPT PACKING pc=0x00000000014317dc sp=0x000000005619e5f0
Event: 1.607 Thread 0x0000000055807800 DEOPT UNPACKING pc=0x000000000119582a sp=0x000000005619e540 mode 2
Event: 1.701 loading class java/util/DualPivotQuicksort
Event: 1.703 loading class java/util/DualPivotQuicksort done
Event: 1.712 Thread 0x0000000055808000 Uncommon trap: trap_request=0xffffff65 fr.pc=0x00000000014ea3b4
Event: 1.712 Thread 0x0000000055808000 DEOPT PACKING pc=0x00000000014ea3b4 sp=0x000000005637e650
Event: 1.712 Thread 0x0000000055808000 DEOPT UNPACKING pc=0x000000000119582a sp=0x000000005637e5d8 mode 2
Event: 1.726 Executing VM operation: ParallelGCFailedAllocation
Event: 1.771 Executing VM operation: ParallelGCFailedAllocation done


Dynamic libraries:
0x000000013fff0000 - 0x0000000140027000 	C:\Program Files\Java\jdk1.8.0_101\bin\java.exe
0x0000000077a10000 - 0x0000000077bba000 	C:\Windows\SYSTEM32\ntdll.dll
0x00000000778f0000 - 0x0000000077a0f000 	C:\Windows\system32\kernel32.dll
0x000007fefd780000 - 0x000007fefd7ea000 	C:\Windows\system32\KERNELBASE.dll
0x000007fefde20000 - 0x000007fefdefb000 	C:\Windows\system32\ADVAPI32.dll
0x000007feff590000 - 0x000007feff62f000 	C:\Windows\system32\msvcrt.dll
0x000007fefe200000 - 0x000007fefe21f000 	C:\Windows\SYSTEM32\sechost.dll
0x000007feff390000 - 0x000007feff4bd000 	C:\Windows\system32\RPCRT4.dll
0x00000000777f0000 - 0x00000000778ea000 	C:\Windows\system32\USER32.dll
0x000007feff240000 - 0x000007feff2a7000 	C:\Windows\system32\GDI32.dll
0x000007fefdd40000 - 0x000007fefdd4e000 	C:\Windows\system32\LPK.dll
0x000007fefdd50000 - 0x000007fefde1a000 	C:\Windows\system32\USP10.dll
0x000007fefbb10000 - 0x000007fefbd04000 	C:\Windows\WinSxS\amd64_microsoft.windows.common-controls_6595b64144ccf1df_6.0.7601.18837_none_fa3b1e3d17594757\COMCTL32.dll
0x000007fefdb30000 - 0x000007fefdba1000 	C:\Windows\system32\SHLWAPI.dll
0x000007fefdb00000 - 0x000007fefdb2e000 	C:\Windows\system32\IMM32.DLL
0x000007feffb70000 - 0x000007feffc79000 	C:\Windows\system32\MSCTF.dll
0x0000000078d90000 - 0x0000000078e62000 	C:\Program Files\Java\jdk1.8.0_101\jre\bin\msvcr100.dll
0x0000000070150000 - 0x00000000709ea000 	C:\Program Files\Java\jdk1.8.0_101\jre\bin\server\jvm.dll
0x000007fef9d10000 - 0x000007fef9d19000 	C:\Windows\system32\WSOCK32.dll
0x000007feff4c0000 - 0x000007feff50d000 	C:\Windows\system32\WS2_32.dll
0x000007feff230000 - 0x000007feff238000 	C:\Windows\system32\NSI.dll
0x000007fefa2b0000 - 0x000007fefa2eb000 	C:\Windows\system32\WINMM.dll
0x000007fefc670000 - 0x000007fefc67c000 	C:\Windows\system32\VERSION.dll
0x0000000077be0000 - 0x0000000077be7000 	C:\Windows\system32\PSAPI.DLL
0x00000000696b0000 - 0x00000000696bf000 	C:\Program Files\Java\jdk1.8.0_101\jre\bin\verify.dll
0x0000000069680000 - 0x00000000696a9000 	C:\Program Files\Java\jdk1.8.0_101\jre\bin\java.dll
0x0000000069660000 - 0x0000000069676000 	C:\Program Files\Java\jdk1.8.0_101\jre\bin\zip.dll
0x000007fefe2c0000 - 0x000007feff04a000 	C:\Windows\system32\SHELL32.dll
0x000007feff900000 - 0x000007feffb03000 	C:\Windows\system32\ole32.dll
0x000007fefd740000 - 0x000007fefd74f000 	C:\Windows\system32\profapi.dll

VM Arguments:
jvm_args: -Djava.awt.headless=true -Xmx1024M -Dfile.encoding=windows-1252 -Duser.country=US -Duser.language=en -Duser.variant 
java_command: com.android.dx.command.Main --dex --num-threads=4 --output C:\Pitonew\Android-Pitonew\app\build\intermediates\pre-dexed\debug\com.android.support-appcompat-v7-24.2.1_e9a064c23155facbb9653c33acb19ff8474040d2.jar C:\Pitonew\Android-Pitonew\app\build\intermediates\exploded-aar\com.android.support\appcompat-v7\24.2.1\jars\classes.jar
java_class_path (initial): C:\Users\jco\AppData\Local\Android\sdk\build-tools\24.0.2\lib\dx.jar
Launcher Type: SUN_STANDARD

Environment Variables:
JAVA_HOME=C:\Program Files\Java\jre1.8.0_111
PATH=C:\ProgramData\Oracle\Java\javapath;C:\Windows\system32;C:\Windows;C:\Windows\System32\Wbem;C:\Windows\System32\WindowsPowerShell\v1.0\;C:\Windows\CCM;C:\Program Files (x86)\WebEx\Productivity Tools;C:\Program Files\Microsoft SQL Server\Client SDK\ODBC\110\Tools\Binn\;C:\Program Files (x86)\Microsoft SQL Server\120\Tools\Binn\;C:\Program Files\Microsoft SQL Server\120\Tools\Binn\;C:\Program Files\Microsoft SQL Server\120\DTS\Binn\;C:\Program Files (x86)\WebEx\PTools020000000;C:\Program Files\TortoiseHg\;C:\RailsInstaller\Git\cmd;C:\RailsInstaller\nodejs\;C:\Program Files (x86)\Heroku\bin;C:\Program Files (x86)\git\cmd;C:\Program Files (x86)\Git\cmd;C:\Program Files (x86)\Brackets\command;C:\Program Files (x86)\nodejs\;C:\Program Files (x86)\Microsoft SQL Server\120\Tools\Binn\ManagementStudio\;C:\Program Files (x86)\Microsoft SQL Server\120\DTS\Binn\;C:\RailsInstaller\Git\cmd;C:\Quality Assurance\jruby-1.7.26\bin;c:\Python27;C:\Program Files\Mercurial;C:\Users\jco\AppData\Roaming\npm;C:\Users\jco\Downloads\apache-maven-3.3.9-bin\apache-maven-3.3.9\bin;C:\Users\jco\AppData\Local\Box\Box Edit\
USERNAME=jco
OS=Windows_NT
PROCESSOR_IDENTIFIER=Intel64 Family 6 Model 61 Stepping 4, GenuineIntel



---------------  S Y S T E M  ---------------

OS: Windows 7 , 64 bit Build 7601 (6.1.7601.23572)

CPU:total 4 (2 cores per cpu, 2 threads per core) family 6 model 61 stepping 4, cmov, cx8, fxsr, mmx, sse, sse2, sse3, ssse3, sse4.1, sse4.2, popcnt, avx, avx2, aes, clmul, erms, 3dnowpref, lzcnt, ht, tsc, tscinvbit, bmi1, bmi2, adx

Memory: 4k page, physical 8077544k(557704k free), swap 17729344k(5580k free)

vm_info: Java HotSpot(TM) 64-Bit Server VM (25.101-b13) for windows-amd64 JRE (1.8.0_101-b13), built on Jun 22 2016 01:21:29 by "java_re" with MS VC++ 10.0 (VS2010)

time: Fri Mar 03 14:53:35 2017
elapsed time: 2 seconds (0d 0h 0m 2s)

