#
# There is insufficient memory for the Java Runtime Environment to continue.
# Native memory allocation (malloc) failed to allocate 780256 bytes for Chunk::new
# Possible reasons:
#   The system is out of physical RAM or swap space
#   In 32 bit mode, the process size limit was hit
# Possible solutions:
#   Reduce memory load on the system
#   Increase physical memory or swap space
#   Check if swap backing store is full
#   Use 64 bit Java on a 64 bit OS
#   Decrease Java heap size (-Xmx/-Xms)
#   Decrease number of Java threads
#   Decrease Java thread stack sizes (-Xss)
#   Set larger code cache with -XX:ReservedCodeCacheSize=
# This output file may be truncated or incomplete.
#
#  Out of Memory Error (allocation.cpp:390), pid=1072, tid=0x0000000000004020
#
# JRE version: Java(TM) SE Runtime Environment (8.0_101-b13) (build 1.8.0_101-b13)
# Java VM: Java HotSpot(TM) 64-Bit Server VM (25.101-b13 mixed mode windows-amd64 compressed oops)
# Failed to write core dump. Minidumps are not enabled by default on client versions of Windows
#

---------------  T H R E A D  ---------------

Current thread (0x0000000053b99800):  JavaThread "C2 CompilerThread0" daemon [_thread_in_native, id=16416, stack(0x0000000055270000,0x0000000055370000)]

Stack: [0x0000000055270000,0x0000000055370000]
[error occurred during error reporting (printing stack bounds), id 0xc0000005]

Native frames: (J=compiled Java code, j=interpreted, Vv=VM code, C=native code)


Current CompileTask:
C2:  14863 2067       4       com.android.dx.ssa.SCCP::run (298 bytes)


---------------  P R O C E S S  ---------------

Java Threads: ( => current thread )
  0x000000005589c000 JavaThread "pool-1-thread-4" [_thread_blocked, id=17056, stack(0x00000000553d0000,0x00000000554d0000)]
  0x0000000055898800 JavaThread "pool-1-thread-3" [_thread_blocked, id=12308, stack(0x0000000056360000,0x0000000056460000)]
  0x0000000055847800 JavaThread "pool-1-thread-2" [_thread_blocked, id=15184, stack(0x0000000056160000,0x0000000056260000)]
  0x0000000055845800 JavaThread "pool-2-thread-1" [_thread_blocked, id=14512, stack(0x0000000056040000,0x0000000056140000)]
  0x0000000055842800 JavaThread "pool-1-thread-1" [_thread_blocked, id=15264, stack(0x0000000055e30000,0x0000000055f30000)]
  0x0000000053b9f800 JavaThread "Service Thread" daemon [_thread_blocked, id=13848, stack(0x0000000055ac0000,0x0000000055bc0000)]
  0x0000000053b9c800 JavaThread "C1 CompilerThread2" daemon [_thread_blocked, id=14736, stack(0x0000000054b90000,0x0000000054c90000)]
  0x0000000053b9b800 JavaThread "C2 CompilerThread1" daemon [_thread_in_native, id=15128, stack(0x00000000554e0000,0x00000000555e0000)]
=>0x0000000053b99800 JavaThread "C2 CompilerThread0" daemon [_thread_in_native, id=16416, stack(0x0000000055270000,0x0000000055370000)]
  0x0000000053b95000 JavaThread "Attach Listener" daemon [_thread_blocked, id=17136, stack(0x0000000055050000,0x0000000055150000)]
  0x0000000053b92000 JavaThread "Signal Dispatcher" daemon [_thread_blocked, id=14080, stack(0x0000000054dc0000,0x0000000054ec0000)]
  0x0000000053b79800 JavaThread "Finalizer" daemon [_thread_blocked, id=5256, stack(0x0000000055160000,0x0000000055260000)]
  0x0000000053b32800 JavaThread "Reference Handler" daemon [_thread_blocked, id=7160, stack(0x0000000054f40000,0x0000000055040000)]
  0x0000000000e0f000 JavaThread "main" [_thread_blocked, id=9744, stack(0x00000000010b0000,0x00000000011b0000)]

Other Threads:
  0x0000000053b2b000 VMThread [stack: 0x0000000054c90000,0x0000000054d90000] [id=16924]
  0x0000000055656000 WatcherThread [stack: 0x0000000055c70000,0x0000000055d70000] [id=17036]

VM state:not at safepoint (normal execution)

VM Mutex/Monitor currently owned by a thread: None

Heap:
 PSYoungGen      total 68608K, used 46688K [0x00000000eab00000, 0x00000000f3100000, 0x0000000100000000)
  eden space 63488K, 65% used [0x00000000eab00000,0x00000000ed399a18,0x00000000ee900000)
  from space 5120K, 99% used [0x00000000ee900000,0x00000000eedfe938,0x00000000eee00000)
  to   space 5120K, 0% used [0x00000000f2c00000,0x00000000f2c00000,0x00000000f3100000)
 ParOldGen       total 84992K, used 13501K [0x00000000c0000000, 0x00000000c5300000, 0x00000000eab00000)
  object space 84992K, 15% used [0x00000000c0000000,0x00000000c0d2f750,0x00000000c5300000)
 Metaspace       used 6228K, capacity 7152K, committed 7296K, reserved 1056768K
  class space    used 592K, capacity 616K, committed 640K, reserved 1048576K

Card table byte_map: [0x0000000010840000,0x0000000010a50000] byte_map_base: 0x0000000010240000

Marking Bits: (ParMarkBitMap*) 0x000000007096a6d0
 Begin Bits: [0x0000000010fa0000, 0x0000000011fa0000)
 End Bits:   [0x0000000011fa0000, 0x0000000012fa0000)

Polling page: 0x00000000004b0000

CodeCache: size=245760Kb used=10256Kb max_used=10265Kb free=235503Kb
 bounds [0x0000000001480000, 0x0000000001ea0000, 0x0000000010480000]
 total_blobs=2292 nmethods=2027 adapters=176
 compilation: enabled

Compilation events (10 events):
Event: 14.685 Thread 0x0000000053b9c800 2072       3       com.android.dx.cf.code.Ropper::getRopMethod (64 bytes)
Event: 14.686 Thread 0x0000000053b9c800 nmethod 2072 0x0000000001e79950 code [0x0000000001e79ba0, 0x0000000001e7a8f8]
Event: 14.691 Thread 0x0000000053b9c800 2074       1       com.android.dx.dex.code.RopTranslator::access$100 (5 bytes)
Event: 14.691 Thread 0x0000000053b9c800 nmethod 2074 0x0000000001dbe690 code [0x0000000001dbe7e0, 0x0000000001dbe8d0]
Event: 14.754 Thread 0x0000000053b99800 nmethod 2063 0x0000000001e8c7d0 code [0x0000000001e8cd40, 0x0000000001e8fd00]
Event: 14.754 Thread 0x0000000053b99800 2067       4       com.android.dx.ssa.SCCP::run (298 bytes)
Event: 14.830 Thread 0x0000000053b9c800 2075       3       java.util.HashMap::getNode (148 bytes)
Event: 14.831 Thread 0x0000000053b9c800 nmethod 2075 0x0000000001e5aa10 code [0x0000000001e5ac00, 0x0000000001e5b848]
Event: 14.831 Thread 0x0000000053b9c800 2076       3       java.util.HashMap$EntrySet::<init> (10 bytes)
Event: 14.832 Thread 0x0000000053b9c800 nmethod 2076 0x0000000001e68710 code [0x0000000001e68880, 0x0000000001e68b10]

GC Heap History (6 events):
Event: 2.750 GC heap before
{Heap before GC invocations=1 (full 0):
 PSYoungGen      total 36864K, used 31744K [0x00000000eab00000, 0x00000000ed400000, 0x0000000100000000)
  eden space 31744K, 100% used [0x00000000eab00000,0x00000000eca00000,0x00000000eca00000)
  from space 5120K, 0% used [0x00000000ecf00000,0x00000000ecf00000,0x00000000ed400000)
  to   space 5120K, 0% used [0x00000000eca00000,0x00000000eca00000,0x00000000ecf00000)
 ParOldGen       total 84992K, used 0K [0x00000000c0000000, 0x00000000c5300000, 0x00000000eab00000)
  object space 84992K, 0% used [0x00000000c0000000,0x00000000c0000000,0x00000000c5300000)
 Metaspace       used 5870K, capacity 6896K, committed 7040K, reserved 1056768K
  class space    used 591K, capacity 616K, committed 640K, reserved 1048576K
Event: 2.781 GC heap after
Heap after GC invocations=1 (full 0):
 PSYoungGen      total 36864K, used 5104K [0x00000000eab00000, 0x00000000ef300000, 0x0000000100000000)
  eden space 31744K, 0% used [0x00000000eab00000,0x00000000eab00000,0x00000000eca00000)
  from space 5120K, 99% used [0x00000000eca00000,0x00000000ecefc068,0x00000000ecf00000)
  to   space 5120K, 0% used [0x00000000eee00000,0x00000000eee00000,0x00000000ef300000)
 ParOldGen       total 84992K, used 293K [0x00000000c0000000, 0x00000000c5300000, 0x00000000eab00000)
  object space 84992K, 0% used [0x00000000c0000000,0x00000000c0049508,0x00000000c5300000)
 Metaspace       used 5870K, capacity 6896K, committed 7040K, reserved 1056768K
  class space    used 591K, capacity 616K, committed 640K, reserved 1048576K
}
Event: 4.192 GC heap before
{Heap before GC invocations=2 (full 0):
 PSYoungGen      total 36864K, used 36848K [0x00000000eab00000, 0x00000000ef300000, 0x0000000100000000)
  eden space 31744K, 100% used [0x00000000eab00000,0x00000000eca00000,0x00000000eca00000)
  from space 5120K, 99% used [0x00000000eca00000,0x00000000ecefc068,0x00000000ecf00000)
  to   space 5120K, 0% used [0x00000000eee00000,0x00000000eee00000,0x00000000ef300000)
 ParOldGen       total 84992K, used 293K [0x00000000c0000000, 0x00000000c5300000, 0x00000000eab00000)
  object space 84992K, 0% used [0x00000000c0000000,0x00000000c0049508,0x00000000c5300000)
 Metaspace       used 6008K, capacity 7024K, committed 7296K, reserved 1056768K
  class space    used 591K, capacity 616K, committed 640K, reserved 1048576K
Event: 4.256 GC heap after
Heap after GC invocations=2 (full 0):
 PSYoungGen      total 68608K, used 5088K [0x00000000eab00000, 0x00000000ef300000, 0x0000000100000000)
  eden space 63488K, 0% used [0x00000000eab00000,0x00000000eab00000,0x00000000ee900000)
  from space 5120K, 99% used [0x00000000eee00000,0x00000000ef2f8028,0x00000000ef300000)
  to   space 5120K, 0% used [0x00000000ee900000,0x00000000ee900000,0x00000000eee00000)
 ParOldGen       total 84992K, used 3665K [0x00000000c0000000, 0x00000000c5300000, 0x00000000eab00000)
  object space 84992K, 4% used [0x00000000c0000000,0x00000000c0394520,0x00000000c5300000)
 Metaspace       used 6008K, capacity 7024K, committed 7296K, reserved 1056768K
  class space    used 591K, capacity 616K, committed 640K, reserved 1048576K
}
Event: 12.180 GC heap before
{Heap before GC invocations=3 (full 0):
 PSYoungGen      total 68608K, used 68576K [0x00000000eab00000, 0x00000000ef300000, 0x0000000100000000)
  eden space 63488K, 100% used [0x00000000eab00000,0x00000000ee900000,0x00000000ee900000)
  from space 5120K, 99% used [0x00000000eee00000,0x00000000ef2f8028,0x00000000ef300000)
  to   space 5120K, 0% used [0x00000000ee900000,0x00000000ee900000,0x00000000eee00000)
 ParOldGen       total 84992K, used 3665K [0x00000000c0000000, 0x00000000c5300000, 0x00000000eab00000)
  object space 84992K, 4% used [0x00000000c0000000,0x00000000c0394520,0x00000000c5300000)
 Metaspace       used 6203K, capacity 7152K, committed 7296K, reserved 1056768K
  class space    used 591K, capacity 616K, committed 640K, reserved 1048576K
Event: 12.230 GC heap after
Heap after GC invocations=3 (full 0):
 PSYoungGen      total 68608K, used 5114K [0x00000000eab00000, 0x00000000f3100000, 0x0000000100000000)
  eden space 63488K, 0% used [0x00000000eab00000,0x00000000eab00000,0x00000000ee900000)
  from space 5120K, 99% used [0x00000000ee900000,0x00000000eedfe938,0x00000000eee00000)
  to   space 5120K, 0% used [0x00000000f2c00000,0x00000000f2c00000,0x00000000f3100000)
 ParOldGen       total 84992K, used 13501K [0x00000000c0000000, 0x00000000c5300000, 0x00000000eab00000)
  object space 84992K, 15% used [0x00000000c0000000,0x00000000c0d2f750,0x00000000c5300000)
 Metaspace       used 6203K, capacity 7152K, committed 7296K, reserved 1056768K
  class space    used 591K, capacity 616K, committed 640K, reserved 1048576K
}

Deoptimization events (10 events):
Event: 10.184 Thread 0x0000000055898800 Uncommon trap: reason=bimorphic action=maybe_recompile pc=0x0000000001b80f44 method=com.android.dx.ssa.SCCP.simulatePhi(Lcom/android/dx/ssa/PhiInsn;)V @ 124
Event: 10.184 Thread 0x0000000055898800 Uncommon trap: reason=bimorphic action=maybe_recompile pc=0x0000000001b2c888 method=com.android.dx.ssa.LiteralOpUpgrader.tryReplacingWithConstant(Lcom/android/dx/ssa/NormalSsaInsn;)Z @ 62
Event: 11.209 Thread 0x000000005589c000 Uncommon trap: reason=bimorphic action=maybe_recompile pc=0x0000000001b80f44 method=com.android.dx.ssa.SCCP.simulatePhi(Lcom/android/dx/ssa/PhiInsn;)V @ 124
Event: 11.210 Thread 0x000000005589c000 Uncommon trap: reason=bimorphic action=maybe_recompile pc=0x0000000001b9c528 method=com.android.dx.ssa.SCCP.simulatePhi(Lcom/android/dx/ssa/PhiInsn;)V @ 124
Event: 11.217 Thread 0x000000005589c000 Uncommon trap: reason=bimorphic action=maybe_recompile pc=0x0000000001b80f44 method=com.android.dx.ssa.SCCP.simulatePhi(Lcom/android/dx/ssa/PhiInsn;)V @ 124
Event: 12.814 Thread 0x0000000000e0f000 Uncommon trap: reason=unloaded action=reinterpret pc=0x0000000001b070a0 method=com.android.dx.cf.cst.ConstantPoolParser.parse0(ILjava/util/BitSet;)Lcom/android/dx/rop/cst/Constant; @ 220
Event: 14.655 Thread 0x0000000000e0f000 Uncommon trap: reason=unstable_if action=reinterpret pc=0x0000000001df1d18 method=com.android.dx.cf.direct.StdAttributeFactory.parse0(Lcom/android/dx/cf/direct/DirectClassFile;ILjava/lang/String;IILcom/android/dx/cf/iface/ParseObserver;)Lcom/android/dx/cf/ì5dñ¨-@
Event: 14.830 Thread 0x000000005589c000 Uncommon trap: reason=unstable_if action=reinterpret pc=0x0000000001e7bc70 method=java.util.HashMap.putVal(ILjava/lang/Object;Ljava/lang/Object;ZZ)Ljava/lang/Object; @ 162
Event: 14.830 Thread 0x000000005589c000 Uncommon trap: reason=unstable_if action=reinterpret pc=0x0000000001bc52e4 method=java.util.HashMap.putVal(ILjava/lang/Object;Ljava/lang/Object;ZZ)Ljava/lang/Object; @ 162
Event: 14.830 Thread 0x000000005589c000 Uncommon trap: reason=unstable_if action=reinterpret pc=0x00000000018bf544 method=java.util.HashMap.getNode(ILjava/lang/Object;)Ljava/util/HashMap$Node; @ 84

Internal exceptions (5 events):
Event: 0.137 Thread 0x0000000000e0f000 Exception <a 'java/lang/NoSuchMethodError': Method sun.misc.Unsafe.defineClass(Ljava/lang/String;[BII)Ljava/lang/Class; name or signature does not match> (0x00000000eab07cc0) thrown at [C:\re\workspace\8-2-build-windows-amd64-cygwin\jdk8u101\7261\hotspot\sÝåôLö™Á?
Event: 0.138 Thread 0x0000000000e0f000 Exception <a 'java/lang/NoSuchMethodError': Method sun.misc.Unsafe.prefetchRead(Ljava/lang/Object;J)V name or signature does not match> (0x00000000eab07fa8) thrown at [C:\re\workspace\8-2-build-windows-amd64-cygwin\jdk8u101\7261\hotspot\src\share\vm\prims\°NkU@
Event: 4.083 Thread 0x000000005589c000 Implicit null exception at 0x00000000018b4939 to 0x00000000018b6c99
Event: 4.084 Thread 0x000000005589c000 Implicit null exception at 0x00000000018f8598 to 0x00000000018fa4b1
Event: 4.173 Thread 0x0000000055898800 Implicit null exception at 0x0000000001868692 to 0x000000000186878a

Events (10 events):
Event: 14.655 Thread 0x0000000000e0f000 DEOPT UNPACKING pc=0x00000000014c582a sp=0x00000000011ae888 mode 2
Event: 14.830 Thread 0x000000005589c000 Uncommon trap: trap_request=0xffffff65 fr.pc=0x0000000001e7bc70
Event: 14.830 Thread 0x000000005589c000 DEOPT PACKING pc=0x0000000001e7bc70 sp=0x00000000554ce6f0
Event: 14.830 Thread 0x000000005589c000 DEOPT UNPACKING pc=0x00000000014c582a sp=0x00000000554ce5a8 mode 2
Event: 14.830 Thread 0x000000005589c000 Uncommon trap: trap_request=0xffffff65 fr.pc=0x0000000001bc52e4
Event: 14.830 Thread 0x000000005589c000 DEOPT PACKING pc=0x0000000001bc52e4 sp=0x00000000554ce5d0
Event: 14.830 Thread 0x000000005589c000 DEOPT UNPACKING pc=0x00000000014c582a sp=0x00000000554ce558 mode 2
Event: 14.830 Thread 0x000000005589c000 Uncommon trap: trap_request=0xffffff65 fr.pc=0x00000000018bf544
Event: 14.830 Thread 0x000000005589c000 DEOPT PACKING pc=0x00000000018bf544 sp=0x00000000554ce660
Event: 14.830 Thread 0x000000005589c000 DEOPT UNPACKING pc=0x00000000014c582a sp=0x00000000554ce5e8 mode 2


Dynamic libraries:
0x000000013fff0000 - 0x0000000140027000 	C:\Program Files\Java\jdk1.8.0_101\bin\java.exe
0x0000000077a10000 - 0x0000000077bba000 	C:\Windows\SYSTEM32\ntdll.dll
0x00000000778f0000 - 0x0000000077a0f000 	C:\Windows\system32\kernel32.dll
0x000007fefd780000 - 0x000007fefd7ea000 	C:\Windows\system32\KERNELBASE.dll
0x000007fefde20000 - 0x000007fefdefb000 	C:\Windows\system32\ADVAPI32.dll
0x000007feff590000 - 0x000007feff62f000 	C:\Windows\system32\msvcrt.dll
0x000007fefe200000 - 0x000007fefe21f000 	C:\Windows\SYSTEM32\sechost.dll
0x000007feff390000 - 0x000007feff4bd000 	C:\Windows\system32\RPCRT4.dll
0x00000000777f0000 - 0x00000000778ea000 	C:\Windows\system32\USER32.dll
0x000007feff240000 - 0x000007feff2a7000 	C:\Windows\system32\GDI32.dll
0x000007fefdd40000 - 0x000007fefdd4e000 	C:\Windows\system32\LPK.dll
0x000007fefdd50000 - 0x000007fefde1a000 	C:\Windows\system32\USP10.dll
0x000007fefbb10000 - 0x000007fefbd04000 	C:\Windows\WinSxS\amd64_microsoft.windows.common-controls_6595b64144ccf1df_6.0.7601.18837_none_fa3b1e3d17594757\COMCTL32.dll
0x000007fefdb30000 - 0x000007fefdba1000 	C:\Windows\system32\SHLWAPI.dll
0x000007fefdb00000 - 0x000007fefdb2e000 	C:\Windows\system32\IMM32.DLL
0x000007feffb70000 - 0x000007feffc79000 	C:\Windows\system32\MSCTF.dll
0x0000000078d90000 - 0x0000000078e62000 	C:\Program Files\Java\jdk1.8.0_101\jre\bin\msvcr100.dll
0x0000000070150000 - 0x00000000709ea000 	C:\Program Files\Java\jdk1.8.0_101\jre\bin\server\jvm.dll
0x000007fef9d10000 - 0x000007fef9d19000 	C:\Windows\system32\WSOCK32.dll
0x000007feff4c0000 - 0x000007feff50d000 	C:\Windows\system32\WS2_32.dll
0x000007feff230000 - 0x000007feff238000 	C:\Windows\system32\NSI.dll
0x000007fefa2b0000 - 0x000007fefa2eb000 	C:\Windows\system32\WINMM.dll
0x000007fefc670000 - 0x000007fefc67c000 	C:\Windows\system32\VERSION.dll
0x0000000077be0000 - 0x0000000077be7000 	C:\Windows\system32\PSAPI.DLL
0x00000000696b0000 - 0x00000000696bf000 	C:\Program Files\Java\jdk1.8.0_101\jre\bin\verify.dll
0x0000000069680000 - 0x00000000696a9000 	C:\Program Files\Java\jdk1.8.0_101\jre\bin\java.dll
0x0000000069660000 - 0x0000000069676000 	C:\Program Files\Java\jdk1.8.0_101\jre\bin\zip.dll
0x000007fefe2c0000 - 0x000007feff04a000 	C:\Windows\system32\SHELL32.dll
0x000007feff900000 - 0x000007feffb03000 	C:\Windows\system32\ole32.dll
0x000007fefd740000 - 0x000007fefd74f000 	C:\Windows\system32\profapi.dll

VM Arguments:
jvm_args: -Djava.awt.headless=true -Xmx1024M -Dfile.encoding=windows-1252 -Duser.country=US -Duser.language=en -Duser.variant 
java_command: com.android.dx.command.Main --dex --num-threads=4 --output C:\Pitonew\Android-Pitonew\app\build\intermediates\pre-dexed\debug\com.android.support-support-compat-24.2.1_933635b9c04e8ecea9499d5df72af741c04aa01b.jar C:\Pitonew\Android-Pitonew\app\build\intermediates\exploded-aar\com.android.support\support-compat\24.2.1\jars\classes.jar
java_class_path (initial): C:\Users\jco\AppData\Local\Android\sdk\build-tools\24.0.2\lib\dx.jar
Launcher Type: SUN_STANDARD

Environment Variables:
JAVA_HOME=C:\Program Files\Java\jre1.8.0_111
PATH=C:\ProgramData\Oracle\Java\javapath;C:\Windows\system32;C:\Windows;C:\Windows\System32\Wbem;C:\Windows\System32\WindowsPowerShell\v1.0\;C:\Windows\CCM;C:\Program Files (x86)\WebEx\Productivity Tools;C:\Program Files\Microsoft SQL Server\Client SDK\ODBC\110\Tools\Binn\;C:\Program Files (x86)\Microsoft SQL Server\120\Tools\Binn\;C:\Program Files\Microsoft SQL Server\120\Tools\Binn\;C:\Program Files\Microsoft SQL Server\120\DTS\Binn\;C:\Program Files (x86)\WebEx\PTools020000000;C:\Program Files\TortoiseHg\;C:\RailsInstaller\Git\cmd;C:\RailsInstaller\nodejs\;C:\Program Files (x86)\Heroku\bin;C:\Program Files (x86)\git\cmd;C:\Program Files (x86)\Git\cmd;C:\Program Files (x86)\Brackets\command;C:\Program Files (x86)\nodejs\;C:\Program Files (x86)\Microsoft SQL Server\120\Tools\Binn\ManagementStudio\;C:\Program Files (x86)\Microsoft SQL Server\120\DTS\Binn\;C:\RailsInstaller\Git\cmd;C:\Quality Assurance\jruby-1.7.26\bin;c:\Python27;C:\Program Files\Mercurial;C:\Users\jco\AppData\Roaming\npm;C:\Users\jco\Downloads\apache-maven-3.3.9-bin\apache-maven-3.3.9\bin;C:\Users\jco\AppData\Local\Box\Box Edit\
USERNAME=jco
OS=Windows_NT
PROCESSOR_IDENTIFIER=Intel64 Family 6 Model 61 Stepping 4, GenuineIntel



---------------  S Y S T E M  ---------------

OS: Windows 7 , 64 bit Build 7601 (6.1.7601.23572)

CPU:total 4 (2 cores per cpu, 2 threads per core) family 6 model 61 stepping 4, cmov, cx8, fxsr, mmx, sse, sse2, sse3, ssse3, sse4.1, sse4.2, popcnt, avx, avx2, aes, clmul, erms, 3dnowpref, lzcnt, ht, tsc, tscinvbit, bmi1, bmi2, adx

Memory: 4k page, physical 8077544k(564176k free), swap 17729344k(5308k free)

vm_info: Java HotSpot(TM) 64-Bit Server VM (25.101-b13) for windows-amd64 JRE (1.8.0_101-b13), built on Jun 22 2016 01:21:29 by "java_re" with MS VC++ 10.0 (VS2010)

time: Fri Mar 03 14:53:48 2017
elapsed time: 14 seconds (0d 0h 0m 14s)

