#
# There is insufficient memory for the Java Runtime Environment to continue.
# Native memory allocation (malloc) failed to allocate 509168 bytes for Chunk::new
# Possible reasons:
#   The system is out of physical RAM or swap space
#   In 32 bit mode, the process size limit was hit
# Possible solutions:
#   Reduce memory load on the system
#   Increase physical memory or swap space
#   Check if swap backing store is full
#   Use 64 bit Java on a 64 bit OS
#   Decrease Java heap size (-Xmx/-Xms)
#   Decrease number of Java threads
#   Decrease Java thread stack sizes (-Xss)
#   Set larger code cache with -XX:ReservedCodeCacheSize=
# This output file may be truncated or incomplete.
#
#  Out of Memory Error (allocation.cpp:390), pid=14732, tid=0x0000000000003ae4
#
# JRE version: Java(TM) SE Runtime Environment (8.0_101-b13) (build 1.8.0_101-b13)
# Java VM: Java HotSpot(TM) 64-Bit Server VM (25.101-b13 mixed mode windows-amd64 compressed oops)
# Failed to write core dump. Minidumps are not enabled by default on client versions of Windows
#

---------------  T H R E A D  ---------------

Current thread (0x0000000053bf7800):  JavaThread "C2 CompilerThread0" daemon [_thread_in_native, id=15076, stack(0x00000000551e0000,0x00000000552e0000)]

Stack: [0x00000000551e0000,0x00000000552e0000]
[error occurred during error reporting (printing stack bounds), id 0xc0000005]

Native frames: (J=compiled Java code, j=interpreted, Vv=VM code, C=native code)


Current CompileTask:
C2:   2644 1468   !   4       com.android.dx.cf.cst.ConstantPoolParser::parse0 (731 bytes)


---------------  P R O C E S S  ---------------

Java Threads: ( => current thread )
  0x0000000055988800 JavaThread "pool-1-thread-4" [_thread_blocked, id=17304, stack(0x0000000056150000,0x0000000056250000)]
  0x0000000055984000 JavaThread "pool-1-thread-3" [_thread_blocked, id=17196, stack(0x0000000056030000,0x0000000056130000)]
  0x000000005597c000 JavaThread "pool-1-thread-2" [_thread_blocked, id=12952, stack(0x00000000554a0000,0x00000000555a0000)]
  0x000000005595b800 JavaThread "pool-2-thread-1" [_thread_blocked, id=7540, stack(0x0000000055ee0000,0x0000000055fe0000)]
  0x0000000055961000 JavaThread "pool-1-thread-1" [_thread_blocked, id=6744, stack(0x0000000054ae0000,0x0000000054be0000)]
  0x000000005571b000 JavaThread "Service Thread" daemon [_thread_blocked, id=5860, stack(0x0000000055bd0000,0x0000000055cd0000)]
  0x0000000053bfa800 JavaThread "C1 CompilerThread2" daemon [_thread_blocked, id=9532, stack(0x00000000555e0000,0x00000000556e0000)]
  0x0000000053bf9800 JavaThread "C2 CompilerThread1" daemon [_thread_in_native, id=14152, stack(0x00000000553a0000,0x00000000554a0000)]
=>0x0000000053bf7800 JavaThread "C2 CompilerThread0" daemon [_thread_in_native, id=15076, stack(0x00000000551e0000,0x00000000552e0000)]
  0x0000000053bf3000 JavaThread "Attach Listener" daemon [_thread_blocked, id=16072, stack(0x00000000550e0000,0x00000000551e0000)]
  0x0000000053bef800 JavaThread "Signal Dispatcher" daemon [_thread_blocked, id=4520, stack(0x0000000054f50000,0x0000000055050000)]
  0x0000000053bd4000 JavaThread "Finalizer" daemon [_thread_blocked, id=4772, stack(0x0000000054e10000,0x0000000054f10000)]
  0x0000000053b92800 JavaThread "Reference Handler" daemon [_thread_blocked, id=16136, stack(0x0000000054d00000,0x0000000054e00000)]
  0x0000000000dcf000 JavaThread "main" [_thread_blocked, id=17200, stack(0x0000000001060000,0x0000000001160000)]

Other Threads:
  0x0000000053b8b000 VMThread [stack: 0x0000000054c00000,0x0000000054d00000] [id=1460]
  0x0000000055778000 WatcherThread [stack: 0x0000000055dd0000,0x0000000055ed0000] [id=16356]

VM state:not at safepoint (normal execution)

VM Mutex/Monitor currently owned by a thread:  ([mutex/lock_event])
[0x0000000000dccfb0] Heap_lock - owner thread: 0x0000000055961000

Heap:
 PSYoungGen      total 68608K, used 5108K [0x00000000eab00000, 0x00000000ef300000, 0x0000000100000000)
  eden space 63488K, 0% used [0x00000000eab00000,0x00000000eab00030,0x00000000ee900000)
  from space 5120K, 99% used [0x00000000eee00000,0x00000000ef2fd2a8,0x00000000ef300000)
  to   space 5120K, 0% used [0x00000000ee900000,0x00000000ee900000,0x00000000eee00000)
 ParOldGen       total 84992K, used 4982K [0x00000000c0000000, 0x00000000c5300000, 0x00000000eab00000)
  object space 84992K, 5% used [0x00000000c0000000,0x00000000c04dd9e8,0x00000000c5300000)
 Metaspace       used 6082K, capacity 7088K, committed 7296K, reserved 1056768K
  class space    used 593K, capacity 616K, committed 640K, reserved 1048576K

Card table byte_map: [0x00000000107f0000,0x0000000010a00000] byte_map_base: 0x00000000101f0000

Marking Bits: (ParMarkBitMap*) 0x000000007096a6d0
 Begin Bits: [0x0000000011000000, 0x0000000012000000)
 End Bits:   [0x0000000012000000, 0x0000000013000000)

Polling page: 0x00000000001a0000

CodeCache: size=245760Kb used=6286Kb max_used=6309Kb free=239473Kb
 bounds [0x0000000001430000, 0x0000000001a70000, 0x0000000010430000]
 total_blobs=1745 nmethods=1479 adapters=179
 compilation: enabled

Compilation events (10 events):
Event: 2.297 Thread 0x0000000053bf9800 nmethod 1478 0x0000000001a40a50 code [0x0000000001a40be0, 0x0000000001a410d8]
Event: 2.297 Thread 0x0000000053bf9800 1480       4       com.android.dx.cf.code.RopperMachine::getSources (264 bytes)
Event: 2.318 Thread 0x0000000053bfa800 1485       3       com.android.dx.cf.direct.DirectClassFile::getAccessFlags (9 bytes)
Event: 2.318 Thread 0x0000000053bfa800 nmethod 1485 0x0000000001a43a10 code [0x0000000001a43b80, 0x0000000001a43dc8]
Event: 2.318 Thread 0x0000000053bfa800 1486       3       com.android.dx.cf.iface.StdFieldList::get (9 bytes)
Event: 2.318 Thread 0x0000000053bfa800 nmethod 1486 0x0000000001a40510 code [0x0000000001a40680, 0x0000000001a40988]
Event: 2.318 Thread 0x0000000053bfa800 1487       3       com.android.dx.dex.file.EncodedField::<init> (25 bytes)
Event: 2.318 Thread 0x0000000053bfa800 nmethod 1487 0x0000000001a3ff10 code [0x0000000001a400a0, 0x0000000001a403c8]
Event: 2.400 Thread 0x0000000053bf9800 nmethod 1480 0x0000000001a59290 code [0x0000000001a59680, 0x0000000001a5c528]
Event: 2.400 Thread 0x0000000053bf9800 1479   !   4       com.android.dx.cf.code.RopperMachine::run (1550 bytes)

GC Heap History (4 events):
Event: 1.354 GC heap before
{Heap before GC invocations=1 (full 0):
 PSYoungGen      total 36864K, used 31744K [0x00000000eab00000, 0x00000000ed400000, 0x0000000100000000)
  eden space 31744K, 100% used [0x00000000eab00000,0x00000000eca00000,0x00000000eca00000)
  from space 5120K, 0% used [0x00000000ecf00000,0x00000000ecf00000,0x00000000ed400000)
  to   space 5120K, 0% used [0x00000000eca00000,0x00000000eca00000,0x00000000ecf00000)
 ParOldGen       total 84992K, used 0K [0x00000000c0000000, 0x00000000c5300000, 0x00000000eab00000)
  object space 84992K, 0% used [0x00000000c0000000,0x00000000c0000000,0x00000000c5300000)
 Metaspace       used 5853K, capacity 6896K, committed 7040K, reserved 1056768K
  class space    used 591K, capacity 616K, committed 640K, reserved 1048576K
Event: 1.486 GC heap after
Heap after GC invocations=1 (full 0):
 PSYoungGen      total 36864K, used 5099K [0x00000000eab00000, 0x00000000ef300000, 0x0000000100000000)
  eden space 31744K, 0% used [0x00000000eab00000,0x00000000eab00000,0x00000000eca00000)
  from space 5120K, 99% used [0x00000000eca00000,0x00000000ecefaca0,0x00000000ecf00000)
  to   space 5120K, 0% used [0x00000000eee00000,0x00000000eee00000,0x00000000ef300000)
 ParOldGen       total 84992K, used 1149K [0x00000000c0000000, 0x00000000c5300000, 0x00000000eab00000)
  object space 84992K, 1% used [0x00000000c0000000,0x00000000c011f480,0x00000000c5300000)
 Metaspace       used 5853K, capacity 6896K, committed 7040K, reserved 1056768K
  class space    used 591K, capacity 616K, committed 640K, reserved 1048576K
}
Event: 2.452 GC heap before
{Heap before GC invocations=2 (full 0):
 PSYoungGen      total 36864K, used 36843K [0x00000000eab00000, 0x00000000ef300000, 0x0000000100000000)
  eden space 31744K, 100% used [0x00000000eab00000,0x00000000eca00000,0x00000000eca00000)
  from space 5120K, 99% used [0x00000000eca00000,0x00000000ecefaca0,0x00000000ecf00000)
  to   space 5120K, 0% used [0x00000000eee00000,0x00000000eee00000,0x00000000ef300000)
 ParOldGen       total 84992K, used 1149K [0x00000000c0000000, 0x00000000c5300000, 0x00000000eab00000)
  object space 84992K, 1% used [0x00000000c0000000,0x00000000c011f480,0x00000000c5300000)
 Metaspace       used 6082K, capacity 7088K, committed 7296K, reserved 1056768K
  class space    used 593K, capacity 616K, committed 640K, reserved 1048576K
Event: 2.593 GC heap after
Heap after GC invocations=2 (full 0):
 PSYoungGen      total 68608K, used 5108K [0x00000000eab00000, 0x00000000ef300000, 0x0000000100000000)
  eden space 63488K, 0% used [0x00000000eab00000,0x00000000eab00000,0x00000000ee900000)
  from space 5120K, 99% used [0x00000000eee00000,0x00000000ef2fd2a8,0x00000000ef300000)
  to   space 5120K, 0% used [0x00000000ee900000,0x00000000ee900000,0x00000000eee00000)
 ParOldGen       total 84992K, used 4982K [0x00000000c0000000, 0x00000000c5300000, 0x00000000eab00000)
  object space 84992K, 5% used [0x00000000c0000000,0x00000000c04dd9e8,0x00000000c5300000)
 Metaspace       used 6082K, capacity 7088K, committed 7296K, reserved 1056768K
  class space    used 593K, capacity 616K, committed 640K, reserved 1048576K
}

Deoptimization events (10 events):
Event: 1.993 Thread 0x0000000055988800 Uncommon trap: reason=bimorphic action=maybe_recompile pc=0x000000000187fd14 method=java.util.HashMap.getNode(ILjava/lang/Object;)Ljava/util/HashMap$Node; @ 126
Event: 1.993 Thread 0x0000000055988800 Uncommon trap: reason=bimorphic action=maybe_recompile pc=0x000000000187fd14 method=java.util.HashMap.getNode(ILjava/lang/Object;)Ljava/util/HashMap$Node; @ 126
Event: 2.009 Thread 0x0000000055988800 Uncommon trap: reason=bimorphic action=maybe_recompile pc=0x000000000187fd14 method=java.util.HashMap.getNode(ILjava/lang/Object;)Ljava/util/HashMap$Node; @ 126
Event: 2.009 Thread 0x0000000055988800 Uncommon trap: reason=class_check action=maybe_recompile pc=0x000000000184bb04 method=java.util.HashMap.putVal(ILjava/lang/Object;Ljava/lang/Object;ZZ)Ljava/lang/Object; @ 203
Event: 2.009 Thread 0x0000000055988800 Uncommon trap: reason=bimorphic action=maybe_recompile pc=0x000000000187fd14 method=java.util.HashMap.getNode(ILjava/lang/Object;)Ljava/util/HashMap$Node; @ 126
Event: 2.009 Thread 0x0000000055988800 Uncommon trap: reason=class_check action=maybe_recompile pc=0x000000000184bb04 method=java.util.HashMap.putVal(ILjava/lang/Object;Ljava/lang/Object;ZZ)Ljava/lang/Object; @ 203
Event: 2.009 Thread 0x0000000055988800 Uncommon trap: reason=class_check action=maybe_recompile pc=0x000000000184bb04 method=java.util.HashMap.putVal(ILjava/lang/Object;Ljava/lang/Object;ZZ)Ljava/lang/Object; @ 203
Event: 2.044 Thread 0x0000000055961000 Uncommon trap: reason=unstable_if action=reinterpret pc=0x000000000176e95c method=com.android.dx.rop.code.RegisterSpecSet.put(Lcom/android/dx/rop/code/RegisterSpec;)V @ 77
Event: 2.044 Thread 0x0000000055961000 Uncommon trap: reason=unstable_if action=reinterpret pc=0x00000000017f3ad8 method=com.android.dx.rop.code.RegisterSpecSet.put(Lcom/android/dx/rop/code/RegisterSpec;)V @ 77
Event: 2.057 Thread 0x0000000055961000 Uncommon trap: reason=unstable_if action=reinterpret pc=0x00000000018a3184 method=com.android.dx.rop.code.RegisterSpec.equals(ILcom/android/dx/rop/type/TypeBearer;Lcom/android/dx/rop/code/LocalItem;)Z @ 42

Internal exceptions (3 events):
Event: 0.098 Thread 0x0000000000dcf000 Exception <a 'java/lang/NoSuchMethodError': Method sun.misc.Unsafe.defineClass(Ljava/lang/String;[BII)Ljava/lang/Class; name or signature does not match> (0x00000000eab07cc0) thrown at [C:\re\workspace\8-2-build-windows-amd64-cygwin\jdk8u101\7261\hotspot\slo×žI0¹?
Event: 0.098 Thread 0x0000000000dcf000 Exception <a 'java/lang/NoSuchMethodError': Method sun.misc.Unsafe.prefetchRead(Ljava/lang/Object;J)V name or signature does not match> (0x00000000eab07fa8) thrown at [C:\re\workspace\8-2-build-windows-amd64-cygwin\jdk8u101\7261\hotspot\src\share\vm\prims\@
Event: 1.535 Thread 0x0000000055988800 Implicit null exception at 0x00000000018307d2 to 0x00000000018308ca

Events (10 events):
Event: 2.044 Thread 0x0000000055961000 DEOPT UNPACKING pc=0x000000000147582a sp=0x0000000054bdeb30 mode 2
Event: 2.057 Thread 0x0000000055961000 Uncommon trap: trap_request=0xffffff65 fr.pc=0x00000000018a3184
Event: 2.057 Thread 0x0000000055961000 DEOPT PACKING pc=0x00000000018a3184 sp=0x0000000054bdebe0
Event: 2.057 Thread 0x0000000055961000 DEOPT UNPACKING pc=0x000000000147582a sp=0x0000000054bdeb68 mode 2
Event: 2.073 Thread 0x0000000055961000 DEOPT PACKING pc=0x00000000018a4d17 sp=0x0000000054bdebb0
Event: 2.073 Thread 0x0000000055961000 DEOPT UNPACKING pc=0x000000000147787f sp=0x0000000054bde9e0 mode 0
Event: 2.318 Executing VM operation: ForceSafepoint
Event: 2.319 Executing VM operation: ForceSafepoint done
Event: 2.452 Executing VM operation: ParallelGCFailedAllocation
Event: 2.593 Executing VM operation: ParallelGCFailedAllocation done


Dynamic libraries:
0x000000013fff0000 - 0x0000000140027000 	C:\Program Files\Java\jdk1.8.0_101\bin\java.exe
0x0000000077a10000 - 0x0000000077bba000 	C:\Windows\SYSTEM32\ntdll.dll
0x00000000778f0000 - 0x0000000077a0f000 	C:\Windows\system32\kernel32.dll
0x000007fefd780000 - 0x000007fefd7ea000 	C:\Windows\system32\KERNELBASE.dll
0x000007fefde20000 - 0x000007fefdefb000 	C:\Windows\system32\ADVAPI32.dll
0x000007feff590000 - 0x000007feff62f000 	C:\Windows\system32\msvcrt.dll
0x000007fefe200000 - 0x000007fefe21f000 	C:\Windows\SYSTEM32\sechost.dll
0x000007feff390000 - 0x000007feff4bd000 	C:\Windows\system32\RPCRT4.dll
0x00000000777f0000 - 0x00000000778ea000 	C:\Windows\system32\USER32.dll
0x000007feff240000 - 0x000007feff2a7000 	C:\Windows\system32\GDI32.dll
0x000007fefdd40000 - 0x000007fefdd4e000 	C:\Windows\system32\LPK.dll
0x000007fefdd50000 - 0x000007fefde1a000 	C:\Windows\system32\USP10.dll
0x000007fefbb10000 - 0x000007fefbd04000 	C:\Windows\WinSxS\amd64_microsoft.windows.common-controls_6595b64144ccf1df_6.0.7601.18837_none_fa3b1e3d17594757\COMCTL32.dll
0x000007fefdb30000 - 0x000007fefdba1000 	C:\Windows\system32\SHLWAPI.dll
0x000007fefdb00000 - 0x000007fefdb2e000 	C:\Windows\system32\IMM32.DLL
0x000007feffb70000 - 0x000007feffc79000 	C:\Windows\system32\MSCTF.dll
0x0000000078d90000 - 0x0000000078e62000 	C:\Program Files\Java\jdk1.8.0_101\jre\bin\msvcr100.dll
0x0000000070150000 - 0x00000000709ea000 	C:\Program Files\Java\jdk1.8.0_101\jre\bin\server\jvm.dll
0x000007fef9d10000 - 0x000007fef9d19000 	C:\Windows\system32\WSOCK32.dll
0x000007feff4c0000 - 0x000007feff50d000 	C:\Windows\system32\WS2_32.dll
0x000007feff230000 - 0x000007feff238000 	C:\Windows\system32\NSI.dll
0x000007fefa2b0000 - 0x000007fefa2eb000 	C:\Windows\system32\WINMM.dll
0x000007fefc670000 - 0x000007fefc67c000 	C:\Windows\system32\VERSION.dll
0x0000000077be0000 - 0x0000000077be7000 	C:\Windows\system32\PSAPI.DLL
0x00000000696b0000 - 0x00000000696bf000 	C:\Program Files\Java\jdk1.8.0_101\jre\bin\verify.dll
0x0000000069680000 - 0x00000000696a9000 	C:\Program Files\Java\jdk1.8.0_101\jre\bin\java.dll
0x0000000069660000 - 0x0000000069676000 	C:\Program Files\Java\jdk1.8.0_101\jre\bin\zip.dll
0x000007fefe2c0000 - 0x000007feff04a000 	C:\Windows\system32\SHELL32.dll
0x000007feff900000 - 0x000007feffb03000 	C:\Windows\system32\ole32.dll
0x000007fefd740000 - 0x000007fefd74f000 	C:\Windows\system32\profapi.dll

VM Arguments:
jvm_args: -Djava.awt.headless=true -Xmx1024M -Dfile.encoding=windows-1252 -Duser.country=US -Duser.language=en -Duser.variant 
java_command: com.android.dx.command.Main --dex --num-threads=4 --output C:\Pitonew\Android-Pitonew\app\build\intermediates\pre-dexed\debug\com.android.support-design-24.2.1_ffa71c38aff5cc104019487eec5e6c10b57d6f6f.jar C:\Pitonew\Android-Pitonew\app\build\intermediates\exploded-aar\com.android.support\design\24.2.1\jars\classes.jar
java_class_path (initial): C:\Users\jco\AppData\Local\Android\sdk\build-tools\24.0.2\lib\dx.jar
Launcher Type: SUN_STANDARD

Environment Variables:
JAVA_HOME=C:\Program Files\Java\jre1.8.0_111
PATH=C:\ProgramData\Oracle\Java\javapath;C:\Windows\system32;C:\Windows;C:\Windows\System32\Wbem;C:\Windows\System32\WindowsPowerShell\v1.0\;C:\Windows\CCM;C:\Program Files (x86)\WebEx\Productivity Tools;C:\Program Files\Microsoft SQL Server\Client SDK\ODBC\110\Tools\Binn\;C:\Program Files (x86)\Microsoft SQL Server\120\Tools\Binn\;C:\Program Files\Microsoft SQL Server\120\Tools\Binn\;C:\Program Files\Microsoft SQL Server\120\DTS\Binn\;C:\Program Files (x86)\WebEx\PTools020000000;C:\Program Files\TortoiseHg\;C:\RailsInstaller\Git\cmd;C:\RailsInstaller\nodejs\;C:\Program Files (x86)\Heroku\bin;C:\Program Files (x86)\git\cmd;C:\Program Files (x86)\Git\cmd;C:\Program Files (x86)\Brackets\command;C:\Program Files (x86)\nodejs\;C:\Program Files (x86)\Microsoft SQL Server\120\Tools\Binn\ManagementStudio\;C:\Program Files (x86)\Microsoft SQL Server\120\DTS\Binn\;C:\RailsInstaller\Git\cmd;C:\Quality Assurance\jruby-1.7.26\bin;c:\Python27;C:\Program Files\Mercurial;C:\Users\jco\AppData\Roaming\npm;C:\Users\jco\Downloads\apache-maven-3.3.9-bin\apache-maven-3.3.9\bin;C:\Users\jco\AppData\Local\Box\Box Edit\
USERNAME=jco
OS=Windows_NT
PROCESSOR_IDENTIFIER=Intel64 Family 6 Model 61 Stepping 4, GenuineIntel



---------------  S Y S T E M  ---------------

OS: Windows 7 , 64 bit Build 7601 (6.1.7601.23572)

CPU:total 4 (2 cores per cpu, 2 threads per core) family 6 model 61 stepping 4, cmov, cx8, fxsr, mmx, sse, sse2, sse3, ssse3, sse4.1, sse4.2, popcnt, avx, avx2, aes, clmul, erms, 3dnowpref, lzcnt, ht, tsc, tscinvbit, bmi1, bmi2, adx

Memory: 4k page, physical 8077544k(564548k free), swap 17729344k(5376k free)

vm_info: Java HotSpot(TM) 64-Bit Server VM (25.101-b13) for windows-amd64 JRE (1.8.0_101-b13), built on Jun 22 2016 01:21:29 by "java_re" with MS VC++ 10.0 (VS2010)

time: Fri Mar 03 14:53:48 2017
elapsed time: 2 seconds (0d 0h 0m 2s)

