#
# There is insufficient memory for the Java Runtime Environment to continue.
# Native memory allocation (malloc) failed to allocate 450480 bytes for Chunk::new
# Possible reasons:
#   The system is out of physical RAM or swap space
#   In 32 bit mode, the process size limit was hit
# Possible solutions:
#   Reduce memory load on the system
#   Increase physical memory or swap space
#   Check if swap backing store is full
#   Use 64 bit Java on a 64 bit OS
#   Decrease Java heap size (-Xmx/-Xms)
#   Decrease number of Java threads
#   Decrease Java thread stack sizes (-Xss)
#   Set larger code cache with -XX:ReservedCodeCacheSize=
# This output file may be truncated or incomplete.
#
#  Out of Memory Error (allocation.cpp:390), pid=15948, tid=0x00000000000041a0
#
# JRE version: Java(TM) SE Runtime Environment (8.0_101-b13) (build 1.8.0_101-b13)
# Java VM: Java HotSpot(TM) 64-Bit Server VM (25.101-b13 mixed mode windows-amd64 compressed oops)
# Failed to write core dump. Minidumps are not enabled by default on client versions of Windows
#

---------------  T H R E A D  ---------------

Current thread (0x0000000054f77800):  JavaThread "C2 CompilerThread1" daemon [_thread_in_native, id=16800, stack(0x0000000055820000,0x0000000055920000)]

Stack: [0x0000000055820000,0x0000000055920000]
[error occurred during error reporting (printing stack bounds), id 0xc0000005]

Native frames: (J=compiled Java code, j=interpreted, Vv=VM code, C=native code)


Current CompileTask:
C2:   3805 1224       4       com.android.dx.ssa.SCCP::simulatePhi (169 bytes)


---------------  P R O C E S S  ---------------

Java Threads: ( => current thread )
  0x00000000550e4000 JavaThread "pool-2-thread-4" [_thread_blocked, id=17280, stack(0x0000000056500000,0x0000000056600000)]
  0x00000000550df800 JavaThread "pool-2-thread-3" [_thread_in_vm, id=11444, stack(0x0000000055e00000,0x0000000055f00000)]
  0x00000000550d9000 JavaThread "pool-2-thread-2" [_thread_blocked, id=13164, stack(0x0000000056210000,0x0000000056310000)]
  0x00000000550d6000 JavaThread "pool-3-thread-1" [_thread_blocked, id=7160, stack(0x00000000560f0000,0x00000000561f0000)]
  0x00000000550c4800 JavaThread "pool-2-thread-1" [_thread_blocked, id=17068, stack(0x0000000055f00000,0x0000000056000000)]
  0x0000000054fd9800 JavaThread "Service Thread" daemon [_thread_blocked, id=17816, stack(0x0000000055c20000,0x0000000055d20000)]
  0x0000000054f88800 JavaThread "C1 CompilerThread2" daemon [_thread_blocked, id=18344, stack(0x0000000055b00000,0x0000000055c00000)]
=>0x0000000054f77800 JavaThread "C2 CompilerThread1" daemon [_thread_in_native, id=16800, stack(0x0000000055820000,0x0000000055920000)]
  0x0000000054f75800 JavaThread "C2 CompilerThread0" daemon [_thread_in_native, id=16772, stack(0x0000000055680000,0x0000000055780000)]
  0x0000000053d36800 JavaThread "Attach Listener" daemon [_thread_blocked, id=16420, stack(0x00000000554c0000,0x00000000555c0000)]
  0x0000000053d35800 JavaThread "Signal Dispatcher" daemon [_thread_blocked, id=16076, stack(0x00000000553a0000,0x00000000554a0000)]
  0x0000000053d1d000 JavaThread "Finalizer" daemon [_thread_blocked, id=14516, stack(0x0000000054db0000,0x0000000054eb0000)]
  0x0000000053cd6000 JavaThread "Reference Handler" daemon [_thread_blocked, id=16180, stack(0x0000000054b50000,0x0000000054c50000)]
  0x0000000000ddf000 JavaThread "main" [_thread_in_Java, id=18360, stack(0x0000000000ee0000,0x0000000000fe0000)]

Other Threads:
  0x0000000053cca800 VMThread [stack: 0x0000000054ca0000,0x0000000054da0000] [id=1528]
  0x0000000054fed000 WatcherThread [stack: 0x00000000559f0000,0x0000000055af0000] [id=7048]

VM state:not at safepoint (normal execution)

VM Mutex/Monitor currently owned by a thread: None

Heap:
 PSYoungGen      total 36864K, used 10400K [0x00000000eab00000, 0x00000000ed400000, 0x0000000100000000)
  eden space 31744K, 16% used [0x00000000eab00000,0x00000000eb02c0f8,0x00000000eca00000)
  from space 5120K, 99% used [0x00000000eca00000,0x00000000ecefc078,0x00000000ecf00000)
  to   space 5120K, 0% used [0x00000000ecf00000,0x00000000ecf00000,0x00000000ed400000)
 ParOldGen       total 84992K, used 870K [0x00000000c0000000, 0x00000000c5300000, 0x00000000eab00000)
  object space 84992K, 1% used [0x00000000c0000000,0x00000000c00d9910,0x00000000c5300000)
 Metaspace       used 5893K, capacity 6960K, committed 7040K, reserved 1056768K
  class space    used 590K, capacity 616K, committed 640K, reserved 1048576K

Card table byte_map: [0x0000000010670000,0x0000000010880000] byte_map_base: 0x0000000010070000

Marking Bits: (ParMarkBitMap*) 0x000000006fffa6d0
 Begin Bits: [0x0000000011140000, 0x0000000012140000)
 End Bits:   [0x0000000012140000, 0x0000000013140000)

Polling page: 0x0000000000210000

CodeCache: size=245760Kb used=5061Kb max_used=5067Kb free=240698Kb
 bounds [0x00000000012b0000, 0x00000000017b0000, 0x00000000102b0000]
 total_blobs=1512 nmethods=1249 adapters=176
 compilation: enabled

Compilation events (10 events):
Event: 3.630 Thread 0x0000000054f88800 1250       3       com.android.dx.cf.code.BaseMachine::auxTargetArg (6 bytes)
Event: 3.630 Thread 0x0000000054f88800 nmethod 1250 0x00000000017942d0 code [0x0000000001794420, 0x0000000001794570]
Event: 3.630 Thread 0x0000000054f88800 1251       3       com.android.dx.util.LabeledList::<init> (18 bytes)
Event: 3.631 Thread 0x0000000054f88800 nmethod 1251 0x0000000001793e10 code [0x0000000001793f80, 0x00000000017941d8]
Event: 3.668 Thread 0x0000000054f75800 nmethod 1252 0x00000000017a2bd0 code [0x00000000017a2dc0, 0x00000000017a41f8]
Event: 3.669 Thread 0x0000000054f75800 1253 %     4       com.android.dx.ssa.SsaMethod::deleteInsns @ 8 (239 bytes)
Event: 3.686 Thread 0x0000000054f75800 nmethod 1253% 0x00000000017a5610 code [0x00000000017a57e0, 0x00000000017a6238]
Event: 3.686 Thread 0x0000000054f75800 1254       4       com.android.dx.ssa.SCCP::simulateBranch (666 bytes)
Event: 3.730 Thread 0x0000000054f88800 1255       3       com.android.dx.dex.file.DexFile::internIfAppropriate (128 bytes)
Event: 3.731 Thread 0x0000000054f88800 nmethod 1255 0x00000000017a0b10 code [0x00000000017a0dc0, 0x00000000017a2578]

GC Heap History (2 events):
Event: 2.589 GC heap before
{Heap before GC invocations=1 (full 0):
 PSYoungGen      total 36864K, used 31744K [0x00000000eab00000, 0x00000000ed400000, 0x0000000100000000)
  eden space 31744K, 100% used [0x00000000eab00000,0x00000000eca00000,0x00000000eca00000)
  from space 5120K, 0% used [0x00000000ecf00000,0x00000000ecf00000,0x00000000ed400000)
  to   space 5120K, 0% used [0x00000000eca00000,0x00000000eca00000,0x00000000ecf00000)
 ParOldGen       total 84992K, used 0K [0x00000000c0000000, 0x00000000c5300000, 0x00000000eab00000)
  object space 84992K, 0% used [0x00000000c0000000,0x00000000c0000000,0x00000000c5300000)
 Metaspace       used 5869K, capacity 6960K, committed 7040K, reserved 1056768K
  class space    used 590K, capacity 616K, committed 640K, reserved 1048576K
Event: 3.428 GC heap after
Heap after GC invocations=1 (full 0):
 PSYoungGen      total 36864K, used 5104K [0x00000000eab00000, 0x00000000ed400000, 0x0000000100000000)
  eden space 31744K, 0% used [0x00000000eab00000,0x00000000eab00000,0x00000000eca00000)
  from space 5120K, 99% used [0x00000000eca00000,0x00000000ecefc078,0x00000000ecf00000)
  to   space 5120K, 0% used [0x00000000ecf00000,0x00000000ecf00000,0x00000000ed400000)
 ParOldGen       total 84992K, used 870K [0x00000000c0000000, 0x00000000c5300000, 0x00000000eab00000)
  object space 84992K, 1% used [0x00000000c0000000,0x00000000c00d9910,0x00000000c5300000)
 Metaspace       used 5869K, capacity 6960K, committed 7040K, reserved 1056768K
  class space    used 590K, capacity 616K, committed 640K, reserved 1048576K
}

Deoptimization events (10 events):
Event: 1.407 Thread 0x0000000000ddf000 Uncommon trap: reason=unstable_if action=reinterpret pc=0x00000000014d6020 method=java.util.BitSet.nextSetBit(I)I @ 87
Event: 1.748 Thread 0x00000000550c4800 Uncommon trap: reason=null_check action=make_not_entrant pc=0x000000000153dd40 method=com.android.dx.ssa.SsaRenamer.getLocalForNewReg(I)Lcom/android/dx/rop/code/LocalItem; @ 19
Event: 2.043 Thread 0x00000000550d9000 Uncommon trap: reason=null_check action=make_not_entrant pc=0x0000000001613518 method=com.android.dx.rop.type.Type.equals(Ljava/lang/Object;)Z @ 8
Event: 2.077 Thread 0x00000000550d9000 Uncommon trap: reason=unstable_if action=reinterpret pc=0x000000000161da84 method=com.android.dx.rop.cst.Constant.compareTo(Lcom/android/dx/rop/cst/Constant;)I @ 12
Event: 2.084 Thread 0x00000000550d9000 Uncommon trap: reason=bimorphic action=maybe_recompile pc=0x00000000014e5680 method=java.util.HashMap.getNode(ILjava/lang/Object;)Ljava/util/HashMap$Node; @ 126
Event: 2.084 Thread 0x00000000550d9000 Uncommon trap: reason=class_check action=maybe_recompile pc=0x00000000016fb0f4 method=java.util.HashMap.putVal(ILjava/lang/Object;Ljava/lang/Object;ZZ)Ljava/lang/Object; @ 203
Event: 2.330 Thread 0x00000000550d9000 Uncommon trap: reason=bimorphic action=maybe_recompile pc=0x0000000001751ef0 method=com.android.dx.ssa.SCCP.simulatePhi(Lcom/android/dx/ssa/PhiInsn;)V @ 124
Event: 2.330 Thread 0x00000000550d9000 Uncommon trap: reason=bimorphic action=maybe_recompile pc=0x0000000001751ef0 method=com.android.dx.ssa.SCCP.simulatePhi(Lcom/android/dx/ssa/PhiInsn;)V @ 124
Event: 2.330 Thread 0x00000000550d9000 Uncommon trap: reason=bimorphic action=maybe_recompile pc=0x0000000001751ef0 method=com.android.dx.ssa.SCCP.simulatePhi(Lcom/android/dx/ssa/PhiInsn;)V @ 124
Event: 2.333 Thread 0x00000000550d9000 Uncommon trap: reason=bimorphic action=maybe_recompile pc=0x0000000001751ef0 method=com.android.dx.ssa.SCCP.simulatePhi(Lcom/android/dx/ssa/PhiInsn;)V @ 124

Internal exceptions (4 events):
Event: 0.066 Thread 0x0000000000ddf000 Exception <a 'java/lang/NoSuchMethodError': Method sun.misc.Unsafe.defineClass(Ljava/lang/String;[BII)Ljava/lang/Class; name or signature does not match> (0x00000000eab07cc0) thrown at [C:\re\workspace\8-2-build-windows-amd64-cygwin\jdk8u101\7261\hotspot\soû#lý°?
Event: 0.066 Thread 0x0000000000ddf000 Exception <a 'java/lang/NoSuchMethodError': Method sun.misc.Unsafe.prefetchRead(Ljava/lang/Object;J)V name or signature does not match> (0x00000000eab07fa8) thrown at [C:\re\workspace\8-2-build-windows-amd64-cygwin\jdk8u101\7261\hotspot\src\share\vm\prims\æÞ ¤õû?
Event: 1.747 Thread 0x00000000550c4800 Implicit null exception at 0x000000000153c4d9 to 0x000000000153dcf5
Event: 2.043 Thread 0x00000000550d9000 Implicit null exception at 0x0000000001613412 to 0x000000000161350a

Events (10 events):
Event: 2.330 Thread 0x00000000550d9000 DEOPT UNPACKING pc=0x00000000012f582a sp=0x000000005630ee18 mode 2
Event: 2.333 Thread 0x00000000550d9000 Uncommon trap: trap_request=0xffffffc6 fr.pc=0x0000000001751ef0
Event: 2.333 Thread 0x00000000550d9000 DEOPT PACKING pc=0x0000000001751ef0 sp=0x000000005630ede0
Event: 2.333 Thread 0x00000000550d9000 DEOPT UNPACKING pc=0x00000000012f582a sp=0x000000005630ed98 mode 2
Event: 2.340 Executing VM operation: ParallelGCFailedAllocation
Event: 3.428 Executing VM operation: ParallelGCFailedAllocation done
Event: 3.750 Thread 0x0000000000ddf000 DEOPT PACKING pc=0x00000000015af771 sp=0x0000000000fde110
Event: 3.750 Thread 0x0000000000ddf000 DEOPT UNPACKING pc=0x00000000012f787f sp=0x0000000000fdded8 mode 0
Event: 3.760 Thread 0x0000000000ddf000 DEOPT PACKING pc=0x0000000001532145 sp=0x0000000000fde210
Event: 3.760 Thread 0x0000000000ddf000 DEOPT UNPACKING pc=0x00000000012f787f sp=0x0000000000fde000 mode 0


Dynamic libraries:
0x000000013fd70000 - 0x000000013fda7000 	C:\Program Files\Java\jdk1.8.0_101\bin\java.exe
0x0000000077560000 - 0x000000007770a000 	C:\Windows\SYSTEM32\ntdll.dll
0x0000000077440000 - 0x000000007755f000 	C:\Windows\system32\kernel32.dll
0x000007fefd2d0000 - 0x000007fefd33a000 	C:\Windows\system32\KERNELBASE.dll
0x000007feff0f0000 - 0x000007feff1cb000 	C:\Windows\system32\ADVAPI32.dll
0x000007fefedf0000 - 0x000007fefee8f000 	C:\Windows\system32\msvcrt.dll
0x000007fefed70000 - 0x000007fefed8f000 	C:\Windows\SYSTEM32\sechost.dll
0x000007fefe9b0000 - 0x000007fefeadd000 	C:\Windows\system32\RPCRT4.dll
0x0000000077340000 - 0x000000007743a000 	C:\Windows\system32\USER32.dll
0x000007feff800000 - 0x000007feff867000 	C:\Windows\system32\GDI32.dll
0x000007feff4b0000 - 0x000007feff4be000 	C:\Windows\system32\LPK.dll
0x000007fefee90000 - 0x000007fefef5a000 	C:\Windows\system32\USP10.dll
0x000007fefa8a0000 - 0x000007fefaa94000 	C:\Windows\WinSxS\amd64_microsoft.windows.common-controls_6595b64144ccf1df_6.0.7601.18837_none_fa3b1e3d17594757\COMCTL32.dll
0x000007feff4d0000 - 0x000007feff541000 	C:\Windows\system32\SHLWAPI.dll
0x000007feff7d0000 - 0x000007feff7fe000 	C:\Windows\system32\IMM32.DLL
0x000007fefec60000 - 0x000007fefed69000 	C:\Windows\system32\MSCTF.dll
0x0000000078dc0000 - 0x0000000078e92000 	C:\Program Files\Java\jdk1.8.0_101\jre\bin\msvcr100.dll
0x000000006f7e0000 - 0x000000007007a000 	C:\Program Files\Java\jdk1.8.0_101\jre\bin\server\jvm.dll
0x000007fef9b50000 - 0x000007fef9b59000 	C:\Windows\system32\WSOCK32.dll
0x000007feff550000 - 0x000007feff59d000 	C:\Windows\system32\WS2_32.dll
0x000007feff4c0000 - 0x000007feff4c8000 	C:\Windows\system32\NSI.dll
0x000007fefa230000 - 0x000007fefa26b000 	C:\Windows\system32\WINMM.dll
0x000007fefc1c0000 - 0x000007fefc1cc000 	C:\Windows\system32\VERSION.dll
0x0000000077720000 - 0x0000000077727000 	C:\Windows\system32\PSAPI.DLL
0x0000000074c70000 - 0x0000000074c7f000 	C:\Program Files\Java\jdk1.8.0_101\jre\bin\verify.dll
0x0000000074b80000 - 0x0000000074ba9000 	C:\Program Files\Java\jdk1.8.0_101\jre\bin\java.dll
0x0000000074b60000 - 0x0000000074b76000 	C:\Program Files\Java\jdk1.8.0_101\jre\bin\zip.dll
0x000007fefdc20000 - 0x000007fefe9aa000 	C:\Windows\system32\SHELL32.dll
0x000007feff5c0000 - 0x000007feff7c3000 	C:\Windows\system32\ole32.dll
0x000007fefd290000 - 0x000007fefd29f000 	C:\Windows\system32\profapi.dll

VM Arguments:
jvm_args: -Djava.awt.headless=true -Xmx1024M -Dfile.encoding=windows-1252 -Duser.country=US -Duser.language=en -Duser.variant 
java_command: com.android.dx.command.Main --dex --num-threads=4 --multi-dex --output C:\Pitonew\Android-Pitonew\app\build\intermediates\transforms\dex\debug\folders\1000\10\com.android.support-support-core-utils-24.2.1_7b843574c6fda73899a9cdd346cec355effffc43 C:\Pitonew\Android-Pitonew\app\build\intermediates\exploded-aar\com.android.support\support-core-utils\24.2.1\jars\classes.jar
java_class_path (initial): C:\Users\jco\AppData\Local\Android\sdk\build-tools\24.0.2\lib\dx.jar
Launcher Type: SUN_STANDARD

Environment Variables:
JAVA_HOME=C:\Program Files\Java\jre1.8.0_111
PATH=C:\ProgramData\Oracle\Java\javapath;C:\Windows\system32;C:\Windows;C:\Windows\System32\Wbem;C:\Windows\System32\WindowsPowerShell\v1.0\;C:\Windows\CCM;C:\Program Files (x86)\WebEx\Productivity Tools;C:\Program Files\Microsoft SQL Server\Client SDK\ODBC\110\Tools\Binn\;C:\Program Files (x86)\Microsoft SQL Server\120\Tools\Binn\;C:\Program Files\Microsoft SQL Server\120\Tools\Binn\;C:\Program Files\Microsoft SQL Server\120\DTS\Binn\;C:\Program Files (x86)\WebEx\PTools020000000;C:\Program Files\TortoiseHg\;C:\RailsInstaller\Git\cmd;C:\RailsInstaller\nodejs\;C:\Program Files (x86)\Heroku\bin;C:\Program Files (x86)\git\cmd;C:\Program Files (x86)\Git\cmd;C:\Program Files (x86)\Brackets\command;C:\Program Files (x86)\nodejs\;C:\Program Files (x86)\Microsoft SQL Server\120\Tools\Binn\ManagementStudio\;C:\Program Files (x86)\Microsoft SQL Server\120\DTS\Binn\;C:\RailsInstaller\Git\cmd;C:\Quality Assurance\jruby-1.7.26\bin;c:\Python27;C:\Program Files\Mercurial;C:\Users\jco\AppData\Roaming\npm;C:\Users\jco\Downloads\apache-maven-3.3.9-bin\apache-maven-3.3.9\bin;C:\Users\jco\AppData\Local\Box\Box Edit\
USERNAME=jco
OS=Windows_NT
PROCESSOR_IDENTIFIER=Intel64 Family 6 Model 61 Stepping 4, GenuineIntel



---------------  S Y S T E M  ---------------

OS: Windows 7 , 64 bit Build 7601 (6.1.7601.23572)

CPU:total 4 (2 cores per cpu, 2 threads per core) family 6 model 61 stepping 4, cmov, cx8, fxsr, mmx, sse, sse2, sse3, ssse3, sse4.1, sse4.2, popcnt, avx, avx2, aes, clmul, erms, 3dnowpref, lzcnt, ht, tsc, tscinvbit, bmi1, bmi2, adx

Memory: 4k page, physical 8077544k(1046128k free), swap 17870484k(5316k free)

vm_info: Java HotSpot(TM) 64-Bit Server VM (25.101-b13) for windows-amd64 JRE (1.8.0_101-b13), built on Jun 22 2016 01:21:29 by "java_re" with MS VC++ 10.0 (VS2010)

time: Tue Mar 07 16:52:20 2017
elapsed time: 3 seconds (0d 0h 0m 3s)

