#
# A fatal error has been detected by the Java Runtime Environment:
#
#  EXCEPTION_ACCESS_VIOLATION (0xc0000005) at pc=0x000000006fc33987, pid=15904, tid=0x000000000000398c
#
# JRE version:  (8.0_101-b13) (build )
# Java VM: Java HotSpot(TM) 64-Bit Server VM (25.101-b13 mixed mode windows-amd64 compressed oops)
# Problematic frame:
# V  [jvm.dll+0x213987]
#
# Failed to write core dump. Minidumps are not enabled by default on client versions of Windows
#
# If you would like to submit a bug report, please visit:
#   http://bugreport.java.com/bugreport/crash.jsp
#

---------------  T H R E A D  ---------------

Current thread (0x000000000022f000):  JavaThread "Unknown thread" [_thread_in_vm, id=14732, stack(0x0000000000f80000,0x0000000001080000)]

siginfo: ExceptionCode=0xc0000005, writing address 0x0000000001079110

Registers:
RAX=0x0000000001079110, RBX=0x0000000000000007, RCX=0x0000000000006000, RDX=0x0000000000000004
RSP=0x000000000107f110, RBP=0x0000000000000000, RSI=0x000000000107f110, RDI=0x0000000000000007
R8 =0x0000000000000004, R9 =0x0000000000228f80, R10=0x00000000532c0ca8, R11=0x0000000000f8a138
R12=0x0000000000228f80, R13=0x000000000022f000, R14=0x000000000107f240, R15=0x00000000532c0ca8
RIP=0x000000006fc33987, EFLAGS=0x0000000000010202

Top of Stack: (sp=0x000000000107f110)
0x000000000107f110:   0000000000000000 000000006f020000
0x000000000107f120:   000000000022f000 0000000000228f80
0x000000000107f130:   00000000ffffffff 000000006fc348b7
0x000000000107f140:   000000000107f240 00000000532c0ca8
0x000000000107f150:   000000000022f000 0000000000000000
0x000000000107f160:   00000000132d1790 0000000000000000
0x000000000107f170:   0000000000000000 000000006fc37001
0x000000000107f180:   00000000532c0ca8 000000000022f000
0x000000000107f190:   00000000013631e0 0000000000000000
0x000000000107f1a0:   0000000053b8ce01 0000000000000000
0x000000000107f1b0:   0000000000000000 000000000022e030
0x000000000107f1c0:   0000648f64136443 00000000532c0ca8
0x000000000107f1d0:   000000000022f000 000000006fb1703b
0x000000000107f1e0:   000000000022f998 000000006fb498d8
0x000000000107f1f0:   000000000107f388 000000006fa4f6b5
0x000000000107f200:   00000000532c78d0 000000006fb2e8cd 

Instructions: (pc=0x000000006fc33987)
0x000000006fc33967:   48 89 6c 24 30 33 ed 66 90 e8 cb 37 08 00 ff c3
0x000000006fc33977:   48 63 c8 48 8b c6 48 0f af cf 48 ff c7 48 2b c1
0x000000006fc33987:   89 28 48 63 c3 48 3b 05 3d 0d 59 00 7e db 48 8b
0x000000006fc33997:   6c 24 30 48 8b 5c 24 38 48 8b 74 24 40 48 83 c4 


Register to memory mapping:

RAX=0x0000000001079110 is pointing into the stack for thread: 0x000000000022f000
RBX=0x0000000000000007 is an unknown value
RCX=0x0000000000006000 is an unknown value
RDX=0x0000000000000004 is an unknown value
RSP=0x000000000107f110 is pointing into the stack for thread: 0x000000000022f000
RBP=0x0000000000000000 is an unknown value
RSI=0x000000000107f110 is pointing into the stack for thread: 0x000000000022f000
RDI=0x0000000000000007 is an unknown value
R8 =0x0000000000000004 is an unknown value
R9 =0x0000000000228f80 is an unknown value
R10={method} {0x00000000532c0cb0} '<clinit>' '()V' in 'java/lang/Object'
R11=0x0000000000f8a138 is pointing into the stack for thread: 0x000000000022f000
R12=0x0000000000228f80 is an unknown value
R13=0x000000000022f000 is a thread
R14=0x000000000107f240 is pointing into the stack for thread: 0x000000000022f000
R15={method} {0x00000000532c0cb0} '<clinit>' '()V' in 'java/lang/Object'


Stack: [0x0000000000f80000,0x0000000001080000],  sp=0x000000000107f110,  free space=1020k
Native frames: (J=compiled Java code, j=interpreted, Vv=VM code, C=native code)


---------------  P R O C E S S  ---------------

Java Threads: ( => current thread )
=>0x000000000022f000 JavaThread "Unknown thread" [_thread_in_vm, id=14732, stack(0x0000000000f80000,0x0000000001080000)]

Other Threads:
  0x0000000053c4b000 VMThread [stack: 0x0000000054b10000,0x0000000054c10000] [id=17176]

VM state:not at safepoint (normal execution)

VM Mutex/Monitor currently owned by a thread: None

Heap:
 PSYoungGen      total 36864K, used 634K [0x00000000eab00000, 0x00000000ed400000, 0x0000000100000000)
  eden space 31744K, 2% used [0x00000000eab00000,0x00000000eab9eb90,0x00000000eca00000)
  from space 5120K, 0% used [0x00000000ecf00000,0x00000000ecf00000,0x00000000ed400000)
  to   space 5120K, 0% used [0x00000000eca00000,0x00000000eca00000,0x00000000ecf00000)
 ParOldGen       total 84992K, used 0K [0x00000000c0000000, 0x00000000c5300000, 0x00000000eab00000)
  object space 84992K, 0% used [0x00000000c0000000,0x00000000c0000000,0x00000000c5300000)
 Metaspace       used 773K, capacity 4480K, committed 4480K, reserved 1056768K
  class space    used 75K, capacity 384K, committed 384K, reserved 1048576K

Card table byte_map: [0x0000000010710000,0x0000000010920000] byte_map_base: 0x0000000010110000

Marking Bits: (ParMarkBitMap*) 0x000000007023a6d0
 Begin Bits: [0x00000000110c0000, 0x00000000120c0000)
 End Bits:   [0x00000000120c0000, 0x00000000130c0000)

Polling page: 0x0000000000210000

CodeCache: size=245760Kb used=356Kb max_used=356Kb free=245403Kb
 bounds [0x0000000001350000, 0x00000000015c0000, 0x0000000010350000]
 total_blobs=72 nmethods=0 adapters=48
 compilation: enabled

Compilation events (0 events):
No events

GC Heap History (0 events):
No events

Deoptimization events (0 events):
No events

Internal exceptions (0 events):
No events

Events (10 events):
Event: 0.610 loading class java/lang/Short done
Event: 0.610 loading class java/lang/Integer
Event: 0.610 loading class java/lang/Integer done
Event: 0.610 loading class java/lang/Long
Event: 0.611 loading class java/lang/Long done
Event: 0.612 loading class java/lang/NullPointerException
Event: 0.612 loading class java/lang/NullPointerException done
Event: 0.612 loading class java/lang/ArithmeticException
Event: 0.612 loading class java/lang/ArithmeticException done
Event: 0.613 Thread 0x000000000022f000 Thread added: 0x000000000022f000


Dynamic libraries:
0x000000013fa50000 - 0x000000013fa87000 	C:\Program Files\Java\jdk1.8.0_101\bin\java.exe
0x0000000077560000 - 0x000000007770a000 	C:\Windows\SYSTEM32\ntdll.dll
0x0000000077440000 - 0x000000007755f000 	C:\Windows\system32\kernel32.dll
0x000007fefd510000 - 0x000007fefd57a000 	C:\Windows\system32\KERNELBASE.dll
0x000007fefec10000 - 0x000007fefeceb000 	C:\Windows\system32\ADVAPI32.dll
0x000007fefed60000 - 0x000007fefedff000 	C:\Windows\system32\msvcrt.dll
0x000007feff6d0000 - 0x000007feff6ef000 	C:\Windows\SYSTEM32\sechost.dll
0x000007fefead0000 - 0x000007fefebfd000 	C:\Windows\system32\RPCRT4.dll
0x0000000077340000 - 0x000000007743a000 	C:\Windows\system32\USER32.dll
0x000007fefd760000 - 0x000007fefd7c7000 	C:\Windows\system32\GDI32.dll
0x000007fefec00000 - 0x000007fefec0e000 	C:\Windows\system32\LPK.dll
0x000007feff700000 - 0x000007feff7ca000 	C:\Windows\system32\USP10.dll
0x000007fefa5e0000 - 0x000007fefa7d4000 	C:\Windows\WinSxS\amd64_microsoft.windows.common-controls_6595b64144ccf1df_6.0.7601.18837_none_fa3b1e3d17594757\COMCTL32.dll
0x000007fefea50000 - 0x000007fefeac1000 	C:\Windows\system32\SHLWAPI.dll
0x000007fefea20000 - 0x000007fefea4e000 	C:\Windows\system32\IMM32.DLL
0x000007fefd650000 - 0x000007fefd759000 	C:\Windows\system32\MSCTF.dll
0x0000000078eb0000 - 0x0000000078f82000 	C:\Program Files\Java\jdk1.8.0_101\jre\bin\msvcr100.dll
0x000000006fa20000 - 0x00000000702ba000 	C:\Program Files\Java\jdk1.8.0_101\jre\bin\server\jvm.dll
0x000007fef9860000 - 0x000007fef9869000 	C:\Windows\system32\WSOCK32.dll
0x000007fefecf0000 - 0x000007fefed3d000 	C:\Windows\system32\WS2_32.dll
0x000007feff6f0000 - 0x000007feff6f8000 	C:\Windows\system32\NSI.dll
0x000007fef9de0000 - 0x000007fef9e1b000 	C:\Windows\system32\WINMM.dll
0x000007fefc1c0000 - 0x000007fefc1cc000 	C:\Windows\system32\VERSION.dll
0x0000000077730000 - 0x0000000077737000 	C:\Windows\system32\PSAPI.DLL
0x00000000567f0000 - 0x00000000567ff000 	C:\Program Files\Java\jdk1.8.0_101\jre\bin\verify.dll
0x000000006d480000 - 0x000000006d4a9000 	C:\Program Files\Java\jdk1.8.0_101\jre\bin\java.dll
0x0000000000350000 - 0x0000000000366000 	C:\Program Files\Java\jdk1.8.0_101\jre\bin\zip.dll

VM Arguments:
jvm_args: -Djava.awt.headless=true -Xmx1024M -Dfile.encoding=windows-1252 -Duser.country=US -Duser.language=en -Duser.variant 
java_command: com.android.dx.command.Main --dex --force-jumbo --num-threads=4 --multi-dex --output C:\Pitonew\Android-Pitonew\app\build\intermediates\transforms\dex\debug\folders\1000\5\slice_9 C:\Pitonew\Android-Pitonew\app\build\intermediates\transforms\instantRunSlicer\debug\folders\1\5\slice_9
java_class_path (initial): C:\Users\jco\AppData\Local\Android\sdk\build-tools\25.0.2\lib\dx.jar
Launcher Type: SUN_STANDARD

Environment Variables:
JAVA_HOME=C:\Program Files\Java\jre1.8.0_111
PATH=C:\ProgramData\Oracle\Java\javapath;C:\Windows\system32;C:\Windows;C:\Windows\System32\Wbem;C:\Windows\System32\WindowsPowerShell\v1.0\;C:\Windows\CCM;C:\Program Files (x86)\WebEx\Productivity Tools;C:\Program Files\Microsoft SQL Server\Client SDK\ODBC\110\Tools\Binn\;C:\Program Files (x86)\Microsoft SQL Server\120\Tools\Binn\;C:\Program Files\Microsoft SQL Server\120\Tools\Binn\;C:\Program Files\Microsoft SQL Server\120\DTS\Binn\;C:\Program Files (x86)\WebEx\PTools020000000;C:\Program Files\TortoiseHg\;C:\RailsInstaller\Git\cmd;C:\RailsInstaller\nodejs\;C:\Program Files (x86)\Heroku\bin;C:\Program Files (x86)\git\cmd;C:\Program Files (x86)\Git\cmd;C:\Program Files (x86)\Brackets\command;C:\Program Files (x86)\nodejs\;C:\Program Files (x86)\Microsoft SQL Server\120\Tools\Binn\ManagementStudio\;C:\Program Files (x86)\Microsoft SQL Server\120\DTS\Binn\;C:\RailsInstaller\Git\cmd;C:\Quality Assurance\jruby-1.7.26\bin;c:\Python27;C:\Program Files\Mercurial;C:\Users\jco\AppData\Roaming\npm;C:\Users\jco\Downloads\apache-maven-3.3.9-bin\apache-maven-3.3.9\bin;C:\Users\jco\AppData\Local\Box\Box Edit\
USERNAME=jco
OS=Windows_NT
PROCESSOR_IDENTIFIER=Intel64 Family 6 Model 61 Stepping 4, GenuineIntel



---------------  S Y S T E M  ---------------

OS: Windows 7 , 64 bit Build 7601 (6.1.7601.23572)

CPU:total 4 (2 cores per cpu, 2 threads per core) family 6 model 61 stepping 4, cmov, cx8, fxsr, mmx, sse, sse2, sse3, ssse3, sse4.1, sse4.2, popcnt, avx, avx2, aes, clmul, erms, 3dnowpref, lzcnt, ht, tsc, tscinvbit, bmi1, bmi2, adx

Memory: 4k page, physical 8077544k(595904k free), swap 18231708k(2204k free)

vm_info: Java HotSpot(TM) 64-Bit Server VM (25.101-b13) for windows-amd64 JRE (1.8.0_101-b13), built on Jun 22 2016 01:21:29 by "java_re" with MS VC++ 10.0 (VS2010)

time: Mon Mar 13 18:57:40 2017
elapsed time: 0 seconds (0d 0h 0m 0s)

