#
# There is insufficient memory for the Java Runtime Environment to continue.
# Native memory allocation (malloc) failed to allocate 415296 bytes for Chunk::new
# Possible reasons:
#   The system is out of physical RAM or swap space
#   In 32 bit mode, the process size limit was hit
# Possible solutions:
#   Reduce memory load on the system
#   Increase physical memory or swap space
#   Check if swap backing store is full
#   Use 64 bit Java on a 64 bit OS
#   Decrease Java heap size (-Xmx/-Xms)
#   Decrease number of Java threads
#   Decrease Java thread stack sizes (-Xss)
#   Set larger code cache with -XX:ReservedCodeCacheSize=
# This output file may be truncated or incomplete.
#
#  Out of Memory Error (allocation.cpp:390), pid=17628, tid=0x0000000000002048
#
# JRE version: Java(TM) SE Runtime Environment (8.0_101-b13) (build 1.8.0_101-b13)
# Java VM: Java HotSpot(TM) 64-Bit Server VM (25.101-b13 mixed mode windows-amd64 compressed oops)
# Failed to write core dump. Minidumps are not enabled by default on client versions of Windows
#

---------------  T H R E A D  ---------------

Current thread (0x000000005524c800):  JavaThread "C2 CompilerThread1" daemon [_thread_in_native, id=8264, stack(0x0000000055730000,0x0000000055830000)]

Stack: [0x0000000055730000,0x0000000055830000]
[error occurred during error reporting (printing stack bounds), id 0xc0000005]

Native frames: (J=compiled Java code, j=interpreted, Vv=VM code, C=native code)


Current CompileTask:
C2:  12331 2115 %     4       com.android.dx.ssa.SsaConverter::placePhiFunctions @ 131 (394 bytes)


---------------  P R O C E S S  ---------------

Java Threads: ( => current thread )
  0x0000000055499800 JavaThread "pool-1-thread-4" [_thread_in_Java, id=18080, stack(0x00000000564f0000,0x00000000565f0000)]
  0x0000000055496800 JavaThread "pool-1-thread-3" [_thread_blocked, id=16028, stack(0x0000000056290000,0x0000000056390000)]
  0x0000000055494000 JavaThread "pool-1-thread-2" [_thread_blocked, id=17448, stack(0x0000000056100000,0x0000000056200000)]
  0x0000000055488000 JavaThread "pool-2-thread-1" [_thread_blocked, id=16688, stack(0x0000000055fa0000,0x00000000560a0000)]
  0x0000000055487000 JavaThread "pool-1-thread-1" [_thread_blocked, id=10428, stack(0x0000000055dc0000,0x0000000055ec0000)]
  0x0000000055292800 JavaThread "Service Thread" daemon [_thread_blocked, id=15840, stack(0x00000000559b0000,0x0000000055ab0000)]
  0x0000000055255000 JavaThread "C1 CompilerThread2" daemon [_thread_blocked, id=9332, stack(0x0000000055890000,0x0000000055990000)]
=>0x000000005524c800 JavaThread "C2 CompilerThread1" daemon [_thread_in_native, id=8264, stack(0x0000000055730000,0x0000000055830000)]
  0x0000000053ba9800 JavaThread "C2 CompilerThread0" daemon [_thread_in_native, id=16428, stack(0x0000000055100000,0x0000000055200000)]
  0x0000000053ba5000 JavaThread "Attach Listener" daemon [_thread_blocked, id=1804, stack(0x0000000054fb0000,0x00000000550b0000)]
  0x0000000053ba1800 JavaThread "Signal Dispatcher" daemon [_thread_blocked, id=13952, stack(0x0000000054ad0000,0x0000000054bd0000)]
  0x0000000053b89800 JavaThread "Finalizer" daemon [_thread_blocked, id=14992, stack(0x0000000054d50000,0x0000000054e50000)]
  0x0000000053b42800 JavaThread "Reference Handler" daemon [_thread_blocked, id=10832, stack(0x0000000054e60000,0x0000000054f60000)]
  0x0000000000bcf000 JavaThread "main" [_thread_blocked, id=8368, stack(0x0000000000d00000,0x0000000000e00000)]

Other Threads:
  0x0000000053b3b000 VMThread [stack: 0x0000000054c20000,0x0000000054d20000] [id=12636]
  0x00000000552a2800 WatcherThread [stack: 0x0000000055bf0000,0x0000000055cf0000] [id=1664]

VM state:not at safepoint (normal execution)

VM Mutex/Monitor currently owned by a thread: None

Heap:
 PSYoungGen      total 68608K, used 34951K [0x00000000eab00000, 0x00000000f3100000, 0x0000000100000000)
  eden space 63488K, 47% used [0x00000000eab00000,0x00000000ec829450,0x00000000ee900000)
  from space 5120K, 99% used [0x00000000eee00000,0x00000000ef2f89e8,0x00000000ef300000)
  to   space 5120K, 0% used [0x00000000ee900000,0x00000000ee900000,0x00000000eee00000)
 ParOldGen       total 84992K, used 23234K [0x00000000c0000000, 0x00000000c5300000, 0x00000000eab00000)
  object space 84992K, 27% used [0x00000000c0000000,0x00000000c16b0828,0x00000000c5300000)
 Metaspace       used 6218K, capacity 7160K, committed 7296K, reserved 1056768K
  class space    used 612K, capacity 624K, committed 640K, reserved 1048576K

Card table byte_map: [0x0000000010510000,0x0000000010720000] byte_map_base: 0x000000000ff10000

Marking Bits: (ParMarkBitMap*) 0x00000000709ea6d0
 Begin Bits: [0x0000000010fb0000, 0x0000000011fb0000)
 End Bits:   [0x0000000011fb0000, 0x0000000012fb0000)

Polling page: 0x0000000000210000

CodeCache: size=245760Kb used=8545Kb max_used=8557Kb free=237214Kb
 bounds [0x0000000001150000, 0x00000000019c0000, 0x0000000010150000]
 total_blobs=2098 nmethods=1835 adapters=176
 compilation: enabled

Compilation events (10 events):
Event: 12.048 Thread 0x0000000055255000 2090       1       com.android.dx.rop.cst.CstBaseMethodRef::getPrototype (5 bytes)
Event: 12.048 Thread 0x0000000055255000 nmethod 2090 0x0000000001964c10 code [0x0000000001964d60, 0x0000000001964e70]
Event: 12.075 Thread 0x000000005524c800 nmethod 2102 0x00000000019af290 code [0x00000000019af760, 0x00000000019b07d0]
Event: 12.076 Thread 0x000000005524c800 2103       4       com.android.dx.rop.code.Rop::canThrow (18 bytes)
Event: 12.076 Thread 0x000000005524c800 nmethod 2103 0x0000000001939f90 code [0x000000000193a0e0, 0x000000000193a178]
Event: 12.076 Thread 0x000000005524c800 2081       4       com.android.dx.ssa.SsaRenamer$BlockRenamer::<init> (72 bytes)
Event: 12.081 Thread 0x000000005524c800 nmethod 2081 0x0000000001967190 code [0x0000000001967300, 0x0000000001967698]
Event: 12.162 Thread 0x000000005524c800 2114       4       com.android.dx.rop.cst.CstMemberRef::<init> (43 bytes)
Event: 12.163 Thread 0x000000005524c800 nmethod 2114 0x0000000001916fd0 code [0x0000000001917100, 0x00000000019171b8]
Event: 12.259 Thread 0x000000005524c800 2115 %     4       com.android.dx.ssa.SsaConverter::placePhiFunctions @ 131 (394 bytes)

GC Heap History (8 events):
Event: 3.230 GC heap before
{Heap before GC invocations=1 (full 0):
 PSYoungGen      total 36864K, used 31744K [0x00000000eab00000, 0x00000000ed400000, 0x0000000100000000)
  eden space 31744K, 100% used [0x00000000eab00000,0x00000000eca00000,0x00000000eca00000)
  from space 5120K, 0% used [0x00000000ecf00000,0x00000000ecf00000,0x00000000ed400000)
  to   space 5120K, 0% used [0x00000000eca00000,0x00000000eca00000,0x00000000ecf00000)
 ParOldGen       total 84992K, used 0K [0x00000000c0000000, 0x00000000c5300000, 0x00000000eab00000)
  object space 84992K, 0% used [0x00000000c0000000,0x00000000c0000000,0x00000000c5300000)
 Metaspace       used 5867K, capacity 6896K, committed 7040K, reserved 1056768K
  class space    used 588K, capacity 616K, committed 640K, reserved 1048576K
Event: 3.378 GC heap after
Heap after GC invocations=1 (full 0):
 PSYoungGen      total 36864K, used 5091K [0x00000000eab00000, 0x00000000ef300000, 0x0000000100000000)
  eden space 31744K, 0% used [0x00000000eab00000,0x00000000eab00000,0x00000000eca00000)
  from space 5120K, 99% used [0x00000000eca00000,0x00000000ecef8ea8,0x00000000ecf00000)
  to   space 5120K, 0% used [0x00000000eee00000,0x00000000eee00000,0x00000000ef300000)
 ParOldGen       total 84992K, used 1203K [0x00000000c0000000, 0x00000000c5300000, 0x00000000eab00000)
  object space 84992K, 1% used [0x00000000c0000000,0x00000000c012cdb8,0x00000000c5300000)
 Metaspace       used 5867K, capacity 6896K, committed 7040K, reserved 1056768K
  class space    used 588K, capacity 616K, committed 640K, reserved 1048576K
}
Event: 3.712 GC heap before
{Heap before GC invocations=2 (full 0):
 PSYoungGen      total 36864K, used 36835K [0x00000000eab00000, 0x00000000ef300000, 0x0000000100000000)
  eden space 31744K, 100% used [0x00000000eab00000,0x00000000eca00000,0x00000000eca00000)
  from space 5120K, 99% used [0x00000000eca00000,0x00000000ecef8ea8,0x00000000ecf00000)
  to   space 5120K, 0% used [0x00000000eee00000,0x00000000eee00000,0x00000000ef300000)
 ParOldGen       total 84992K, used 1203K [0x00000000c0000000, 0x00000000c5300000, 0x00000000eab00000)
  object space 84992K, 1% used [0x00000000c0000000,0x00000000c012cdb8,0x00000000c5300000)
 Metaspace       used 5903K, capacity 6960K, committed 7040K, reserved 1056768K
  class space    used 590K, capacity 616K, committed 640K, reserved 1048576K
Event: 4.063 GC heap after
Heap after GC invocations=2 (full 0):
 PSYoungGen      total 68608K, used 5116K [0x00000000eab00000, 0x00000000ef300000, 0x0000000100000000)
  eden space 63488K, 0% used [0x00000000eab00000,0x00000000eab00000,0x00000000ee900000)
  from space 5120K, 99% used [0x00000000eee00000,0x00000000ef2ff190,0x00000000ef300000)
  to   space 5120K, 0% used [0x00000000ee900000,0x00000000ee900000,0x00000000eee00000)
 ParOldGen       total 84992K, used 5615K [0x00000000c0000000, 0x00000000c5300000, 0x00000000eab00000)
  object space 84992K, 6% used [0x00000000c0000000,0x00000000c057bce0,0x00000000c5300000)
 Metaspace       used 5903K, capacity 6960K, committed 7040K, reserved 1056768K
  class space    used 590K, capacity 616K, committed 640K, reserved 1048576K
}
Event: 5.039 GC heap before
{Heap before GC invocations=3 (full 0):
 PSYoungGen      total 68608K, used 68604K [0x00000000eab00000, 0x00000000ef300000, 0x0000000100000000)
  eden space 63488K, 100% used [0x00000000eab00000,0x00000000ee900000,0x00000000ee900000)
  from space 5120K, 99% used [0x00000000eee00000,0x00000000ef2ff190,0x00000000ef300000)
  to   space 5120K, 0% used [0x00000000ee900000,0x00000000ee900000,0x00000000eee00000)
 ParOldGen       total 84992K, used 5615K [0x00000000c0000000, 0x00000000c5300000, 0x00000000eab00000)
  object space 84992K, 6% used [0x00000000c0000000,0x00000000c057bce0,0x00000000c5300000)
 Metaspace       used 6182K, capacity 7096K, committed 7296K, reserved 1056768K
  class space    used 611K, capacity 624K, committed 640K, reserved 1048576K
Event: 5.487 GC heap after
Heap after GC invocations=3 (full 0):
 PSYoungGen      total 68608K, used 5092K [0x00000000eab00000, 0x00000000ef300000, 0x0000000100000000)
  eden space 63488K, 0% used [0x00000000eab00000,0x00000000eab00000,0x00000000ee900000)
  from space 5120K, 99% used [0x00000000ee900000,0x00000000eedf91e8,0x00000000eee00000)
  to   space 5120K, 0% used [0x00000000eee00000,0x00000000eee00000,0x00000000ef300000)
 ParOldGen       total 84992K, used 14647K [0x00000000c0000000, 0x00000000c5300000, 0x00000000eab00000)
  object space 84992K, 17% used [0x00000000c0000000,0x00000000c0e4dd60,0x00000000c5300000)
 Metaspace       used 6182K, capacity 7096K, committed 7296K, reserved 1056768K
  class space    used 611K, capacity 624K, committed 640K, reserved 1048576K
}
Event: 8.523 GC heap before
{Heap before GC invocations=4 (full 0):
 PSYoungGen      total 68608K, used 68580K [0x00000000eab00000, 0x00000000ef300000, 0x0000000100000000)
  eden space 63488K, 100% used [0x00000000eab00000,0x00000000ee900000,0x00000000ee900000)
  from space 5120K, 99% used [0x00000000ee900000,0x00000000eedf91e8,0x00000000eee00000)
  to   space 5120K, 0% used [0x00000000eee00000,0x00000000eee00000,0x00000000ef300000)
 ParOldGen       total 84992K, used 14647K [0x00000000c0000000, 0x00000000c5300000, 0x00000000eab00000)
  object space 84992K, 17% used [0x00000000c0000000,0x00000000c0e4dd60,0x00000000c5300000)
 Metaspace       used 6203K, capacity 7096K, committed 7296K, reserved 1056768K
  class space    used 611K, capacity 624K, committed 640K, reserved 1048576K
Event: 8.990 GC heap after
Heap after GC invocations=4 (full 0):
 PSYoungGen      total 68608K, used 5090K [0x00000000eab00000, 0x00000000f3100000, 0x0000000100000000)
  eden space 63488K, 0% used [0x00000000eab00000,0x00000000eab00000,0x00000000ee900000)
  from space 5120K, 99% used [0x00000000eee00000,0x00000000ef2f89e8,0x00000000ef300000)
  to   space 5120K, 0% used [0x00000000ee900000,0x00000000ee900000,0x00000000eee00000)
 ParOldGen       total 84992K, used 23234K [0x00000000c0000000, 0x00000000c5300000, 0x00000000eab00000)
  object space 84992K, 27% used [0x00000000c0000000,0x00000000c16b0828,0x00000000c5300000)
 Metaspace       used 6203K, capacity 7096K, committed 7296K, reserved 1056768K
  class space    used 611K, capacity 624K, committed 640K, reserved 1048576K
}

Deoptimization events (10 events):
Event: 4.705 Thread 0x0000000055487000 Uncommon trap: reason=bimorphic action=maybe_recompile pc=0x0000000001737700 method=com.android.dx.cf.code.BytecodeArray.parseInstruction(ILcom/android/dx/cf/code/BytecodeArray$Visitor;)I @ 1501
Event: 4.714 Thread 0x0000000055487000 Uncommon trap: reason=bimorphic action=maybe_recompile pc=0x0000000001738780 method=com.android.dx.cf.code.BytecodeArray.parseInstruction(ILcom/android/dx/cf/code/BytecodeArray$Visitor;)I @ 1357
Event: 4.715 Thread 0x0000000055487000 Uncommon trap: reason=bimorphic action=maybe_recompile pc=0x0000000001738780 method=com.android.dx.cf.code.BytecodeArray.parseInstruction(ILcom/android/dx/cf/code/BytecodeArray$Visitor;)I @ 1357
Event: 4.744 Thread 0x0000000055499800 Uncommon trap: reason=unstable_if action=reinterpret pc=0x000000000160266c method=com.android.dx.util.IntList.binarysearch(I)I @ 105
Event: 7.088 Thread 0x0000000055499800 Uncommon trap: reason=bimorphic action=maybe_recompile pc=0x0000000001796b28 method=com.android.dx.cf.code.BytecodeArray.parseInstruction(ILcom/android/dx/cf/code/BytecodeArray$Visitor;)I @ 923
Event: 7.088 Thread 0x0000000055499800 Uncommon trap: reason=bimorphic action=maybe_recompile pc=0x0000000001796b28 method=com.android.dx.cf.code.BytecodeArray.parseInstruction(ILcom/android/dx/cf/code/BytecodeArray$Visitor;)I @ 923
Event: 8.378 Thread 0x0000000055487000 Uncommon trap: reason=bimorphic action=maybe_recompile pc=0x000000000185b200 method=com.android.dx.cf.code.BytecodeArray.parseInstruction(ILcom/android/dx/cf/code/BytecodeArray$Visitor;)I @ 2484
Event: 8.378 Thread 0x0000000055487000 Uncommon trap: reason=bimorphic action=maybe_recompile pc=0x000000000185b200 method=com.android.dx.cf.code.BytecodeArray.parseInstruction(ILcom/android/dx/cf/code/BytecodeArray$Visitor;)I @ 2484
Event: 9.772 Thread 0x0000000055494000 Uncommon trap: reason=unstable_if action=reinterpret pc=0x00000000017e4970 method=com.android.dx.ssa.LocalVariableExtractor.processBlock(I)V @ 251
Event: 11.985 Thread 0x0000000055494000 Uncommon trap: reason=unstable_if action=reinterpret pc=0x000000000191e8e8 method=com.android.dx.cf.code.RopperMachine.run(Lcom/android/dx/cf/code/Frame;II)V @ 1250

Internal exceptions (7 events):
Event: 0.062 Thread 0x0000000000bcf000 Exception <a 'java/lang/NoSuchMethodError': Method sun.misc.Unsafe.defineClass(Ljava/lang/String;[BII)Ljava/lang/Class; name or signature does not match> (0x00000000eab07cc0) thrown at [C:\re\workspace\8-2-build-windows-amd64-cygwin\jdk8u101\7261\hotspot\sÅ»`ﬂ†Ø?
Event: 0.062 Thread 0x0000000000bcf000 Exception <a 'java/lang/NoSuchMethodError': Method sun.misc.Unsafe.prefetchRead(Ljava/lang/Object;J)V name or signature does not match> (0x00000000eab07fa8) thrown at [C:\re\workspace\8-2-build-windows-amd64-cygwin\jdk8u101\7261\hotspot\src\share\vm\prims\Ü‘|ã@
Event: 2.818 Thread 0x0000000055487000 Implicit null exception at 0x00000000014623d4 to 0x0000000001463c65
Event: 2.818 Thread 0x0000000055487000 Implicit null exception at 0x000000000142f6e1 to 0x0000000001430d69
Event: 4.224 Thread 0x0000000055487000 Exception <a 'java/lang/ArrayIndexOutOfBoundsException': 18> (0x00000000eb2e1230) thrown at [C:\re\workspace\8-2-build-windows-amd64-cygwin\jdk8u101\7261\hotspot\src\share\vm\interpreter\interpreterRuntime.cpp, line 366]
Event: 4.225 Thread 0x0000000055487000 Exception <a 'java/lang/ArrayIndexOutOfBoundsException': 145> (0x00000000eb2e2db0) thrown at [C:\re\workspace\8-2-build-windows-amd64-cygwin\jdk8u101\7261\hotspot\src\share\vm\interpreter\interpreterRuntime.cpp, line 366]
Event: 4.225 Thread 0x0000000055487000 Exception <a 'java/lang/ArrayIndexOutOfBoundsException'> (0x00000000eb2e4098) thrown at [C:\re\workspace\8-2-build-windows-amd64-cygwin\jdk8u101\7261\hotspot\src\share\vm\runtime\sharedRuntime.cpp, line 605]

Events (10 events):
Event: 11.447 Thread 0x0000000055494000 DEOPT UNPACKING pc=0x000000000119787f sp=0x00000000561fe110 mode 0
Event: 11.451 Thread 0x0000000055494000 DEOPT PACKING pc=0x00000000016842ce sp=0x00000000561fe300
Event: 11.451 Thread 0x0000000055494000 DEOPT UNPACKING pc=0x000000000119787f sp=0x00000000561fe108 mode 0
Event: 11.842 Thread 0x0000000055494000 DEOPT PACKING pc=0x000000000158f254 sp=0x00000000561fe230
Event: 11.842 Thread 0x0000000055494000 DEOPT UNPACKING pc=0x000000000119787f sp=0x00000000561fdf40 mode 0
Event: 11.848 loading class com/android/dx/cf/iface/ParseObserver
Event: 11.848 loading class com/android/dx/cf/iface/ParseObserver done
Event: 11.985 Thread 0x0000000055494000 Uncommon trap: trap_request=0xffffff65 fr.pc=0x000000000191e8e8
Event: 11.985 Thread 0x0000000055494000 DEOPT PACKING pc=0x000000000191e8e8 sp=0x00000000561fe200
Event: 11.985 Thread 0x0000000055494000 DEOPT UNPACKING pc=0x000000000119582a sp=0x00000000561fe1d8 mode 2


Dynamic libraries:
0x000000013f320000 - 0x000000013f357000 	C:\Program Files\Java\jdk1.8.0_101\bin\java.exe
0x0000000077a10000 - 0x0000000077bba000 	C:\Windows\SYSTEM32\ntdll.dll
0x00000000778f0000 - 0x0000000077a0f000 	C:\Windows\system32\kernel32.dll
0x000007fefd780000 - 0x000007fefd7ea000 	C:\Windows\system32\KERNELBASE.dll
0x000007fefde20000 - 0x000007fefdefb000 	C:\Windows\system32\ADVAPI32.dll
0x000007feff590000 - 0x000007feff62f000 	C:\Windows\system32\msvcrt.dll
0x000007fefe200000 - 0x000007fefe21f000 	C:\Windows\SYSTEM32\sechost.dll
0x000007feff390000 - 0x000007feff4bd000 	C:\Windows\system32\RPCRT4.dll
0x00000000777f0000 - 0x00000000778ea000 	C:\Windows\system32\USER32.dll
0x000007feff240000 - 0x000007feff2a7000 	C:\Windows\system32\GDI32.dll
0x000007fefdd40000 - 0x000007fefdd4e000 	C:\Windows\system32\LPK.dll
0x000007fefdd50000 - 0x000007fefde1a000 	C:\Windows\system32\USP10.dll
0x000007fefbb10000 - 0x000007fefbd04000 	C:\Windows\WinSxS\amd64_microsoft.windows.common-controls_6595b64144ccf1df_6.0.7601.18837_none_fa3b1e3d17594757\COMCTL32.dll
0x000007fefdb30000 - 0x000007fefdba1000 	C:\Windows\system32\SHLWAPI.dll
0x000007fefdb00000 - 0x000007fefdb2e000 	C:\Windows\system32\IMM32.DLL
0x000007feffb70000 - 0x000007feffc79000 	C:\Windows\system32\MSCTF.dll
0x0000000078e40000 - 0x0000000078f12000 	C:\Program Files\Java\jdk1.8.0_101\jre\bin\msvcr100.dll
0x00000000701d0000 - 0x0000000070a6a000 	C:\Program Files\Java\jdk1.8.0_101\jre\bin\server\jvm.dll
0x000007fef9d10000 - 0x000007fef9d19000 	C:\Windows\system32\WSOCK32.dll
0x000007feff4c0000 - 0x000007feff50d000 	C:\Windows\system32\WS2_32.dll
0x000007feff230000 - 0x000007feff238000 	C:\Windows\system32\NSI.dll
0x000007fefa2b0000 - 0x000007fefa2eb000 	C:\Windows\system32\WINMM.dll
0x000007fefc670000 - 0x000007fefc67c000 	C:\Windows\system32\VERSION.dll
0x0000000077be0000 - 0x0000000077be7000 	C:\Windows\system32\PSAPI.DLL
0x0000000069600000 - 0x000000006960f000 	C:\Program Files\Java\jdk1.8.0_101\jre\bin\verify.dll
0x00000000695d0000 - 0x00000000695f9000 	C:\Program Files\Java\jdk1.8.0_101\jre\bin\java.dll
0x0000000067770000 - 0x0000000067786000 	C:\Program Files\Java\jdk1.8.0_101\jre\bin\zip.dll
0x000007fefe2c0000 - 0x000007feff04a000 	C:\Windows\system32\SHELL32.dll
0x000007feff900000 - 0x000007feffb03000 	C:\Windows\system32\ole32.dll
0x000007fefd740000 - 0x000007fefd74f000 	C:\Windows\system32\profapi.dll

VM Arguments:
jvm_args: -Djava.awt.headless=true -Xmx1024M -Dfile.encoding=windows-1252 -Duser.country=US -Duser.language=en -Duser.variant 
java_command: com.android.dx.command.Main --dex --num-threads=4 --output C:\Pitonew\Android-Pitonew\app\build\intermediates\pre-dexed\debug\com.android.support-recyclerview-v7-24.2.1_31af8f5dba189f27394ad845f9e4ce01df31e627.jar C:\Pitonew\Android-Pitonew\app\build\intermediates\exploded-aar\com.android.support\recyclerview-v7\24.2.1\jars\classes.jar
java_class_path (initial): C:\Users\jco\AppData\Local\Android\sdk\build-tools\24.0.2\lib\dx.jar
Launcher Type: SUN_STANDARD

Environment Variables:
JAVA_HOME=C:\Program Files\Java\jre1.8.0_111
PATH=C:\ProgramData\Oracle\Java\javapath;C:\Windows\system32;C:\Windows;C:\Windows\System32\Wbem;C:\Windows\System32\WindowsPowerShell\v1.0\;C:\Windows\CCM;C:\Program Files (x86)\WebEx\Productivity Tools;C:\Program Files\Microsoft SQL Server\Client SDK\ODBC\110\Tools\Binn\;C:\Program Files (x86)\Microsoft SQL Server\120\Tools\Binn\;C:\Program Files\Microsoft SQL Server\120\Tools\Binn\;C:\Program Files\Microsoft SQL Server\120\DTS\Binn\;C:\Program Files (x86)\WebEx\PTools020000000;C:\Program Files\TortoiseHg\;C:\RailsInstaller\Git\cmd;C:\RailsInstaller\nodejs\;C:\Program Files (x86)\Heroku\bin;C:\Program Files (x86)\git\cmd;C:\Program Files (x86)\Git\cmd;C:\Program Files (x86)\Brackets\command;C:\Program Files (x86)\nodejs\;C:\Program Files (x86)\Microsoft SQL Server\120\Tools\Binn\ManagementStudio\;C:\Program Files (x86)\Microsoft SQL Server\120\DTS\Binn\;C:\RailsInstaller\Git\cmd;C:\Quality Assurance\jruby-1.7.26\bin;c:\Python27;C:\Program Files\Mercurial;C:\Users\jco\AppData\Roaming\npm;C:\Users\jco\Downloads\apache-maven-3.3.9-bin\apache-maven-3.3.9\bin;C:\Users\jco\AppData\Local\Box\Box Edit\
USERNAME=jco
OS=Windows_NT
PROCESSOR_IDENTIFIER=Intel64 Family 6 Model 61 Stepping 4, GenuineIntel



---------------  S Y S T E M  ---------------

OS: Windows 7 , 64 bit Build 7601 (6.1.7601.23572)

CPU:total 4 (2 cores per cpu, 2 threads per core) family 6 model 61 stepping 4, cmov, cx8, fxsr, mmx, sse, sse2, sse3, ssse3, sse4.1, sse4.2, popcnt, avx, avx2, aes, clmul, erms, 3dnowpref, lzcnt, ht, tsc, tscinvbit, bmi1, bmi2, adx

Memory: 4k page, physical 8077544k(365568k free), swap 17729344k(5152k free)

vm_info: Java HotSpot(TM) 64-Bit Server VM (25.101-b13) for windows-amd64 JRE (1.8.0_101-b13), built on Jun 22 2016 01:21:29 by "java_re" with MS VC++ 10.0 (VS2010)

time: Fri Mar 03 17:19:00 2017
elapsed time: 12 seconds (0d 0h 0m 12s)

