#
# There is insufficient memory for the Java Runtime Environment to continue.
# Native memory allocation (malloc) failed to allocate 1080016 bytes for Chunk::new
# Possible reasons:
#   The system is out of physical RAM or swap space
#   In 32 bit mode, the process size limit was hit
# Possible solutions:
#   Reduce memory load on the system
#   Increase physical memory or swap space
#   Check if swap backing store is full
#   Use 64 bit Java on a 64 bit OS
#   Decrease Java heap size (-Xmx/-Xms)
#   Decrease number of Java threads
#   Decrease Java thread stack sizes (-Xss)
#   Set larger code cache with -XX:ReservedCodeCacheSize=
# This output file may be truncated or incomplete.
#
#  Out of Memory Error (allocation.cpp:390), pid=15328, tid=0x0000000000000be8
#
# JRE version: Java(TM) SE Runtime Environment (8.0_101-b13) (build 1.8.0_101-b13)
# Java VM: Java HotSpot(TM) 64-Bit Server VM (25.101-b13 mixed mode windows-amd64 compressed oops)
# Failed to write core dump. Minidumps are not enabled by default on client versions of Windows
#

---------------  T H R E A D  ---------------

Current thread (0x0000000053e39800):  JavaThread "C2 CompilerThread1" daemon [_thread_in_native, id=3048, stack(0x0000000055680000,0x0000000055780000)]

Stack: [0x0000000055680000,0x0000000055780000]
[error occurred during error reporting (printing stack bounds), id 0xc0000005]

Native frames: (J=compiled Java code, j=interpreted, Vv=VM code, C=native code)


Current CompileTask:
C2:   9129 1867   !   4       com.android.dx.cf.code.RopperMachine::run (1550 bytes)


---------------  P R O C E S S  ---------------

Java Threads: ( => current thread )
  0x0000000055a54800 JavaThread "pool-2-thread-4" [_thread_in_Java, id=15904, stack(0x0000000056980000,0x0000000056a80000)]
  0x0000000055a52000 JavaThread "pool-2-thread-3" [_thread_blocked, id=14876, stack(0x0000000056a80000,0x0000000056b80000)]
  0x0000000055ab7000 JavaThread "pool-2-thread-2" [_thread_blocked, id=8932, stack(0x00000000553c0000,0x00000000554c0000)]
  0x0000000055adb800 JavaThread "pool-3-thread-1" [_thread_blocked, id=5680, stack(0x0000000056830000,0x0000000056930000)]
  0x0000000055b7b000 JavaThread "pool-2-thread-1" [_thread_blocked, id=8636, stack(0x00000000566f0000,0x00000000567f0000)]
  0x00000000557dd800 JavaThread "Service Thread" daemon [_thread_blocked, id=10260, stack(0x0000000055c30000,0x0000000055d30000)]
  0x0000000053e3a800 JavaThread "C1 CompilerThread2" daemon [_thread_blocked, id=2804, stack(0x0000000055070000,0x0000000055170000)]
=>0x0000000053e39800 JavaThread "C2 CompilerThread1" daemon [_thread_in_native, id=3048, stack(0x0000000055680000,0x0000000055780000)]
  0x0000000053e37800 JavaThread "C2 CompilerThread0" daemon [_thread_in_native, id=5740, stack(0x00000000554d0000,0x00000000555d0000)]
  0x0000000053e33000 JavaThread "Attach Listener" daemon [_thread_blocked, id=9296, stack(0x00000000552c0000,0x00000000553c0000)]
  0x0000000053e2f800 JavaThread "Signal Dispatcher" daemon [_thread_blocked, id=15876, stack(0x0000000055190000,0x0000000055290000)]
  0x0000000053e19800 JavaThread "Finalizer" daemon [_thread_blocked, id=6468, stack(0x0000000054c40000,0x0000000054d40000)]
  0x0000000053dd2800 JavaThread "Reference Handler" daemon [_thread_blocked, id=12336, stack(0x0000000054f60000,0x0000000055060000)]
  0x0000000000eef000 JavaThread "main" [_thread_blocked, id=15480, stack(0x0000000001110000,0x0000000001210000)]

Other Threads:
  0x0000000053dcb000 VMThread [stack: 0x0000000054d90000,0x0000000054e90000] [id=14120]
  0x00000000557f8000 WatcherThread [stack: 0x0000000055d60000,0x0000000055e60000] [id=13328]

VM state:not at safepoint (normal execution)

VM Mutex/Monitor currently owned by a thread: None

Heap:
 PSYoungGen      total 68608K, used 66795K [0x00000000eab00000, 0x00000000ef300000, 0x0000000100000000)
  eden space 63488K, 97% used [0x00000000eab00000,0x00000000ee73d238,0x00000000ee900000)
  from space 5120K, 99% used [0x00000000eee00000,0x00000000ef2fdc78,0x00000000ef300000)
  to   space 5120K, 0% used [0x00000000ee900000,0x00000000ee900000,0x00000000eee00000)
 ParOldGen       total 84992K, used 3045K [0x00000000c0000000, 0x00000000c5300000, 0x00000000eab00000)
  object space 84992K, 3% used [0x00000000c0000000,0x00000000c02f94b0,0x00000000c5300000)
 Metaspace       used 6250K, capacity 7216K, committed 7296K, reserved 1056768K
  class space    used 591K, capacity 616K, committed 640K, reserved 1048576K

Card table byte_map: [0x00000000108a0000,0x0000000010ab0000] byte_map_base: 0x00000000102a0000

Marking Bits: (ParMarkBitMap*) 0x000000007097a6d0
 Begin Bits: [0x0000000011240000, 0x0000000012240000)
 End Bits:   [0x0000000012240000, 0x0000000013240000)

Polling page: 0x00000000000a0000

CodeCache: size=245760Kb used=8258Kb max_used=8258Kb free=237501Kb
 bounds [0x00000000014e0000, 0x0000000001d00000, 0x00000000104e0000]
 total_blobs=2159 nmethods=1895 adapters=176
 compilation: enabled

Compilation events (10 events):
Event: 9.075 Thread 0x0000000053e3a800 1918       3       com.android.dx.dex.code.RopTranslator$LocalVariableAwareTranslationVisitor::visitThrowingInsn (11 bytes)
Event: 9.076 Thread 0x0000000053e3a800 nmethod 1918 0x0000000001cea190 code [0x0000000001cea3a0, 0x0000000001ceaed8]
Event: 9.100 Thread 0x0000000053e3a800 1920       2       com.android.dx.cf.direct.AnnotationParser::parseValue (805 bytes)
Event: 9.106 Thread 0x0000000053e3a800 nmethod 1920 0x0000000001ceb590 code [0x0000000001cebec0, 0x0000000001cef9f8]
Event: 9.118 Thread 0x0000000053e3a800 1921   !   2       java.util.concurrent.ArrayBlockingQueue::take (46 bytes)
Event: 9.119 Thread 0x0000000053e3a800 nmethod 1921 0x0000000001cf4390 code [0x0000000001cf4560, 0x0000000001cf4978]
Event: 9.122 Thread 0x0000000053e3a800 1922       2       java.util.concurrent.locks.ReentrantLock$NonfairSync::tryAcquire (6 bytes)
Event: 9.122 Thread 0x0000000053e3a800 nmethod 1922 0x0000000001cf4e10 code [0x0000000001cf4f80, 0x0000000001cf50e8]
Event: 9.122 Thread 0x0000000053e3a800 1923       2       java.util.concurrent.locks.ReentrantLock$Sync::nonfairTryAcquire (67 bytes)
Event: 9.122 Thread 0x0000000053e3a800 nmethod 1923 0x0000000001cf5190 code [0x0000000001cf5300, 0x0000000001cf5588]

GC Heap History (4 events):
Event: 3.965 GC heap before
{Heap before GC invocations=1 (full 0):
 PSYoungGen      total 36864K, used 31744K [0x00000000eab00000, 0x00000000ed400000, 0x0000000100000000)
  eden space 31744K, 100% used [0x00000000eab00000,0x00000000eca00000,0x00000000eca00000)
  from space 5120K, 0% used [0x00000000ecf00000,0x00000000ecf00000,0x00000000ed400000)
  to   space 5120K, 0% used [0x00000000eca00000,0x00000000eca00000,0x00000000ecf00000)
 ParOldGen       total 84992K, used 0K [0x00000000c0000000, 0x00000000c5300000, 0x00000000eab00000)
  object space 84992K, 0% used [0x00000000c0000000,0x00000000c0000000,0x00000000c5300000)
 Metaspace       used 5677K, capacity 6768K, committed 7040K, reserved 1056768K
  class space    used 586K, capacity 616K, committed 640K, reserved 1048576K
Event: 4.024 GC heap after
Heap after GC invocations=1 (full 0):
 PSYoungGen      total 36864K, used 4692K [0x00000000eab00000, 0x00000000ef300000, 0x0000000100000000)
  eden space 31744K, 0% used [0x00000000eab00000,0x00000000eab00000,0x00000000eca00000)
  from space 5120K, 91% used [0x00000000eca00000,0x00000000ece951c0,0x00000000ecf00000)
  to   space 5120K, 0% used [0x00000000eee00000,0x00000000eee00000,0x00000000ef300000)
 ParOldGen       total 84992K, used 8K [0x00000000c0000000, 0x00000000c5300000, 0x00000000eab00000)
  object space 84992K, 0% used [0x00000000c0000000,0x00000000c0002000,0x00000000c5300000)
 Metaspace       used 5677K, capacity 6768K, committed 7040K, reserved 1056768K
  class space    used 586K, capacity 616K, committed 640K, reserved 1048576K
}
Event: 6.447 GC heap before
{Heap before GC invocations=2 (full 0):
 PSYoungGen      total 36864K, used 36436K [0x00000000eab00000, 0x00000000ef300000, 0x0000000100000000)
  eden space 31744K, 100% used [0x00000000eab00000,0x00000000eca00000,0x00000000eca00000)
  from space 5120K, 91% used [0x00000000eca00000,0x00000000ece951c0,0x00000000ecf00000)
  to   space 5120K, 0% used [0x00000000eee00000,0x00000000eee00000,0x00000000ef300000)
 ParOldGen       total 84992K, used 8K [0x00000000c0000000, 0x00000000c5300000, 0x00000000eab00000)
  object space 84992K, 0% used [0x00000000c0000000,0x00000000c0002000,0x00000000c5300000)
 Metaspace       used 6069K, capacity 7088K, committed 7296K, reserved 1056768K
  class space    used 590K, capacity 616K, committed 640K, reserved 1048576K
Event: 6.782 GC heap after
Heap after GC invocations=2 (full 0):
 PSYoungGen      total 68608K, used 5111K [0x00000000eab00000, 0x00000000ef300000, 0x0000000100000000)
  eden space 63488K, 0% used [0x00000000eab00000,0x00000000eab00000,0x00000000ee900000)
  from space 5120K, 99% used [0x00000000eee00000,0x00000000ef2fdc78,0x00000000ef300000)
  to   space 5120K, 0% used [0x00000000ee900000,0x00000000ee900000,0x00000000eee00000)
 ParOldGen       total 84992K, used 3045K [0x00000000c0000000, 0x00000000c5300000, 0x00000000eab00000)
  object space 84992K, 3% used [0x00000000c0000000,0x00000000c02f94b0,0x00000000c5300000)
 Metaspace       used 6069K, capacity 7088K, committed 7296K, reserved 1056768K
  class space    used 590K, capacity 616K, committed 640K, reserved 1048576K
}

Deoptimization events (10 events):
Event: 6.357 Thread 0x0000000055ab7000 Uncommon trap: reason=unstable_if action=reinterpret pc=0x00000000019ca0b0 method=com.android.dx.cf.code.BytecodeArray.parseInstruction(ILcom/android/dx/cf/code/BytecodeArray$Visitor;)I @ 1198
Event: 6.414 Thread 0x0000000055ab7000 Uncommon trap: reason=unstable_if action=reinterpret pc=0x0000000001aa5c90 method=com.android.dx.ssa.SsaRenamer$BlockRenamer.process()V @ 90
Event: 6.829 Thread 0x0000000000eef000 Uncommon trap: reason=null_check action=make_not_entrant pc=0x0000000001869750 method=com.android.dx.ssa.SsaRenamer.getLocalForNewReg(I)Lcom/android/dx/rop/code/LocalItem; @ 19
Event: 6.829 Thread 0x0000000000eef000 Uncommon trap: reason=null_check action=make_not_entrant pc=0x0000000001859cf0 method=com.android.dx.ssa.SsaRenamer.getLocalForNewReg(I)Lcom/android/dx/rop/code/LocalItem; @ 19
Event: 7.456 Thread 0x0000000055ab7000 Uncommon trap: reason=unstable_if action=reinterpret pc=0x0000000001ad71ac method=com.android.dx.rop.code.RegisterSpecSet.localItemToSpec(Lcom/android/dx/rop/code/LocalItem;)Lcom/android/dx/rop/code/RegisterSpec; @ 35
Event: 7.903 Thread 0x0000000055b7b000 Uncommon trap: reason=unstable_if action=reinterpret pc=0x00000000018a2f2c method=com.android.dx.util.IntList.binarysearch(I)I @ 105
Event: 7.903 Thread 0x0000000055b7b000 Uncommon trap: reason=unstable_if action=reinterpret pc=0x0000000001bc391c method=com.android.dx.ssa.SsaBasicBlock.newFromRop(Lcom/android/dx/rop/code/RopMethod;ILcom/android/dx/ssa/SsaMethod;)Lcom/android/dx/ssa/SsaBasicBlock; @ 164
Event: 9.033 Thread 0x0000000055a54800 Uncommon trap: reason=unstable_if action=reinterpret pc=0x0000000001c44a68 method=java.util.ArrayList.<init>(I)V @ 5
Event: 9.033 Thread 0x0000000055a54800 Uncommon trap: reason=unstable_if action=reinterpret pc=0x0000000001c6db68 method=com.android.dx.rop.code.RegisterSpecSet.<init>(I)V @ 2
Event: 9.033 Thread 0x0000000055a54800 Uncommon trap: reason=unstable_if action=reinterpret pc=0x0000000001908510 method=com.android.dx.rop.code.RegisterSpecSet.<init>(I)V @ 2

Internal exceptions (4 events):
Event: 1.600 Thread 0x0000000000eef000 Exception <a 'java/lang/NoSuchMethodError': Method sun.misc.Unsafe.defineClass(Ljava/lang/String;[BII)Ljava/lang/Class; name or signature does not match> (0x00000000eab07cc0) thrown at [C:\re\workspace\8-2-build-windows-amd64-cygwin\jdk8u101\7261\hotspot\sƒt@Išù?
Event: 1.600 Thread 0x0000000000eef000 Exception <a 'java/lang/NoSuchMethodError': Method sun.misc.Unsafe.prefetchRead(Ljava/lang/Object;J)V name or signature does not match> (0x00000000eab07fa8) thrown at [C:\re\workspace\8-2-build-windows-amd64-cygwin\jdk8u101\7261\hotspot\src\share\vm\prims\ÜãÞP@
Event: 6.829 Thread 0x0000000000eef000 Implicit null exception at 0x00000000018678ae to 0x0000000001869705
Event: 6.829 Thread 0x0000000000eef000 Implicit null exception at 0x0000000001857f45 to 0x0000000001859cd1

Events (10 events):
Event: 7.986 Thread 0x0000000055a54800 DEOPT UNPACKING pc=0x000000000152787f sp=0x0000000056a7e778 mode 0
Event: 9.033 Thread 0x0000000055a54800 Uncommon trap: trap_request=0xffffff65 fr.pc=0x0000000001c44a68
Event: 9.033 Thread 0x0000000055a54800 DEOPT PACKING pc=0x0000000001c44a68 sp=0x0000000056a7e9e0
Event: 9.033 Thread 0x0000000055a54800 DEOPT UNPACKING pc=0x000000000152582a sp=0x0000000056a7e978 mode 2
Event: 9.033 Thread 0x0000000055a54800 Uncommon trap: trap_request=0xffffff65 fr.pc=0x0000000001c6db68
Event: 9.033 Thread 0x0000000055a54800 DEOPT PACKING pc=0x0000000001c6db68 sp=0x0000000056a7eb70
Event: 9.033 Thread 0x0000000055a54800 DEOPT UNPACKING pc=0x000000000152582a sp=0x0000000056a7ea68 mode 2
Event: 9.033 Thread 0x0000000055a54800 Uncommon trap: trap_request=0xffffff65 fr.pc=0x0000000001908510
Event: 9.033 Thread 0x0000000055a54800 DEOPT PACKING pc=0x0000000001908510 sp=0x0000000056a7ea80
Event: 9.033 Thread 0x0000000055a54800 DEOPT UNPACKING pc=0x000000000152582a sp=0x0000000056a7e9b0 mode 2


Dynamic libraries:
0x000000013fc70000 - 0x000000013fca7000 	C:\Program Files\Java\jdk1.8.0_101\bin\java.exe
0x0000000076e10000 - 0x0000000076fba000 	C:\Windows\SYSTEM32\ntdll.dll
0x0000000076bf0000 - 0x0000000076d0f000 	C:\Windows\system32\kernel32.dll
0x000007fefce00000 - 0x000007fefce6a000 	C:\Windows\system32\KERNELBASE.dll
0x000007fefeab0000 - 0x000007fefeb8b000 	C:\Windows\system32\ADVAPI32.dll
0x000007fefd240000 - 0x000007fefd2df000 	C:\Windows\system32\msvcrt.dll
0x000007fefea00000 - 0x000007fefea1f000 	C:\Windows\SYSTEM32\sechost.dll
0x000007fefcf00000 - 0x000007fefd02d000 	C:\Windows\system32\RPCRT4.dll
0x0000000076d10000 - 0x0000000076e0a000 	C:\Windows\system32\USER32.dll
0x000007fefd980000 - 0x000007fefd9e7000 	C:\Windows\system32\GDI32.dll
0x000007fefeaa0000 - 0x000007fefeaae000 	C:\Windows\system32\LPK.dll
0x000007fefd8b0000 - 0x000007fefd97a000 	C:\Windows\system32\USP10.dll
0x000007fef9e30000 - 0x000007fefa024000 	C:\Windows\WinSxS\amd64_microsoft.windows.common-controls_6595b64144ccf1df_6.0.7601.18837_none_fa3b1e3d17594757\COMCTL32.dll
0x000007fefda40000 - 0x000007fefdab1000 	C:\Windows\system32\SHLWAPI.dll
0x000007fefd030000 - 0x000007fefd05e000 	C:\Windows\system32\IMM32.DLL
0x000007feff010000 - 0x000007feff119000 	C:\Windows\system32\MSCTF.dll
0x00000000743f0000 - 0x00000000744c2000 	C:\Program Files\Java\jdk1.8.0_101\jre\bin\msvcr100.dll
0x0000000070160000 - 0x00000000709fa000 	C:\Program Files\Java\jdk1.8.0_101\jre\bin\server\jvm.dll
0x000007fef9100000 - 0x000007fef9109000 	C:\Windows\system32\WSOCK32.dll
0x000007fefd9f0000 - 0x000007fefda3d000 	C:\Windows\system32\WS2_32.dll
0x000007fefd5b0000 - 0x000007fefd5b8000 	C:\Windows\system32\NSI.dll
0x000007fef9800000 - 0x000007fef983b000 	C:\Windows\system32\WINMM.dll
0x000007fefba70000 - 0x000007fefba7c000 	C:\Windows\system32\VERSION.dll
0x0000000076fe0000 - 0x0000000076fe7000 	C:\Windows\system32\PSAPI.DLL
0x00000000743e0000 - 0x00000000743ef000 	C:\Program Files\Java\jdk1.8.0_101\jre\bin\verify.dll
0x00000000743b0000 - 0x00000000743d9000 	C:\Program Files\Java\jdk1.8.0_101\jre\bin\java.dll
0x0000000074390000 - 0x00000000743a6000 	C:\Program Files\Java\jdk1.8.0_101\jre\bin\zip.dll
0x000007fefdac0000 - 0x000007fefe84a000 	C:\Windows\system32\SHELL32.dll
0x000007fefd5c0000 - 0x000007fefd7c3000 	C:\Windows\system32\ole32.dll
0x000007fefcb40000 - 0x000007fefcb4f000 	C:\Windows\system32\profapi.dll

VM Arguments:
jvm_args: -Djava.awt.headless=true -Xmx1024M -Dfile.encoding=windows-1252 -Duser.country=US -Duser.language=en -Duser.variant 
java_command: com.android.dx.command.Main --dex --force-jumbo --num-threads=4 --multi-dex --output C:\Pitonew\Android-Pitonew\app\build\intermediates\transforms\dex\debug\folders\1000\10\classes_a89a43983c6265b2cfab547bf4047693ac873b15 C:\Users\jco\.android\build-cache\e1d6e98a4be3be7fb7f0a7a76c9c914e72d06e91\output\jars\classes.jar
java_class_path (initial): C:\Users\jco\AppData\Local\Android\sdk\build-tools\25.0.2\lib\dx.jar
Launcher Type: SUN_STANDARD

Environment Variables:
JAVA_HOME=C:\Program Files\Java\jre1.8.0_111
PATH=C:\ProgramData\Oracle\Java\javapath;C:\Windows\system32;C:\Windows;C:\Windows\System32\Wbem;C:\Windows\System32\WindowsPowerShell\v1.0\;C:\Windows\CCM;C:\Program Files (x86)\WebEx\Productivity Tools;C:\Program Files\Microsoft SQL Server\Client SDK\ODBC\110\Tools\Binn\;C:\Program Files (x86)\Microsoft SQL Server\120\Tools\Binn\;C:\Program Files\Microsoft SQL Server\120\Tools\Binn\;C:\Program Files\Microsoft SQL Server\120\DTS\Binn\;C:\Program Files (x86)\WebEx\PTools020000000;C:\Program Files\TortoiseHg\;C:\RailsInstaller\Git\cmd;C:\RailsInstaller\nodejs\;C:\Program Files (x86)\Heroku\bin;C:\Program Files (x86)\git\cmd;C:\Program Files (x86)\Git\cmd;C:\Program Files (x86)\Brackets\command;C:\Program Files (x86)\nodejs\;C:\Program Files (x86)\Microsoft SQL Server\120\Tools\Binn\ManagementStudio\;C:\Program Files (x86)\Microsoft SQL Server\120\DTS\Binn\;C:\RailsInstaller\Git\cmd;C:\Quality Assurance\jruby-1.7.26\bin;c:\Python27;C:\Program Files\Mercurial;C:\Users\jco\AppData\Roaming\npm;C:\Users\jco\Downloads\apache-maven-3.3.9-bin\apache-maven-3.3.9\bin;C:\Users\jco\AppData\Local\Box\Box Edit\
USERNAME=jco
OS=Windows_NT
PROCESSOR_IDENTIFIER=Intel64 Family 6 Model 61 Stepping 4, GenuineIntel



---------------  S Y S T E M  ---------------

OS: Windows 7 , 64 bit Build 7601 (6.1.7601.23572)

CPU:total 4 (2 cores per cpu, 2 threads per core) family 6 model 61 stepping 4, cmov, cx8, fxsr, mmx, sse, sse2, sse3, ssse3, sse4.1, sse4.2, popcnt, avx, avx2, aes, clmul, erms, 3dnowpref, lzcnt, ht, tsc, tscinvbit, bmi1, bmi2, adx

Memory: 4k page, physical 8077544k(1654880k free), swap 16315464k(7428k free)

vm_info: Java HotSpot(TM) 64-Bit Server VM (25.101-b13) for windows-amd64 JRE (1.8.0_101-b13), built on Jun 22 2016 01:21:29 by "java_re" with MS VC++ 10.0 (VS2010)

time: Mon Mar 27 14:56:43 2017
elapsed time: 9 seconds (0d 0h 0m 9s)

