#
# There is insufficient memory for the Java Runtime Environment to continue.
# Native memory allocation (malloc) failed to allocate 46112 bytes for Chunk::new
# Possible reasons:
#   The system is out of physical RAM or swap space
#   In 32 bit mode, the process size limit was hit
# Possible solutions:
#   Reduce memory load on the system
#   Increase physical memory or swap space
#   Check if swap backing store is full
#   Use 64 bit Java on a 64 bit OS
#   Decrease Java heap size (-Xmx/-Xms)
#   Decrease number of Java threads
#   Decrease Java thread stack sizes (-Xss)
#   Set larger code cache with -XX:ReservedCodeCacheSize=
# This output file may be truncated or incomplete.
#
#  Out of Memory Error (allocation.cpp:390), pid=14664, tid=0x00000000000032c4
#
# JRE version: Java(TM) SE Runtime Environment (8.0_101-b13) (build 1.8.0_101-b13)
# Java VM: Java HotSpot(TM) 64-Bit Server VM (25.101-b13 mixed mode windows-amd64 compressed oops)
# Failed to write core dump. Minidumps are not enabled by default on client versions of Windows
#

---------------  T H R E A D  ---------------

Current thread (0x000000001400b800):  JavaThread "C2 CompilerThread0" daemon [_thread_in_native, id=12996, stack(0x00000000158f0000,0x00000000159f0000)]

Stack: [0x00000000158f0000,0x00000000159f0000]
[error occurred during error reporting (printing stack bounds), id 0xc0000005]

Native frames: (J=compiled Java code, j=interpreted, Vv=VM code, C=native code)


Current CompileTask:
C2:   1397  973   !   4       com.android.dx.cf.code.BytecodeArray::parseInstruction (2764 bytes)


---------------  P R O C E S S  ---------------

Java Threads: ( => current thread )
  0x0000000015c60800 JavaThread "pool-2-thread-4" [_thread_blocked, id=16884, stack(0x0000000016a30000,0x0000000016b30000)]
  0x0000000015c58000 JavaThread "pool-2-thread-3" [_thread_in_vm, id=164, stack(0x0000000016790000,0x0000000016890000)]
  0x0000000015b62000 JavaThread "pool-2-thread-2" [_thread_blocked, id=17908, stack(0x0000000016580000,0x0000000016680000)]
  0x0000000015b68800 JavaThread "pool-3-thread-1" [_thread_blocked, id=10608, stack(0x00000000160a0000,0x00000000161a0000)]
  0x0000000015b5d000 JavaThread "pool-2-thread-1" [_thread_blocked, id=7368, stack(0x00000000163f0000,0x00000000164f0000)]
  0x0000000015a87000 JavaThread "Service Thread" daemon [_thread_blocked, id=14264, stack(0x0000000015600000,0x0000000015700000)]
  0x0000000015a4a000 JavaThread "C1 CompilerThread2" daemon [_thread_blocked, id=8640, stack(0x0000000015f50000,0x0000000016050000)]
  0x0000000015a41000 JavaThread "C2 CompilerThread1" daemon [_thread_blocked, id=8964, stack(0x0000000015e30000,0x0000000015f30000)]
=>0x000000001400b800 JavaThread "C2 CompilerThread0" daemon [_thread_in_native, id=12996, stack(0x00000000158f0000,0x00000000159f0000)]
  0x0000000014007000 JavaThread "Attach Listener" daemon [_thread_blocked, id=16828, stack(0x0000000015730000,0x0000000015830000)]
  0x0000000014003800 JavaThread "Signal Dispatcher" daemon [_thread_blocked, id=14536, stack(0x00000000154c0000,0x00000000155c0000)]
  0x0000000013fe9800 JavaThread "Finalizer" daemon [_thread_blocked, id=7232, stack(0x0000000015350000,0x0000000015450000)]
  0x0000000013fa2800 JavaThread "Reference Handler" daemon [_thread_blocked, id=11936, stack(0x0000000015190000,0x0000000015290000)]
  0x000000000101f000 JavaThread "main" [_thread_in_native, id=4012, stack(0x0000000001440000,0x0000000001540000)]

Other Threads:
  0x0000000013f9b000 VMThread [stack: 0x0000000015090000,0x0000000015190000] [id=16172]
  0x0000000015a8d000 WatcherThread [stack: 0x0000000016200000,0x0000000016300000] [id=13664]

VM state:not at safepoint (normal execution)

VM Mutex/Monitor currently owned by a thread: None

Heap:
 PSYoungGen      total 36864K, used 21589K [0x00000000eab00000, 0x00000000ed400000, 0x0000000100000000)
  eden space 31744K, 68% used [0x00000000eab00000,0x00000000ec015750,0x00000000eca00000)
  from space 5120K, 0% used [0x00000000ecf00000,0x00000000ecf00000,0x00000000ed400000)
  to   space 5120K, 0% used [0x00000000eca00000,0x00000000eca00000,0x00000000ecf00000)
 ParOldGen       total 84992K, used 0K [0x00000000c0000000, 0x00000000c5300000, 0x00000000eab00000)
  object space 84992K, 0% used [0x00000000c0000000,0x00000000c0000000,0x00000000c5300000)
 Metaspace       used 5622K, capacity 6768K, committed 7040K, reserved 1056768K
  class space    used 576K, capacity 616K, committed 640K, reserved 1048576K

Card table byte_map: [0x0000000010bd0000,0x0000000010de0000] byte_map_base: 0x00000000105d0000

Marking Bits: (ParMarkBitMap*) 0x000000007091a6d0
 Begin Bits: [0x0000000011410000, 0x0000000012410000)
 End Bits:   [0x0000000012410000, 0x0000000013410000)

Polling page: 0x0000000000130000

CodeCache: size=245760Kb used=3880Kb max_used=3880Kb free=241879Kb
 bounds [0x0000000001810000, 0x0000000001be0000, 0x0000000010810000]
 total_blobs=1242 nmethods=980 adapters=174
 compilation: disabled (not enough contiguous free space left)

Compilation events (10 events):
Event: 1.381 Thread 0x0000000015a4a000  988       3       com.android.dx.cf.code.OneLocalsArray::copy (33 bytes)
Event: 1.382 Thread 0x0000000015a4a000 nmethod 988 0x0000000001bd4b90 code [0x0000000001bd4d20, 0x0000000001bd52c8]
Event: 1.382 Thread 0x0000000015a4a000  990       3       com.android.dx.ssa.back.InterferenceGraph::mergeInterferenceSet (29 bytes)
Event: 1.382 Thread 0x0000000015a4a000 nmethod 990 0x0000000001bd7350 code [0x0000000001bd7520, 0x0000000001bd7ac8]
Event: 1.382 Thread 0x0000000015a4a000  991       3       com.android.dx.util.BitIntSet::merge (148 bytes)
Event: 1.384 Thread 0x0000000015a4a000 nmethod 991 0x0000000001bdd090 code [0x0000000001bdd340, 0x0000000001bde4e8]
Event: 1.384 Thread 0x0000000015a4a000  982       3       com.android.dx.dex.code.CstInsn::<init> (39 bytes)
Event: 1.384 Thread 0x0000000015a4a000 nmethod 982 0x0000000001bd3310 code [0x0000000001bd34a0, 0x0000000001bd37b8]
Event: 1.384 Thread 0x0000000015a4a000  992       3       com.android.dx.ssa.back.FirstFitLocalCombiningAllocator::addMapping (76 bytes)
Event: 1.385 Thread 0x0000000015a4a000 


GC Heap History (0 events):
No events

Deoptimization events (4 events):
Event: 0.668 Thread 0x0000000015b62000 Uncommon trap: reason=unstable_if action=reinterpret pc=0x00000000019d76ec method=java.util.HashMap.getNode(ILjava/lang/Object;)Ljava/util/HashMap$Node; @ 62
Event: 1.230 Thread 0x0000000015c58000 Uncommon trap: reason=unstable_if action=reinterpret pc=0x00000000019fbc20 method=java.util.BitSet.nextSetBit(I)I @ 87
Event: 1.248 Thread 0x0000000015c58000 Uncommon trap: reason=unstable_if action=reinterpret pc=0x0000000001aaa4a0 method=java.util.BitSet.ensureCapacity(I)V @ 6
Event: 1.249 Thread 0x0000000015c58000 Uncommon trap: reason=unstable_if action=reinterpret pc=0x0000000001b559ac method=com.android.dx.rop.code.RegisterSpec.withReg(I)Lcom/android/dx/rop/code/RegisterSpec; @ 5

Internal exceptions (2 events):
Event: 0.159 Thread 0x000000000101f000 Exception <a 'java/lang/NoSuchMethodError': Method sun.misc.Unsafe.defineClass(Ljava/lang/String;[BII)Ljava/lang/Class; name or signature does not match> (0x00000000eab07cc0) thrown at [C:\re\workspace\8-2-build-windows-amd64-cygwin\jdk8u101\7261\hotspot\sÑ!Eÿ_bÄ?
Event: 0.159 Thread 0x000000000101f000 Exception <a 'java/lang/NoSuchMethodError': Method sun.misc.Unsafe.prefetchRead(Ljava/lang/Object;J)V name or signature does not match> (0x00000000eab07fa8) thrown at [C:\re\workspace\8-2-build-windows-amd64-cygwin\jdk8u101\7261\hotspot\src\share\vm\prims\

Events (10 events):
Event: 1.223 loading class com/android/dx/cf/code/BytecodeArray$ConstantParserVisitor done
Event: 1.230 Thread 0x0000000015c58000 Uncommon trap: trap_request=0xffffff65 fr.pc=0x00000000019fbc20
Event: 1.230 Thread 0x0000000015c58000 DEOPT PACKING pc=0x00000000019fbc20 sp=0x000000001688e930
Event: 1.230 Thread 0x0000000015c58000 DEOPT UNPACKING pc=0x000000000185582a sp=0x000000001688e8c8 mode 2
Event: 1.248 Thread 0x0000000015c58000 Uncommon trap: trap_request=0xffffff65 fr.pc=0x0000000001aaa4a0
Event: 1.248 Thread 0x0000000015c58000 DEOPT PACKING pc=0x0000000001aaa4a0 sp=0x000000001688e7d0
Event: 1.248 Thread 0x0000000015c58000 DEOPT UNPACKING pc=0x000000000185582a sp=0x000000001688e710 mode 2
Event: 1.249 Thread 0x0000000015c58000 Uncommon trap: trap_request=0xffffff65 fr.pc=0x0000000001b559ac
Event: 1.249 Thread 0x0000000015c58000 DEOPT PACKING pc=0x0000000001b559ac sp=0x000000001688e7b0
Event: 1.249 Thread 0x0000000015c58000 DEOPT UNPACKING pc=0x000000000185582a sp=0x000000001688e6e0 mode 2


Dynamic libraries:
0x000000013f950000 - 0x000000013f987000 	C:\Program Files\Java\jdk1.8.0_101\bin\java.exe
0x0000000077b40000 - 0x0000000077cea000 	C:\Windows\SYSTEM32\ntdll.dll
0x0000000077a20000 - 0x0000000077b3f000 	C:\Windows\system32\kernel32.dll
0x000007fefdbc0000 - 0x000007fefdc2a000 	C:\Windows\system32\KERNELBASE.dll
0x000007fefe0d0000 - 0x000007fefe1ab000 	C:\Windows\system32\ADVAPI32.dll
0x000007fefe390000 - 0x000007fefe42f000 	C:\Windows\system32\msvcrt.dll
0x000007fefe0b0000 - 0x000007fefe0cf000 	C:\Windows\SYSTEM32\sechost.dll
0x000007feffcd0000 - 0x000007feffdfd000 	C:\Windows\system32\RPCRT4.dll
0x0000000077920000 - 0x0000000077a1a000 	C:\Windows\system32\USER32.dll
0x000007feffc60000 - 0x000007feffcc7000 	C:\Windows\system32\GDI32.dll
0x000007feff9a0000 - 0x000007feff9ae000 	C:\Windows\system32\LPK.dll
0x000007fefe1b0000 - 0x000007fefe27a000 	C:\Windows\system32\USP10.dll
0x000007fefad30000 - 0x000007fefaf24000 	C:\Windows\WinSxS\amd64_microsoft.windows.common-controls_6595b64144ccf1df_6.0.7601.18837_none_fa3b1e3d17594757\COMCTL32.dll
0x000007fefdcd0000 - 0x000007fefdd41000 	C:\Windows\system32\SHLWAPI.dll
0x000007feffc30000 - 0x000007feffc5e000 	C:\Windows\system32\IMM32.DLL
0x000007fefe280000 - 0x000007fefe389000 	C:\Windows\system32\MSCTF.dll
0x00000000526a0000 - 0x0000000052772000 	C:\Program Files\Java\jdk1.8.0_101\jre\bin\msvcr100.dll
0x0000000070100000 - 0x000000007099a000 	C:\Program Files\Java\jdk1.8.0_101\jre\bin\server\jvm.dll
0x000007fef9db0000 - 0x000007fef9db9000 	C:\Windows\system32\WSOCK32.dll
0x000007feffe00000 - 0x000007feffe4d000 	C:\Windows\system32\WS2_32.dll
0x000007feff990000 - 0x000007feff998000 	C:\Windows\system32\NSI.dll
0x000007fefa620000 - 0x000007fefa65b000 	C:\Windows\system32\WINMM.dll
0x000007fefc7a0000 - 0x000007fefc7ac000 	C:\Windows\system32\VERSION.dll
0x0000000077d10000 - 0x0000000077d17000 	C:\Windows\system32\PSAPI.DLL
0x000000006a0e0000 - 0x000000006a0ef000 	C:\Program Files\Java\jdk1.8.0_101\jre\bin\verify.dll
0x0000000054bc0000 - 0x0000000054be9000 	C:\Program Files\Java\jdk1.8.0_101\jre\bin\java.dll
0x0000000055ca0000 - 0x0000000055cb6000 	C:\Program Files\Java\jdk1.8.0_101\jre\bin\zip.dll
0x000007fefec00000 - 0x000007feff98a000 	C:\Windows\system32\SHELL32.dll
0x000007fefe9f0000 - 0x000007fefebf3000 	C:\Windows\system32\ole32.dll
0x000007fefd880000 - 0x000007fefd88f000 	C:\Windows\system32\profapi.dll

VM Arguments:
jvm_args: -Djava.awt.headless=true -Xmx1024M -Dfile.encoding=windows-1252 -Duser.country=US -Duser.language=en -Duser.variant 
java_command: com.android.dx.command.Main --dex --force-jumbo --num-threads=4 --multi-dex --output C:\Pitonew\Android-Pitonew\app\build\intermediates\transforms\dex\debug\folders\1000\5\slice_0 C:\Pitonew\Android-Pitonew\app\build\intermediates\transforms\instantRunSlicer\debug\folders\1\5\slice_0
java_class_path (initial): C:\Users\jco\AppData\Local\Android\sdk\build-tools\25.0.2\lib\dx.jar
Launcher Type: SUN_STANDARD

Environment Variables:
JAVA_HOME=C:\Program Files\Java\jre1.8.0_111
PATH=C:\ProgramData\Oracle\Java\javapath;C:\Windows\system32;C:\Windows;C:\Windows\System32\Wbem;C:\Windows\System32\WindowsPowerShell\v1.0\;C:\Windows\CCM;C:\Program Files (x86)\WebEx\Productivity Tools;C:\Program Files\Microsoft SQL Server\Client SDK\ODBC\110\Tools\Binn\;C:\Program Files (x86)\Microsoft SQL Server\120\Tools\Binn\;C:\Program Files\Microsoft SQL Server\120\Tools\Binn\;C:\Program Files\Microsoft SQL Server\120\DTS\Binn\;C:\Program Files (x86)\WebEx\PTools020000000;C:\Program Files\TortoiseHg\;C:\RailsInstaller\Git\cmd;C:\RailsInstaller\nodejs\;C:\Program Files (x86)\Heroku\bin;C:\Program Files (x86)\git\cmd;C:\Program Files (x86)\Git\cmd;C:\Program Files (x86)\Brackets\command;C:\Program Files (x86)\nodejs\;C:\Program Files (x86)\Microsoft SQL Server\120\Tools\Binn\ManagementStudio\;C:\Program Files (x86)\Microsoft SQL Server\120\DTS\Binn\;C:\RailsInstaller\Git\cmd;C:\Quality Assurance\jruby-1.7.26\bin;c:\Python27;C:\Program Files\Mercurial;C:\Users\jco\AppData\Roaming\npm;C:\Users\jco\Downloads\apache-maven-3.3.9-bin\apache-maven-3.3.9\bin;C:\Users\jco\AppData\Local\Box\Box Edit\
USERNAME=jco
OS=Windows_NT
PROCESSOR_IDENTIFIER=Intel64 Family 6 Model 61 Stepping 4, GenuineIntel



---------------  S Y S T E M  ---------------

OS: Windows 7 , 64 bit Build 7601 (6.1.7601.23572)

CPU:total 4 (2 cores per cpu, 2 threads per core) family 6 model 61 stepping 4, cmov, cx8, fxsr, mmx, sse, sse2, sse3, ssse3, sse4.1, sse4.2, popcnt, avx, avx2, aes, clmul, erms, 3dnowpref, lzcnt, ht, tsc, tscinvbit, bmi1, bmi2, adx

Memory: 4k page, physical 8077544k(671648k free), swap 16506708k(3564k free)

vm_info: Java HotSpot(TM) 64-Bit Server VM (25.101-b13) for windows-amd64 JRE (1.8.0_101-b13), built on Jun 22 2016 01:21:29 by "java_re" with MS VC++ 10.0 (VS2010)

time: Wed Apr 05 09:44:59 2017
elapsed time: 1 seconds (0d 0h 0m 1s)

