#
# There is insufficient memory for the Java Runtime Environment to continue.
# Native memory allocation (malloc) failed to allocate 483696 bytes for Chunk::new
# Possible reasons:
#   The system is out of physical RAM or swap space
#   In 32 bit mode, the process size limit was hit
# Possible solutions:
#   Reduce memory load on the system
#   Increase physical memory or swap space
#   Check if swap backing store is full
#   Use 64 bit Java on a 64 bit OS
#   Decrease Java heap size (-Xmx/-Xms)
#   Decrease number of Java threads
#   Decrease Java thread stack sizes (-Xss)
#   Set larger code cache with -XX:ReservedCodeCacheSize=
# This output file may be truncated or incomplete.
#
#  Out of Memory Error (allocation.cpp:390), pid=7060, tid=0x00000000000038b4
#
# JRE version: Java(TM) SE Runtime Environment (8.0_101-b13) (build 1.8.0_101-b13)
# Java VM: Java HotSpot(TM) 64-Bit Server VM (25.101-b13 mixed mode windows-amd64 compressed oops)
# Failed to write core dump. Minidumps are not enabled by default on client versions of Windows
#

---------------  T H R E A D  ---------------

Current thread (0x0000000053a99800):  JavaThread "C2 CompilerThread0" daemon [_thread_in_native, id=14516, stack(0x0000000055360000,0x0000000055460000)]

Stack: [0x0000000055360000,0x0000000055460000]
[error occurred during error reporting (printing stack bounds), id 0xc0000005]

Native frames: (J=compiled Java code, j=interpreted, Vv=VM code, C=native code)


Current CompileTask:
C2:   3259 1179       4       com.android.dx.ssa.LocalVariableExtractor::processBlock (383 bytes)


---------------  P R O C E S S  ---------------

Java Threads: ( => current thread )
  0x000000005577b000 JavaThread "pool-2-thread-4" [_thread_blocked, id=14292, stack(0x0000000055fc0000,0x00000000560c0000)]
  0x0000000055625800 JavaThread "pool-2-thread-3" [_thread_blocked, id=2096, stack(0x00000000562d0000,0x00000000563d0000)]
  0x00000000555ba800 JavaThread "pool-2-thread-2" [_thread_in_Java, id=2924, stack(0x00000000558b0000,0x00000000559b0000)]
  0x00000000555a3000 JavaThread "pool-3-thread-1" [_thread_blocked, id=15568, stack(0x00000000560f0000,0x00000000561f0000)]
  0x00000000555a2000 JavaThread "pool-2-thread-1" [_thread_blocked, id=12400, stack(0x0000000055eb0000,0x0000000055fb0000)]
  0x00000000554ce000 JavaThread "Service Thread" daemon [_thread_blocked, id=2200, stack(0x0000000055be0000,0x0000000055ce0000)]
  0x00000000554ba800 JavaThread "C1 CompilerThread2" daemon [_thread_blocked, id=14524, stack(0x00000000559f0000,0x0000000055af0000)]
  0x00000000554b7800 JavaThread "C2 CompilerThread1" daemon [_thread_in_native, id=8936, stack(0x0000000055240000,0x0000000055340000)]
=>0x0000000053a99800 JavaThread "C2 CompilerThread0" daemon [_thread_in_native, id=14516, stack(0x0000000055360000,0x0000000055460000)]
  0x0000000053a95000 JavaThread "Attach Listener" daemon [_thread_blocked, id=14412, stack(0x0000000054da0000,0x0000000054ea0000)]
  0x0000000053a91800 JavaThread "Signal Dispatcher" daemon [_thread_blocked, id=11972, stack(0x00000000550a0000,0x00000000551a0000)]
  0x0000000053a79800 JavaThread "Finalizer" daemon [_thread_blocked, id=14428, stack(0x0000000054f10000,0x0000000055010000)]
  0x0000000053a32800 JavaThread "Reference Handler" daemon [_thread_blocked, id=792, stack(0x0000000054c90000,0x0000000054d90000)]
  0x0000000000d0f000 JavaThread "main" [_thread_in_native, id=13376, stack(0x0000000001140000,0x0000000001240000)]

Other Threads:
  0x0000000053a2b000 VMThread [stack: 0x0000000054b90000,0x0000000054c90000] [id=16304]
  0x00000000554d6800 WatcherThread [stack: 0x0000000055d00000,0x0000000055e00000] [id=7424]

VM state:not at safepoint (normal execution)

VM Mutex/Monitor currently owned by a thread: None

Heap:
 PSYoungGen      total 36864K, used 27392K [0x00000000eab00000, 0x00000000ed400000, 0x0000000100000000)
  eden space 31744K, 70% used [0x00000000eab00000,0x00000000ec0c32c8,0x00000000eca00000)
  from space 5120K, 99% used [0x00000000eca00000,0x00000000ecefcf28,0x00000000ecf00000)
  to   space 5120K, 0% used [0x00000000ecf00000,0x00000000ecf00000,0x00000000ed400000)
 ParOldGen       total 84992K, used 3476K [0x00000000c0000000, 0x00000000c5300000, 0x00000000eab00000)
  object space 84992K, 4% used [0x00000000c0000000,0x00000000c0365090,0x00000000c5300000)
 Metaspace       used 5697K, capacity 6832K, committed 7040K, reserved 1056768K
  class space    used 580K, capacity 616K, committed 640K, reserved 1048576K

Card table byte_map: [0x00000000108d0000,0x0000000010ae0000] byte_map_base: 0x00000000102d0000

Marking Bits: (ParMarkBitMap*) 0x000000007063a6d0
 Begin Bits: [0x0000000010ea0000, 0x0000000011ea0000)
 End Bits:   [0x0000000011ea0000, 0x0000000012ea0000)

Polling page: 0x0000000000310000

CodeCache: size=245760Kb used=4871Kb max_used=4871Kb free=240888Kb
 bounds [0x0000000001510000, 0x00000000019e0000, 0x0000000010510000]
 total_blobs=1431 nmethods=1170 adapters=174
 compilation: enabled

Compilation events (10 events):
Event: 3.202 Thread 0x00000000554ba800 1190   !   3       java.net.URL::<init> (543 bytes)
Event: 3.207 Thread 0x00000000554ba800 nmethod 1190 0x00000000019d1010 code [0x00000000019d14c0, 0x00000000019d44c8]
Event: 3.207 Thread 0x00000000554ba800 1191       2       com.android.dx.util.ListIntSet$1::hasNext (23 bytes)
Event: 3.208 Thread 0x00000000554ba800 nmethod 1191 0x00000000019cf790 code [0x00000000019cf8e0, 0x00000000019cfa50]
Event: 3.208 Thread 0x00000000554ba800 1193       3       com.android.dx.util.ListIntSet$1::<init> (15 bytes)
Event: 3.208 Thread 0x00000000554ba800 nmethod 1193 0x00000000019cc750 code [0x00000000019cc8a0, 0x00000000019cca70]
Event: 3.208 Thread 0x00000000554ba800 1194       2       com.android.dx.util.ListIntSet$1::next (37 bytes)
Event: 3.208 Thread 0x00000000554ba800 nmethod 1194 0x00000000019cc210 code [0x00000000019cc380, 0x00000000019cc5d8]
Event: 3.208 Thread 0x00000000554ba800 1192       2       com.android.dx.util.ListIntSet::iterator (9 bytes)
Event: 3.208 Thread 0x00000000554ba800 nmethod 1192 0x00000000019cbe90 code [0x00000000019cbfe0, 0x00000000019cc190]

GC Heap History (2 events):
Event: 3.062 GC heap before
{Heap before GC invocations=1 (full 0):
 PSYoungGen      total 36864K, used 31744K [0x00000000eab00000, 0x00000000ed400000, 0x0000000100000000)
  eden space 31744K, 100% used [0x00000000eab00000,0x00000000eca00000,0x00000000eca00000)
  from space 5120K, 0% used [0x00000000ecf00000,0x00000000ecf00000,0x00000000ed400000)
  to   space 5120K, 0% used [0x00000000eca00000,0x00000000eca00000,0x00000000ecf00000)
 ParOldGen       total 84992K, used 0K [0x00000000c0000000, 0x00000000c5300000, 0x00000000eab00000)
  object space 84992K, 0% used [0x00000000c0000000,0x00000000c0000000,0x00000000c5300000)
 Metaspace       used 5679K, capacity 6832K, committed 7040K, reserved 1056768K
  class space    used 579K, capacity 616K, committed 640K, reserved 1048576K
Event: 3.138 GC heap after
Heap after GC invocations=1 (full 0):
 PSYoungGen      total 36864K, used 5107K [0x00000000eab00000, 0x00000000ed400000, 0x0000000100000000)
  eden space 31744K, 0% used [0x00000000eab00000,0x00000000eab00000,0x00000000eca00000)
  from space 5120K, 99% used [0x00000000eca00000,0x00000000ecefcf28,0x00000000ecf00000)
  to   space 5120K, 0% used [0x00000000ecf00000,0x00000000ecf00000,0x00000000ed400000)
 ParOldGen       total 84992K, used 3476K [0x00000000c0000000, 0x00000000c5300000, 0x00000000eab00000)
  object space 84992K, 4% used [0x00000000c0000000,0x00000000c0365090,0x00000000c5300000)
 Metaspace       used 5679K, capacity 6832K, committed 7040K, reserved 1056768K
  class space    used 579K, capacity 616K, committed 640K, reserved 1048576K
}

Deoptimization events (10 events):
Event: 2.889 Thread 0x00000000555ba800 Uncommon trap: reason=unstable_if action=reinterpret pc=0x0000000001964568 method=com.android.dx.rop.code.RegisterSpec.equals(ILcom/android/dx/rop/type/TypeBearer;Lcom/android/dx/rop/code/LocalItem;)Z @ 16
Event: 2.889 Thread 0x00000000555ba800 Uncommon trap: reason=unstable_if action=reinterpret pc=0x0000000001941ad4 method=com.android.dx.rop.code.RegisterSpec.equals(ILcom/android/dx/rop/type/TypeBearer;Lcom/android/dx/rop/code/LocalItem;)Z @ 16
Event: 2.892 Thread 0x00000000555ba800 Uncommon trap: reason=unstable_if action=reinterpret pc=0x00000000016ddd08 method=com.android.dx.rop.code.RegisterSpec.equals(ILcom/android/dx/rop/type/TypeBearer;Lcom/android/dx/rop/code/LocalItem;)Z @ 16
Event: 2.892 Thread 0x00000000555ba800 Uncommon trap: reason=unstable_if action=reinterpret pc=0x00000000016f3090 method=com.android.dx.rop.code.RegisterSpec.equals(ILcom/android/dx/rop/type/TypeBearer;Lcom/android/dx/rop/code/LocalItem;)Z @ 16
Event: 2.893 Thread 0x00000000555ba800 Uncommon trap: reason=class_check action=maybe_recompile pc=0x0000000001940e3c method=java.util.HashMap.putVal(ILjava/lang/Object;Ljava/lang/Object;ZZ)Ljava/lang/Object; @ 203
Event: 2.895 Thread 0x00000000555ba800 Uncommon trap: reason=unstable_if action=reinterpret pc=0x0000000001936ed8 method=com.android.dx.rop.code.RegisterSpec.equals(ILcom/android/dx/rop/type/TypeBearer;Lcom/android/dx/rop/code/LocalItem;)Z @ 16
Event: 2.915 Thread 0x00000000555ba800 Uncommon trap: reason=unstable_if action=reinterpret pc=0x000000000191ce90 method=com.android.dx.util.IntList.binarysearch(I)I @ 26
Event: 2.916 Thread 0x00000000555ba800 Uncommon trap: reason=class_check action=maybe_recompile pc=0x00000000017800d8 method=com.android.dx.rop.type.Type.equals(Ljava/lang/Object;)Z @ 8
Event: 2.916 Thread 0x00000000555ba800 Uncommon trap: reason=null_check action=make_not_entrant pc=0x00000000017800e8 method=com.android.dx.rop.type.Type.equals(Ljava/lang/Object;)Z @ 8
Event: 2.916 Thread 0x00000000555ba800 Uncommon trap: reason=unstable_if action=reinterpret pc=0x00000000018ec628 method=com.android.dx.cf.code.Ropper.labelToResultIndex(I)I @ 34

Internal exceptions (3 events):
Event: 0.050 Thread 0x0000000000d0f000 Exception <a 'java/lang/NoSuchMethodError': Method sun.misc.Unsafe.defineClass(Ljava/lang/String;[BII)Ljava/lang/Class; name or signature does not match> (0x00000000eab07cc0) thrown at [C:\re\workspace\8-2-build-windows-amd64-cygwin\jdk8u101\7261\hotspot\s<—ßqZØ©?
Event: 0.050 Thread 0x0000000000d0f000 Exception <a 'java/lang/NoSuchMethodError': Method sun.misc.Unsafe.prefetchRead(Ljava/lang/Object;J)V name or signature does not match> (0x00000000eab07fa8) thrown at [C:\re\workspace\8-2-build-windows-amd64-cygwin\jdk8u101\7261\hotspot\src\share\vm\prims\ü¶Ú’ŸS@
Event: 2.916 Thread 0x00000000555ba800 Implicit null exception at 0x000000000177ffd2 to 0x00000000017800d9

Events (10 events):
Event: 3.062 Executing VM operation: ParallelGCFailedAllocation
Event: 3.139 Executing VM operation: ParallelGCFailedAllocation done
Event: 3.161 Thread 0x00000000555ba800 DEOPT PACKING pc=0x00000000017f6f1c sp=0x00000000559ae960
Event: 3.161 Thread 0x00000000555ba800 DEOPT UNPACKING pc=0x000000000155787f sp=0x00000000559ae688 mode 0
Event: 3.192 loading class com/android/dx/util/ListIntSet
Event: 3.192 loading class com/android/dx/util/ListIntSet done
Event: 3.192 Executing VM operation: Deoptimize
Event: 3.192 Executing VM operation: Deoptimize done
Event: 3.202 loading class com/android/dx/util/ListIntSet$1
Event: 3.202 loading class com/android/dx/util/ListIntSet$1 done


Dynamic libraries:
0x000000013fec0000 - 0x000000013fef7000 	C:\Program Files\Java\jdk1.8.0_101\bin\java.exe
0x0000000076d00000 - 0x0000000076eaa000 	C:\Windows\SYSTEM32\ntdll.dll
0x0000000076be0000 - 0x0000000076cff000 	C:\Windows\system32\kernel32.dll
0x000007fefcc60000 - 0x000007fefccca000 	C:\Windows\system32\KERNELBASE.dll
0x000007fefdc00000 - 0x000007fefdcdb000 	C:\Windows\system32\ADVAPI32.dll
0x000007fefed00000 - 0x000007fefed9f000 	C:\Windows\system32\msvcrt.dll
0x000007fefe1a0000 - 0x000007fefe1bf000 	C:\Windows\SYSTEM32\sechost.dll
0x000007fefe050000 - 0x000007fefe17d000 	C:\Windows\system32\RPCRT4.dll
0x0000000076ae0000 - 0x0000000076bda000 	C:\Windows\system32\USER32.dll
0x000007fefddc0000 - 0x000007fefde27000 	C:\Windows\system32\GDI32.dll
0x000007fefe900000 - 0x000007fefe90e000 	C:\Windows\system32\LPK.dll
0x000007fefea50000 - 0x000007fefeb1a000 	C:\Windows\system32\USP10.dll
0x000007fefab70000 - 0x000007fefad64000 	C:\Windows\WinSxS\amd64_microsoft.windows.common-controls_6595b64144ccf1df_6.0.7601.18837_none_fa3b1e3d17594757\COMCTL32.dll
0x000007fefcdf0000 - 0x000007fefce61000 	C:\Windows\system32\SHLWAPI.dll
0x000007fefe020000 - 0x000007fefe04e000 	C:\Windows\system32\IMM32.DLL
0x000007fefeb20000 - 0x000007fefec29000 	C:\Windows\system32\MSCTF.dll
0x000000006a250000 - 0x000000006a322000 	C:\Program Files\Java\jdk1.8.0_101\jre\bin\msvcr100.dll
0x000000006fe20000 - 0x00000000706ba000 	C:\Program Files\Java\jdk1.8.0_101\jre\bin\server\jvm.dll
0x000007fef9dc0000 - 0x000007fef9dc9000 	C:\Windows\system32\WSOCK32.dll
0x000007fefecb0000 - 0x000007fefecfd000 	C:\Windows\system32\WS2_32.dll
0x000007fefde30000 - 0x000007fefde38000 	C:\Windows\system32\NSI.dll
0x000007fefa2f0000 - 0x000007fefa32b000 	C:\Windows\system32\WINMM.dll
0x000007fefb960000 - 0x000007fefb96c000 	C:\Windows\system32\VERSION.dll
0x0000000076ec0000 - 0x0000000076ec7000 	C:\Windows\system32\PSAPI.DLL
0x000000006a240000 - 0x000000006a24f000 	C:\Program Files\Java\jdk1.8.0_101\jre\bin\verify.dll
0x000000006a210000 - 0x000000006a239000 	C:\Program Files\Java\jdk1.8.0_101\jre\bin\java.dll
0x000000006a1f0000 - 0x000000006a206000 	C:\Program Files\Java\jdk1.8.0_101\jre\bin\zip.dll
0x000007fefce70000 - 0x000007fefdbfa000 	C:\Windows\system32\SHELL32.dll
0x000007fefee00000 - 0x000007feff003000 	C:\Windows\system32\ole32.dll
0x000007fefca30000 - 0x000007fefca3f000 	C:\Windows\system32\profapi.dll

VM Arguments:
jvm_args: -Djava.awt.headless=true -Xmx1024M -Dfile.encoding=windows-1252 -Duser.country=US -Duser.language=en -Duser.variant 
java_command: com.android.dx.command.Main --dex --force-jumbo --num-threads=4 --multi-dex --output C:\Pitonew\Android-Pitonew\app\build\intermediates\transforms\dex\debug\folders\1000\5\slice_1 C:\Pitonew\Android-Pitonew\app\build\intermediates\transforms\instantRunSlicer\debug\folders\1\5\slice_1
java_class_path (initial): C:\Users\jco\AppData\Local\Android\sdk\build-tools\25.0.2\lib\dx.jar
Launcher Type: SUN_STANDARD

Environment Variables:
JAVA_HOME=C:\Program Files\Java\jre1.8.0_111
PATH=C:\ProgramData\Oracle\Java\javapath;C:\Windows\system32;C:\Windows;C:\Windows\System32\Wbem;C:\Windows\System32\WindowsPowerShell\v1.0\;C:\Windows\CCM;C:\Program Files (x86)\WebEx\Productivity Tools;C:\Program Files\Microsoft SQL Server\Client SDK\ODBC\110\Tools\Binn\;C:\Program Files (x86)\Microsoft SQL Server\120\Tools\Binn\;C:\Program Files\Microsoft SQL Server\120\Tools\Binn\;C:\Program Files\Microsoft SQL Server\120\DTS\Binn\;C:\Program Files (x86)\WebEx\PTools020000000;C:\Program Files\TortoiseHg\;C:\RailsInstaller\Git\cmd;C:\RailsInstaller\nodejs\;C:\Program Files (x86)\Heroku\bin;C:\Program Files (x86)\git\cmd;C:\Program Files (x86)\Git\cmd;C:\Program Files (x86)\Brackets\command;C:\Program Files (x86)\nodejs\;C:\Program Files (x86)\Microsoft SQL Server\120\Tools\Binn\ManagementStudio\;C:\Program Files (x86)\Microsoft SQL Server\120\DTS\Binn\;C:\RailsInstaller\Git\cmd;C:\Quality Assurance\jruby-1.7.26\bin;c:\Python27;C:\Program Files\Mercurial;C:\Users\jco\AppData\Roaming\npm;C:\Users\jco\Downloads\apache-maven-3.3.9-bin\apache-maven-3.3.9\bin;C:\Users\jco\AppData\Local\Box\Box Edit\
USERNAME=jco
OS=Windows_NT
PROCESSOR_IDENTIFIER=Intel64 Family 6 Model 61 Stepping 4, GenuineIntel



---------------  S Y S T E M  ---------------

OS: Windows 7 , 64 bit Build 7601 (6.1.7601.23572)

CPU:total 4 (2 cores per cpu, 2 threads per core) family 6 model 61 stepping 4, cmov, cx8, fxsr, mmx, sse, sse2, sse3, ssse3, sse4.1, sse4.2, popcnt, avx, avx2, aes, clmul, erms, 3dnowpref, lzcnt, ht, tsc, tscinvbit, bmi1, bmi2, adx

Memory: 4k page, physical 8077544k(1322680k free), swap 15942716k(5340k free)

vm_info: Java HotSpot(TM) 64-Bit Server VM (25.101-b13) for windows-amd64 JRE (1.8.0_101-b13), built on Jun 22 2016 01:21:29 by "java_re" with MS VC++ 10.0 (VS2010)

time: Mon Mar 13 14:42:03 2017
elapsed time: 3 seconds (0d 0h 0m 3s)

