#
# There is insufficient memory for the Java Runtime Environment to continue.
# Native memory allocation (malloc) failed to allocate 8192 bytes for AllocateHeap
# Possible reasons:
#   The system is out of physical RAM or swap space
#   In 32 bit mode, the process size limit was hit
# Possible solutions:
#   Reduce memory load on the system
#   Increase physical memory or swap space
#   Check if swap backing store is full
#   Use 64 bit Java on a 64 bit OS
#   Decrease Java heap size (-Xmx/-Xms)
#   Decrease number of Java threads
#   Decrease Java thread stack sizes (-Xss)
#   Set larger code cache with -XX:ReservedCodeCacheSize=
# This output file may be truncated or incomplete.
#
#  Out of Memory Error (memory/allocation.inline.hpp:61), pid=12348, tid=0x00000000000030f0
#
# JRE version:  (8.0_101-b13) (build )
# Java VM: Java HotSpot(TM) 64-Bit Server VM (25.101-b13 mixed mode windows-amd64 compressed oops)
# Failed to write core dump. Minidumps are not enabled by default on client versions of Windows
#

---------------  T H R E A D  ---------------

Current thread (0x0000000000b9f000):  JavaThread "Unknown thread" [_thread_in_vm, id=12528, stack(0x0000000001270000,0x0000000001370000)]

Stack: [0x0000000001270000,0x0000000001370000]
[error occurred during error reporting (printing stack bounds), id 0xc0000005]

Native frames: (J=compiled Java code, j=interpreted, Vv=VM code, C=native code)


---------------  P R O C E S S  ---------------

Java Threads: ( => current thread )

Other Threads:

=>0x0000000000b9f000 (exited) JavaThread "Unknown thread" [_thread_in_vm, id=12528, stack(0x0000000001270000,0x0000000001370000)]

VM state:not at safepoint (not fully initialized)

VM Mutex/Monitor currently owned by a thread:  ([mutex/lock_event])
[0x0000000000b9c5b0] SymbolTable_lock - owner thread: 0x0000000000b9f000

GC Heap History (0 events):
No events

Deoptimization events (0 events):
No events

Internal exceptions (0 events):
No events

Events (10 events):
Event: 0.025 loading class sun/reflect/MethodAccessorImpl done
Event: 0.025 loading class sun/reflect/ConstructorAccessorImpl
Event: 0.025 loading class sun/reflect/ConstructorAccessor
Event: 0.025 loading class sun/reflect/ConstructorAccessor done
Event: 0.025 loading class sun/reflect/ConstructorAccessorImpl done
Event: 0.025 loading class sun/reflect/DelegatingClassLoader
Event: 0.025 loading class sun/reflect/DelegatingClassLoader done
Event: 0.025 loading class sun/reflect/ConstantPool
Event: 0.026 loading class sun/reflect/ConstantPool done
Event: 0.026 loading class sun/reflect/UnsafeStaticFieldAccessorImpl


Dynamic libraries:
0x000000013fe70000 - 0x000000013fea7000 	C:\Program Files\Java\jdk1.8.0_101\bin\java.exe
0x0000000077b40000 - 0x0000000077cea000 	C:\Windows\SYSTEM32\ntdll.dll
0x0000000077a20000 - 0x0000000077b3f000 	C:\Windows\system32\kernel32.dll
0x000007fefdbc0000 - 0x000007fefdc2a000 	C:\Windows\system32\KERNELBASE.dll
0x000007fefe0d0000 - 0x000007fefe1ab000 	C:\Windows\system32\ADVAPI32.dll
0x000007fefe390000 - 0x000007fefe42f000 	C:\Windows\system32\msvcrt.dll
0x000007fefe0b0000 - 0x000007fefe0cf000 	C:\Windows\SYSTEM32\sechost.dll
0x000007feffcd0000 - 0x000007feffdfd000 	C:\Windows\system32\RPCRT4.dll
0x0000000077920000 - 0x0000000077a1a000 	C:\Windows\system32\USER32.dll
0x000007feffc60000 - 0x000007feffcc7000 	C:\Windows\system32\GDI32.dll
0x000007feff9a0000 - 0x000007feff9ae000 	C:\Windows\system32\LPK.dll
0x000007fefe1b0000 - 0x000007fefe27a000 	C:\Windows\system32\USP10.dll
0x000007fefad30000 - 0x000007fefaf24000 	C:\Windows\WinSxS\amd64_microsoft.windows.common-controls_6595b64144ccf1df_6.0.7601.18837_none_fa3b1e3d17594757\COMCTL32.dll
0x000007fefdcd0000 - 0x000007fefdd41000 	C:\Windows\system32\SHLWAPI.dll
0x000007feffc30000 - 0x000007feffc5e000 	C:\Windows\system32\IMM32.DLL
0x000007fefe280000 - 0x000007fefe389000 	C:\Windows\system32\MSCTF.dll
0x00000000616b0000 - 0x0000000061782000 	C:\Program Files\Java\jdk1.8.0_101\jre\bin\msvcr100.dll
0x000000006fd20000 - 0x00000000705ba000 	C:\Program Files\Java\jdk1.8.0_101\jre\bin\server\jvm.dll
0x000007fef9db0000 - 0x000007fef9db9000 	C:\Windows\system32\WSOCK32.dll
0x000007feffe00000 - 0x000007feffe4d000 	C:\Windows\system32\WS2_32.dll
0x000007feff990000 - 0x000007feff998000 	C:\Windows\system32\NSI.dll
0x000007fefa620000 - 0x000007fefa65b000 	C:\Windows\system32\WINMM.dll
0x000007fefc7a0000 - 0x000007fefc7ac000 	C:\Windows\system32\VERSION.dll
0x0000000077d10000 - 0x0000000077d17000 	C:\Windows\system32\PSAPI.DLL
0x0000000073580000 - 0x000000007358f000 	C:\Program Files\Java\jdk1.8.0_101\jre\bin\verify.dll
0x000000006e3c0000 - 0x000000006e3e9000 	C:\Program Files\Java\jdk1.8.0_101\jre\bin\java.dll
0x000000006e4d0000 - 0x000000006e4e6000 	C:\Program Files\Java\jdk1.8.0_101\jre\bin\zip.dll

VM Arguments:
jvm_args: -Djava.awt.headless=true -Xmx1024M -Dfile.encoding=windows-1252 -Duser.country=US -Duser.language=en -Duser.variant 
java_command: com.android.dx.command.Main --dex --force-jumbo --num-threads=4 --multi-dex --output C:\Pitonew\Android-Pitonew\app\build\intermediates\transforms\dex\debug\folders\1000\5\slice_8 C:\Pitonew\Android-Pitonew\app\build\intermediates\transforms\instantRunSlicer\debug\folders\1\5\slice_8
java_class_path (initial): C:\Users\jco\AppData\Local\Android\sdk\build-tools\25.0.2\lib\dx.jar
Launcher Type: SUN_STANDARD

Environment Variables:
JAVA_HOME=C:\Program Files\Java\jre1.8.0_111
PATH=C:\ProgramData\Oracle\Java\javapath;C:\Windows\system32;C:\Windows;C:\Windows\System32\Wbem;C:\Windows\System32\WindowsPowerShell\v1.0\;C:\Windows\CCM;C:\Program Files (x86)\WebEx\Productivity Tools;C:\Program Files\Microsoft SQL Server\Client SDK\ODBC\110\Tools\Binn\;C:\Program Files (x86)\Microsoft SQL Server\120\Tools\Binn\;C:\Program Files\Microsoft SQL Server\120\Tools\Binn\;C:\Program Files\Microsoft SQL Server\120\DTS\Binn\;C:\Program Files (x86)\WebEx\PTools020000000;C:\Program Files\TortoiseHg\;C:\RailsInstaller\Git\cmd;C:\RailsInstaller\nodejs\;C:\Program Files (x86)\Heroku\bin;C:\Program Files (x86)\git\cmd;C:\Program Files (x86)\Git\cmd;C:\Program Files (x86)\Brackets\command;C:\Program Files (x86)\nodejs\;C:\Program Files (x86)\Microsoft SQL Server\120\Tools\Binn\ManagementStudio\;C:\Program Files (x86)\Microsoft SQL Server\120\DTS\Binn\;C:\RailsInstaller\Git\cmd;C:\Quality Assurance\jruby-1.7.26\bin;c:\Python27;C:\Program Files\Mercurial;C:\Users\jco\AppData\Roaming\npm;C:\Users\jco\Downloads\apache-maven-3.3.9-bin\apache-maven-3.3.9\bin;C:\Users\jco\AppData\Local\Box\Box Edit\
USERNAME=jco
OS=Windows_NT
PROCESSOR_IDENTIFIER=Intel64 Family 6 Model 61 Stepping 4, GenuineIntel



---------------  S Y S T E M  ---------------

OS: Windows 7 , 64 bit Build 7601 (6.1.7601.23572)

CPU:total 4 (2 cores per cpu, 2 threads per core) family 6 model 61 stepping 4, cmov, cx8, fxsr, mmx, sse, sse2, sse3, ssse3, sse4.1, sse4.2, popcnt, avx, avx2, aes, clmul, erms, 3dnowpref, lzcnt, ht, tsc, tscinvbit, bmi1, bmi2, adx

Memory: 4k page, physical 8077544k(979088k free), swap 16506708k(4984k free)

vm_info: Java HotSpot(TM) 64-Bit Server VM (25.101-b13) for windows-amd64 JRE (1.8.0_101-b13), built on Jun 22 2016 01:21:29 by "java_re" with MS VC++ 10.0 (VS2010)

time: Sat Apr 08 22:11:41 2017
elapsed time: 0 seconds (0d 0h 0m 0s)

