#
# There is insufficient memory for the Java Runtime Environment to continue.
# Native memory allocation (malloc) failed to allocate 333776 bytes for Chunk::new
# Possible reasons:
#   The system is out of physical RAM or swap space
#   In 32 bit mode, the process size limit was hit
# Possible solutions:
#   Reduce memory load on the system
#   Increase physical memory or swap space
#   Check if swap backing store is full
#   Use 64 bit Java on a 64 bit OS
#   Decrease Java heap size (-Xmx/-Xms)
#   Decrease number of Java threads
#   Decrease Java thread stack sizes (-Xss)
#   Set larger code cache with -XX:ReservedCodeCacheSize=
# This output file may be truncated or incomplete.
#
#  Out of Memory Error (allocation.cpp:390), pid=17336, tid=0x00000000000040a8
#
# JRE version: Java(TM) SE Runtime Environment (8.0_101-b13) (build 1.8.0_101-b13)
# Java VM: Java HotSpot(TM) 64-Bit Server VM (25.101-b13 mixed mode windows-amd64 compressed oops)
# Failed to write core dump. Minidumps are not enabled by default on client versions of Windows
#

---------------  T H R E A D  ---------------

Current thread (0x0000000053f7a000):  JavaThread "C2 CompilerThread0" daemon [_thread_in_native, id=16552, stack(0x0000000055590000,0x0000000055690000)]

Stack: [0x0000000055590000,0x0000000055690000]
[error occurred during error reporting (printing stack bounds), id 0xc0000005]

Native frames: (J=compiled Java code, j=interpreted, Vv=VM code, C=native code)


Current CompileTask:
C2:   4457 1258       4       com.android.dx.ssa.SCCP::simulateBranch (666 bytes)


---------------  P R O C E S S  ---------------

Java Threads: ( => current thread )
  0x0000000055cbf000 JavaThread "pool-2-thread-4" [_thread_blocked, id=14020, stack(0x00000000556a0000,0x00000000557a0000)]
  0x0000000055ca5000 JavaThread "pool-2-thread-3" [_thread_blocked, id=5744, stack(0x0000000056630000,0x0000000056730000)]
  0x0000000055c1c800 JavaThread "pool-2-thread-2" [_thread_in_Java, id=18100, stack(0x0000000056500000,0x0000000056600000)]
  0x0000000055c1a000 JavaThread "pool-3-thread-1" [_thread_blocked, id=14664, stack(0x0000000056330000,0x0000000056430000)]
  0x0000000055c14000 JavaThread "pool-2-thread-1" [_thread_in_Java, id=1804, stack(0x00000000561e0000,0x00000000562e0000)]
  0x0000000053f7f800 JavaThread "Service Thread" daemon [_thread_blocked, id=16320, stack(0x0000000055f90000,0x0000000056090000)]
  0x0000000053f7e000 JavaThread "C1 CompilerThread2" daemon [_thread_blocked, id=6288, stack(0x0000000055970000,0x0000000055a70000)]
  0x0000000053f7c800 JavaThread "C2 CompilerThread1" daemon [_thread_in_native, id=14820, stack(0x00000000557d0000,0x00000000558d0000)]
=>0x0000000053f7a000 JavaThread "C2 CompilerThread0" daemon [_thread_in_native, id=16552, stack(0x0000000055590000,0x0000000055690000)]
  0x0000000053f75800 JavaThread "Attach Listener" daemon [_thread_blocked, id=11564, stack(0x0000000055380000,0x0000000055480000)]
  0x0000000053f72800 JavaThread "Signal Dispatcher" daemon [_thread_blocked, id=4912, stack(0x0000000055280000,0x0000000055380000)]
  0x0000000053f59000 JavaThread "Finalizer" daemon [_thread_blocked, id=15052, stack(0x0000000055090000,0x0000000055190000)]
  0x0000000053f12000 JavaThread "Reference Handler" daemon [_thread_blocked, id=15300, stack(0x0000000054dc0000,0x0000000054ec0000)]
  0x0000000000e3f000 JavaThread "main" [_thread_blocked, id=16824, stack(0x00000000011d0000,0x00000000012d0000)]

Other Threads:
  0x0000000053f0a800 VMThread [stack: 0x0000000054ef0000,0x0000000054ff0000] [id=12736]
  0x0000000055b12000 WatcherThread [stack: 0x00000000560c0000,0x00000000561c0000] [id=16032]

VM state:not at safepoint (normal execution)

VM Mutex/Monitor currently owned by a thread: None

Heap:
 PSYoungGen      total 36864K, used 15364K [0x00000000eab00000, 0x00000000ed400000, 0x0000000100000000)
  eden space 31744K, 32% used [0x00000000eab00000,0x00000000eb504448,0x00000000eca00000)
  from space 5120K, 99% used [0x00000000eca00000,0x00000000ecefce98,0x00000000ecf00000)
  to   space 5120K, 0% used [0x00000000ecf00000,0x00000000ecf00000,0x00000000ed400000)
 ParOldGen       total 84992K, used 1150K [0x00000000c0000000, 0x00000000c5300000, 0x00000000eab00000)
  object space 84992K, 1% used [0x00000000c0000000,0x00000000c011f920,0x00000000c5300000)
 Metaspace       used 5980K, capacity 7024K, committed 7296K, reserved 1056768K
  class space    used 589K, capacity 616K, committed 640K, reserved 1048576K

Card table byte_map: [0x0000000010960000,0x0000000010b70000] byte_map_base: 0x0000000010360000

Marking Bits: (ParMarkBitMap*) 0x000000006fffa6d0
 Begin Bits: [0x0000000011380000, 0x0000000012380000)
 End Bits:   [0x0000000012380000, 0x0000000013380000)

Polling page: 0x0000000000210000

CodeCache: size=245760Kb used=5522Kb max_used=5533Kb free=240237Kb
 bounds [0x00000000015a0000, 0x0000000001b10000, 0x00000000105a0000]
 total_blobs=1602 nmethods=1339 adapters=176
 compilation: enabled

Compilation events (10 events):
Event: 4.267 Thread 0x0000000053f7e000 1344       3       com.android.dx.ssa.back.FirstFitLocalCombiningAllocator::isEven (12 bytes)
Event: 4.267 Thread 0x0000000053f7e000 nmethod 1344 0x0000000001b07610 code [0x0000000001b07760, 0x0000000001b078f0]
Event: 4.267 Thread 0x0000000053f7e000 1347       3       com.android.dx.rop.cst.CstLiteral64::equals (36 bytes)
Event: 4.268 Thread 0x0000000053f7e000 nmethod 1347 0x0000000001b07990 code [0x0000000001b07b00, 0x0000000001b07f50]
Event: 4.268 Thread 0x0000000053f7e000 1341       1       java.lang.Integer::intValue (5 bytes)
Event: 4.268 Thread 0x0000000053f7e000 nmethod 1341 0x0000000001b08050 code [0x0000000001b081a0, 0x0000000001b082b0]
Event: 4.269 Thread 0x0000000053f7c800 nmethod 1297 0x0000000001b0b410 code [0x0000000001b0b580, 0x0000000001b0ba58]
Event: 4.269 Thread 0x0000000053f7c800 1345       4       com.android.dx.ssa.SCCP::simulatePhi (169 bytes)
Event: 4.272 Thread 0x0000000053f7e000 1352       3       java.util.concurrent.locks.AbstractOwnableSynchronizer::setExclusiveOwnerThread (6 bytes)
Event: 4.272 Thread 0x0000000053f7e000 nmethod 1352 0x0000000001b0b0d0 code [0x0000000001b0b220, 0x0000000001b0b390]

GC Heap History (2 events):
Event: 3.527 GC heap before
{Heap before GC invocations=1 (full 0):
 PSYoungGen      total 36864K, used 31744K [0x00000000eab00000, 0x00000000ed400000, 0x0000000100000000)
  eden space 31744K, 100% used [0x00000000eab00000,0x00000000eca00000,0x00000000eca00000)
  from space 5120K, 0% used [0x00000000ecf00000,0x00000000ecf00000,0x00000000ed400000)
  to   space 5120K, 0% used [0x00000000eca00000,0x00000000eca00000,0x00000000ecf00000)
 ParOldGen       total 84992K, used 0K [0x00000000c0000000, 0x00000000c5300000, 0x00000000eab00000)
  object space 84992K, 0% used [0x00000000c0000000,0x00000000c0000000,0x00000000c5300000)
 Metaspace       used 5914K, capacity 6960K, committed 7040K, reserved 1056768K
  class space    used 589K, capacity 616K, committed 640K, reserved 1048576K
Event: 3.964 GC heap after
Heap after GC invocations=1 (full 0):
 PSYoungGen      total 36864K, used 5107K [0x00000000eab00000, 0x00000000ed400000, 0x0000000100000000)
  eden space 31744K, 0% used [0x00000000eab00000,0x00000000eab00000,0x00000000eca00000)
  from space 5120K, 99% used [0x00000000eca00000,0x00000000ecefce98,0x00000000ecf00000)
  to   space 5120K, 0% used [0x00000000ecf00000,0x00000000ecf00000,0x00000000ed400000)
 ParOldGen       total 84992K, used 1150K [0x00000000c0000000, 0x00000000c5300000, 0x00000000eab00000)
  object space 84992K, 1% used [0x00000000c0000000,0x00000000c011f920,0x00000000c5300000)
 Metaspace       used 5914K, capacity 6960K, committed 7040K, reserved 1056768K
  class space    used 589K, capacity 616K, committed 640K, reserved 1048576K
}

Deoptimization events (10 events):
Event: 1.948 Thread 0x0000000055c1c800 Uncommon trap: reason=unstable_if action=reinterpret pc=0x0000000001a05ab0 method=com.android.dx.util.IntList.binarysearch(I)I @ 105
Event: 2.639 Thread 0x0000000055c1c800 Uncommon trap: reason=unstable_if action=reinterpret pc=0x000000000197f2c4 method=com.android.dx.rop.cst.Constant.compareTo(Lcom/android/dx/rop/cst/Constant;)I @ 12
Event: 2.646 Thread 0x0000000055c1c800 Uncommon trap: reason=bimorphic action=maybe_recompile pc=0x000000000179a8d0 method=java.util.HashMap.getNode(ILjava/lang/Object;)Ljava/util/HashMap$Node; @ 126
Event: 2.646 Thread 0x0000000055c1c800 Uncommon trap: reason=class_check action=maybe_recompile pc=0x0000000001a67188 method=java.util.HashMap.putVal(ILjava/lang/Object;Ljava/lang/Object;ZZ)Ljava/lang/Object; @ 203
Event: 3.981 Thread 0x0000000055cbf000 Uncommon trap: reason=class_check action=maybe_recompile pc=0x0000000001a92fc0 method=com.android.dx.rop.cst.CstKnownNull.equals(Ljava/lang/Object;)Z @ 1
Event: 3.984 Thread 0x0000000055cbf000 Uncommon trap: reason=class_check action=maybe_recompile pc=0x0000000001a92fc0 method=com.android.dx.rop.cst.CstKnownNull.equals(Ljava/lang/Object;)Z @ 1
Event: 4.247 Thread 0x0000000055c1c800 Uncommon trap: reason=bimorphic action=maybe_recompile pc=0x0000000001a927a0 method=com.android.dx.ssa.SCCP.simulatePhi(Lcom/android/dx/ssa/PhiInsn;)V @ 124
Event: 4.247 Thread 0x0000000055c1c800 Uncommon trap: reason=bimorphic action=maybe_recompile pc=0x0000000001a927a0 method=com.android.dx.ssa.SCCP.simulatePhi(Lcom/android/dx/ssa/PhiInsn;)V @ 124
Event: 4.247 Thread 0x0000000055c1c800 Uncommon trap: reason=bimorphic action=maybe_recompile pc=0x0000000001a927a0 method=com.android.dx.ssa.SCCP.simulatePhi(Lcom/android/dx/ssa/PhiInsn;)V @ 124
Event: 4.248 Thread 0x0000000055c1c800 Uncommon trap: reason=bimorphic action=maybe_recompile pc=0x0000000001a927a0 method=com.android.dx.ssa.SCCP.simulatePhi(Lcom/android/dx/ssa/PhiInsn;)V @ 124

Internal exceptions (3 events):
Event: 0.045 Thread 0x0000000000e3f000 Exception <a 'java/lang/NoSuchMethodError': Method sun.misc.Unsafe.defineClass(Ljava/lang/String;[BII)Ljava/lang/Class; name or signature does not match> (0x00000000eab07cc0) thrown at [C:\re\workspace\8-2-build-windows-amd64-cygwin\jdk8u101\7261\hotspot\sŠÕ'ªˆ§?
Event: 0.045 Thread 0x0000000000e3f000 Exception <a 'java/lang/NoSuchMethodError': Method sun.misc.Unsafe.prefetchRead(Ljava/lang/Object;J)V name or signature does not match> (0x00000000eab07fa8) thrown at [C:\re\workspace\8-2-build-windows-amd64-cygwin\jdk8u101\7261\hotspot\src\share\vm\prims\²$Žkø2ú?
Event: 1.637 Thread 0x0000000000e3f000 Implicit null exception at 0x0000000001923bff to 0x0000000001925d59

Events (10 events):
Event: 4.247 Thread 0x0000000055c1c800 DEOPT PACKING pc=0x0000000001a927a0 sp=0x00000000565fead0
Event: 4.247 Thread 0x0000000055c1c800 DEOPT UNPACKING pc=0x00000000015e582a sp=0x00000000565fea88 mode 2
Event: 4.247 Thread 0x0000000055c1c800 Uncommon trap: trap_request=0xffffffc6 fr.pc=0x0000000001a927a0
Event: 4.247 Thread 0x0000000055c1c800 DEOPT PACKING pc=0x0000000001a927a0 sp=0x00000000565fead0
Event: 4.247 Thread 0x0000000055c1c800 DEOPT UNPACKING pc=0x00000000015e582a sp=0x00000000565fea88 mode 2
Event: 4.248 Thread 0x0000000055c1c800 Uncommon trap: trap_request=0xffffffc6 fr.pc=0x0000000001a927a0
Event: 4.248 Thread 0x0000000055c1c800 DEOPT PACKING pc=0x0000000001a927a0 sp=0x00000000565fea40
Event: 4.248 Thread 0x0000000055c1c800 DEOPT UNPACKING pc=0x00000000015e582a sp=0x00000000565fe9f8 mode 2
Event: 4.264 Thread 0x0000000055c1c800 DEOPT PACKING pc=0x00000000017ed04d sp=0x00000000565fe9c0
Event: 4.264 Thread 0x0000000055c1c800 DEOPT UNPACKING pc=0x00000000015e787f sp=0x00000000565fe7a0 mode 0


Dynamic libraries:
0x000000013fd70000 - 0x000000013fda7000 	C:\Program Files\Java\jdk1.8.0_101\bin\java.exe
0x0000000077560000 - 0x000000007770a000 	C:\Windows\SYSTEM32\ntdll.dll
0x0000000077440000 - 0x000000007755f000 	C:\Windows\system32\kernel32.dll
0x000007fefd2d0000 - 0x000007fefd33a000 	C:\Windows\system32\KERNELBASE.dll
0x000007feff0f0000 - 0x000007feff1cb000 	C:\Windows\system32\ADVAPI32.dll
0x000007fefedf0000 - 0x000007fefee8f000 	C:\Windows\system32\msvcrt.dll
0x000007fefed70000 - 0x000007fefed8f000 	C:\Windows\SYSTEM32\sechost.dll
0x000007fefe9b0000 - 0x000007fefeadd000 	C:\Windows\system32\RPCRT4.dll
0x0000000077340000 - 0x000000007743a000 	C:\Windows\system32\USER32.dll
0x000007feff800000 - 0x000007feff867000 	C:\Windows\system32\GDI32.dll
0x000007feff4b0000 - 0x000007feff4be000 	C:\Windows\system32\LPK.dll
0x000007fefee90000 - 0x000007fefef5a000 	C:\Windows\system32\USP10.dll
0x000007fefa8a0000 - 0x000007fefaa94000 	C:\Windows\WinSxS\amd64_microsoft.windows.common-controls_6595b64144ccf1df_6.0.7601.18837_none_fa3b1e3d17594757\COMCTL32.dll
0x000007feff4d0000 - 0x000007feff541000 	C:\Windows\system32\SHLWAPI.dll
0x000007feff7d0000 - 0x000007feff7fe000 	C:\Windows\system32\IMM32.DLL
0x000007fefec60000 - 0x000007fefed69000 	C:\Windows\system32\MSCTF.dll
0x0000000078dc0000 - 0x0000000078e92000 	C:\Program Files\Java\jdk1.8.0_101\jre\bin\msvcr100.dll
0x000000006f7e0000 - 0x000000007007a000 	C:\Program Files\Java\jdk1.8.0_101\jre\bin\server\jvm.dll
0x000007fef9b50000 - 0x000007fef9b59000 	C:\Windows\system32\WSOCK32.dll
0x000007feff550000 - 0x000007feff59d000 	C:\Windows\system32\WS2_32.dll
0x000007feff4c0000 - 0x000007feff4c8000 	C:\Windows\system32\NSI.dll
0x000007fefa230000 - 0x000007fefa26b000 	C:\Windows\system32\WINMM.dll
0x000007fefc1c0000 - 0x000007fefc1cc000 	C:\Windows\system32\VERSION.dll
0x0000000077720000 - 0x0000000077727000 	C:\Windows\system32\PSAPI.DLL
0x0000000074c70000 - 0x0000000074c7f000 	C:\Program Files\Java\jdk1.8.0_101\jre\bin\verify.dll
0x0000000074b80000 - 0x0000000074ba9000 	C:\Program Files\Java\jdk1.8.0_101\jre\bin\java.dll
0x0000000074b60000 - 0x0000000074b76000 	C:\Program Files\Java\jdk1.8.0_101\jre\bin\zip.dll
0x000007fefdc20000 - 0x000007fefe9aa000 	C:\Windows\system32\SHELL32.dll
0x000007feff5c0000 - 0x000007feff7c3000 	C:\Windows\system32\ole32.dll
0x000007fefd290000 - 0x000007fefd29f000 	C:\Windows\system32\profapi.dll

VM Arguments:
jvm_args: -Djava.awt.headless=true -Xmx1024M -Dfile.encoding=windows-1252 -Duser.country=US -Duser.language=en -Duser.variant 
java_command: com.android.dx.command.Main --dex --num-threads=4 --multi-dex --output C:\Pitonew\Android-Pitonew\app\build\intermediates\transforms\dex\debug\folders\1000\10\com.android.support-support-core-utils-24.2.1_7b843574c6fda73899a9cdd346cec355effffc43 C:\Pitonew\Android-Pitonew\app\build\intermediates\exploded-aar\com.android.support\support-core-utils\24.2.1\jars\classes.jar
java_class_path (initial): C:\Users\jco\AppData\Local\Android\sdk\build-tools\24.0.2\lib\dx.jar
Launcher Type: SUN_STANDARD

Environment Variables:
JAVA_HOME=C:\Program Files\Java\jre1.8.0_111
PATH=C:\ProgramData\Oracle\Java\javapath;C:\Windows\system32;C:\Windows;C:\Windows\System32\Wbem;C:\Windows\System32\WindowsPowerShell\v1.0\;C:\Windows\CCM;C:\Program Files (x86)\WebEx\Productivity Tools;C:\Program Files\Microsoft SQL Server\Client SDK\ODBC\110\Tools\Binn\;C:\Program Files (x86)\Microsoft SQL Server\120\Tools\Binn\;C:\Program Files\Microsoft SQL Server\120\Tools\Binn\;C:\Program Files\Microsoft SQL Server\120\DTS\Binn\;C:\Program Files (x86)\WebEx\PTools020000000;C:\Program Files\TortoiseHg\;C:\RailsInstaller\Git\cmd;C:\RailsInstaller\nodejs\;C:\Program Files (x86)\Heroku\bin;C:\Program Files (x86)\git\cmd;C:\Program Files (x86)\Git\cmd;C:\Program Files (x86)\Brackets\command;C:\Program Files (x86)\nodejs\;C:\Program Files (x86)\Microsoft SQL Server\120\Tools\Binn\ManagementStudio\;C:\Program Files (x86)\Microsoft SQL Server\120\DTS\Binn\;C:\RailsInstaller\Git\cmd;C:\Quality Assurance\jruby-1.7.26\bin;c:\Python27;C:\Program Files\Mercurial;C:\Users\jco\AppData\Roaming\npm;C:\Users\jco\Downloads\apache-maven-3.3.9-bin\apache-maven-3.3.9\bin;C:\Users\jco\AppData\Local\Box\Box Edit\
USERNAME=jco
OS=Windows_NT
PROCESSOR_IDENTIFIER=Intel64 Family 6 Model 61 Stepping 4, GenuineIntel



---------------  S Y S T E M  ---------------

OS: Windows 7 , 64 bit Build 7601 (6.1.7601.23572)

CPU:total 4 (2 cores per cpu, 2 threads per core) family 6 model 61 stepping 4, cmov, cx8, fxsr, mmx, sse, sse2, sse3, ssse3, sse4.1, sse4.2, popcnt, avx, avx2, aes, clmul, erms, 3dnowpref, lzcnt, ht, tsc, tscinvbit, bmi1, bmi2, adx

Memory: 4k page, physical 8077544k(1336032k free), swap 17870484k(5104k free)

vm_info: Java HotSpot(TM) 64-Bit Server VM (25.101-b13) for windows-amd64 JRE (1.8.0_101-b13), built on Jun 22 2016 01:21:29 by "java_re" with MS VC++ 10.0 (VS2010)

time: Tue Mar 07 18:06:25 2017
elapsed time: 4 seconds (0d 0h 0m 4s)

