#
# There is insufficient memory for the Java Runtime Environment to continue.
# Native memory allocation (malloc) failed to allocate 231376 bytes for Chunk::new
# Possible reasons:
#   The system is out of physical RAM or swap space
#   In 32 bit mode, the process size limit was hit
# Possible solutions:
#   Reduce memory load on the system
#   Increase physical memory or swap space
#   Check if swap backing store is full
#   Use 64 bit Java on a 64 bit OS
#   Decrease Java heap size (-Xmx/-Xms)
#   Decrease number of Java threads
#   Decrease Java thread stack sizes (-Xss)
#   Set larger code cache with -XX:ReservedCodeCacheSize=
# This output file may be truncated or incomplete.
#
#  Out of Memory Error (allocation.cpp:390), pid=17484, tid=0x00000000000042b8
#
# JRE version: Java(TM) SE Runtime Environment (8.0_101-b13) (build 1.8.0_101-b13)
# Java VM: Java HotSpot(TM) 64-Bit Server VM (25.101-b13 mixed mode windows-amd64 compressed oops)
# Failed to write core dump. Minidumps are not enabled by default on client versions of Windows
#

---------------  T H R E A D  ---------------

Current thread (0x0000000053b8d800):  JavaThread "C2 CompilerThread1" daemon [_thread_in_native, id=17080, stack(0x0000000055940000,0x0000000055a40000)]

Stack: [0x0000000055940000,0x0000000055a40000]
[error occurred during error reporting (printing stack bounds), id 0xc0000005]

Native frames: (J=compiled Java code, j=interpreted, Vv=VM code, C=native code)


Current CompileTask:
C2:   5463 1359   !   4       com.android.dx.cf.code.BytecodeArray::parseInstruction (2764 bytes)


---------------  P R O C E S S  ---------------

Java Threads: ( => current thread )
  0x0000000055416000 JavaThread "pool-2-thread-4" [_thread_in_vm, id=18352, stack(0x0000000056470000,0x0000000056570000)]
  0x0000000055413800 JavaThread "pool-2-thread-3" [_thread_blocked, id=15176, stack(0x0000000056340000,0x0000000056440000)]
  0x0000000055412800 JavaThread "pool-2-thread-2" [_thread_blocked, id=16056, stack(0x00000000561d0000,0x00000000562d0000)]
  0x0000000055412000 JavaThread "pool-3-thread-1" [_thread_blocked, id=14884, stack(0x0000000055f60000,0x0000000056060000)]
  0x0000000055411000 JavaThread "pool-2-thread-1" [_thread_blocked, id=10728, stack(0x0000000054f70000,0x0000000055070000)]
  0x00000000551e7800 JavaThread "Service Thread" daemon [_thread_blocked, id=16516, stack(0x0000000055bb0000,0x0000000055cb0000)]
  0x0000000053b8e000 JavaThread "C1 CompilerThread2" daemon [_thread_blocked, id=9096, stack(0x0000000055a40000,0x0000000055b40000)]
=>0x0000000053b8d800 JavaThread "C2 CompilerThread1" daemon [_thread_in_native, id=17080, stack(0x0000000055940000,0x0000000055a40000)]
  0x0000000055173800 JavaThread "C2 CompilerThread0" daemon [_thread_in_native, id=14740, stack(0x00000000557f0000,0x00000000558f0000)]
  0x0000000053b88800 JavaThread "Attach Listener" daemon [_thread_blocked, id=17028, stack(0x0000000055640000,0x0000000055740000)]
  0x0000000053b85800 JavaThread "Signal Dispatcher" daemon [_thread_blocked, id=4576, stack(0x0000000054d40000,0x0000000054e40000)]
  0x0000000053b6c800 JavaThread "Finalizer" daemon [_thread_blocked, id=15592, stack(0x0000000055070000,0x0000000055170000)]
  0x0000000053b25800 JavaThread "Reference Handler" daemon [_thread_blocked, id=17076, stack(0x0000000054e70000,0x0000000054f70000)]
  0x0000000000e2f000 JavaThread "main" [_thread_blocked, id=17460, stack(0x0000000000e80000,0x0000000000f80000)]

Other Threads:
  0x0000000053b1e000 VMThread [stack: 0x0000000054bf0000,0x0000000054cf0000] [id=17752]
  0x00000000551f2000 WatcherThread [stack: 0x0000000055d10000,0x0000000055e10000] [id=13920]

VM state:not at safepoint (normal execution)

VM Mutex/Monitor currently owned by a thread: None

Heap:
 PSYoungGen      total 36864K, used 16847K [0x00000000eab00000, 0x00000000ed400000, 0x0000000100000000)
  eden space 31744K, 37% used [0x00000000eab00000,0x00000000eb67acc0,0x00000000eca00000)
  from space 5120K, 99% used [0x00000000eca00000,0x00000000ecef9308,0x00000000ecf00000)
  to   space 5120K, 0% used [0x00000000ecf00000,0x00000000ecf00000,0x00000000ed400000)
 ParOldGen       total 84992K, used 442K [0x00000000c0000000, 0x00000000c5300000, 0x00000000eab00000)
  object space 84992K, 0% used [0x00000000c0000000,0x00000000c006e840,0x00000000c5300000)
 Metaspace       used 5947K, capacity 6960K, committed 7040K, reserved 1056768K
  class space    used 588K, capacity 616K, committed 640K, reserved 1048576K

Card table byte_map: [0x00000000106e0000,0x00000000108f0000] byte_map_base: 0x00000000100e0000

Marking Bits: (ParMarkBitMap*) 0x000000006fffa6d0
 Begin Bits: [0x0000000010f90000, 0x0000000011f90000)
 End Bits:   [0x0000000011f90000, 0x0000000012f90000)

Polling page: 0x0000000000110000

CodeCache: size=245760Kb used=5512Kb max_used=5522Kb free=240247Kb
 bounds [0x0000000001320000, 0x0000000001890000, 0x0000000010320000]
 total_blobs=1618 nmethods=1355 adapters=176
 compilation: enabled

Compilation events (10 events):
Event: 5.280 Thread 0x0000000053b8d800 nmethod 1348 0x0000000001884750 code [0x00000000018848c0, 0x0000000001884cb8]
Event: 5.390 Thread 0x0000000053b8e000 1355       3       com.android.dx.cf.code.LocalVariableList::concat (97 bytes)
Event: 5.391 Thread 0x0000000053b8d800 1357       4       com.android.dx.ssa.SsaConverter::needsNewSuccessor (53 bytes)
Event: 5.392 Thread 0x0000000053b8e000 nmethod 1355 0x0000000001885050 code [0x0000000001885380, 0x0000000001887048]
Event: 5.392 Thread 0x0000000053b8e000 1356       3       com.android.dx.rop.code.RegisterSpecList::getType (12 bytes)
Event: 5.392 Thread 0x0000000053b8e000 nmethod 1356 0x000000000187fe10 code [0x000000000187ffa0, 0x00000000018805d8]
Event: 5.395 Thread 0x0000000053b8d800 nmethod 1357 0x000000000187f750 code [0x000000000187f8a0, 0x000000000187fa98]
Event: 5.397 Thread 0x0000000053b8e000 1358       3       java.util.HashMap$HashIterator::<init> (79 bytes)
Event: 5.397 Thread 0x0000000053b8e000 nmethod 1358 0x000000000187f0d0 code [0x000000000187f240, 0x000000000187f5d0]
Event: 5.398 Thread 0x0000000053b8d800 1359   !   4       com.android.dx.cf.code.BytecodeArray::parseInstruction (2764 bytes)

GC Heap History (2 events):
Event: 4.418 GC heap before
{Heap before GC invocations=1 (full 0):
 PSYoungGen      total 36864K, used 31744K [0x00000000eab00000, 0x00000000ed400000, 0x0000000100000000)
  eden space 31744K, 100% used [0x00000000eab00000,0x00000000eca00000,0x00000000eca00000)
  from space 5120K, 0% used [0x00000000ecf00000,0x00000000ecf00000,0x00000000ed400000)
  to   space 5120K, 0% used [0x00000000eca00000,0x00000000eca00000,0x00000000ecf00000)
 ParOldGen       total 84992K, used 0K [0x00000000c0000000, 0x00000000c5300000, 0x00000000eab00000)
  object space 84992K, 0% used [0x00000000c0000000,0x00000000c0000000,0x00000000c5300000)
 Metaspace       used 5845K, capacity 6896K, committed 7040K, reserved 1056768K
  class space    used 588K, capacity 616K, committed 640K, reserved 1048576K
Event: 4.519 GC heap after
Heap after GC invocations=1 (full 0):
 PSYoungGen      total 36864K, used 5092K [0x00000000eab00000, 0x00000000ed400000, 0x0000000100000000)
  eden space 31744K, 0% used [0x00000000eab00000,0x00000000eab00000,0x00000000eca00000)
  from space 5120K, 99% used [0x00000000eca00000,0x00000000ecef9308,0x00000000ecf00000)
  to   space 5120K, 0% used [0x00000000ecf00000,0x00000000ecf00000,0x00000000ed400000)
 ParOldGen       total 84992K, used 442K [0x00000000c0000000, 0x00000000c5300000, 0x00000000eab00000)
  object space 84992K, 0% used [0x00000000c0000000,0x00000000c006e840,0x00000000c5300000)
 Metaspace       used 5845K, capacity 6896K, committed 7040K, reserved 1056768K
  class space    used 588K, capacity 616K, committed 640K, reserved 1048576K
}

Deoptimization events (8 events):
Event: 1.208 Thread 0x0000000055416000 Uncommon trap: reason=unstable_if action=reinterpret pc=0x0000000001478804 method=java.lang.String.compareTo(Ljava/lang/String;)I @ 38
Event: 2.794 Thread 0x0000000000e2f000 Uncommon trap: reason=class_check action=maybe_recompile pc=0x0000000001539e20 method=com.android.dx.ssa.NormalSsaInsn.accept(Lcom/android/dx/ssa/SsaInsn$Visitor;)V @ 9
Event: 2.823 Thread 0x0000000000e2f000 Uncommon trap: reason=unstable_if action=reinterpret pc=0x00000000015278cc method=java.util.HashMap.getNode(ILjava/lang/Object;)Ljava/util/HashMap$Node; @ 129
Event: 3.038 Thread 0x0000000000e2f000 Uncommon trap: reason=unstable_if action=reinterpret pc=0x0000000001569f64 method=java.util.BitSet.ensureCapacity(I)V @ 6
Event: 3.038 Thread 0x0000000000e2f000 Uncommon trap: reason=unstable_if action=reinterpret pc=0x0000000001516360 method=java.util.BitSet.nextSetBit(I)I @ 87
Event: 3.051 Thread 0x0000000000e2f000 Uncommon trap: reason=unstable_if action=reinterpret pc=0x000000000159c204 method=com.android.dx.rop.cst.Constant.compareTo(Lcom/android/dx/rop/cst/Constant;)I @ 12
Event: 3.052 Thread 0x0000000000e2f000 Uncommon trap: reason=unstable_if action=reinterpret pc=0x0000000001636d88 method=com.android.dx.ssa.SsaMethod.onSourcesChanged(Lcom/android/dx/ssa/SsaInsn;Lcom/android/dx/rop/code/RegisterSpecList;)V @ 4
Event: 4.573 Thread 0x0000000055416000 Uncommon trap: reason=null_check action=make_not_entrant pc=0x00000000015f1480 method=com.android.dx.ssa.SsaRenamer.getLocalForNewReg(I)Lcom/android/dx/rop/code/LocalItem; @ 19

Internal exceptions (3 events):
Event: 0.185 Thread 0x0000000000e2f000 Exception <a 'java/lang/NoSuchMethodError': Method sun.misc.Unsafe.defineClass(Ljava/lang/String;[BII)Ljava/lang/Class; name or signature does not match> (0x00000000eab07cc0) thrown at [C:\re\workspace\8-2-build-windows-amd64-cygwin\jdk8u101\7261\hotspot\sù—ëI’¢Ç?
Event: 0.185 Thread 0x0000000000e2f000 Exception <a 'java/lang/NoSuchMethodError': Method sun.misc.Unsafe.prefetchRead(Ljava/lang/Object;J)V name or signature does not match> (0x00000000eab07fa8) thrown at [C:\re\workspace\8-2-build-windows-amd64-cygwin\jdk8u101\7261\hotspot\src\share\vm\prims\ˆt7ûªJ@
Event: 4.573 Thread 0x0000000055416000 Implicit null exception at 0x00000000015ef29c to 0x00000000015f143d

Events (10 events):
Event: 3.126 loading class java/util/TreeMap$EntrySet done
Event: 3.126 loading class java/util/TreeMap$EntryIterator
Event: 3.126 loading class java/util/TreeMap$EntryIterator done
Event: 4.416 Executing VM operation: ParallelGCFailedAllocation
Event: 4.519 Executing VM operation: ParallelGCFailedAllocation done
Event: 4.573 Thread 0x0000000055416000 Uncommon trap: trap_request=0xfffffff4 fr.pc=0x00000000015f1480
Event: 4.573 Thread 0x0000000055416000 DEOPT PACKING pc=0x00000000015f1480 sp=0x000000005656e650
Event: 4.573 Thread 0x0000000055416000 DEOPT UNPACKING pc=0x000000000136582a sp=0x000000005656e4a8 mode 2
Event: 4.921 Thread 0x0000000055416000 DEOPT PACKING pc=0x00000000015c6b2c sp=0x000000005656e670
Event: 4.921 Thread 0x0000000055416000 DEOPT UNPACKING pc=0x000000000136787f sp=0x000000005656e438 mode 0


Dynamic libraries:
0x000000013fd70000 - 0x000000013fda7000 	C:\Program Files\Java\jdk1.8.0_101\bin\java.exe
0x0000000077560000 - 0x000000007770a000 	C:\Windows\SYSTEM32\ntdll.dll
0x0000000077440000 - 0x000000007755f000 	C:\Windows\system32\kernel32.dll
0x000007fefd2d0000 - 0x000007fefd33a000 	C:\Windows\system32\KERNELBASE.dll
0x000007feff0f0000 - 0x000007feff1cb000 	C:\Windows\system32\ADVAPI32.dll
0x000007fefedf0000 - 0x000007fefee8f000 	C:\Windows\system32\msvcrt.dll
0x000007fefed70000 - 0x000007fefed8f000 	C:\Windows\SYSTEM32\sechost.dll
0x000007fefe9b0000 - 0x000007fefeadd000 	C:\Windows\system32\RPCRT4.dll
0x0000000077340000 - 0x000000007743a000 	C:\Windows\system32\USER32.dll
0x000007feff800000 - 0x000007feff867000 	C:\Windows\system32\GDI32.dll
0x000007feff4b0000 - 0x000007feff4be000 	C:\Windows\system32\LPK.dll
0x000007fefee90000 - 0x000007fefef5a000 	C:\Windows\system32\USP10.dll
0x000007fefa8a0000 - 0x000007fefaa94000 	C:\Windows\WinSxS\amd64_microsoft.windows.common-controls_6595b64144ccf1df_6.0.7601.18837_none_fa3b1e3d17594757\COMCTL32.dll
0x000007feff4d0000 - 0x000007feff541000 	C:\Windows\system32\SHLWAPI.dll
0x000007feff7d0000 - 0x000007feff7fe000 	C:\Windows\system32\IMM32.DLL
0x000007fefec60000 - 0x000007fefed69000 	C:\Windows\system32\MSCTF.dll
0x0000000078dc0000 - 0x0000000078e92000 	C:\Program Files\Java\jdk1.8.0_101\jre\bin\msvcr100.dll
0x000000006f7e0000 - 0x000000007007a000 	C:\Program Files\Java\jdk1.8.0_101\jre\bin\server\jvm.dll
0x000007fef9b50000 - 0x000007fef9b59000 	C:\Windows\system32\WSOCK32.dll
0x000007feff550000 - 0x000007feff59d000 	C:\Windows\system32\WS2_32.dll
0x000007feff4c0000 - 0x000007feff4c8000 	C:\Windows\system32\NSI.dll
0x000007fefa230000 - 0x000007fefa26b000 	C:\Windows\system32\WINMM.dll
0x000007fefc1c0000 - 0x000007fefc1cc000 	C:\Windows\system32\VERSION.dll
0x0000000077720000 - 0x0000000077727000 	C:\Windows\system32\PSAPI.DLL
0x0000000074c70000 - 0x0000000074c7f000 	C:\Program Files\Java\jdk1.8.0_101\jre\bin\verify.dll
0x0000000074b80000 - 0x0000000074ba9000 	C:\Program Files\Java\jdk1.8.0_101\jre\bin\java.dll
0x0000000074b60000 - 0x0000000074b76000 	C:\Program Files\Java\jdk1.8.0_101\jre\bin\zip.dll
0x000007fefdc20000 - 0x000007fefe9aa000 	C:\Windows\system32\SHELL32.dll
0x000007feff5c0000 - 0x000007feff7c3000 	C:\Windows\system32\ole32.dll
0x000007fefd290000 - 0x000007fefd29f000 	C:\Windows\system32\profapi.dll

VM Arguments:
jvm_args: -Djava.awt.headless=true -Xmx1024M -Dfile.encoding=windows-1252 -Duser.country=US -Duser.language=en -Duser.variant 
java_command: com.android.dx.command.Main --dex --num-threads=4 --multi-dex --output C:\Pitonew\Android-Pitonew\app\build\intermediates\transforms\dex\debug\folders\1000\10\internal_impl-24.2.1_275351044ee63d720446aabe51817d705d5dcd27 C:\Pitonew\Android-Pitonew\app\build\intermediates\exploded-aar\com.android.support\support-compat\24.2.1\jars\libs\internal_impl-24.2.1.jar
java_class_path (initial): C:\Users\jco\AppData\Local\Android\sdk\build-tools\24.0.2\lib\dx.jar
Launcher Type: SUN_STANDARD

Environment Variables:
JAVA_HOME=C:\Program Files\Java\jre1.8.0_111
PATH=C:\ProgramData\Oracle\Java\javapath;C:\Windows\system32;C:\Windows;C:\Windows\System32\Wbem;C:\Windows\System32\WindowsPowerShell\v1.0\;C:\Windows\CCM;C:\Program Files (x86)\WebEx\Productivity Tools;C:\Program Files\Microsoft SQL Server\Client SDK\ODBC\110\Tools\Binn\;C:\Program Files (x86)\Microsoft SQL Server\120\Tools\Binn\;C:\Program Files\Microsoft SQL Server\120\Tools\Binn\;C:\Program Files\Microsoft SQL Server\120\DTS\Binn\;C:\Program Files (x86)\WebEx\PTools020000000;C:\Program Files\TortoiseHg\;C:\RailsInstaller\Git\cmd;C:\RailsInstaller\nodejs\;C:\Program Files (x86)\Heroku\bin;C:\Program Files (x86)\git\cmd;C:\Program Files (x86)\Git\cmd;C:\Program Files (x86)\Brackets\command;C:\Program Files (x86)\nodejs\;C:\Program Files (x86)\Microsoft SQL Server\120\Tools\Binn\ManagementStudio\;C:\Program Files (x86)\Microsoft SQL Server\120\DTS\Binn\;C:\RailsInstaller\Git\cmd;C:\Quality Assurance\jruby-1.7.26\bin;c:\Python27;C:\Program Files\Mercurial;C:\Users\jco\AppData\Roaming\npm;C:\Users\jco\Downloads\apache-maven-3.3.9-bin\apache-maven-3.3.9\bin;C:\Users\jco\AppData\Local\Box\Box Edit\
USERNAME=jco
OS=Windows_NT
PROCESSOR_IDENTIFIER=Intel64 Family 6 Model 61 Stepping 4, GenuineIntel



---------------  S Y S T E M  ---------------

OS: Windows 7 , 64 bit Build 7601 (6.1.7601.23572)

CPU:total 4 (2 cores per cpu, 2 threads per core) family 6 model 61 stepping 4, cmov, cx8, fxsr, mmx, sse, sse2, sse3, ssse3, sse4.1, sse4.2, popcnt, avx, avx2, aes, clmul, erms, 3dnowpref, lzcnt, ht, tsc, tscinvbit, bmi1, bmi2, adx

Memory: 4k page, physical 8077544k(1095320k free), swap 17870484k(5228k free)

vm_info: Java HotSpot(TM) 64-Bit Server VM (25.101-b13) for windows-amd64 JRE (1.8.0_101-b13), built on Jun 22 2016 01:21:29 by "java_re" with MS VC++ 10.0 (VS2010)

time: Tue Mar 07 16:52:26 2017
elapsed time: 5 seconds (0d 0h 0m 5s)

