#
# There is insufficient memory for the Java Runtime Environment to continue.
# Native memory allocation (malloc) failed to allocate 1045456 bytes for Chunk::new
# Possible reasons:
#   The system is out of physical RAM or swap space
#   In 32 bit mode, the process size limit was hit
# Possible solutions:
#   Reduce memory load on the system
#   Increase physical memory or swap space
#   Check if swap backing store is full
#   Use 64 bit Java on a 64 bit OS
#   Decrease Java heap size (-Xmx/-Xms)
#   Decrease number of Java threads
#   Decrease Java thread stack sizes (-Xss)
#   Set larger code cache with -XX:ReservedCodeCacheSize=
# This output file may be truncated or incomplete.
#
#  Out of Memory Error (allocation.cpp:390), pid=13344, tid=0x00000000000034a0
#
# JRE version: Java(TM) SE Runtime Environment (8.0_101-b13) (build 1.8.0_101-b13)
# Java VM: Java HotSpot(TM) 64-Bit Server VM (25.101-b13 mixed mode windows-amd64 compressed oops)
# Failed to write core dump. Minidumps are not enabled by default on client versions of Windows
#

---------------  T H R E A D  ---------------

Current thread (0x00000000553ff800):  JavaThread "C2 CompilerThread1" daemon [_thread_in_native, id=13472, stack(0x0000000055850000,0x0000000055950000)]

Stack: [0x0000000055850000,0x0000000055950000]
[error occurred during error reporting (printing stack bounds), id 0xc0000005]

Native frames: (J=compiled Java code, j=interpreted, Vv=VM code, C=native code)


Current CompileTask:
C2:   8363 1708       4       com.android.dx.ssa.SsaConverter::placePhiFunctions (394 bytes)


---------------  P R O C E S S  ---------------

Java Threads: ( => current thread )
  0x00000000556e5000 JavaThread "pool-1-thread-4" [_thread_blocked, id=17160, stack(0x0000000056c60000,0x0000000056d60000)]
  0x000000005561b000 JavaThread "pool-1-thread-3" [_thread_blocked, id=5324, stack(0x0000000056b40000,0x0000000056c40000)]
  0x000000005561a000 JavaThread "pool-1-thread-2" [_thread_blocked, id=1188, stack(0x0000000056a20000,0x0000000056b20000)]
  0x0000000055618800 JavaThread "pool-2-thread-1" [_thread_blocked, id=6884, stack(0x0000000056810000,0x0000000056910000)]
  0x0000000055616800 JavaThread "pool-1-thread-1" [_thread_blocked, id=18280, stack(0x0000000055a80000,0x0000000055b80000)]
  0x000000005541d000 JavaThread "Service Thread" daemon [_thread_blocked, id=6164, stack(0x0000000055c20000,0x0000000055d20000)]
  0x0000000055400800 JavaThread "C1 CompilerThread2" daemon [_thread_blocked, id=4456, stack(0x0000000055960000,0x0000000055a60000)]
=>0x00000000553ff800 JavaThread "C2 CompilerThread1" daemon [_thread_in_native, id=13472, stack(0x0000000055850000,0x0000000055950000)]
  0x0000000053c5d000 JavaThread "C2 CompilerThread0" daemon [_thread_blocked, id=16096, stack(0x00000000552a0000,0x00000000553a0000)]
  0x0000000053c59000 JavaThread "Attach Listener" daemon [_thread_blocked, id=12908, stack(0x0000000055100000,0x0000000055200000)]
  0x0000000053c55800 JavaThread "Signal Dispatcher" daemon [_thread_blocked, id=4460, stack(0x0000000054f50000,0x0000000055050000)]
  0x0000000053c39800 JavaThread "Finalizer" daemon [_thread_blocked, id=14704, stack(0x0000000054dc0000,0x0000000054ec0000)]
  0x0000000053bf2800 JavaThread "Reference Handler" daemon [_thread_blocked, id=14988, stack(0x0000000054be0000,0x0000000054ce0000)]
  0x0000000000b8f000 JavaThread "main" [_thread_blocked, id=15804, stack(0x0000000000e60000,0x0000000000f60000)]

Other Threads:
  0x0000000053beb000 VMThread [stack: 0x0000000054a50000,0x0000000054b50000] [id=16484]
  0x0000000055425000 WatcherThread [stack: 0x0000000055db0000,0x0000000055eb0000] [id=15876]

VM state:not at safepoint (normal execution)

VM Mutex/Monitor currently owned by a thread: None

Heap:
 PSYoungGen      total 68608K, used 30684K [0x00000000eab00000, 0x00000000ef300000, 0x0000000100000000)
  eden space 63488K, 40% used [0x00000000eab00000,0x00000000ec3fc6f0,0x00000000ee900000)
  from space 5120K, 99% used [0x00000000eee00000,0x00000000ef2faa90,0x00000000ef300000)
  to   space 5120K, 0% used [0x00000000ee900000,0x00000000ee900000,0x00000000eee00000)
 ParOldGen       total 84992K, used 3931K [0x00000000c0000000, 0x00000000c5300000, 0x00000000eab00000)
  object space 84992K, 4% used [0x00000000c0000000,0x00000000c03d6e40,0x00000000c5300000)
 Metaspace       used 6141K, capacity 7088K, committed 7296K, reserved 1056768K
  class space    used 591K, capacity 616K, committed 640K, reserved 1048576K

Card table byte_map: [0x00000000105f0000,0x0000000010800000] byte_map_base: 0x000000000fff0000

Marking Bits: (ParMarkBitMap*) 0x00000000709ea6d0
 Begin Bits: [0x0000000011060000, 0x0000000012060000)
 End Bits:   [0x0000000012060000, 0x0000000013060000)

Polling page: 0x0000000000b40000

CodeCache: size=245760Kb used=7821Kb max_used=7834Kb free=237938Kb
 bounds [0x0000000001230000, 0x00000000019f0000, 0x0000000010230000]
 total_blobs=1976 nmethods=1712 adapters=176
 compilation: enabled

Compilation events (10 events):
Event: 7.835 Thread 0x0000000055400800 nmethod 1721 0x0000000001973c10 code [0x0000000001973d60, 0x0000000001973e90]
Event: 7.988 Thread 0x0000000053c5d000 nmethod 1703 0x00000000019cd5d0 code [0x00000000019cdbe0, 0x00000000019d64a0]
Event: 7.989 Thread 0x0000000053c5d000 1710       4       com.android.dx.cf.code.BaseMachine::storeResults (90 bytes)
Event: 7.997 Thread 0x0000000053c5d000 nmethod 1710 0x000000000197ff90 code [0x0000000001980120, 0x0000000001980618]
Event: 7.997 Thread 0x0000000053c5d000 1706       4       com.android.dx.ssa.back.SsaToRop::removePhiFunctions (83 bytes)
Event: 8.033 Thread 0x0000000053c5d000 nmethod 1706 0x00000000019b1510 code [0x00000000019b16e0, 0x00000000019b2288]
Event: 8.033 Thread 0x0000000053c5d000 1709       4       com.android.dx.cf.code.ValueAwareMachine::run (1142 bytes)
Event: 8.133 Thread 0x0000000053c5d000 nmethod 1709 0x00000000019a9ed0 code [0x00000000019aa9e0, 0x00000000019ac640]
Event: 8.133 Thread 0x0000000053c5d000 1694       4       com.android.dx.rop.code.RegisterSpec::equals (60 bytes)
Event: 8.139 Thread 0x0000000053c5d000 nmethod 1694 0x00000000019b0790 code [0x00000000019b0900, 0x00000000019b0eb8]

GC Heap History (4 events):
Event: 2.417 GC heap before
{Heap before GC invocations=1 (full 0):
 PSYoungGen      total 36864K, used 31744K [0x00000000eab00000, 0x00000000ed400000, 0x0000000100000000)
  eden space 31744K, 100% used [0x00000000eab00000,0x00000000eca00000,0x00000000eca00000)
  from space 5120K, 0% used [0x00000000ecf00000,0x00000000ecf00000,0x00000000ed400000)
  to   space 5120K, 0% used [0x00000000eca00000,0x00000000eca00000,0x00000000ecf00000)
 ParOldGen       total 84992K, used 0K [0x00000000c0000000, 0x00000000c5300000, 0x00000000eab00000)
  object space 84992K, 0% used [0x00000000c0000000,0x00000000c0000000,0x00000000c5300000)
 Metaspace       used 5849K, capacity 6896K, committed 7040K, reserved 1056768K
  class space    used 588K, capacity 616K, committed 640K, reserved 1048576K
Event: 2.483 GC heap after
Heap after GC invocations=1 (full 0):
 PSYoungGen      total 36864K, used 5092K [0x00000000eab00000, 0x00000000ef300000, 0x0000000100000000)
  eden space 31744K, 0% used [0x00000000eab00000,0x00000000eab00000,0x00000000eca00000)
  from space 5120K, 99% used [0x00000000eca00000,0x00000000ecef9308,0x00000000ecf00000)
  to   space 5120K, 0% used [0x00000000eee00000,0x00000000eee00000,0x00000000ef300000)
 ParOldGen       total 84992K, used 512K [0x00000000c0000000, 0x00000000c5300000, 0x00000000eab00000)
  object space 84992K, 0% used [0x00000000c0000000,0x00000000c0080108,0x00000000c5300000)
 Metaspace       used 5849K, capacity 6896K, committed 7040K, reserved 1056768K
  class space    used 588K, capacity 616K, committed 640K, reserved 1048576K
}
Event: 4.355 GC heap before
{Heap before GC invocations=2 (full 0):
 PSYoungGen      total 36864K, used 36836K [0x00000000eab00000, 0x00000000ef300000, 0x0000000100000000)
  eden space 31744K, 100% used [0x00000000eab00000,0x00000000eca00000,0x00000000eca00000)
  from space 5120K, 99% used [0x00000000eca00000,0x00000000ecef9308,0x00000000ecf00000)
  to   space 5120K, 0% used [0x00000000eee00000,0x00000000eee00000,0x00000000ef300000)
 ParOldGen       total 84992K, used 512K [0x00000000c0000000, 0x00000000c5300000, 0x00000000eab00000)
  object space 84992K, 0% used [0x00000000c0000000,0x00000000c0080108,0x00000000c5300000)
 Metaspace       used 6086K, capacity 7088K, committed 7296K, reserved 1056768K
  class space    used 590K, capacity 616K, committed 640K, reserved 1048576K
Event: 4.715 GC heap after
Heap after GC invocations=2 (full 0):
 PSYoungGen      total 68608K, used 5098K [0x00000000eab00000, 0x00000000ef300000, 0x0000000100000000)
  eden space 63488K, 0% used [0x00000000eab00000,0x00000000eab00000,0x00000000ee900000)
  from space 5120K, 99% used [0x00000000eee00000,0x00000000ef2faa90,0x00000000ef300000)
  to   space 5120K, 0% used [0x00000000ee900000,0x00000000ee900000,0x00000000eee00000)
 ParOldGen       total 84992K, used 3931K [0x00000000c0000000, 0x00000000c5300000, 0x00000000eab00000)
  object space 84992K, 4% used [0x00000000c0000000,0x00000000c03d6e40,0x00000000c5300000)
 Metaspace       used 6086K, capacity 7088K, committed 7296K, reserved 1056768K
  class space    used 590K, capacity 616K, committed 640K, reserved 1048576K
}

Deoptimization events (10 events):
Event: 6.725 Thread 0x00000000556e5000 Uncommon trap: reason=bimorphic action=maybe_recompile pc=0x00000000018737ec method=com.android.dx.cf.code.BytecodeArray.parseInstruction(ILcom/android/dx/cf/code/BytecodeArray$Visitor;)I @ 1357
Event: 6.725 Thread 0x00000000556e5000 Uncommon trap: reason=bimorphic action=maybe_recompile pc=0x00000000018737ec method=com.android.dx.cf.code.BytecodeArray.parseInstruction(ILcom/android/dx/cf/code/BytecodeArray$Visitor;)I @ 1357
Event: 6.725 Thread 0x00000000556e5000 Uncommon trap: reason=bimorphic action=maybe_recompile pc=0x00000000018731dc method=com.android.dx.cf.code.BytecodeArray.parseInstruction(ILcom/android/dx/cf/code/BytecodeArray$Visitor;)I @ 939
Event: 6.726 Thread 0x00000000556e5000 Uncommon trap: reason=bimorphic action=maybe_recompile pc=0x00000000018737ec method=com.android.dx.cf.code.BytecodeArray.parseInstruction(ILcom/android/dx/cf/code/BytecodeArray$Visitor;)I @ 1357
Event: 6.729 Thread 0x00000000556e5000 Uncommon trap: reason=bimorphic action=maybe_recompile pc=0x00000000018aae24 method=com.android.dx.ssa.SCCP.simulatePhi(Lcom/android/dx/ssa/PhiInsn;)V @ 124
Event: 6.729 Thread 0x00000000556e5000 Uncommon trap: reason=unstable_if action=reinterpret pc=0x0000000001762bcc method=com.android.dx.ssa.SCCP.simulateStmt(Lcom/android/dx/ssa/SsaInsn;)V @ 53
Event: 6.729 Thread 0x00000000556e5000 Uncommon trap: reason=bimorphic action=maybe_recompile pc=0x00000000018aae24 method=com.android.dx.ssa.SCCP.simulatePhi(Lcom/android/dx/ssa/PhiInsn;)V @ 124
Event: 6.729 Thread 0x00000000556e5000 Uncommon trap: reason=bimorphic action=maybe_recompile pc=0x00000000018aae24 method=com.android.dx.ssa.SCCP.simulatePhi(Lcom/android/dx/ssa/PhiInsn;)V @ 124
Event: 7.289 Thread 0x00000000556e5000 Uncommon trap: reason=unstable_if action=reinterpret pc=0x000000000191b6e8 method=com.android.dx.dex.code.OutputFinisher.hasLocalInfo(Lcom/android/dx/dex/code/DalvInsn;)Z @ 24
Event: 7.699 Thread 0x0000000000b8f000 Uncommon trap: reason=unstable_if action=reinterpret pc=0x00000000014cb750 method=java.lang.String.<init>([CII)V @ 18

Internal exceptions (4 events):
Event: 0.193 Thread 0x0000000000b8f000 Exception <a 'java/lang/NoSuchMethodError': Method sun.misc.Unsafe.defineClass(Ljava/lang/String;[BII)Ljava/lang/Class; name or signature does not match> (0x00000000eab07cc0) thrown at [C:\re\workspace\8-2-build-windows-amd64-cygwin\jdk8u101\7261\hotspot\s)špV²È?
Event: 0.193 Thread 0x0000000000b8f000 Exception <a 'java/lang/NoSuchMethodError': Method sun.misc.Unsafe.prefetchRead(Ljava/lang/Object;J)V name or signature does not match> (0x00000000eab07fa8) thrown at [C:\re\workspace\8-2-build-windows-amd64-cygwin\jdk8u101\7261\hotspot\src\share\vm\prims\¯`ÄÇsM@
Event: 2.538 Thread 0x000000005561a000 Implicit null exception at 0x000000000152faa6 to 0x00000000015312f1
Event: 3.280 Thread 0x00000000556e5000 Implicit null exception at 0x0000000001628052 to 0x000000000162814a

Events (10 events):
Event: 7.289 Thread 0x00000000556e5000 Uncommon trap: trap_request=0xffffff65 fr.pc=0x000000000191b6e8
Event: 7.289 Thread 0x00000000556e5000 DEOPT PACKING pc=0x000000000191b6e8 sp=0x0000000056d5ede0
Event: 7.289 Thread 0x00000000556e5000 DEOPT UNPACKING pc=0x000000000127582a sp=0x0000000056d5ec18 mode 2
Event: 7.698 Thread 0x0000000000b8f000 Uncommon trap: trap_request=0xffffff65 fr.pc=0x00000000014cb750
Event: 7.699 Thread 0x0000000000b8f000 DEOPT PACKING pc=0x00000000014cb750 sp=0x0000000000f5e550
Event: 7.699 Thread 0x0000000000b8f000 DEOPT UNPACKING pc=0x000000000127582a sp=0x0000000000f5e480 mode 2
Event: 7.727 loading class java/util/HashMap$KeySet
Event: 7.728 loading class java/util/HashMap$KeySet done
Event: 7.728 loading class java/util/HashMap$KeyIterator
Event: 7.728 loading class java/util/HashMap$KeyIterator done


Dynamic libraries:
0x000000013f320000 - 0x000000013f357000 	C:\Program Files\Java\jdk1.8.0_101\bin\java.exe
0x0000000077a10000 - 0x0000000077bba000 	C:\Windows\SYSTEM32\ntdll.dll
0x00000000778f0000 - 0x0000000077a0f000 	C:\Windows\system32\kernel32.dll
0x000007fefd780000 - 0x000007fefd7ea000 	C:\Windows\system32\KERNELBASE.dll
0x000007fefde20000 - 0x000007fefdefb000 	C:\Windows\system32\ADVAPI32.dll
0x000007feff590000 - 0x000007feff62f000 	C:\Windows\system32\msvcrt.dll
0x000007fefe200000 - 0x000007fefe21f000 	C:\Windows\SYSTEM32\sechost.dll
0x000007feff390000 - 0x000007feff4bd000 	C:\Windows\system32\RPCRT4.dll
0x00000000777f0000 - 0x00000000778ea000 	C:\Windows\system32\USER32.dll
0x000007feff240000 - 0x000007feff2a7000 	C:\Windows\system32\GDI32.dll
0x000007fefdd40000 - 0x000007fefdd4e000 	C:\Windows\system32\LPK.dll
0x000007fefdd50000 - 0x000007fefde1a000 	C:\Windows\system32\USP10.dll
0x000007fefbb10000 - 0x000007fefbd04000 	C:\Windows\WinSxS\amd64_microsoft.windows.common-controls_6595b64144ccf1df_6.0.7601.18837_none_fa3b1e3d17594757\COMCTL32.dll
0x000007fefdb30000 - 0x000007fefdba1000 	C:\Windows\system32\SHLWAPI.dll
0x000007fefdb00000 - 0x000007fefdb2e000 	C:\Windows\system32\IMM32.DLL
0x000007feffb70000 - 0x000007feffc79000 	C:\Windows\system32\MSCTF.dll
0x0000000078e40000 - 0x0000000078f12000 	C:\Program Files\Java\jdk1.8.0_101\jre\bin\msvcr100.dll
0x00000000701d0000 - 0x0000000070a6a000 	C:\Program Files\Java\jdk1.8.0_101\jre\bin\server\jvm.dll
0x000007fef9d10000 - 0x000007fef9d19000 	C:\Windows\system32\WSOCK32.dll
0x000007feff4c0000 - 0x000007feff50d000 	C:\Windows\system32\WS2_32.dll
0x000007feff230000 - 0x000007feff238000 	C:\Windows\system32\NSI.dll
0x000007fefa2b0000 - 0x000007fefa2eb000 	C:\Windows\system32\WINMM.dll
0x000007fefc670000 - 0x000007fefc67c000 	C:\Windows\system32\VERSION.dll
0x0000000077be0000 - 0x0000000077be7000 	C:\Windows\system32\PSAPI.DLL
0x0000000069600000 - 0x000000006960f000 	C:\Program Files\Java\jdk1.8.0_101\jre\bin\verify.dll
0x00000000695d0000 - 0x00000000695f9000 	C:\Program Files\Java\jdk1.8.0_101\jre\bin\java.dll
0x0000000067770000 - 0x0000000067786000 	C:\Program Files\Java\jdk1.8.0_101\jre\bin\zip.dll
0x000007fefe2c0000 - 0x000007feff04a000 	C:\Windows\system32\SHELL32.dll
0x000007feff900000 - 0x000007feffb03000 	C:\Windows\system32\ole32.dll
0x000007fefd740000 - 0x000007fefd74f000 	C:\Windows\system32\profapi.dll

VM Arguments:
jvm_args: -Djava.awt.headless=true -Xmx1024M -Dfile.encoding=windows-1252 -Duser.country=US -Duser.language=en -Duser.variant 
java_command: com.android.dx.command.Main --dex --num-threads=4 --output C:\Pitonew\Android-Pitonew\app\build\intermediates\pre-dexed\debug\internal_impl-24.2.1_275351044ee63d720446aabe51817d705d5dcd27.jar C:\Pitonew\Android-Pitonew\app\build\intermediates\exploded-aar\com.android.support\support-compat\24.2.1\jars\libs\internal_impl-24.2.1.jar
java_class_path (initial): C:\Users\jco\AppData\Local\Android\sdk\build-tools\24.0.2\lib\dx.jar
Launcher Type: SUN_STANDARD

Environment Variables:
JAVA_HOME=C:\Program Files\Java\jre1.8.0_111
PATH=C:\ProgramData\Oracle\Java\javapath;C:\Windows\system32;C:\Windows;C:\Windows\System32\Wbem;C:\Windows\System32\WindowsPowerShell\v1.0\;C:\Windows\CCM;C:\Program Files (x86)\WebEx\Productivity Tools;C:\Program Files\Microsoft SQL Server\Client SDK\ODBC\110\Tools\Binn\;C:\Program Files (x86)\Microsoft SQL Server\120\Tools\Binn\;C:\Program Files\Microsoft SQL Server\120\Tools\Binn\;C:\Program Files\Microsoft SQL Server\120\DTS\Binn\;C:\Program Files (x86)\WebEx\PTools020000000;C:\Program Files\TortoiseHg\;C:\RailsInstaller\Git\cmd;C:\RailsInstaller\nodejs\;C:\Program Files (x86)\Heroku\bin;C:\Program Files (x86)\git\cmd;C:\Program Files (x86)\Git\cmd;C:\Program Files (x86)\Brackets\command;C:\Program Files (x86)\nodejs\;C:\Program Files (x86)\Microsoft SQL Server\120\Tools\Binn\ManagementStudio\;C:\Program Files (x86)\Microsoft SQL Server\120\DTS\Binn\;C:\RailsInstaller\Git\cmd;C:\Quality Assurance\jruby-1.7.26\bin;c:\Python27;C:\Program Files\Mercurial;C:\Users\jco\AppData\Roaming\npm;C:\Users\jco\Downloads\apache-maven-3.3.9-bin\apache-maven-3.3.9\bin;C:\Users\jco\AppData\Local\Box\Box Edit\
USERNAME=jco
OS=Windows_NT
PROCESSOR_IDENTIFIER=Intel64 Family 6 Model 61 Stepping 4, GenuineIntel



---------------  S Y S T E M  ---------------

OS: Windows 7 , 64 bit Build 7601 (6.1.7601.23572)

CPU:total 4 (2 cores per cpu, 2 threads per core) family 6 model 61 stepping 4, cmov, cx8, fxsr, mmx, sse, sse2, sse3, ssse3, sse4.1, sse4.2, popcnt, avx, avx2, aes, clmul, erms, 3dnowpref, lzcnt, ht, tsc, tscinvbit, bmi1, bmi2, adx

Memory: 4k page, physical 8077544k(427300k free), swap 17729344k(5596k free)

vm_info: Java HotSpot(TM) 64-Bit Server VM (25.101-b13) for windows-amd64 JRE (1.8.0_101-b13), built on Jun 22 2016 01:21:29 by "java_re" with MS VC++ 10.0 (VS2010)

time: Fri Mar 03 17:18:44 2017
elapsed time: 8 seconds (0d 0h 0m 8s)

