#
# There is insufficient memory for the Java Runtime Environment to continue.
# Native memory allocation (malloc) failed to allocate 1273216 bytes for Chunk::new
# Possible reasons:
#   The system is out of physical RAM or swap space
#   In 32 bit mode, the process size limit was hit
# Possible solutions:
#   Reduce memory load on the system
#   Increase physical memory or swap space
#   Check if swap backing store is full
#   Use 64 bit Java on a 64 bit OS
#   Decrease Java heap size (-Xmx/-Xms)
#   Decrease number of Java threads
#   Decrease Java thread stack sizes (-Xss)
#   Set larger code cache with -XX:ReservedCodeCacheSize=
# This output file may be truncated or incomplete.
#
#  Out of Memory Error (allocation.cpp:390), pid=1968, tid=0x0000000000004070
#
# JRE version: Java(TM) SE Runtime Environment (8.0_101-b13) (build 1.8.0_101-b13)
# Java VM: Java HotSpot(TM) 64-Bit Server VM (25.101-b13 mixed mode windows-amd64 compressed oops)
# Failed to write core dump. Minidumps are not enabled by default on client versions of Windows
#

---------------  T H R E A D  ---------------

Current thread (0x0000000013d0e000):  JavaThread "C2 CompilerThread1" daemon [_thread_in_native, id=16496, stack(0x0000000014c10000,0x0000000014d10000)]

Stack: [0x0000000014c10000,0x0000000014d10000]
[error occurred during error reporting (printing stack bounds), id 0xc0000005]

Native frames: (J=compiled Java code, j=interpreted, Vv=VM code, C=native code)


Current CompileTask:
C2:   2228 1202   !   4       com.android.dx.cf.cst.ConstantPoolParser::parse0 (731 bytes)


---------------  P R O C E S S  ---------------

Java Threads: ( => current thread )
  0x000000001585f000 JavaThread "pool-2-thread-4" [_thread_blocked, id=18104, stack(0x0000000016300000,0x0000000016400000)]
  0x0000000015747800 JavaThread "pool-2-thread-3" [_thread_in_vm_trans, id=14200, stack(0x00000000161e0000,0x00000000162e0000)]
  0x00000000156e7000 JavaThread "pool-2-thread-2" [_thread_in_Java, id=15992, stack(0x0000000015bf0000,0x0000000015cf0000)]
  0x00000000156ce800 JavaThread "pool-3-thread-1" [_thread_blocked, id=3328, stack(0x00000000160e0000,0x00000000161e0000)]
  0x00000000156ce000 JavaThread "pool-2-thread-1" [_thread_blocked, id=4824, stack(0x0000000015f40000,0x0000000016040000)]
  0x00000000155f0000 JavaThread "Service Thread" daemon [_thread_blocked, id=14504, stack(0x0000000015aa0000,0x0000000015ba0000)]
  0x0000000013d0f000 JavaThread "C1 CompilerThread2" daemon [_thread_blocked, id=9192, stack(0x0000000015980000,0x0000000015a80000)]
=>0x0000000013d0e000 JavaThread "C2 CompilerThread1" daemon [_thread_in_native, id=16496, stack(0x0000000014c10000,0x0000000014d10000)]
  0x0000000013d0b800 JavaThread "C2 CompilerThread0" daemon [_thread_in_native, id=13592, stack(0x0000000015470000,0x0000000015570000)]
  0x0000000013d07000 JavaThread "Attach Listener" daemon [_thread_blocked, id=13448, stack(0x00000000152d0000,0x00000000153d0000)]
  0x0000000013d03800 JavaThread "Signal Dispatcher" daemon [_thread_blocked, id=20320, stack(0x00000000151d0000,0x00000000152d0000)]
  0x0000000013ceb800 JavaThread "Finalizer" daemon [_thread_blocked, id=17160, stack(0x0000000015090000,0x0000000015190000)]
  0x0000000013ca4800 JavaThread "Reference Handler" daemon [_thread_blocked, id=15424, stack(0x0000000014ec0000,0x0000000014fc0000)]
  0x00000000005cf000 JavaThread "main" [_thread_blocked, id=19936, stack(0x0000000000e00000,0x0000000000f00000)]

Other Threads:
  0x0000000013c9d000 VMThread [stack: 0x0000000014d30000,0x0000000014e30000] [id=17572]
  0x00000000155f6000 WatcherThread [stack: 0x0000000015cf0000,0x0000000015df0000] [id=14572]

VM state:not at safepoint (normal execution)

VM Mutex/Monitor currently owned by a thread: None

Heap:
 PSYoungGen      total 36864K, used 28614K [0x00000000eab00000, 0x00000000ed400000, 0x0000000100000000)
  eden space 31744K, 74% used [0x00000000eab00000,0x00000000ec1f39a8,0x00000000eca00000)
  from space 5120K, 99% used [0x00000000eca00000,0x00000000ecefdee8,0x00000000ecf00000)
  to   space 5120K, 0% used [0x00000000ecf00000,0x00000000ecf00000,0x00000000ed400000)
 ParOldGen       total 84992K, used 3250K [0x00000000c0000000, 0x00000000c5300000, 0x00000000eab00000)
  object space 84992K, 3% used [0x00000000c0000000,0x00000000c032ca08,0x00000000c5300000)
 Metaspace       used 5756K, capacity 6832K, committed 7040K, reserved 1056768K
  class space    used 580K, capacity 616K, committed 640K, reserved 1048576K

Card table byte_map: [0x0000000010670000,0x0000000010880000] byte_map_base: 0x0000000010070000

Marking Bits: (ParMarkBitMap*) 0x000000007039a6d0
 Begin Bits: [0x0000000011110000, 0x0000000012110000)
 End Bits:   [0x0000000012110000, 0x0000000013110000)

Polling page: 0x0000000000110000

CodeCache: size=245760Kb used=4936Kb max_used=4936Kb free=240823Kb
 bounds [0x00000000012b0000, 0x0000000001790000, 0x00000000102b0000]
 total_blobs=1493 nmethods=1232 adapters=174
 compilation: enabled

Compilation events (10 events):
Event: 2.141 Thread 0x0000000013d0f000 1239   !   3       java.net.URL::<init> (543 bytes)
Event: 2.145 Thread 0x0000000013d0f000 nmethod 1239 0x00000000017851d0 code [0x0000000001785680, 0x0000000001788688]
Event: 2.145 Thread 0x0000000013d0f000 1240       2       com.android.dx.util.ListIntSet$1::hasNext (23 bytes)
Event: 2.147 Thread 0x0000000013d0f000 nmethod 1240 0x000000000177cdd0 code [0x000000000177cf20, 0x000000000177d090]
Event: 2.147 Thread 0x0000000013d0f000 1241       2       com.android.dx.util.ListIntSet::iterator (9 bytes)
Event: 2.147 Thread 0x0000000013d0f000 nmethod 1241 0x00000000017826d0 code [0x0000000001782820, 0x00000000017829d0]
Event: 2.147 Thread 0x0000000013d0f000 1242       2       com.android.dx.util.ListIntSet$1::<init> (15 bytes)
Event: 2.147 Thread 0x0000000013d0f000 nmethod 1242 0x000000000177b210 code [0x000000000177b360, 0x000000000177b4d0]
Event: 2.147 Thread 0x0000000013d0f000 1243       2       com.android.dx.util.ListIntSet$1::next (37 bytes)
Event: 2.147 Thread 0x0000000013d0f000 nmethod 1243 0x0000000001782190 code [0x0000000001782300, 0x0000000001782558]

GC Heap History (2 events):
Event: 1.907 GC heap before
{Heap before GC invocations=1 (full 0):
 PSYoungGen      total 36864K, used 31744K [0x00000000eab00000, 0x00000000ed400000, 0x0000000100000000)
  eden space 31744K, 100% used [0x00000000eab00000,0x00000000eca00000,0x00000000eca00000)
  from space 5120K, 0% used [0x00000000ecf00000,0x00000000ecf00000,0x00000000ed400000)
  to   space 5120K, 0% used [0x00000000eca00000,0x00000000eca00000,0x00000000ecf00000)
 ParOldGen       total 84992K, used 0K [0x00000000c0000000, 0x00000000c5300000, 0x00000000eab00000)
  object space 84992K, 0% used [0x00000000c0000000,0x00000000c0000000,0x00000000c5300000)
 Metaspace       used 5728K, capacity 6832K, committed 7040K, reserved 1056768K
  class space    used 579K, capacity 616K, committed 640K, reserved 1048576K
Event: 1.980 GC heap after
Heap after GC invocations=1 (full 0):
 PSYoungGen      total 36864K, used 5111K [0x00000000eab00000, 0x00000000ed400000, 0x0000000100000000)
  eden space 31744K, 0% used [0x00000000eab00000,0x00000000eab00000,0x00000000eca00000)
  from space 5120K, 99% used [0x00000000eca00000,0x00000000ecefdee8,0x00000000ecf00000)
  to   space 5120K, 0% used [0x00000000ecf00000,0x00000000ecf00000,0x00000000ed400000)
 ParOldGen       total 84992K, used 3250K [0x00000000c0000000, 0x00000000c5300000, 0x00000000eab00000)
  object space 84992K, 3% used [0x00000000c0000000,0x00000000c032ca08,0x00000000c5300000)
 Metaspace       used 5728K, capacity 6832K, committed 7040K, reserved 1056768K
  class space    used 579K, capacity 616K, committed 640K, reserved 1048576K
}

Deoptimization events (10 events):
Event: 1.752 Thread 0x00000000156e7000 Uncommon trap: reason=bimorphic action=maybe_recompile pc=0x00000000014dc2b8 method=java.util.HashMap.getNode(ILjava/lang/Object;)Ljava/util/HashMap$Node; @ 126
Event: 1.752 Thread 0x00000000156e7000 Uncommon trap: reason=bimorphic action=maybe_recompile pc=0x00000000014dc2b8 method=java.util.HashMap.getNode(ILjava/lang/Object;)Ljava/util/HashMap$Node; @ 126
Event: 1.752 Thread 0x00000000156e7000 Uncommon trap: reason=bimorphic action=maybe_recompile pc=0x00000000014dc2b8 method=java.util.HashMap.getNode(ILjava/lang/Object;)Ljava/util/HashMap$Node; @ 126
Event: 1.752 Thread 0x00000000156e7000 Uncommon trap: reason=bimorphic action=maybe_recompile pc=0x00000000014dc2b8 method=java.util.HashMap.getNode(ILjava/lang/Object;)Ljava/util/HashMap$Node; @ 126
Event: 1.753 Thread 0x00000000156e7000 Uncommon trap: reason=unstable_if action=reinterpret pc=0x00000000016fe880 method=com.android.dx.rop.code.RegisterSpec.equals(ILcom/android/dx/rop/type/TypeBearer;Lcom/android/dx/rop/code/LocalItem;)Z @ 16
Event: 1.779 Thread 0x00000000156e7000 Uncommon trap: reason=unstable_if action=reinterpret pc=0x0000000001683a10 method=com.android.dx.util.IntList.binarysearch(I)I @ 26
Event: 1.779 Thread 0x00000000156e7000 Uncommon trap: reason=class_check action=maybe_recompile pc=0x00000000015ea058 method=com.android.dx.rop.type.Type.equals(Ljava/lang/Object;)Z @ 8
Event: 1.779 Thread 0x00000000156e7000 Uncommon trap: reason=null_check action=make_not_entrant pc=0x00000000015ea068 method=com.android.dx.rop.type.Type.equals(Ljava/lang/Object;)Z @ 8
Event: 1.780 Thread 0x00000000156e7000 Uncommon trap: reason=unstable_if action=reinterpret pc=0x0000000001686968 method=com.android.dx.cf.code.Ropper.labelToResultIndex(I)I @ 34
Event: 1.783 Thread 0x00000000156e7000 Uncommon trap: reason=unstable_if action=reinterpret pc=0x00000000016eb774 method=com.android.dx.util.LabeledList.set(ILcom/android/dx/util/LabeledItem;)V @ 16

Internal exceptions (3 events):
Event: 0.053 Thread 0x00000000005cf000 Exception <a 'java/lang/NoSuchMethodError': Method sun.misc.Unsafe.defineClass(Ljava/lang/String;[BII)Ljava/lang/Class; name or signature does not match> (0x00000000eab07cc0) thrown at [C:\re\workspace\8-2-build-windows-amd64-cygwin\jdk8u101\7261\hotspot\sÜ9VYZ«?
Event: 0.053 Thread 0x00000000005cf000 Exception <a 'java/lang/NoSuchMethodError': Method sun.misc.Unsafe.prefetchRead(Ljava/lang/Object;J)V name or signature does not match> (0x00000000eab07fa8) thrown at [C:\re\workspace\8-2-build-windows-amd64-cygwin\jdk8u101\7261\hotspot\src\share\vm\prims\ÕÅ›Uwü?
Event: 1.779 Thread 0x00000000156e7000 Implicit null exception at 0x00000000015e9f52 to 0x00000000015ea059

Events (10 events):
Event: 1.907 Executing VM operation: ParallelGCFailedAllocation
Event: 1.980 Executing VM operation: ParallelGCFailedAllocation done
Event: 2.058 Thread 0x00000000156e7000 DEOPT PACKING pc=0x000000000152465c sp=0x0000000015ceed50
Event: 2.058 Thread 0x00000000156e7000 DEOPT UNPACKING pc=0x00000000012f787f sp=0x0000000015ceea78 mode 0
Event: 2.086 loading class com/android/dx/util/ListIntSet
Event: 2.086 loading class com/android/dx/util/ListIntSet done
Event: 2.087 Executing VM operation: Deoptimize
Event: 2.131 Executing VM operation: Deoptimize done
Event: 2.141 loading class com/android/dx/util/ListIntSet$1
Event: 2.141 loading class com/android/dx/util/ListIntSet$1 done


Dynamic libraries:
0x000000013feb0000 - 0x000000013fee7000 	C:\Program Files\Java\jdk1.8.0_101\bin\java.exe
0x0000000077c30000 - 0x0000000077dda000 	C:\Windows\SYSTEM32\ntdll.dll
0x0000000077b10000 - 0x0000000077c2f000 	C:\Windows\system32\kernel32.dll
0x000007fefd990000 - 0x000007fefd9fa000 	C:\Windows\system32\KERNELBASE.dll
0x000007fefe060000 - 0x000007fefe13b000 	C:\Windows\system32\ADVAPI32.dll
0x000007feff780000 - 0x000007feff81f000 	C:\Windows\system32\msvcrt.dll
0x000007fefe040000 - 0x000007fefe05f000 	C:\Windows\SYSTEM32\sechost.dll
0x000007fefdf10000 - 0x000007fefe03d000 	C:\Windows\system32\RPCRT4.dll
0x0000000077a10000 - 0x0000000077b0a000 	C:\Windows\system32\USER32.dll
0x000007fefdea0000 - 0x000007fefdf07000 	C:\Windows\system32\GDI32.dll
0x000007feffab0000 - 0x000007feffabe000 	C:\Windows\system32\LPK.dll
0x000007fefdda0000 - 0x000007fefde6a000 	C:\Windows\system32\USP10.dll
0x000007fefb9b0000 - 0x000007fefbba4000 	C:\Windows\WinSxS\amd64_microsoft.windows.common-controls_6595b64144ccf1df_6.0.7601.18837_none_fa3b1e3d17594757\COMCTL32.dll
0x000007feff820000 - 0x000007feff891000 	C:\Windows\system32\SHLWAPI.dll
0x000007fefde70000 - 0x000007fefde9e000 	C:\Windows\system32\IMM32.DLL
0x000007fefe4d0000 - 0x000007fefe5d9000 	C:\Windows\system32\MSCTF.dll
0x0000000079460000 - 0x0000000079532000 	C:\Program Files\Java\jdk1.8.0_101\jre\bin\msvcr100.dll
0x000000006fb80000 - 0x000000007041a000 	C:\Program Files\Java\jdk1.8.0_101\jre\bin\server\jvm.dll
0x000007fefab40000 - 0x000007fefab49000 	C:\Windows\system32\WSOCK32.dll
0x000007feffe50000 - 0x000007feffe9d000 	C:\Windows\system32\WS2_32.dll
0x000007fefe420000 - 0x000007fefe428000 	C:\Windows\system32\NSI.dll
0x000007fefb0c0000 - 0x000007fefb0fb000 	C:\Windows\system32\WINMM.dll
0x000007fefc890000 - 0x000007fefc89c000 	C:\Windows\system32\VERSION.dll
0x0000000077df0000 - 0x0000000077df7000 	C:\Windows\system32\PSAPI.DLL
0x0000000050050000 - 0x000000005005f000 	C:\Program Files\Java\jdk1.8.0_101\jre\bin\verify.dll
0x000000006d550000 - 0x000000006d579000 	C:\Program Files\Java\jdk1.8.0_101\jre\bin\java.dll
0x0000000000250000 - 0x0000000000266000 	C:\Program Files\Java\jdk1.8.0_101\jre\bin\zip.dll
0x000007fefe720000 - 0x000007feff4aa000 	C:\Windows\system32\SHELL32.dll
0x000007feff8a0000 - 0x000007feffaa3000 	C:\Windows\system32\ole32.dll
0x000007fefd970000 - 0x000007fefd97f000 	C:\Windows\system32\profapi.dll

VM Arguments:
jvm_args: -Djava.awt.headless=true -Xmx1024M -Dfile.encoding=windows-1252 -Duser.country=US -Duser.language=en -Duser.variant 
java_command: com.android.dx.command.Main --dex --force-jumbo --num-threads=4 --multi-dex --output C:\Pitonew\Android-Pitonew\app\build\intermediates\transforms\dex\debug\folders\1000\5\slice_1 C:\Pitonew\Android-Pitonew\app\build\intermediates\transforms\instantRunSlicer\debug\folders\1\5\slice_1
java_class_path (initial): C:\Users\jco\AppData\Local\Android\sdk\build-tools\25.0.2\lib\dx.jar
Launcher Type: SUN_STANDARD

Environment Variables:
JAVA_HOME=C:\Program Files\Java\jre1.8.0_111
PATH=C:\ProgramData\Oracle\Java\javapath;C:\Windows\system32;C:\Windows;C:\Windows\System32\Wbem;C:\Windows\System32\WindowsPowerShell\v1.0\;C:\Windows\CCM;C:\Program Files (x86)\WebEx\Productivity Tools;C:\Program Files\Microsoft SQL Server\Client SDK\ODBC\110\Tools\Binn\;C:\Program Files (x86)\Microsoft SQL Server\120\Tools\Binn\;C:\Program Files\Microsoft SQL Server\120\Tools\Binn\;C:\Program Files\Microsoft SQL Server\120\DTS\Binn\;C:\Program Files (x86)\WebEx\PTools020000000;C:\Program Files\TortoiseHg\;C:\RailsInstaller\Git\cmd;C:\RailsInstaller\nodejs\;C:\Program Files (x86)\Heroku\bin;C:\Program Files (x86)\git\cmd;C:\Program Files (x86)\Git\cmd;C:\Program Files (x86)\Brackets\command;C:\Program Files (x86)\nodejs\;C:\Program Files (x86)\Microsoft SQL Server\120\Tools\Binn\ManagementStudio\;C:\Program Files (x86)\Microsoft SQL Server\120\DTS\Binn\;C:\RailsInstaller\Git\cmd;C:\Quality Assurance\jruby-1.7.26\bin;c:\Python27;C:\Program Files\Mercurial;C:\Users\jco\AppData\Roaming\npm;C:\Users\jco\Downloads\apache-maven-3.3.9-bin\apache-maven-3.3.9\bin;C:\Users\jco\AppData\Local\Box\Box Edit\
USERNAME=jco
OS=Windows_NT
PROCESSOR_IDENTIFIER=Intel64 Family 6 Model 61 Stepping 4, GenuineIntel



---------------  S Y S T E M  ---------------

OS: Windows 7 , 64 bit Build 7601 (6.1.7601.23572)

CPU:total 4 (2 cores per cpu, 2 threads per core) family 6 model 61 stepping 4, cmov, cx8, fxsr, mmx, sse, sse2, sse3, ssse3, sse4.1, sse4.2, popcnt, avx, avx2, aes, clmul, erms, 3dnowpref, lzcnt, ht, tsc, tscinvbit, bmi1, bmi2, adx

Memory: 4k page, physical 8077544k(817620k free), swap 18730096k(5152k free)

vm_info: Java HotSpot(TM) 64-Bit Server VM (25.101-b13) for windows-amd64 JRE (1.8.0_101-b13), built on Jun 22 2016 01:21:29 by "java_re" with MS VC++ 10.0 (VS2010)

time: Mon Mar 13 12:35:37 2017
elapsed time: 2 seconds (0d 0h 0m 2s)

