#
# There is insufficient memory for the Java Runtime Environment to continue.
# Native memory allocation (malloc) failed to allocate 1082976 bytes for Chunk::new
# Possible reasons:
#   The system is out of physical RAM or swap space
#   In 32 bit mode, the process size limit was hit
# Possible solutions:
#   Reduce memory load on the system
#   Increase physical memory or swap space
#   Check if swap backing store is full
#   Use 64 bit Java on a 64 bit OS
#   Decrease Java heap size (-Xmx/-Xms)
#   Decrease number of Java threads
#   Decrease Java thread stack sizes (-Xss)
#   Set larger code cache with -XX:ReservedCodeCacheSize=
# This output file may be truncated or incomplete.
#
#  Out of Memory Error (allocation.cpp:390), pid=15480, tid=0x00000000000046e0
#
# JRE version: Java(TM) SE Runtime Environment (8.0_101-b13) (build 1.8.0_101-b13)
# Java VM: Java HotSpot(TM) 64-Bit Server VM (25.101-b13 mixed mode windows-amd64 compressed oops)
# Failed to write core dump. Minidumps are not enabled by default on client versions of Windows
#

---------------  T H R E A D  ---------------

Current thread (0x00000000550b4800):  JavaThread "C2 CompilerThread0" daemon [_thread_in_native, id=18144, stack(0x00000000556c0000,0x00000000557c0000)]

Stack: [0x00000000556c0000,0x00000000557c0000]
[error occurred during error reporting (printing stack bounds), id 0xc0000005]

Native frames: (J=compiled Java code, j=interpreted, Vv=VM code, C=native code)


Current CompileTask:
C2:   6929 1829       4       com.android.dx.ssa.DeadCodeRemover::run (194 bytes)


---------------  P R O C E S S  ---------------

Java Threads: ( => current thread )
  0x0000000055343800 JavaThread "pool-1-thread-4" [_thread_in_Java, id=5860, stack(0x0000000055d30000,0x0000000055e30000)]
  0x00000000552bd000 JavaThread "pool-1-thread-3" [_thread_blocked, id=13676, stack(0x00000000564b0000,0x00000000565b0000)]
  0x00000000552c3000 JavaThread "pool-1-thread-2" [_thread_blocked, id=15988, stack(0x0000000056220000,0x0000000056320000)]
  0x0000000055295000 JavaThread "pool-2-thread-1" [_thread_blocked, id=16392, stack(0x0000000056010000,0x0000000056110000)]
  0x0000000055299800 JavaThread "pool-1-thread-1" [_thread_blocked, id=10448, stack(0x0000000055940000,0x0000000055a40000)]
  0x0000000055111800 JavaThread "Service Thread" daemon [_thread_blocked, id=16820, stack(0x0000000055c20000,0x0000000055d20000)]
  0x000000005510e000 JavaThread "C1 CompilerThread2" daemon [_thread_blocked, id=5628, stack(0x0000000055a40000,0x0000000055b40000)]
  0x0000000053d0f000 JavaThread "C2 CompilerThread1" daemon [_thread_in_native, id=17980, stack(0x0000000055840000,0x0000000055940000)]
=>0x00000000550b4800 JavaThread "C2 CompilerThread0" daemon [_thread_in_native, id=18144, stack(0x00000000556c0000,0x00000000557c0000)]
  0x00000000550b0800 JavaThread "Attach Listener" daemon [_thread_blocked, id=18292, stack(0x00000000554e0000,0x00000000555e0000)]
  0x0000000053d01800 JavaThread "Signal Dispatcher" daemon [_thread_blocked, id=16240, stack(0x0000000054e00000,0x0000000054f00000)]
  0x0000000053ce9800 JavaThread "Finalizer" daemon [_thread_blocked, id=13028, stack(0x0000000054fb0000,0x00000000550b0000)]
  0x0000000053ca2800 JavaThread "Reference Handler" daemon [_thread_blocked, id=15952, stack(0x0000000054d00000,0x0000000054e00000)]
  0x0000000000d2f000 JavaThread "main" [_thread_blocked, id=17188, stack(0x0000000000e70000,0x0000000000f70000)]

Other Threads:
  0x0000000053c9b000 VMThread [stack: 0x0000000054b50000,0x0000000054c50000] [id=15752]
  0x0000000055120000 WatcherThread [stack: 0x0000000055e50000,0x0000000055f50000] [id=14400]

VM state:not at safepoint (normal execution)

VM Mutex/Monitor currently owned by a thread: None

Heap:
 PSYoungGen      total 36864K, used 33387K [0x00000000eab00000, 0x00000000ef300000, 0x0000000100000000)
  eden space 31744K, 89% used [0x00000000eab00000,0x00000000ec69ba88,0x00000000eca00000)
  from space 5120K, 99% used [0x00000000eca00000,0x00000000eceff350,0x00000000ecf00000)
  to   space 5120K, 0% used [0x00000000eee00000,0x00000000eee00000,0x00000000ef300000)
 ParOldGen       total 84992K, used 10225K [0x00000000c0000000, 0x00000000c5300000, 0x00000000eab00000)
  object space 84992K, 12% used [0x00000000c0000000,0x00000000c09fc470,0x00000000c5300000)
 Metaspace       used 6126K, capacity 7152K, committed 7296K, reserved 1056768K
  class space    used 591K, capacity 616K, committed 640K, reserved 1048576K

Card table byte_map: [0x00000000106b0000,0x00000000108c0000] byte_map_base: 0x00000000100b0000

Marking Bits: (ParMarkBitMap*) 0x00000000709ea6d0
 Begin Bits: [0x0000000011110000, 0x0000000012110000)
 End Bits:   [0x0000000012110000, 0x0000000013110000)

Polling page: 0x0000000000320000

CodeCache: size=245760Kb used=7394Kb max_used=7413Kb free=238365Kb
 bounds [0x00000000012f0000, 0x0000000001a40000, 0x00000000102f0000]
 total_blobs=1972 nmethods=1708 adapters=176
 compilation: enabled

Compilation events (10 events):
Event: 6.395 Thread 0x000000005510e000 1849       3       com.android.dx.rop.code.Rops::opGetStatic (97 bytes)
Event: 6.395 Thread 0x000000005510e000 nmethod 1849 0x00000000019ff2d0 code [0x00000000019ff500, 0x0000000001a00138]
Event: 6.486 Thread 0x0000000053d0f000 nmethod 1844 0x0000000001a291d0 code [0x0000000001a297e0, 0x0000000001a2ea40]
Event: 6.486 Thread 0x0000000053d0f000 1845       4       com.android.dx.cf.code.ValueAwareMachine::run (1142 bytes)
Event: 6.623 Thread 0x0000000053d0f000 nmethod 1845 0x0000000001a0d5d0 code [0x0000000001a0e0a0, 0x0000000001a0fcc0]
Event: 6.623 Thread 0x0000000053d0f000 1840       4       com.android.dx.ssa.back.FirstFitLocalCombiningAllocator$1::visitNonMoveInsn (6 bytes)
Event: 6.623 Thread 0x0000000053d0f000 nmethod 1840 0x00000000018d5f10 code [0x00000000018d6060, 0x00000000018d60c8]
Event: 6.631 Thread 0x0000000053d0f000 1850       4       com.android.dx.ssa.DeadCodeRemover::isCircularNoSideEffect (140 bytes)
Event: 6.783 Thread 0x0000000053d0f000 nmethod 1850 0x0000000001a35010 code [0x0000000001a35280, 0x0000000001a37148]
Event: 6.783 Thread 0x0000000053d0f000 1851 %     4       com.android.dx.ssa.SsaConverter::placePhiFunctions @ 103 (394 bytes)

GC Heap History (6 events):
Event: 2.091 GC heap before
{Heap before GC invocations=1 (full 0):
 PSYoungGen      total 36864K, used 31744K [0x00000000eab00000, 0x00000000ed400000, 0x0000000100000000)
  eden space 31744K, 100% used [0x00000000eab00000,0x00000000eca00000,0x00000000eca00000)
  from space 5120K, 0% used [0x00000000ecf00000,0x00000000ecf00000,0x00000000ed400000)
  to   space 5120K, 0% used [0x00000000eca00000,0x00000000eca00000,0x00000000ecf00000)
 ParOldGen       total 84992K, used 0K [0x00000000c0000000, 0x00000000c5300000, 0x00000000eab00000)
  object space 84992K, 0% used [0x00000000c0000000,0x00000000c0000000,0x00000000c5300000)
 Metaspace       used 5770K, capacity 6832K, committed 7040K, reserved 1056768K
  class space    used 589K, capacity 616K, committed 640K, reserved 1048576K
Event: 2.112 GC heap after
Heap after GC invocations=1 (full 0):
 PSYoungGen      total 36864K, used 5104K [0x00000000eab00000, 0x00000000ed400000, 0x0000000100000000)
  eden space 31744K, 0% used [0x00000000eab00000,0x00000000eab00000,0x00000000eca00000)
  from space 5120K, 99% used [0x00000000eca00000,0x00000000ecefc078,0x00000000ecf00000)
  to   space 5120K, 0% used [0x00000000ecf00000,0x00000000ecf00000,0x00000000ed400000)
 ParOldGen       total 84992K, used 1143K [0x00000000c0000000, 0x00000000c5300000, 0x00000000eab00000)
  object space 84992K, 1% used [0x00000000c0000000,0x00000000c011dd38,0x00000000c5300000)
 Metaspace       used 5770K, capacity 6832K, committed 7040K, reserved 1056768K
  class space    used 589K, capacity 616K, committed 640K, reserved 1048576K
}
Event: 2.755 GC heap before
{Heap before GC invocations=2 (full 0):
 PSYoungGen      total 36864K, used 36848K [0x00000000eab00000, 0x00000000ed400000, 0x0000000100000000)
  eden space 31744K, 100% used [0x00000000eab00000,0x00000000eca00000,0x00000000eca00000)
  from space 5120K, 99% used [0x00000000eca00000,0x00000000ecefc078,0x00000000ecf00000)
  to   space 5120K, 0% used [0x00000000ecf00000,0x00000000ecf00000,0x00000000ed400000)
 ParOldGen       total 84992K, used 1143K [0x00000000c0000000, 0x00000000c5300000, 0x00000000eab00000)
  object space 84992K, 1% used [0x00000000c0000000,0x00000000c011dd38,0x00000000c5300000)
 Metaspace       used 6043K, capacity 7088K, committed 7296K, reserved 1056768K
  class space    used 591K, capacity 616K, committed 640K, reserved 1048576K
Event: 3.340 GC heap after
Heap after GC invocations=2 (full 0):
 PSYoungGen      total 36864K, used 5094K [0x00000000eab00000, 0x00000000ef300000, 0x0000000100000000)
  eden space 31744K, 0% used [0x00000000eab00000,0x00000000eab00000,0x00000000eca00000)
  from space 5120K, 99% used [0x00000000ecf00000,0x00000000ed3f98d8,0x00000000ed400000)
  to   space 5120K, 0% used [0x00000000eca00000,0x00000000eca00000,0x00000000ecf00000)
 ParOldGen       total 84992K, used 5448K [0x00000000c0000000, 0x00000000c5300000, 0x00000000eab00000)
  object space 84992K, 6% used [0x00000000c0000000,0x00000000c0552290,0x00000000c5300000)
 Metaspace       used 6043K, capacity 7088K, committed 7296K, reserved 1056768K
  class space    used 591K, capacity 616K, committed 640K, reserved 1048576K
}
Event: 3.705 GC heap before
{Heap before GC invocations=3 (full 0):
 PSYoungGen      total 36864K, used 36838K [0x00000000eab00000, 0x00000000ef300000, 0x0000000100000000)
  eden space 31744K, 100% used [0x00000000eab00000,0x00000000eca00000,0x00000000eca00000)
  from space 5120K, 99% used [0x00000000ecf00000,0x00000000ed3f98d8,0x00000000ed400000)
  to   space 5120K, 0% used [0x00000000eca00000,0x00000000eca00000,0x00000000ecf00000)
 ParOldGen       total 84992K, used 5448K [0x00000000c0000000, 0x00000000c5300000, 0x00000000eab00000)
  object space 84992K, 6% used [0x00000000c0000000,0x00000000c0552290,0x00000000c5300000)
 Metaspace       used 6095K, capacity 7088K, committed 7296K, reserved 1056768K
  class space    used 591K, capacity 616K, committed 640K, reserved 1048576K
Event: 3.750 GC heap after
Heap after GC invocations=3 (full 0):
 PSYoungGen      total 36864K, used 5116K [0x00000000eab00000, 0x00000000ef300000, 0x0000000100000000)
  eden space 31744K, 0% used [0x00000000eab00000,0x00000000eab00000,0x00000000eca00000)
  from space 5120K, 99% used [0x00000000eca00000,0x00000000eceff350,0x00000000ecf00000)
  to   space 5120K, 0% used [0x00000000eee00000,0x00000000eee00000,0x00000000ef300000)
 ParOldGen       total 84992K, used 10225K [0x00000000c0000000, 0x00000000c5300000, 0x00000000eab00000)
  object space 84992K, 12% used [0x00000000c0000000,0x00000000c09fc470,0x00000000c5300000)
 Metaspace       used 6095K, capacity 7088K, committed 7296K, reserved 1056768K
  class space    used 591K, capacity 616K, committed 640K, reserved 1048576K
}

Deoptimization events (10 events):
Event: 2.459 Thread 0x0000000000d2f000 Uncommon trap: reason=bimorphic action=maybe_recompile pc=0x0000000001625ba0 method=java.util.HashMap.getNode(ILjava/lang/Object;)Ljava/util/HashMap$Node; @ 126
Event: 2.459 Thread 0x0000000000d2f000 Uncommon trap: reason=class_check action=maybe_recompile pc=0x00000000017804bc method=java.util.HashMap.putVal(ILjava/lang/Object;Ljava/lang/Object;ZZ)Ljava/lang/Object; @ 203
Event: 2.459 Thread 0x0000000000d2f000 Uncommon trap: reason=class_check action=maybe_recompile pc=0x00000000017804bc method=java.util.HashMap.putVal(ILjava/lang/Object;Ljava/lang/Object;ZZ)Ljava/lang/Object; @ 203
Event: 2.553 Thread 0x00000000552bd000 Uncommon trap: reason=unstable_if action=reinterpret pc=0x00000000015b52dc method=com.android.dx.rop.code.RegisterSpecSet.put(Lcom/android/dx/rop/code/RegisterSpec;)V @ 77
Event: 2.553 Thread 0x00000000552bd000 Uncommon trap: reason=unstable_if action=reinterpret pc=0x00000000015bb818 method=com.android.dx.rop.code.RegisterSpecSet.put(Lcom/android/dx/rop/code/RegisterSpec;)V @ 77
Event: 2.567 Thread 0x00000000552bd000 Uncommon trap: reason=unstable_if action=reinterpret pc=0x00000000016c8070 method=com.android.dx.rop.code.RegisterSpec.equals(ILcom/android/dx/rop/type/TypeBearer;Lcom/android/dx/rop/code/LocalItem;)Z @ 42
Event: 3.463 Thread 0x0000000000d2f000 Uncommon trap: reason=bimorphic action=maybe_recompile pc=0x00000000018ecd54 method=com.android.dx.cf.code.BytecodeArray.parseInstruction(ILcom/android/dx/cf/code/BytecodeArray$Visitor;)I @ 955
Event: 3.463 Thread 0x0000000000d2f000 Uncommon trap: reason=bimorphic action=maybe_recompile pc=0x00000000018ecd54 method=com.android.dx.cf.code.BytecodeArray.parseInstruction(ILcom/android/dx/cf/code/BytecodeArray$Visitor;)I @ 955
Event: 3.541 Thread 0x0000000000d2f000 Uncommon trap: reason=null_check action=make_not_entrant pc=0x00000000015e26c8 method=com.android.dx.ssa.SsaRenamer.getLocalForNewReg(I)Lcom/android/dx/rop/code/LocalItem; @ 19
Event: 3.595 Thread 0x0000000000d2f000 Uncommon trap: reason=unstable_if action=reinterpret pc=0x0000000001758018 method=com.android.dx.ssa.SCCP.simulateStmt(Lcom/android/dx/ssa/SsaInsn;)V @ 59

Internal exceptions (3 events):
Event: 0.071 Thread 0x0000000000d2f000 Exception <a 'java/lang/NoSuchMethodError': Method sun.misc.Unsafe.defineClass(Ljava/lang/String;[BII)Ljava/lang/Class; name or signature does not match> (0x00000000eab07cc0) thrown at [C:\re\workspace\8-2-build-windows-amd64-cygwin\jdk8u101\7261\hotspot\sÔô[C≤?
Event: 0.071 Thread 0x0000000000d2f000 Exception <a 'java/lang/NoSuchMethodError': Method sun.misc.Unsafe.prefetchRead(Ljava/lang/Object;J)V name or signature does not match> (0x00000000eab07fa8) thrown at [C:\re\workspace\8-2-build-windows-amd64-cygwin\jdk8u101\7261\hotspot\src\share\vm\prims\≤èèS@
Event: 3.541 Thread 0x0000000000d2f000 Implicit null exception at 0x00000000015e03bf to 0x00000000015e2685

Events (10 events):
Event: 4.280 Executing VM operation: EnableBiasedLocking
Event: 4.366 Executing VM operation: EnableBiasedLocking done
Event: 4.702 Thread 0x00000000552c3000 DEOPT PACKING pc=0x00000000016758ad sp=0x000000005631ecb0
Event: 4.702 Thread 0x00000000552c3000 DEOPT UNPACKING pc=0x000000000133787f sp=0x000000005631e9f8 mode 0
Event: 4.716 Thread 0x00000000552c3000 DEOPT PACKING pc=0x00000000016765fa sp=0x000000005631eac0
Event: 4.716 Thread 0x00000000552c3000 DEOPT UNPACKING pc=0x000000000133787f sp=0x000000005631e888 mode 0
Event: 4.929 Thread 0x0000000055299800 DEOPT PACKING pc=0x00000000016765fa sp=0x0000000055a3e9f0
Event: 4.929 Thread 0x0000000055299800 DEOPT UNPACKING pc=0x000000000133787f sp=0x0000000055a3e7b8 mode 0
Event: 5.183 Thread 0x0000000055343800 DEOPT PACKING pc=0x00000000016758ad sp=0x0000000055e2e920
Event: 5.183 Thread 0x0000000055343800 DEOPT UNPACKING pc=0x000000000133787f sp=0x0000000055e2e668 mode 0


Dynamic libraries:
0x000000013f320000 - 0x000000013f357000 	C:\Program Files\Java\jdk1.8.0_101\bin\java.exe
0x0000000077a10000 - 0x0000000077bba000 	C:\Windows\SYSTEM32\ntdll.dll
0x00000000778f0000 - 0x0000000077a0f000 	C:\Windows\system32\kernel32.dll
0x000007fefd780000 - 0x000007fefd7ea000 	C:\Windows\system32\KERNELBASE.dll
0x000007fefde20000 - 0x000007fefdefb000 	C:\Windows\system32\ADVAPI32.dll
0x000007feff590000 - 0x000007feff62f000 	C:\Windows\system32\msvcrt.dll
0x000007fefe200000 - 0x000007fefe21f000 	C:\Windows\SYSTEM32\sechost.dll
0x000007feff390000 - 0x000007feff4bd000 	C:\Windows\system32\RPCRT4.dll
0x00000000777f0000 - 0x00000000778ea000 	C:\Windows\system32\USER32.dll
0x000007feff240000 - 0x000007feff2a7000 	C:\Windows\system32\GDI32.dll
0x000007fefdd40000 - 0x000007fefdd4e000 	C:\Windows\system32\LPK.dll
0x000007fefdd50000 - 0x000007fefde1a000 	C:\Windows\system32\USP10.dll
0x000007fefbb10000 - 0x000007fefbd04000 	C:\Windows\WinSxS\amd64_microsoft.windows.common-controls_6595b64144ccf1df_6.0.7601.18837_none_fa3b1e3d17594757\COMCTL32.dll
0x000007fefdb30000 - 0x000007fefdba1000 	C:\Windows\system32\SHLWAPI.dll
0x000007fefdb00000 - 0x000007fefdb2e000 	C:\Windows\system32\IMM32.DLL
0x000007feffb70000 - 0x000007feffc79000 	C:\Windows\system32\MSCTF.dll
0x0000000078e40000 - 0x0000000078f12000 	C:\Program Files\Java\jdk1.8.0_101\jre\bin\msvcr100.dll
0x00000000701d0000 - 0x0000000070a6a000 	C:\Program Files\Java\jdk1.8.0_101\jre\bin\server\jvm.dll
0x000007fef9d10000 - 0x000007fef9d19000 	C:\Windows\system32\WSOCK32.dll
0x000007feff4c0000 - 0x000007feff50d000 	C:\Windows\system32\WS2_32.dll
0x000007feff230000 - 0x000007feff238000 	C:\Windows\system32\NSI.dll
0x000007fefa2b0000 - 0x000007fefa2eb000 	C:\Windows\system32\WINMM.dll
0x000007fefc670000 - 0x000007fefc67c000 	C:\Windows\system32\VERSION.dll
0x0000000077be0000 - 0x0000000077be7000 	C:\Windows\system32\PSAPI.DLL
0x0000000069600000 - 0x000000006960f000 	C:\Program Files\Java\jdk1.8.0_101\jre\bin\verify.dll
0x00000000695d0000 - 0x00000000695f9000 	C:\Program Files\Java\jdk1.8.0_101\jre\bin\java.dll
0x0000000067770000 - 0x0000000067786000 	C:\Program Files\Java\jdk1.8.0_101\jre\bin\zip.dll
0x000007fefe2c0000 - 0x000007feff04a000 	C:\Windows\system32\SHELL32.dll
0x000007feff900000 - 0x000007feffb03000 	C:\Windows\system32\ole32.dll
0x000007fefd740000 - 0x000007fefd74f000 	C:\Windows\system32\profapi.dll

VM Arguments:
jvm_args: -Djava.awt.headless=true -Xmx1024M -Dfile.encoding=windows-1252 -Duser.country=US -Duser.language=en -Duser.variant 
java_command: com.android.dx.command.Main --dex --num-threads=4 --output C:\Pitonew\Android-Pitonew\app\build\intermediates\pre-dexed\debug\com.android.support-design-24.2.1_ffa71c38aff5cc104019487eec5e6c10b57d6f6f.jar C:\Pitonew\Android-Pitonew\app\build\intermediates\exploded-aar\com.android.support\design\24.2.1\jars\classes.jar
java_class_path (initial): C:\Users\jco\AppData\Local\Android\sdk\build-tools\24.0.2\lib\dx.jar
Launcher Type: SUN_STANDARD

Environment Variables:
JAVA_HOME=C:\Program Files\Java\jre1.8.0_111
PATH=C:\ProgramData\Oracle\Java\javapath;C:\Windows\system32;C:\Windows;C:\Windows\System32\Wbem;C:\Windows\System32\WindowsPowerShell\v1.0\;C:\Windows\CCM;C:\Program Files (x86)\WebEx\Productivity Tools;C:\Program Files\Microsoft SQL Server\Client SDK\ODBC\110\Tools\Binn\;C:\Program Files (x86)\Microsoft SQL Server\120\Tools\Binn\;C:\Program Files\Microsoft SQL Server\120\Tools\Binn\;C:\Program Files\Microsoft SQL Server\120\DTS\Binn\;C:\Program Files (x86)\WebEx\PTools020000000;C:\Program Files\TortoiseHg\;C:\RailsInstaller\Git\cmd;C:\RailsInstaller\nodejs\;C:\Program Files (x86)\Heroku\bin;C:\Program Files (x86)\git\cmd;C:\Program Files (x86)\Git\cmd;C:\Program Files (x86)\Brackets\command;C:\Program Files (x86)\nodejs\;C:\Program Files (x86)\Microsoft SQL Server\120\Tools\Binn\ManagementStudio\;C:\Program Files (x86)\Microsoft SQL Server\120\DTS\Binn\;C:\RailsInstaller\Git\cmd;C:\Quality Assurance\jruby-1.7.26\bin;c:\Python27;C:\Program Files\Mercurial;C:\Users\jco\AppData\Roaming\npm;C:\Users\jco\Downloads\apache-maven-3.3.9-bin\apache-maven-3.3.9\bin;C:\Users\jco\AppData\Local\Box\Box Edit\
USERNAME=jco
OS=Windows_NT
PROCESSOR_IDENTIFIER=Intel64 Family 6 Model 61 Stepping 4, GenuineIntel



---------------  S Y S T E M  ---------------

OS: Windows 7 , 64 bit Build 7601 (6.1.7601.23572)

CPU:total 4 (2 cores per cpu, 2 threads per core) family 6 model 61 stepping 4, cmov, cx8, fxsr, mmx, sse, sse2, sse3, ssse3, sse4.1, sse4.2, popcnt, avx, avx2, aes, clmul, erms, 3dnowpref, lzcnt, ht, tsc, tscinvbit, bmi1, bmi2, adx

Memory: 4k page, physical 8077544k(513376k free), swap 17729344k(5868k free)

vm_info: Java HotSpot(TM) 64-Bit Server VM (25.101-b13) for windows-amd64 JRE (1.8.0_101-b13), built on Jun 22 2016 01:21:29 by "java_re" with MS VC++ 10.0 (VS2010)

time: Fri Mar 03 17:10:56 2017
elapsed time: 6 seconds (0d 0h 0m 6s)

