#
# There is insufficient memory for the Java Runtime Environment to continue.
# Native memory allocation (malloc) failed to allocate 191216 bytes for Chunk::new
# Possible reasons:
#   The system is out of physical RAM or swap space
#   In 32 bit mode, the process size limit was hit
# Possible solutions:
#   Reduce memory load on the system
#   Increase physical memory or swap space
#   Check if swap backing store is full
#   Use 64 bit Java on a 64 bit OS
#   Decrease Java heap size (-Xmx/-Xms)
#   Decrease number of Java threads
#   Decrease Java thread stack sizes (-Xss)
#   Set larger code cache with -XX:ReservedCodeCacheSize=
# This output file may be truncated or incomplete.
#
#  Out of Memory Error (allocation.cpp:390), pid=9112, tid=0x0000000000003828
#
# JRE version: Java(TM) SE Runtime Environment (8.0_101-b13) (build 1.8.0_101-b13)
# Java VM: Java HotSpot(TM) 64-Bit Server VM (25.101-b13 mixed mode windows-amd64 compressed oops)
# Failed to write core dump. Minidumps are not enabled by default on client versions of Windows
#

---------------  T H R E A D  ---------------

Current thread (0x0000000053c2b800):  JavaThread "C2 CompilerThread0" daemon [_thread_in_native, id=14376, stack(0x00000000557b0000,0x00000000558b0000)]

Stack: [0x00000000557b0000,0x00000000558b0000]
[error occurred during error reporting (printing stack bounds), id 0xc0000005]

Native frames: (J=compiled Java code, j=interpreted, Vv=VM code, C=native code)


Current CompileTask:
C2:   7756 1989       4       com.android.dx.rop.cst.CstBaseMethodRef::getPrototype (41 bytes)


---------------  P R O C E S S  ---------------

Java Threads: ( => current thread )
  0x0000000055507800 JavaThread "pool-1-thread-1" [_thread_in_vm, id=4340, stack(0x00000000561f0000,0x00000000562f0000)]
  0x0000000055429000 JavaThread "Service Thread" daemon [_thread_blocked, id=12092, stack(0x0000000055d40000,0x0000000055e40000)]
  0x0000000055405000 JavaThread "C1 CompilerThread2" daemon [_thread_blocked, id=16064, stack(0x0000000055b60000,0x0000000055c60000)]
  0x00000000553fc800 JavaThread "C2 CompilerThread1" daemon [_thread_blocked, id=4164, stack(0x00000000559b0000,0x0000000055ab0000)]
=>0x0000000053c2b800 JavaThread "C2 CompilerThread0" daemon [_thread_in_native, id=14376, stack(0x00000000557b0000,0x00000000558b0000)]
  0x0000000053c27000 JavaThread "Attach Listener" daemon [_thread_blocked, id=10056, stack(0x00000000552a0000,0x00000000553a0000)]
  0x0000000053c24000 JavaThread "Signal Dispatcher" daemon [_thread_blocked, id=4836, stack(0x0000000055110000,0x0000000055210000)]
  0x0000000053c0b800 JavaThread "Finalizer" daemon [_thread_blocked, id=5680, stack(0x0000000054f50000,0x0000000055050000)]
  0x0000000053bc4800 JavaThread "Reference Handler" daemon [_thread_blocked, id=15556, stack(0x0000000054e20000,0x0000000054f20000)]
  0x0000000000cff000 JavaThread "main" [_thread_blocked, id=16176, stack(0x0000000001000000,0x0000000001100000)]

Other Threads:
  0x0000000053bbb000 VMThread [stack: 0x0000000054ca0000,0x0000000054da0000] [id=15672]
  0x0000000055430800 WatcherThread [stack: 0x0000000055f40000,0x0000000056040000] [id=9276]

VM state:not at safepoint (normal execution)

VM Mutex/Monitor currently owned by a thread: None

Heap:
 PSYoungGen      total 132096K, used 104699K [0x00000000eab00000, 0x00000000f3100000, 0x0000000100000000)
  eden space 126976K, 82% used [0x00000000eab00000,0x00000000f113ef18,0x00000000f2700000)
  from space 5120K, 0% used [0x00000000f2c00000,0x00000000f2c00000,0x00000000f3100000)
  to   space 5120K, 0% used [0x00000000f2700000,0x00000000f2700000,0x00000000f2c00000)
 ParOldGen       total 128512K, used 52287K [0x00000000c0000000, 0x00000000c7d80000, 0x00000000eab00000)
  object space 128512K, 40% used [0x00000000c0000000,0x00000000c330fd70,0x00000000c7d80000)
 Metaspace       used 6250K, capacity 7280K, committed 7552K, reserved 1056768K
  class space    used 605K, capacity 616K, committed 640K, reserved 1048576K

Card table byte_map: [0x0000000010790000,0x00000000109a0000] byte_map_base: 0x0000000010190000

Marking Bits: (ParMarkBitMap*) 0x000000007047a6d0
 Begin Bits: [0x0000000011030000, 0x0000000012030000)
 End Bits:   [0x0000000012030000, 0x0000000013030000)

Polling page: 0x0000000000110000

CodeCache: size=245760Kb used=8026Kb max_used=8032Kb free=237734Kb
 bounds [0x00000000013d0000, 0x0000000001bc0000, 0x00000000103d0000]
 total_blobs=2180 nmethods=1915 adapters=176
 compilation: enabled

Compilation events (10 events):
Event: 7.724 Thread 0x0000000053c2b800 nmethod 1968 0x0000000001ba9710 code [0x0000000001ba9920, 0x0000000001baaa00]
Event: 7.724 Thread 0x0000000053c2b800 1976       4       com.android.dx.rop.type.Prototype::compareTo (120 bytes)
Event: 7.731 Thread 0x0000000053c2b800 nmethod 1976 0x0000000001bae9d0 code [0x0000000001baeb40, 0x0000000001baf058]
Event: 7.731 Thread 0x0000000053c2b800 1969       4       com.android.dx.util.ByteArrayAnnotatedOutput::writeShort (64 bytes)
Event: 7.731 Thread 0x00000000553fc800 nmethod 1967 0x0000000001bacc90 code [0x0000000001bacea0, 0x0000000001badee0]
Event: 7.731 Thread 0x00000000553fc800 1970       4       com.android.dx.dex.file.TypeIdsSection::indexOf (66 bytes)
Event: 7.732 Thread 0x0000000053c2b800 nmethod 1969 0x0000000001ba6610 code [0x0000000001ba6760, 0x0000000001ba6898]
Event: 7.732 Thread 0x0000000053c2b800 1989       4       com.android.dx.rop.cst.CstBaseMethodRef::getPrototype (41 bytes)
Event: 7.735 Thread 0x00000000553fc800 

Event: 7.745 Thread 0x0000000055405000 nmethod 1991 0x0000000001baf510 code [0x0000000001baf820, 0x0000000001bb1338]

GC Heap History (10 events):
Event: 1.897 GC heap before
{Heap before GC invocations=1 (full 0):
 PSYoungGen      total 36864K, used 31744K [0x00000000eab00000, 0x00000000ed400000, 0x0000000100000000)
  eden space 31744K, 100% used [0x00000000eab00000,0x00000000eca00000,0x00000000eca00000)
  from space 5120K, 0% used [0x00000000ecf00000,0x00000000ecf00000,0x00000000ed400000)
  to   space 5120K, 0% used [0x00000000eca00000,0x00000000eca00000,0x00000000ecf00000)
 ParOldGen       total 84992K, used 0K [0x00000000c0000000, 0x00000000c5300000, 0x00000000eab00000)
  object space 84992K, 0% used [0x00000000c0000000,0x00000000c0000000,0x00000000c5300000)
 Metaspace       used 5719K, capacity 6832K, committed 7040K, reserved 1056768K
  class space    used 580K, capacity 616K, committed 640K, reserved 1048576K
Event: 2.513 GC heap after
Heap after GC invocations=1 (full 0):
 PSYoungGen      total 36864K, used 5107K [0x00000000eab00000, 0x00000000ef300000, 0x0000000100000000)
  eden space 31744K, 0% used [0x00000000eab00000,0x00000000eab00000,0x00000000eca00000)
  from space 5120K, 99% used [0x00000000eca00000,0x00000000ecefcc00,0x00000000ecf00000)
  to   space 5120K, 0% used [0x00000000eee00000,0x00000000eee00000,0x00000000ef300000)
 ParOldGen       total 84992K, used 2278K [0x00000000c0000000, 0x00000000c5300000, 0x00000000eab00000)
  object space 84992K, 2% used [0x00000000c0000000,0x00000000c0239ac0,0x00000000c5300000)
 Metaspace       used 5719K, capacity 6832K, committed 7040K, reserved 1056768K
  class space    used 580K, capacity 616K, committed 640K, reserved 1048576K
}
Event: 3.184 GC heap before
{Heap before GC invocations=2 (full 0):
 PSYoungGen      total 36864K, used 36851K [0x00000000eab00000, 0x00000000ef300000, 0x0000000100000000)
  eden space 31744K, 100% used [0x00000000eab00000,0x00000000eca00000,0x00000000eca00000)
  from space 5120K, 99% used [0x00000000eca00000,0x00000000ecefcc00,0x00000000ecf00000)
  to   space 5120K, 0% used [0x00000000eee00000,0x00000000eee00000,0x00000000ef300000)
 ParOldGen       total 84992K, used 2278K [0x00000000c0000000, 0x00000000c5300000, 0x00000000eab00000)
  object space 84992K, 2% used [0x00000000c0000000,0x00000000c0239ac0,0x00000000c5300000)
 Metaspace       used 5815K, capacity 6896K, committed 7040K, reserved 1056768K
  class space    used 581K, capacity 616K, committed 640K, reserved 1048576K
Event: 3.667 GC heap after
Heap after GC invocations=2 (full 0):
 PSYoungGen      total 68608K, used 5103K [0x00000000eab00000, 0x00000000ef300000, 0x0000000100000000)
  eden space 63488K, 0% used [0x00000000eab00000,0x00000000eab00000,0x00000000ee900000)
  from space 5120K, 99% used [0x00000000eee00000,0x00000000ef2fbd38,0x00000000ef300000)
  to   space 5120K, 0% used [0x00000000ee900000,0x00000000ee900000,0x00000000eee00000)
 ParOldGen       total 84992K, used 15786K [0x00000000c0000000, 0x00000000c5300000, 0x00000000eab00000)
  object space 84992K, 18% used [0x00000000c0000000,0x00000000c0f6a928,0x00000000c5300000)
 Metaspace       used 5815K, capacity 6896K, committed 7040K, reserved 1056768K
  class space    used 581K, capacity 616K, committed 640K, reserved 1048576K
}
Event: 5.058 GC heap before
{Heap before GC invocations=3 (full 0):
 PSYoungGen      total 68608K, used 68591K [0x00000000eab00000, 0x00000000ef300000, 0x0000000100000000)
  eden space 63488K, 100% used [0x00000000eab00000,0x00000000ee900000,0x00000000ee900000)
  from space 5120K, 99% used [0x00000000eee00000,0x00000000ef2fbd38,0x00000000ef300000)
  to   space 5120K, 0% used [0x00000000ee900000,0x00000000ee900000,0x00000000eee00000)
 ParOldGen       total 84992K, used 15786K [0x00000000c0000000, 0x00000000c5300000, 0x00000000eab00000)
  object space 84992K, 18% used [0x00000000c0000000,0x00000000c0f6a928,0x00000000c5300000)
 Metaspace       used 5853K, capacity 6960K, committed 7040K, reserved 1056768K
  class space    used 583K, capacity 616K, committed 640K, reserved 1048576K
Event: 5.448 GC heap after
Heap after GC invocations=3 (full 0):
 PSYoungGen      total 68608K, used 5114K [0x00000000eab00000, 0x00000000f3100000, 0x0000000100000000)
  eden space 63488K, 0% used [0x00000000eab00000,0x00000000eab00000,0x00000000ee900000)
  from space 5120K, 99% used [0x00000000ee900000,0x00000000eedfeb28,0x00000000eee00000)
  to   space 5120K, 0% used [0x00000000f2c00000,0x00000000f2c00000,0x00000000f3100000)
 ParOldGen       total 84992K, used 41847K [0x00000000c0000000, 0x00000000c5300000, 0x00000000eab00000)
  object space 84992K, 49% used [0x00000000c0000000,0x00000000c28ddce8,0x00000000c5300000)
 Metaspace       used 5853K, capacity 6960K, committed 7040K, reserved 1056768K
  class space    used 583K, capacity 616K, committed 640K, reserved 1048576K
}
Event: 5.796 GC heap before
{Heap before GC invocations=4 (full 0):
 PSYoungGen      total 68608K, used 68602K [0x00000000eab00000, 0x00000000f3100000, 0x0000000100000000)
  eden space 63488K, 100% used [0x00000000eab00000,0x00000000ee900000,0x00000000ee900000)
  from space 5120K, 99% used [0x00000000ee900000,0x00000000eedfeb28,0x00000000eee00000)
  to   space 5120K, 0% used [0x00000000f2c00000,0x00000000f2c00000,0x00000000f3100000)
 ParOldGen       total 84992K, used 41847K [0x00000000c0000000, 0x00000000c5300000, 0x00000000eab00000)
  object space 84992K, 49% used [0x00000000c0000000,0x00000000c28ddce8,0x00000000c5300000)
 Metaspace       used 5875K, capacity 6960K, committed 7040K, reserved 1056768K
  class space    used 584K, capacity 616K, committed 640K, reserved 1048576K
Event: 5.844 GC heap after
Heap after GC invocations=4 (full 0):
 PSYoungGen      total 132096K, used 5098K [0x00000000eab00000, 0x00000000f3100000, 0x0000000100000000)
  eden space 126976K, 0% used [0x00000000eab00000,0x00000000eab00000,0x00000000f2700000)
  from space 5120K, 99% used [0x00000000f2c00000,0x00000000f30faaf8,0x00000000f3100000)
  to   space 5120K, 0% used [0x00000000f2700000,0x00000000f2700000,0x00000000f2c00000)
 ParOldGen       total 84992K, used 69844K [0x00000000c0000000, 0x00000000c5300000, 0x00000000eab00000)
  object space 84992K, 82% used [0x00000000c0000000,0x00000000c4435258,0x00000000c5300000)
 Metaspace       used 5875K, capacity 6960K, committed 7040K, reserved 1056768K
  class space    used 584K, capacity 616K, committed 640K, reserved 1048576K
}
Event: 5.844 GC heap before
{Heap before GC invocations=5 (full 1):
 PSYoungGen      total 132096K, used 5098K [0x00000000eab00000, 0x00000000f3100000, 0x0000000100000000)
  eden space 126976K, 0% used [0x00000000eab00000,0x00000000eab00000,0x00000000f2700000)
  from space 5120K, 99% used [0x00000000f2c00000,0x00000000f30faaf8,0x00000000f3100000)
  to   space 5120K, 0% used [0x00000000f2700000,0x00000000f2700000,0x00000000f2c00000)
 ParOldGen       total 84992K, used 69844K [0x00000000c0000000, 0x00000000c5300000, 0x00000000eab00000)
  object space 84992K, 82% used [0x00000000c0000000,0x00000000c4435258,0x00000000c5300000)
 Metaspace       used 5875K, capacity 6960K, committed 7040K, reserved 1056768K
  class space    used 584K, capacity 616K, committed 640K, reserved 1048576K
Event: 6.148 GC heap after
Heap after GC invocations=5 (full 1):
 PSYoungGen      total 132096K, used 0K [0x00000000eab00000, 0x00000000f3100000, 0x0000000100000000)
  eden space 126976K, 0% used [0x00000000eab00000,0x00000000eab00000,0x00000000f2700000)
  from space 5120K, 0% used [0x00000000f2c00000,0x00000000f2c00000,0x00000000f3100000)
  to   space 5120K, 0% used [0x00000000f2700000,0x00000000f2700000,0x00000000f2c00000)
 ParOldGen       total 128512K, used 52287K [0x00000000c0000000, 0x00000000c7d80000, 0x00000000eab00000)
  object space 128512K, 40% used [0x00000000c0000000,0x00000000c330fd70,0x00000000c7d80000)
 Metaspace       used 5875K, capacity 6960K, committed 7040K, reserved 1056768K
  class space    used 584K, capacity 616K, committed 640K, reserved 1048576K
}

Deoptimization events (10 events):
Event: 6.840 Thread 0x0000000055507800 Uncommon trap: reason=class_check action=maybe_recompile pc=0x000000000183c200 method=java.util.HashMap.putVal(ILjava/lang/Object;Ljava/lang/Object;ZZ)Ljava/lang/Object; @ 203
Event: 6.840 Thread 0x0000000055507800 Uncommon trap: reason=class_check action=maybe_recompile pc=0x000000000183c200 method=java.util.HashMap.putVal(ILjava/lang/Object;Ljava/lang/Object;ZZ)Ljava/lang/Object; @ 203
Event: 7.426 Thread 0x0000000055507800 Uncommon trap: reason=speculate_class_check action=maybe_recompile pc=0x00000000016eeda8 method=com.android.dx.util.FixedSizeList.equals(Ljava/lang/Object;)Z @ 25
Event: 7.426 Thread 0x0000000055507800 Uncommon trap: reason=speculate_class_check action=maybe_recompile pc=0x00000000016eeda8 method=com.android.dx.util.FixedSizeList.equals(Ljava/lang/Object;)Z @ 25
Event: 7.426 Thread 0x0000000055507800 Uncommon trap: reason=speculate_class_check action=maybe_recompile pc=0x00000000016eeda8 method=com.android.dx.util.FixedSizeList.equals(Ljava/lang/Object;)Z @ 25
Event: 7.426 Thread 0x0000000055507800 Uncommon trap: reason=speculate_class_check action=maybe_recompile pc=0x00000000016eeda8 method=com.android.dx.util.FixedSizeList.equals(Ljava/lang/Object;)Z @ 25
Event: 7.589 Thread 0x0000000055507800 Uncommon trap: reason=unstable_if action=reinterpret pc=0x0000000001ab9bbc method=java.util.TreeMap.put(Ljava/lang/Object;Ljava/lang/Object;)Ljava/lang/Object; @ 163
Event: 7.637 Thread 0x0000000055507800 Uncommon trap: reason=unstable_if action=reinterpret pc=0x0000000001b4e74c method=com.android.dx.util.ByteArrayAnnotatedOutput.ensureCapacity(I)V @ 6
Event: 7.639 Thread 0x0000000055507800 Uncommon trap: reason=unstable_if action=reinterpret pc=0x00000000016fa0fc method=java.lang.Long.numberOfTrailingZeros(J)I @ 3
Event: 7.660 Thread 0x0000000055507800 Uncommon trap: reason=unstable_if action=reinterpret pc=0x0000000001b7d690 method=com.android.dx.util.ByteArrayAnnotatedOutput.writeByte(I)V @ 13

Internal exceptions (4 events):
Event: 0.432 Thread 0x0000000000cff000 Exception <a 'java/lang/NoSuchMethodError': Method sun.misc.Unsafe.defineClass(Ljava/lang/String;[BII)Ljava/lang/Class; name or signature does not match> (0x00000000eab07cc0) thrown at [C:\re\workspace\8-2-build-windows-amd64-cygwin\jdk8u101\7261\hotspot\s%f·Dé¬Û?
Event: 0.432 Thread 0x0000000000cff000 Exception <a 'java/lang/NoSuchMethodError': Method sun.misc.Unsafe.prefetchRead(Ljava/lang/Object;J)V name or signature does not match> (0x00000000eab07fa8) thrown at [C:\re\workspace\8-2-build-windows-amd64-cygwin\jdk8u101\7261\hotspot\src\share\vm\prims\%pjƒÏýû?
Event: 1.749 Thread 0x000000005554c000 Implicit null exception at 0x00000000016db512 to 0x00000000016db619
Event: 5.626 Thread 0x000000005554a800 Implicit null exception at 0x000000000180b27d to 0x000000000180d569

Events (10 events):
Event: 7.640 Thread 0x0000000055507800 DEOPT UNPACKING pc=0x000000000141582a sp=0x00000000562eedd0 mode 2
Event: 7.652 loading class com/android/dx/dex/file/MapItem
Event: 7.652 loading class com/android/dx/dex/file/MapItem done
Event: 7.654 loading class com/android/dx/dex/file/UniformListItem
Event: 7.654 loading class com/android/dx/dex/file/UniformListItem done
Event: 7.659 loading class com/android/dex/DexFormat
Event: 7.659 loading class com/android/dex/DexFormat done
Event: 7.660 Thread 0x0000000055507800 Uncommon trap: trap_request=0xffffff65 fr.pc=0x0000000001b7d690
Event: 7.660 Thread 0x0000000055507800 DEOPT PACKING pc=0x0000000001b7d690 sp=0x00000000562eefd0
Event: 7.660 Thread 0x0000000055507800 DEOPT UNPACKING pc=0x000000000141582a sp=0x00000000562eefa8 mode 2


Dynamic libraries:
0x000000013f870000 - 0x000000013f8a7000 	C:\Program Files\Java\jdk1.8.0_101\bin\java.exe
0x0000000076e10000 - 0x0000000076fba000 	C:\Windows\SYSTEM32\ntdll.dll
0x0000000076bf0000 - 0x0000000076d0f000 	C:\Windows\system32\kernel32.dll
0x000007fefce00000 - 0x000007fefce6a000 	C:\Windows\system32\KERNELBASE.dll
0x000007fefeab0000 - 0x000007fefeb8b000 	C:\Windows\system32\ADVAPI32.dll
0x000007fefd240000 - 0x000007fefd2df000 	C:\Windows\system32\msvcrt.dll
0x000007fefea00000 - 0x000007fefea1f000 	C:\Windows\SYSTEM32\sechost.dll
0x000007fefcf00000 - 0x000007fefd02d000 	C:\Windows\system32\RPCRT4.dll
0x0000000076d10000 - 0x0000000076e0a000 	C:\Windows\system32\USER32.dll
0x000007fefd980000 - 0x000007fefd9e7000 	C:\Windows\system32\GDI32.dll
0x000007fefeaa0000 - 0x000007fefeaae000 	C:\Windows\system32\LPK.dll
0x000007fefd8b0000 - 0x000007fefd97a000 	C:\Windows\system32\USP10.dll
0x000007fef9e30000 - 0x000007fefa024000 	C:\Windows\WinSxS\amd64_microsoft.windows.common-controls_6595b64144ccf1df_6.0.7601.18837_none_fa3b1e3d17594757\COMCTL32.dll
0x000007fefda40000 - 0x000007fefdab1000 	C:\Windows\system32\SHLWAPI.dll
0x000007fefd030000 - 0x000007fefd05e000 	C:\Windows\system32\IMM32.DLL
0x000007feff010000 - 0x000007feff119000 	C:\Windows\system32\MSCTF.dll
0x00000000743f0000 - 0x00000000744c2000 	C:\Program Files\Java\jdk1.8.0_101\jre\bin\msvcr100.dll
0x000000006fc60000 - 0x00000000704fa000 	C:\Program Files\Java\jdk1.8.0_101\jre\bin\server\jvm.dll
0x000007fef9100000 - 0x000007fef9109000 	C:\Windows\system32\WSOCK32.dll
0x000007fefd9f0000 - 0x000007fefda3d000 	C:\Windows\system32\WS2_32.dll
0x000007fefd5b0000 - 0x000007fefd5b8000 	C:\Windows\system32\NSI.dll
0x000007fef9800000 - 0x000007fef983b000 	C:\Windows\system32\WINMM.dll
0x000007fefba70000 - 0x000007fefba7c000 	C:\Windows\system32\VERSION.dll
0x0000000076fe0000 - 0x0000000076fe7000 	C:\Windows\system32\PSAPI.DLL
0x00000000743e0000 - 0x00000000743ef000 	C:\Program Files\Java\jdk1.8.0_101\jre\bin\verify.dll
0x00000000743b0000 - 0x00000000743d9000 	C:\Program Files\Java\jdk1.8.0_101\jre\bin\java.dll
0x0000000074390000 - 0x00000000743a6000 	C:\Program Files\Java\jdk1.8.0_101\jre\bin\zip.dll
0x000007fefdac0000 - 0x000007fefe84a000 	C:\Windows\system32\SHELL32.dll
0x000007fefd5c0000 - 0x000007fefd7c3000 	C:\Windows\system32\ole32.dll
0x000007fefcb40000 - 0x000007fefcb4f000 	C:\Windows\system32\profapi.dll

VM Arguments:
jvm_args: -Djava.awt.headless=true -Xmx1024M -Dfile.encoding=windows-1252 -Duser.country=US -Duser.language=en -Duser.variant 
java_command: com.android.dx.command.Main --dex --force-jumbo --num-threads=4 --multi-dex --output C:\Pitonew\Android-Pitonew\app\build\intermediates\transforms\dex\debug\folders\1000\5\slice_1 C:\Pitonew\Android-Pitonew\app\build\intermediates\transforms\instantRunSlicer\debug\folders\1\5\slice_1
java_class_path (initial): C:\Users\jco\AppData\Local\Android\sdk\build-tools\25.0.2\lib\dx.jar
Launcher Type: SUN_STANDARD

Environment Variables:
JAVA_HOME=C:\Program Files\Java\jre1.8.0_111
PATH=C:\ProgramData\Oracle\Java\javapath;C:\Windows\system32;C:\Windows;C:\Windows\System32\Wbem;C:\Windows\System32\WindowsPowerShell\v1.0\;C:\Windows\CCM;C:\Program Files (x86)\WebEx\Productivity Tools;C:\Program Files\Microsoft SQL Server\Client SDK\ODBC\110\Tools\Binn\;C:\Program Files (x86)\Microsoft SQL Server\120\Tools\Binn\;C:\Program Files\Microsoft SQL Server\120\Tools\Binn\;C:\Program Files\Microsoft SQL Server\120\DTS\Binn\;C:\Program Files (x86)\WebEx\PTools020000000;C:\Program Files\TortoiseHg\;C:\RailsInstaller\Git\cmd;C:\RailsInstaller\nodejs\;C:\Program Files (x86)\Heroku\bin;C:\Program Files (x86)\git\cmd;C:\Program Files (x86)\Git\cmd;C:\Program Files (x86)\Brackets\command;C:\Program Files (x86)\nodejs\;C:\Program Files (x86)\Microsoft SQL Server\120\Tools\Binn\ManagementStudio\;C:\Program Files (x86)\Microsoft SQL Server\120\DTS\Binn\;C:\RailsInstaller\Git\cmd;C:\Quality Assurance\jruby-1.7.26\bin;c:\Python27;C:\Program Files\Mercurial;C:\Users\jco\AppData\Roaming\npm;C:\Users\jco\Downloads\apache-maven-3.3.9-bin\apache-maven-3.3.9\bin;C:\Users\jco\AppData\Local\Box\Box Edit\
USERNAME=jco
OS=Windows_NT
PROCESSOR_IDENTIFIER=Intel64 Family 6 Model 61 Stepping 4, GenuineIntel



---------------  S Y S T E M  ---------------

OS: Windows 7 , 64 bit Build 7601 (6.1.7601.23572)

CPU:total 4 (2 cores per cpu, 2 threads per core) family 6 model 61 stepping 4, cmov, cx8, fxsr, mmx, sse, sse2, sse3, ssse3, sse4.1, sse4.2, popcnt, avx, avx2, aes, clmul, erms, 3dnowpref, lzcnt, ht, tsc, tscinvbit, bmi1, bmi2, adx

Memory: 4k page, physical 8077544k(1130184k free), swap 16315464k(3552k free)

vm_info: Java HotSpot(TM) 64-Bit Server VM (25.101-b13) for windows-amd64 JRE (1.8.0_101-b13), built on Jun 22 2016 01:21:29 by "java_re" with MS VC++ 10.0 (VS2010)

time: Mon Mar 27 15:22:17 2017
elapsed time: 7 seconds (0d 0h 0m 7s)

