#
# There is insufficient memory for the Java Runtime Environment to continue.
# Native memory allocation (malloc) failed to allocate 662576 bytes for Chunk::new
# Possible reasons:
#   The system is out of physical RAM or swap space
#   In 32 bit mode, the process size limit was hit
# Possible solutions:
#   Reduce memory load on the system
#   Increase physical memory or swap space
#   Check if swap backing store is full
#   Use 64 bit Java on a 64 bit OS
#   Decrease Java heap size (-Xmx/-Xms)
#   Decrease number of Java threads
#   Decrease Java thread stack sizes (-Xss)
#   Set larger code cache with -XX:ReservedCodeCacheSize=
# This output file may be truncated or incomplete.
#
#  Out of Memory Error (allocation.cpp:390), pid=17724, tid=0x0000000000004560
#
# JRE version: Java(TM) SE Runtime Environment (8.0_101-b13) (build 1.8.0_101-b13)
# Java VM: Java HotSpot(TM) 64-Bit Server VM (25.101-b13 mixed mode windows-amd64 compressed oops)
# Failed to write core dump. Minidumps are not enabled by default on client versions of Windows
#

---------------  T H R E A D  ---------------

Current thread (0x0000000053c0b800):  JavaThread "C2 CompilerThread0" daemon [_thread_in_native, id=17760, stack(0x0000000055230000,0x0000000055330000)]

Stack: [0x0000000055230000,0x0000000055330000]
[error occurred during error reporting (printing stack bounds), id 0xc0000005]

Native frames: (J=compiled Java code, j=interpreted, Vv=VM code, C=native code)


Current CompileTask:
C2:  12510 1812       4       com.android.dx.ssa.Dominators::run (506 bytes)


---------------  P R O C E S S  ---------------

Java Threads: ( => current thread )
  0x000000005569d000 JavaThread "pool-1-thread-4" [_thread_blocked, id=15904, stack(0x00000000564f0000,0x00000000565f0000)]
  0x0000000055576800 JavaThread "pool-1-thread-3" [_thread_blocked, id=10312, stack(0x00000000562f0000,0x00000000563f0000)]
  0x0000000055613800 JavaThread "pool-1-thread-2" [_thread_blocked, id=13924, stack(0x00000000561a0000,0x00000000562a0000)]
  0x000000005568f000 JavaThread "pool-2-thread-1" [_thread_blocked, id=2020, stack(0x0000000055db0000,0x0000000055eb0000)]
  0x000000005559f000 JavaThread "pool-1-thread-1" [_thread_blocked, id=11200, stack(0x0000000055f10000,0x0000000056010000)]
  0x000000005538f000 JavaThread "Service Thread" daemon [_thread_blocked, id=4536, stack(0x0000000055c20000,0x0000000055d20000)]
  0x000000005538b000 JavaThread "C1 CompilerThread2" daemon [_thread_blocked, id=15248, stack(0x0000000055a40000,0x0000000055b40000)]
  0x000000005538a000 JavaThread "C2 CompilerThread1" daemon [_thread_blocked, id=18288, stack(0x00000000558a0000,0x00000000559a0000)]
=>0x0000000053c0b800 JavaThread "C2 CompilerThread0" daemon [_thread_in_native, id=17760, stack(0x0000000055230000,0x0000000055330000)]
  0x0000000053c07000 JavaThread "Attach Listener" daemon [_thread_blocked, id=15492, stack(0x0000000054f90000,0x0000000055090000)]
  0x0000000053c03800 JavaThread "Signal Dispatcher" daemon [_thread_blocked, id=15852, stack(0x00000000550b0000,0x00000000551b0000)]
  0x0000000053be9800 JavaThread "Finalizer" daemon [_thread_blocked, id=13484, stack(0x0000000054e20000,0x0000000054f20000)]
  0x0000000053ba2800 JavaThread "Reference Handler" daemon [_thread_blocked, id=14040, stack(0x0000000054c00000,0x0000000054d00000)]
  0x0000000000d2f000 JavaThread "main" [_thread_blocked, id=14812, stack(0x0000000001080000,0x0000000001180000)]

Other Threads:
  0x0000000053b9b000 VMThread [stack: 0x0000000054a80000,0x0000000054b80000] [id=8916]
  0x00000000553a5800 WatcherThread [stack: 0x0000000055760000,0x0000000055860000] [id=1128]

VM state:not at safepoint (normal execution)

VM Mutex/Monitor currently owned by a thread: None

Heap:
 PSYoungGen      total 68608K, used 60260K [0x00000000eab00000, 0x00000000ef300000, 0x0000000100000000)
  eden space 63488K, 86% used [0x00000000eab00000,0x00000000ee0dd180,0x00000000ee900000)
  from space 5120K, 99% used [0x00000000eee00000,0x00000000ef2fc158,0x00000000ef300000)
  to   space 5120K, 0% used [0x00000000ee900000,0x00000000ee900000,0x00000000eee00000)
 ParOldGen       total 84992K, used 4556K [0x00000000c0000000, 0x00000000c5300000, 0x00000000eab00000)
  object space 84992K, 5% used [0x00000000c0000000,0x00000000c0473298,0x00000000c5300000)
 Metaspace       used 6132K, capacity 7152K, committed 7296K, reserved 1056768K
  class space    used 591K, capacity 616K, committed 640K, reserved 1048576K

Card table byte_map: [0x0000000010810000,0x0000000010a20000] byte_map_base: 0x0000000010210000

Marking Bits: (ParMarkBitMap*) 0x00000000709ea6d0
 Begin Bits: [0x0000000011010000, 0x0000000012010000)
 End Bits:   [0x0000000012010000, 0x0000000013010000)

Polling page: 0x0000000000310000

CodeCache: size=245760Kb used=8013Kb max_used=8031Kb free=237746Kb
 bounds [0x0000000001450000, 0x0000000001c40000, 0x0000000010450000]
 total_blobs=2033 nmethods=1770 adapters=176
 compilation: enabled

Compilation events (10 events):
Event: 12.261 Thread 0x000000005538b000 nmethod 1808 0x0000000001c24b10 code [0x0000000001c24cc0, 0x0000000001c252c8]
Event: 12.262 Thread 0x000000005538b000 1809       3       java.util.concurrent.AbstractExecutorService::newTaskFor (9 bytes)
Event: 12.262 Thread 0x000000005538b000 nmethod 1809 0x0000000001ba6050 code [0x0000000001ba61e0, 0x0000000001ba6568]
Event: 12.292 Thread 0x000000005538b000 1811       3       com.android.dx.dex.cf.CfTranslator::translate0 (259 bytes)
Event: 12.293 Thread 0x0000000053c0b800 1812       4       com.android.dx.ssa.Dominators::run (506 bytes)
Event: 12.296 Thread 0x000000005538b000 nmethod 1811 0x0000000001c29590 code [0x0000000001c29a20, 0x0000000001c2c858]
Event: 12.296 Thread 0x000000005538b000 1810   !   3       java.util.concurrent.FutureTask::run (126 bytes)
Event: 12.298 Thread 0x000000005538b000 nmethod 1810 0x0000000001c23d50 code [0x0000000001c23f40, 0x0000000001c247a8]
Event: 12.318 Thread 0x000000005538a000 1813       4       com.android.dx.ssa.back.SsaToRop::convertBasicBlock (126 bytes)
Event: 12.384 Thread 0x000000005538a000 nmethod 1813 0x0000000001c2e690 code [0x0000000001c2e8e0, 0x0000000001c30198]

GC Heap History (4 events):
Event: 4.026 GC heap before
{Heap before GC invocations=1 (full 0):
 PSYoungGen      total 36864K, used 31744K [0x00000000eab00000, 0x00000000ed400000, 0x0000000100000000)
  eden space 31744K, 100% used [0x00000000eab00000,0x00000000eca00000,0x00000000eca00000)
  from space 5120K, 0% used [0x00000000ecf00000,0x00000000ecf00000,0x00000000ed400000)
  to   space 5120K, 0% used [0x00000000eca00000,0x00000000eca00000,0x00000000ecf00000)
 ParOldGen       total 84992K, used 0K [0x00000000c0000000, 0x00000000c5300000, 0x00000000eab00000)
  object space 84992K, 0% used [0x00000000c0000000,0x00000000c0000000,0x00000000c5300000)
 Metaspace       used 5865K, capacity 6896K, committed 7040K, reserved 1056768K
  class space    used 589K, capacity 616K, committed 640K, reserved 1048576K
Event: 4.908 GC heap after
Heap after GC invocations=1 (full 0):
 PSYoungGen      total 36864K, used 5091K [0x00000000eab00000, 0x00000000ef300000, 0x0000000100000000)
  eden space 31744K, 0% used [0x00000000eab00000,0x00000000eab00000,0x00000000eca00000)
  from space 5120K, 99% used [0x00000000eca00000,0x00000000ecef8d40,0x00000000ecf00000)
  to   space 5120K, 0% used [0x00000000eee00000,0x00000000eee00000,0x00000000ef300000)
 ParOldGen       total 84992K, used 697K [0x00000000c0000000, 0x00000000c5300000, 0x00000000eab00000)
  object space 84992K, 0% used [0x00000000c0000000,0x00000000c00ae6d0,0x00000000c5300000)
 Metaspace       used 5865K, capacity 6896K, committed 7040K, reserved 1056768K
  class space    used 589K, capacity 616K, committed 640K, reserved 1048576K
}
Event: 6.898 GC heap before
{Heap before GC invocations=2 (full 0):
 PSYoungGen      total 36864K, used 36835K [0x00000000eab00000, 0x00000000ef300000, 0x0000000100000000)
  eden space 31744K, 100% used [0x00000000eab00000,0x00000000eca00000,0x00000000eca00000)
  from space 5120K, 99% used [0x00000000eca00000,0x00000000ecef8d40,0x00000000ecf00000)
  to   space 5120K, 0% used [0x00000000eee00000,0x00000000eee00000,0x00000000ef300000)
 ParOldGen       total 84992K, used 697K [0x00000000c0000000, 0x00000000c5300000, 0x00000000eab00000)
  object space 84992K, 0% used [0x00000000c0000000,0x00000000c00ae6d0,0x00000000c5300000)
 Metaspace       used 5986K, capacity 7024K, committed 7296K, reserved 1056768K
  class space    used 590K, capacity 616K, committed 640K, reserved 1048576K
Event: 7.923 GC heap after
Heap after GC invocations=2 (full 0):
 PSYoungGen      total 68608K, used 5104K [0x00000000eab00000, 0x00000000ef300000, 0x0000000100000000)
  eden space 63488K, 0% used [0x00000000eab00000,0x00000000eab00000,0x00000000ee900000)
  from space 5120K, 99% used [0x00000000eee00000,0x00000000ef2fc158,0x00000000ef300000)
  to   space 5120K, 0% used [0x00000000ee900000,0x00000000ee900000,0x00000000eee00000)
 ParOldGen       total 84992K, used 4556K [0x00000000c0000000, 0x00000000c5300000, 0x00000000eab00000)
  object space 84992K, 5% used [0x00000000c0000000,0x00000000c0473298,0x00000000c5300000)
 Metaspace       used 5986K, capacity 7024K, committed 7296K, reserved 1056768K
  class space    used 590K, capacity 616K, committed 640K, reserved 1048576K
}

Deoptimization events (10 events):
Event: 9.578 Thread 0x0000000055576800 Uncommon trap: reason=bimorphic action=maybe_recompile pc=0x0000000001988590 method=com.android.dx.cf.code.BytecodeArray.parseInstruction(ILcom/android/dx/cf/code/BytecodeArray$Visitor;)I @ 955
Event: 9.578 Thread 0x0000000055576800 Uncommon trap: reason=bimorphic action=maybe_recompile pc=0x0000000001988590 method=com.android.dx.cf.code.BytecodeArray.parseInstruction(ILcom/android/dx/cf/code/BytecodeArray$Visitor;)I @ 955
Event: 10.322 Thread 0x0000000055576800 Uncommon trap: reason=bimorphic action=maybe_recompile pc=0x0000000001a9c768 method=com.android.dx.ssa.SCCP.simulatePhi(Lcom/android/dx/ssa/PhiInsn;)V @ 124
Event: 11.156 Thread 0x000000005569d000 Uncommon trap: reason=bimorphic action=maybe_recompile pc=0x0000000001987cfc method=com.android.dx.cf.code.BytecodeArray.parseInstruction(ILcom/android/dx/cf/code/BytecodeArray$Visitor;)I @ 1549
Event: 11.156 Thread 0x000000005569d000 Uncommon trap: reason=uninitialized action=reinterpret pc=0x0000000001988318 method=com.android.dx.cf.code.BytecodeArray.parseInstruction(ILcom/android/dx/cf/code/BytecodeArray$Visitor;)I @ 999
Event: 11.219 Thread 0x000000005559f000 Uncommon trap: reason=unstable_if action=reinterpret pc=0x000000000191f874 method=com.android.dx.ssa.SCCP.simulateStmt(Lcom/android/dx/ssa/SsaInsn;)V @ 59
Event: 11.234 Thread 0x000000005559f000 Uncommon trap: reason=class_check action=maybe_recompile pc=0x0000000001b89bac method=com.android.dx.cf.code.Ropper.processBlock(Lcom/android/dx/cf/code/ByteBlock;Lcom/android/dx/cf/code/Frame;[I)V @ 777
Event: 11.299 Thread 0x0000000055576800 Uncommon trap: reason=class_check action=maybe_recompile pc=0x0000000001b89bac method=com.android.dx.cf.code.Ropper.processBlock(Lcom/android/dx/cf/code/ByteBlock;Lcom/android/dx/cf/code/Frame;[I)V @ 777
Event: 11.299 Thread 0x0000000055576800 Uncommon trap: reason=class_check action=maybe_recompile pc=0x0000000001b89bac method=com.android.dx.cf.code.Ropper.processBlock(Lcom/android/dx/cf/code/ByteBlock;Lcom/android/dx/cf/code/Frame;[I)V @ 777
Event: 11.886 Thread 0x0000000055613800 Uncommon trap: reason=unstable_if action=reinterpret pc=0x0000000001bc3040 method=com.android.dx.cf.code.RopperMachine.run(Lcom/android/dx/cf/code/Frame;II)V @ 1250

Internal exceptions (4 events):
Event: 0.054 Thread 0x0000000000d2f000 Exception <a 'java/lang/NoSuchMethodError': Method sun.misc.Unsafe.defineClass(Ljava/lang/String;[BII)Ljava/lang/Class; name or signature does not match> (0x00000000eab07cc0) thrown at [C:\re\workspace\8-2-build-windows-amd64-cygwin\jdk8u101\7261\hotspot\sLèæÓ«?
Event: 0.054 Thread 0x0000000000d2f000 Exception <a 'java/lang/NoSuchMethodError': Method sun.misc.Unsafe.prefetchRead(Ljava/lang/Object;J)V name or signature does not match> (0x00000000eab07fa8) thrown at [C:\re\workspace\8-2-build-windows-amd64-cygwin\jdk8u101\7261\hotspot\src\share\vm\prims\eŸžTÝ@
Event: 4.009 Thread 0x0000000055613800 Implicit null exception at 0x00000000018ea7d2 to 0x00000000018ea8ca
Event: 5.448 Thread 0x0000000055613800 Implicit null exception at 0x0000000001741fbc to 0x000000000174422d

Events (10 events):
Event: 11.299 Thread 0x0000000055576800 Uncommon trap: trap_request=0xffffffde fr.pc=0x0000000001b89bac
Event: 11.299 Thread 0x0000000055576800 DEOPT PACKING pc=0x0000000001b89bac sp=0x00000000563eeb90
Event: 11.299 Thread 0x0000000055576800 DEOPT UNPACKING pc=0x000000000149582a sp=0x00000000563eeb58 mode 2
Event: 11.886 Thread 0x0000000055613800 Uncommon trap: trap_request=0xffffff65 fr.pc=0x0000000001bc3040
Event: 11.886 Thread 0x0000000055613800 DEOPT PACKING pc=0x0000000001bc3040 sp=0x000000005629e4b0
Event: 11.886 Thread 0x0000000055613800 DEOPT UNPACKING pc=0x000000000149582a sp=0x000000005629e458 mode 2
Event: 11.931 Thread 0x0000000055613800 DEOPT PACKING pc=0x000000000184a06c sp=0x000000005629ea40
Event: 11.932 Thread 0x0000000055613800 DEOPT UNPACKING pc=0x000000000149787f sp=0x000000005629e7c0 mode 0
Event: 12.297 Thread 0x0000000055613800 DEOPT PACKING pc=0x000000000185a6c6 sp=0x000000005629e680
Event: 12.297 Thread 0x0000000055613800 DEOPT UNPACKING pc=0x000000000149787f sp=0x000000005629e4c0 mode 0


Dynamic libraries:
0x000000013f320000 - 0x000000013f357000 	C:\Program Files\Java\jdk1.8.0_101\bin\java.exe
0x0000000077a10000 - 0x0000000077bba000 	C:\Windows\SYSTEM32\ntdll.dll
0x00000000778f0000 - 0x0000000077a0f000 	C:\Windows\system32\kernel32.dll
0x000007fefd780000 - 0x000007fefd7ea000 	C:\Windows\system32\KERNELBASE.dll
0x000007fefde20000 - 0x000007fefdefb000 	C:\Windows\system32\ADVAPI32.dll
0x000007feff590000 - 0x000007feff62f000 	C:\Windows\system32\msvcrt.dll
0x000007fefe200000 - 0x000007fefe21f000 	C:\Windows\SYSTEM32\sechost.dll
0x000007feff390000 - 0x000007feff4bd000 	C:\Windows\system32\RPCRT4.dll
0x00000000777f0000 - 0x00000000778ea000 	C:\Windows\system32\USER32.dll
0x000007feff240000 - 0x000007feff2a7000 	C:\Windows\system32\GDI32.dll
0x000007fefdd40000 - 0x000007fefdd4e000 	C:\Windows\system32\LPK.dll
0x000007fefdd50000 - 0x000007fefde1a000 	C:\Windows\system32\USP10.dll
0x000007fefbb10000 - 0x000007fefbd04000 	C:\Windows\WinSxS\amd64_microsoft.windows.common-controls_6595b64144ccf1df_6.0.7601.18837_none_fa3b1e3d17594757\COMCTL32.dll
0x000007fefdb30000 - 0x000007fefdba1000 	C:\Windows\system32\SHLWAPI.dll
0x000007fefdb00000 - 0x000007fefdb2e000 	C:\Windows\system32\IMM32.DLL
0x000007feffb70000 - 0x000007feffc79000 	C:\Windows\system32\MSCTF.dll
0x0000000078e40000 - 0x0000000078f12000 	C:\Program Files\Java\jdk1.8.0_101\jre\bin\msvcr100.dll
0x00000000701d0000 - 0x0000000070a6a000 	C:\Program Files\Java\jdk1.8.0_101\jre\bin\server\jvm.dll
0x000007fef9d10000 - 0x000007fef9d19000 	C:\Windows\system32\WSOCK32.dll
0x000007feff4c0000 - 0x000007feff50d000 	C:\Windows\system32\WS2_32.dll
0x000007feff230000 - 0x000007feff238000 	C:\Windows\system32\NSI.dll
0x000007fefa2b0000 - 0x000007fefa2eb000 	C:\Windows\system32\WINMM.dll
0x000007fefc670000 - 0x000007fefc67c000 	C:\Windows\system32\VERSION.dll
0x0000000077be0000 - 0x0000000077be7000 	C:\Windows\system32\PSAPI.DLL
0x0000000069600000 - 0x000000006960f000 	C:\Program Files\Java\jdk1.8.0_101\jre\bin\verify.dll
0x00000000695d0000 - 0x00000000695f9000 	C:\Program Files\Java\jdk1.8.0_101\jre\bin\java.dll
0x0000000067770000 - 0x0000000067786000 	C:\Program Files\Java\jdk1.8.0_101\jre\bin\zip.dll
0x000007fefe2c0000 - 0x000007feff04a000 	C:\Windows\system32\SHELL32.dll
0x000007feff900000 - 0x000007feffb03000 	C:\Windows\system32\ole32.dll
0x000007fefd740000 - 0x000007fefd74f000 	C:\Windows\system32\profapi.dll

VM Arguments:
jvm_args: -Djava.awt.headless=true -Xmx1024M -Dfile.encoding=windows-1252 -Duser.country=US -Duser.language=en -Duser.variant 
java_command: com.android.dx.command.Main --dex --num-threads=4 --output C:\Pitonew\Android-Pitonew\app\build\intermediates\pre-dexed\debug\com.android.support-design-24.2.1_ffa71c38aff5cc104019487eec5e6c10b57d6f6f.jar C:\Pitonew\Android-Pitonew\app\build\intermediates\exploded-aar\com.android.support\design\24.2.1\jars\classes.jar
java_class_path (initial): C:\Users\jco\AppData\Local\Android\sdk\build-tools\24.0.2\lib\dx.jar
Launcher Type: SUN_STANDARD

Environment Variables:
JAVA_HOME=C:\Program Files\Java\jre1.8.0_111
PATH=C:\ProgramData\Oracle\Java\javapath;C:\Windows\system32;C:\Windows;C:\Windows\System32\Wbem;C:\Windows\System32\WindowsPowerShell\v1.0\;C:\Windows\CCM;C:\Program Files (x86)\WebEx\Productivity Tools;C:\Program Files\Microsoft SQL Server\Client SDK\ODBC\110\Tools\Binn\;C:\Program Files (x86)\Microsoft SQL Server\120\Tools\Binn\;C:\Program Files\Microsoft SQL Server\120\Tools\Binn\;C:\Program Files\Microsoft SQL Server\120\DTS\Binn\;C:\Program Files (x86)\WebEx\PTools020000000;C:\Program Files\TortoiseHg\;C:\RailsInstaller\Git\cmd;C:\RailsInstaller\nodejs\;C:\Program Files (x86)\Heroku\bin;C:\Program Files (x86)\git\cmd;C:\Program Files (x86)\Git\cmd;C:\Program Files (x86)\Brackets\command;C:\Program Files (x86)\nodejs\;C:\Program Files (x86)\Microsoft SQL Server\120\Tools\Binn\ManagementStudio\;C:\Program Files (x86)\Microsoft SQL Server\120\DTS\Binn\;C:\RailsInstaller\Git\cmd;C:\Quality Assurance\jruby-1.7.26\bin;c:\Python27;C:\Program Files\Mercurial;C:\Users\jco\AppData\Roaming\npm;C:\Users\jco\Downloads\apache-maven-3.3.9-bin\apache-maven-3.3.9\bin;C:\Users\jco\AppData\Local\Box\Box Edit\
USERNAME=jco
OS=Windows_NT
PROCESSOR_IDENTIFIER=Intel64 Family 6 Model 61 Stepping 4, GenuineIntel



---------------  S Y S T E M  ---------------

OS: Windows 7 , 64 bit Build 7601 (6.1.7601.23572)

CPU:total 4 (2 cores per cpu, 2 threads per core) family 6 model 61 stepping 4, cmov, cx8, fxsr, mmx, sse, sse2, sse3, ssse3, sse4.1, sse4.2, popcnt, avx, avx2, aes, clmul, erms, 3dnowpref, lzcnt, ht, tsc, tscinvbit, bmi1, bmi2, adx

Memory: 4k page, physical 8077544k(364740k free), swap 17729344k(4892k free)

vm_info: Java HotSpot(TM) 64-Bit Server VM (25.101-b13) for windows-amd64 JRE (1.8.0_101-b13), built on Jun 22 2016 01:21:29 by "java_re" with MS VC++ 10.0 (VS2010)

time: Fri Mar 03 17:19:00 2017
elapsed time: 12 seconds (0d 0h 0m 12s)

