#
# There is insufficient memory for the Java Runtime Environment to continue.
# Native memory allocation (malloc) failed to allocate 37456 bytes for Chunk::new
# Possible reasons:
#   The system is out of physical RAM or swap space
#   In 32 bit mode, the process size limit was hit
# Possible solutions:
#   Reduce memory load on the system
#   Increase physical memory or swap space
#   Check if swap backing store is full
#   Use 64 bit Java on a 64 bit OS
#   Decrease Java heap size (-Xmx/-Xms)
#   Decrease number of Java threads
#   Decrease Java thread stack sizes (-Xss)
#   Set larger code cache with -XX:ReservedCodeCacheSize=
# This output file may be truncated or incomplete.
#
#  Out of Memory Error (allocation.cpp:390), pid=22260, tid=0x0000000000005704
#
# JRE version: Java(TM) SE Runtime Environment (8.0_101-b13) (build 1.8.0_101-b13)
# Java VM: Java HotSpot(TM) 64-Bit Server VM (25.101-b13 mixed mode windows-amd64 compressed oops)
# Failed to write core dump. Minidumps are not enabled by default on client versions of Windows
#

---------------  T H R E A D  ---------------

Current thread (0x00000000552ac800):  JavaThread "C2 CompilerThread1" daemon [_thread_in_native, id=22276, stack(0x0000000055050000,0x0000000055150000)]

Stack: [0x0000000055050000,0x0000000055150000]
[error occurred during error reporting (printing stack bounds), id 0xc0000005]

Native frames: (J=compiled Java code, j=interpreted, Vv=VM code, C=native code)


Current CompileTask:
C2:   1315   99       4       java.lang.String::startsWith (72 bytes)


---------------  P R O C E S S  ---------------

Java Threads: ( => current thread )
  0x00000000552b1000 JavaThread "Service Thread" daemon [_thread_blocked, id=1792, stack(0x0000000055b60000,0x0000000055c60000)]
  0x00000000552ad800 JavaThread "C1 CompilerThread2" daemon [_thread_blocked, id=19028, stack(0x0000000055cc0000,0x0000000055dc0000)]
=>0x00000000552ac800 JavaThread "C2 CompilerThread1" daemon [_thread_in_native, id=22276, stack(0x0000000055050000,0x0000000055150000)]
  0x0000000055256000 JavaThread "C2 CompilerThread0" daemon [_thread_blocked, id=2452, stack(0x0000000055650000,0x0000000055750000)]
  0x0000000055252800 JavaThread "Attach Listener" daemon [_thread_blocked, id=15520, stack(0x00000000559e0000,0x0000000055ae0000)]
  0x0000000053fa7000 JavaThread "Signal Dispatcher" daemon [_thread_blocked, id=16812, stack(0x0000000055810000,0x0000000055910000)]
  0x0000000053f8f000 JavaThread "Finalizer" daemon [_thread_blocked, id=21400, stack(0x0000000055150000,0x0000000055250000)]
  0x0000000053f48000 JavaThread "Reference Handler" daemon [_thread_blocked, id=19740, stack(0x0000000054f30000,0x0000000055030000)]
  0x0000000000e8f000 JavaThread "main" [_thread_in_native, id=15772, stack(0x0000000000f80000,0x0000000001080000)]

Other Threads:
  0x0000000053f40800 VMThread [stack: 0x0000000054dc0000,0x0000000054ec0000] [id=17192]
  0x00000000552b9000 WatcherThread [stack: 0x0000000055e40000,0x0000000055f40000] [id=14744]

VM state:not at safepoint (normal execution)

VM Mutex/Monitor currently owned by a thread: None

Heap:
 PSYoungGen      total 36864K, used 3177K [0x00000000eab00000, 0x00000000ed400000, 0x0000000100000000)
  eden space 31744K, 10% used [0x00000000eab00000,0x00000000eae1a658,0x00000000eca00000)
  from space 5120K, 0% used [0x00000000ecf00000,0x00000000ecf00000,0x00000000ed400000)
  to   space 5120K, 0% used [0x00000000eca00000,0x00000000eca00000,0x00000000ecf00000)
 ParOldGen       total 84992K, used 0K [0x00000000c0000000, 0x00000000c5300000, 0x00000000eab00000)
  object space 84992K, 0% used [0x00000000c0000000,0x00000000c0000000,0x00000000c5300000)
 Metaspace       used 3574K, capacity 4944K, committed 5120K, reserved 1056768K
  class space    used 406K, capacity 456K, committed 512K, reserved 1048576K

Card table byte_map: [0x0000000010790000,0x00000000109a0000] byte_map_base: 0x0000000010190000

Marking Bits: (ParMarkBitMap*) 0x0000000070a7a6d0
 Begin Bits: [0x0000000011200000, 0x0000000012200000)
 End Bits:   [0x0000000012200000, 0x0000000013200000)

Polling page: 0x0000000000210000

CodeCache: size=245760Kb used=1256Kb max_used=1256Kb free=244503Kb
 bounds [0x00000000013d0000, 0x0000000001640000, 0x00000000103d0000]
 total_blobs=350 nmethods=106 adapters=157
 compilation: enabled

Compilation events (10 events):
Event: 1.286 Thread 0x0000000055256000   97       4       java.lang.String::hashCode (55 bytes)
Event: 1.289 Thread 0x00000000552ad800   98   !   3       com.android.dx.rop.cst.StdConstantPool::getOrNull (13 bytes)
Event: 1.289 Thread 0x0000000055256000 nmethod 97 0x00000000015099d0 code [0x0000000001509b00, 0x0000000001509c58]
Event: 1.289 Thread 0x00000000552ad800 nmethod 98 0x0000000001508950 code [0x0000000001508b40, 0x0000000001509428]
Event: 1.289 Thread 0x00000000552ad800   96       3       java.util.BitSet::checkInvariants (111 bytes)
Event: 1.289 Thread 0x00000000552ad800 nmethod 96 0x0000000001508610 code [0x0000000001508760, 0x00000000015088f0]
Event: 1.290 Thread 0x00000000552ac800   99       4       java.lang.String::startsWith (72 bytes)
Event: 1.293 Thread 0x00000000552ad800  100       3       java.util.Arrays::copyOf (19 bytes)
Event: 1.294 Thread 0x00000000552ad800 nmethod 100 0x0000000001508050 code [0x00000000015081c0, 0x00000000015084e8]
Event: 1.294 Thread 0x00000000552ad800  101       3       java.lang.String::indexOf (25 bytes)

GC Heap History (0 events):
No events

Deoptimization events (0 events):
No events

Internal exceptions (2 events):
Event: 0.251 Thread 0x0000000000e8f000 Exception <a 'java/lang/NoSuchMethodError': Method sun.misc.Unsafe.defineClass(Ljava/lang/String;[BII)Ljava/lang/Class; name or signature does not match> (0x00000000eab07cc0) thrown at [C:\re\workspace\8-2-build-windows-amd64-cygwin\jdk8u101\7261\hotspot\sA‹óÐ?
Event: 0.251 Thread 0x0000000000e8f000 Exception <a 'java/lang/NoSuchMethodError': Method sun.misc.Unsafe.prefetchRead(Ljava/lang/Object;J)V name or signature does not match> (0x00000000eab07fa8) thrown at [C:\re\workspace\8-2-build-windows-amd64-cygwin\jdk8u101\7261\hotspot\src\share\vm\prims\

Events (10 events):
Event: 1.291 loading class com/android/dx/cf/iface/Member
Event: 1.291 loading class com/android/dx/cf/iface/Member done
Event: 1.292 loading class com/android/dx/cf/iface/StdFieldList
Event: 1.292 loading class com/android/dx/cf/iface/StdFieldList done
Event: 1.292 loading class com/android/dx/cf/direct/AttributeListParser
Event: 1.292 loading class com/android/dx/cf/direct/AttributeListParser done
Event: 1.293 loading class com/android/dx/cf/iface/StdAttributeList
Event: 1.293 loading class com/android/dx/cf/iface/StdAttributeList done
Event: 1.294 loading class com/android/dx/cf/iface/StdField
Event: 1.294 loading class com/android/dx/cf/iface/StdField done


Dynamic libraries:
0x000000013f980000 - 0x000000013f9b7000 	C:\Program Files\Java\jdk1.8.0_101\bin\java.exe
0x0000000077130000 - 0x00000000772da000 	C:\Windows\SYSTEM32\ntdll.dll
0x0000000076f10000 - 0x000000007702f000 	C:\Windows\system32\kernel32.dll
0x000007fefcfa0000 - 0x000007fefd00a000 	C:\Windows\system32\KERNELBASE.dll
0x000007fefeeb0000 - 0x000007fefef8b000 	C:\Windows\system32\ADVAPI32.dll
0x000007feff320000 - 0x000007feff3bf000 	C:\Windows\system32\msvcrt.dll
0x000007fefe380000 - 0x000007fefe39f000 	C:\Windows\SYSTEM32\sechost.dll
0x000007fefeaa0000 - 0x000007fefebcd000 	C:\Windows\system32\RPCRT4.dll
0x0000000077030000 - 0x000000007712a000 	C:\Windows\system32\USER32.dll
0x000007fefef90000 - 0x000007fefeff7000 	C:\Windows\system32\GDI32.dll
0x000007fefd5e0000 - 0x000007fefd5ee000 	C:\Windows\system32\LPK.dll
0x000007fefd510000 - 0x000007fefd5da000 	C:\Windows\system32\USP10.dll
0x000007fefa130000 - 0x000007fefa324000 	C:\Windows\WinSxS\amd64_microsoft.windows.common-controls_6595b64144ccf1df_6.0.7601.18837_none_fa3b1e3d17594757\COMCTL32.dll
0x000007feff3c0000 - 0x000007feff431000 	C:\Windows\system32\SHLWAPI.dll
0x000007fefe9c0000 - 0x000007fefe9ee000 	C:\Windows\system32\IMM32.DLL
0x000007fefd220000 - 0x000007fefd329000 	C:\Windows\system32\MSCTF.dll
0x00000000790b0000 - 0x0000000079182000 	C:\Program Files\Java\jdk1.8.0_101\jre\bin\msvcr100.dll
0x0000000070260000 - 0x0000000070afa000 	C:\Program Files\Java\jdk1.8.0_101\jre\bin\server\jvm.dll
0x000007fef9650000 - 0x000007fef9659000 	C:\Windows\system32\WSOCK32.dll
0x000007fefd330000 - 0x000007fefd37d000 	C:\Windows\system32\WS2_32.dll
0x000007fefea90000 - 0x000007fefea98000 	C:\Windows\system32\NSI.dll
0x000007fef9bc0000 - 0x000007fef9bfb000 	C:\Windows\system32\WINMM.dll
0x000007fefbd90000 - 0x000007fefbd9c000 	C:\Windows\system32\VERSION.dll
0x0000000077300000 - 0x0000000077307000 	C:\Windows\system32\PSAPI.DLL
0x0000000068e40000 - 0x0000000068e4f000 	C:\Program Files\Java\jdk1.8.0_101\jre\bin\verify.dll
0x0000000053d80000 - 0x0000000053da9000 	C:\Program Files\Java\jdk1.8.0_101\jre\bin\java.dll
0x0000000066e30000 - 0x0000000066e46000 	C:\Program Files\Java\jdk1.8.0_101\jre\bin\zip.dll
0x000007fefd5f0000 - 0x000007fefe37a000 	C:\Windows\system32\SHELL32.dll
0x000007fefe7b0000 - 0x000007fefe9b3000 	C:\Windows\system32\ole32.dll
0x000007fefce70000 - 0x000007fefce7f000 	C:\Windows\system32\profapi.dll

VM Arguments:
jvm_args: -Djava.awt.headless=true -Xmx1024M -Dfile.encoding=windows-1252 -Duser.country=US -Duser.language=en -Duser.variant 
java_command: com.android.dx.command.Main --dex --force-jumbo --num-threads=4 --multi-dex --output C:\Pitonew\Android-Pitonew\app\build\intermediates\transforms\dex\debug\folders\1000\5\slice_7 C:\Pitonew\Android-Pitonew\app\build\intermediates\transforms\instantRunSlicer\debug\folders\1\5\slice_7
java_class_path (initial): C:\Users\jco\AppData\Local\Android\sdk\build-tools\25.0.2\lib\dx.jar
Launcher Type: SUN_STANDARD

Environment Variables:
JAVA_HOME=C:\Program Files\Java\jre1.8.0_111
PATH=C:\ProgramData\Oracle\Java\javapath;C:\Windows\system32;C:\Windows;C:\Windows\System32\Wbem;C:\Windows\System32\WindowsPowerShell\v1.0\;C:\Windows\CCM;C:\Program Files (x86)\WebEx\Productivity Tools;C:\Program Files\Microsoft SQL Server\Client SDK\ODBC\110\Tools\Binn\;C:\Program Files (x86)\Microsoft SQL Server\120\Tools\Binn\;C:\Program Files\Microsoft SQL Server\120\Tools\Binn\;C:\Program Files\Microsoft SQL Server\120\DTS\Binn\;C:\Program Files (x86)\WebEx\PTools020000000;C:\Program Files\TortoiseHg\;C:\RailsInstaller\Git\cmd;C:\RailsInstaller\nodejs\;C:\Program Files (x86)\Heroku\bin;C:\Program Files (x86)\git\cmd;C:\Program Files (x86)\Git\cmd;C:\Program Files (x86)\Brackets\command;C:\Program Files (x86)\nodejs\;C:\Program Files (x86)\Microsoft SQL Server\120\Tools\Binn\ManagementStudio\;C:\Program Files (x86)\Microsoft SQL Server\120\DTS\Binn\;C:\RailsInstaller\Git\cmd;C:\Quality Assurance\jruby-1.7.26\bin;c:\Python27;C:\Program Files\Mercurial;C:\Users\jco\AppData\Roaming\npm;C:\Users\jco\Downloads\apache-maven-3.3.9-bin\apache-maven-3.3.9\bin;C:\Users\jco\AppData\Local\Box\Box Edit\
USERNAME=jco
OS=Windows_NT
PROCESSOR_IDENTIFIER=Intel64 Family 6 Model 61 Stepping 4, GenuineIntel



---------------  S Y S T E M  ---------------

OS: Windows 7 , 64 bit Build 7601 (6.1.7601.23572)

CPU:total 4 (2 cores per cpu, 2 threads per core) family 6 model 61 stepping 4, cmov, cx8, fxsr, mmx, sse, sse2, sse3, ssse3, sse4.1, sse4.2, popcnt, avx, avx2, aes, clmul, erms, 3dnowpref, lzcnt, ht, tsc, tscinvbit, bmi1, bmi2, adx

Memory: 4k page, physical 8077544k(598236k free), swap 18271036k(9072k free)

vm_info: Java HotSpot(TM) 64-Bit Server VM (25.101-b13) for windows-amd64 JRE (1.8.0_101-b13), built on Jun 22 2016 01:21:29 by "java_re" with MS VC++ 10.0 (VS2010)

time: Wed Mar 22 10:55:34 2017
elapsed time: 1 seconds (0d 0h 0m 1s)

