#
# There is insufficient memory for the Java Runtime Environment to continue.
# Native memory allocation (malloc) failed to allocate 32744 bytes for ChunkPool::allocate
# Possible reasons:
#   The system is out of physical RAM or swap space
#   In 32 bit mode, the process size limit was hit
# Possible solutions:
#   Reduce memory load on the system
#   Increase physical memory or swap space
#   Check if swap backing store is full
#   Use 64 bit Java on a 64 bit OS
#   Decrease Java heap size (-Xmx/-Xms)
#   Decrease number of Java threads
#   Decrease Java thread stack sizes (-Xss)
#   Set larger code cache with -XX:ReservedCodeCacheSize=
# This output file may be truncated or incomplete.
#
#  Out of Memory Error (allocation.cpp:273), pid=16720, tid=0x0000000000000ccc
#
# JRE version: Java(TM) SE Runtime Environment (8.0_101-b13) (build 1.8.0_101-b13)
# Java VM: Java HotSpot(TM) 64-Bit Server VM (25.101-b13 mixed mode windows-amd64 compressed oops)
# Failed to write core dump. Minidumps are not enabled by default on client versions of Windows
#

---------------  T H R E A D  ---------------

Current thread (0x00000000551d0800):  JavaThread "C1 CompilerThread2" daemon [_thread_in_native, id=3276, stack(0x0000000055d00000,0x0000000055e00000)]

Stack: [0x0000000055d00000,0x0000000055e00000]
[error occurred during error reporting (printing stack bounds), id 0xc0000005]

Native frames: (J=compiled Java code, j=interpreted, Vv=VM code, C=native code)


Current CompileTask:
C1:    412  174   !   3      
[error occurred during error reporting (printing current compile task), id 0xe0000001]


---------------  P R O C E S S  ---------------

Java Threads: ( => current thread )
  0x0000000055333000 JavaThread "pool-1-thread-4" [_thread_new, id=9444, stack(0x0000000000000000,0x0000000000000000)]
  0x000000005532d800 JavaThread "pool-1-thread-3" [_thread_new, id=14780, stack(0x0000000000000000,0x0000000000000000)]
  0x000000005532d000 JavaThread "pool-1-thread-2" [_thread_new, id=16276, stack(0x0000000000000000,0x0000000000000000)]
  0x000000005532c000 JavaThread "pool-2-thread-1" [_thread_new, id=15028, stack(0x0000000054e50000,0x0000000054f50000)]
  0x000000005532b800 JavaThread "pool-1-thread-1" [_thread_new, id=14960, stack(0x0000000000000000,0x0000000000000000)]
  0x0000000055216800 JavaThread "Service Thread" daemon [_thread_blocked, id=16284, stack(0x0000000055bf0000,0x0000000055cf0000)]
=>0x00000000551d0800 JavaThread "C1 CompilerThread2" daemon [_thread_in_native, id=3276, stack(0x0000000055d00000,0x0000000055e00000)]
  0x000000005518b000 JavaThread "C2 CompilerThread1" daemon [_thread_blocked, id=12612, stack(0x0000000055a60000,0x0000000055b60000)]
  0x0000000055185000 JavaThread "C2 CompilerThread0" daemon [_thread_in_vm, id=11180, stack(0x00000000555c0000,0x00000000556c0000)]
  0x0000000055180800 JavaThread "Attach Listener" daemon [_thread_blocked, id=16176, stack(0x00000000558c0000,0x00000000559c0000)]
  0x0000000053e22000 JavaThread "Signal Dispatcher" daemon [_thread_blocked, id=11456, stack(0x0000000055700000,0x0000000055800000)]
  0x0000000053e09000 JavaThread "Finalizer" daemon [_thread_blocked, id=13232, stack(0x0000000055080000,0x0000000055180000)]
  0x0000000053dc2000 JavaThread "Reference Handler" daemon [_thread_blocked, id=15752, stack(0x0000000054f80000,0x0000000055080000)]
  0x0000000000e1f000 JavaThread "main" [_thread_in_Java, id=16972, stack(0x0000000001000000,0x0000000001100000)]

Other Threads:
  0x0000000053dba800 VMThread [stack: 0x0000000054d50000,0x0000000054e50000] [id=16516]
  0x000000005521d800 WatcherThread [stack: 0x0000000055fb0000,0x00000000560b0000] [id=9072]

VM state:not at safepoint (normal execution)

VM Mutex/Monitor currently owned by a thread: None

Heap:
 PSYoungGen      total 36864K, used 3814K [0x00000000eab00000, 0x00000000ed400000, 0x0000000100000000)
  eden space 31744K, 12% used [0x00000000eab00000,0x00000000eaeb98c8,0x00000000eca00000)
  from space 5120K, 0% used [0x00000000ecf00000,0x00000000ecf00000,0x00000000ed400000)
  to   space 5120K, 0% used [0x00000000eca00000,0x00000000eca00000,0x00000000ecf00000)
 ParOldGen       total 84992K, used 0K [0x00000000c0000000, 0x00000000c5300000, 0x00000000eab00000)
  object space 84992K, 0% used [0x00000000c0000000,0x00000000c0000000,0x00000000c5300000)
 Metaspace       used 3899K, capacity 5104K, committed 5376K, reserved 1056768K
  class space    used 441K, capacity 488K, committed 512K, reserved 1048576K

Card table byte_map: [0x0000000010790000,0x00000000109a0000] byte_map_base: 0x0000000010190000

Marking Bits: (ParMarkBitMap*) 0x000000007096a6d0
 Begin Bits: [0x0000000011230000, 0x0000000012230000)
 End Bits:   [0x0000000012230000, 0x0000000013230000)

Polling page: 0x0000000000110000

CodeCache: size=245760Kb used=1403Kb max_used=1414Kb free=244356Kb
 bounds [0x00000000013d0000, 0x0000000001640000, 0x00000000103d0000]
 total_blobs=432 nmethods=175 adapters=170
 compilation: enabled

Compilation events (10 events):
Event: 0.407 Thread 0x00000000551d0800 nmethod 170 0x000000000152d590 code [0x000000000152d6e0, 0x000000000152d7f0]
Event: 0.407 Thread 0x00000000551d0800  167   !   3       java.util.zip.ZipFile$ZipFileInputStream::close (110 bytes)
Event: 0.408 Thread 0x00000000551d0800 nmethod 167 0x000000000152d850 code [0x000000000152da00, 0x000000000152e1f8]
Event: 0.408 Thread 0x00000000551d0800  173       3       com.android.dx.rop.cst.Constant::<init> (5 bytes)
Event: 0.408 Thread 0x00000000551d0800 nmethod 173 0x000000000152e590 code [0x000000000152e6e0, 0x000000000152e890]
Event: 0.408 Thread 0x00000000551d0800  174   !   3       com.android.dx.cf.cst.ConstantPoolParser::parse0 (731 bytes)
Event: 0.410 Thread 0x000000005518b000  179       4       com.android.dx.util.ByteArray::getUnsignedByte0 (16 bytes)
Event: 0.410 Thread 0x0000000055185000  180       4       com.android.dx.util.ByteArray::checkOffsets (66 bytes)
Event: 0.410 Thread 0x000000005518b000 nmethod 179 0x00000000015315d0 code [0x0000000001531700, 0x0000000001531798]
Event: 0.411 Thread 0x0000000055185000 nmethod 180 0x000000000152fe10 code [0x000000000152ff40, 0x000000000152fff8]

GC Heap History (0 events):
No events

Deoptimization events (0 events):
No events

Internal exceptions (2 events):
Event: 0.079 Thread 0x0000000000e1f000 Exception <a 'java/lang/NoSuchMethodError': Method sun.misc.Unsafe.defineClass(Ljava/lang/String;[BII)Ljava/lang/Class; name or signature does not match> (0x00000000eab07cc0) thrown at [C:\re\workspace\8-2-build-windows-amd64-cygwin\jdk8u101\7261\hotspot\s›€e:
Event: 0.079 Thread 0x0000000000e1f000 Exception <a 'java/lang/NoSuchMethodError': Method sun.misc.Unsafe.prefetchRead(Ljava/lang/Object;J)V name or signature does not match> (0x00000000eab07fa8) thrown at [C:\re\workspace\8-2-build-windows-amd64-cygwin\jdk8u101\7261\hotspot\src\share\vm\prims\

Events (10 events):
Event: 0.390 loading class java/util/concurrent/ThreadPoolExecutor$Worker done
Event: 0.393 Thread 0x000000005532b800 Thread added: 0x000000005532b800
Event: 0.393 loading class com/android/dx/command/dexer/Main$ClassDefItemConsumer
Event: 0.393 loading class com/android/dx/command/dexer/Main$ClassDefItemConsumer done
Event: 0.396 Thread 0x000000005532c000 Thread added: 0x000000005532c000
Event: 0.403 Thread 0x000000005532d000 Thread added: 0x000000005532d000
Event: 0.404 Thread 0x000000005532d800 Thread added: 0x000000005532d800
Event: 0.405 Thread 0x0000000055333000 Thread added: 0x0000000055333000
Event: 0.406 loading class com/android/dx/cf/direct/DirectClassFile$DcfTypeList
Event: 0.406 loading class com/android/dx/cf/direct/DirectClassFile$DcfTypeList done


Dynamic libraries:
0x000000013fff0000 - 0x0000000140027000 	C:\Program Files\Java\jdk1.8.0_101\bin\java.exe
0x0000000077a10000 - 0x0000000077bba000 	C:\Windows\SYSTEM32\ntdll.dll
0x00000000778f0000 - 0x0000000077a0f000 	C:\Windows\system32\kernel32.dll
0x000007fefd780000 - 0x000007fefd7ea000 	C:\Windows\system32\KERNELBASE.dll
0x000007fefde20000 - 0x000007fefdefb000 	C:\Windows\system32\ADVAPI32.dll
0x000007feff590000 - 0x000007feff62f000 	C:\Windows\system32\msvcrt.dll
0x000007fefe200000 - 0x000007fefe21f000 	C:\Windows\SYSTEM32\sechost.dll
0x000007feff390000 - 0x000007feff4bd000 	C:\Windows\system32\RPCRT4.dll
0x00000000777f0000 - 0x00000000778ea000 	C:\Windows\system32\USER32.dll
0x000007feff240000 - 0x000007feff2a7000 	C:\Windows\system32\GDI32.dll
0x000007fefdd40000 - 0x000007fefdd4e000 	C:\Windows\system32\LPK.dll
0x000007fefdd50000 - 0x000007fefde1a000 	C:\Windows\system32\USP10.dll
0x000007fefbb10000 - 0x000007fefbd04000 	C:\Windows\WinSxS\amd64_microsoft.windows.common-controls_6595b64144ccf1df_6.0.7601.18837_none_fa3b1e3d17594757\COMCTL32.dll
0x000007fefdb30000 - 0x000007fefdba1000 	C:\Windows\system32\SHLWAPI.dll
0x000007fefdb00000 - 0x000007fefdb2e000 	C:\Windows\system32\IMM32.DLL
0x000007feffb70000 - 0x000007feffc79000 	C:\Windows\system32\MSCTF.dll
0x0000000078d90000 - 0x0000000078e62000 	C:\Program Files\Java\jdk1.8.0_101\jre\bin\msvcr100.dll
0x0000000070150000 - 0x00000000709ea000 	C:\Program Files\Java\jdk1.8.0_101\jre\bin\server\jvm.dll
0x000007fef9d10000 - 0x000007fef9d19000 	C:\Windows\system32\WSOCK32.dll
0x000007feff4c0000 - 0x000007feff50d000 	C:\Windows\system32\WS2_32.dll
0x000007feff230000 - 0x000007feff238000 	C:\Windows\system32\NSI.dll
0x000007fefa2b0000 - 0x000007fefa2eb000 	C:\Windows\system32\WINMM.dll
0x000007fefc670000 - 0x000007fefc67c000 	C:\Windows\system32\VERSION.dll
0x0000000077be0000 - 0x0000000077be7000 	C:\Windows\system32\PSAPI.DLL
0x00000000696b0000 - 0x00000000696bf000 	C:\Program Files\Java\jdk1.8.0_101\jre\bin\verify.dll
0x0000000069680000 - 0x00000000696a9000 	C:\Program Files\Java\jdk1.8.0_101\jre\bin\java.dll
0x0000000069660000 - 0x0000000069676000 	C:\Program Files\Java\jdk1.8.0_101\jre\bin\zip.dll
0x000007fefe2c0000 - 0x000007feff04a000 	C:\Windows\system32\SHELL32.dll
0x000007feff900000 - 0x000007feffb03000 	C:\Windows\system32\ole32.dll
0x000007fefd740000 - 0x000007fefd74f000 	C:\Windows\system32\profapi.dll

VM Arguments:
jvm_args: -Djava.awt.headless=true -Xmx1024M -Dfile.encoding=windows-1252 -Duser.country=US -Duser.language=en -Duser.variant 
java_command: com.android.dx.command.Main --dex --num-threads=4 --output C:\Pitonew\Android-Pitonew\app\build\intermediates\pre-dexed\debug\com.yalantis-sidemenu-1.0_1c6f9a364c86f3359b05ee227af51bd0df101060.jar C:\Pitonew\Android-Pitonew\app\build\intermediates\exploded-aar\com.yalantis\sidemenu\1.0\jars\classes.jar
java_class_path (initial): C:\Users\jco\AppData\Local\Android\sdk\build-tools\24.0.2\lib\dx.jar
Launcher Type: SUN_STANDARD

Environment Variables:
JAVA_HOME=C:\Program Files\Java\jre1.8.0_111
PATH=C:\ProgramData\Oracle\Java\javapath;C:\Windows\system32;C:\Windows;C:\Windows\System32\Wbem;C:\Windows\System32\WindowsPowerShell\v1.0\;C:\Windows\CCM;C:\Program Files (x86)\WebEx\Productivity Tools;C:\Program Files\Microsoft SQL Server\Client SDK\ODBC\110\Tools\Binn\;C:\Program Files (x86)\Microsoft SQL Server\120\Tools\Binn\;C:\Program Files\Microsoft SQL Server\120\Tools\Binn\;C:\Program Files\Microsoft SQL Server\120\DTS\Binn\;C:\Program Files (x86)\WebEx\PTools020000000;C:\Program Files\TortoiseHg\;C:\RailsInstaller\Git\cmd;C:\RailsInstaller\nodejs\;C:\Program Files (x86)\Heroku\bin;C:\Program Files (x86)\git\cmd;C:\Program Files (x86)\Git\cmd;C:\Program Files (x86)\Brackets\command;C:\Program Files (x86)\nodejs\;C:\Program Files (x86)\Microsoft SQL Server\120\Tools\Binn\ManagementStudio\;C:\Program Files (x86)\Microsoft SQL Server\120\DTS\Binn\;C:\RailsInstaller\Git\cmd;C:\Quality Assurance\jruby-1.7.26\bin;c:\Python27;C:\Program Files\Mercurial;C:\Users\jco\AppData\Roaming\npm;C:\Users\jco\Downloads\apache-maven-3.3.9-bin\apache-maven-3.3.9\bin;C:\Users\jco\AppData\Local\Box\Box Edit\
USERNAME=jco
OS=Windows_NT
PROCESSOR_IDENTIFIER=Intel64 Family 6 Model 61 Stepping 4, GenuineIntel



---------------  S Y S T E M  ---------------

OS: Windows 7 , 64 bit Build 7601 (6.1.7601.23572)

CPU:total 4 (2 cores per cpu, 2 threads per core) family 6 model 61 stepping 4, cmov, cx8, fxsr, mmx, sse, sse2, sse3, ssse3, sse4.1, sse4.2, popcnt, avx, avx2, aes, clmul, erms, 3dnowpref, lzcnt, ht, tsc, tscinvbit, bmi1, bmi2, adx

Memory: 4k page, physical 8077544k(756648k free), swap 17729344k(5240k free)

vm_info: Java HotSpot(TM) 64-Bit Server VM (25.101-b13) for windows-amd64 JRE (1.8.0_101-b13), built on Jun 22 2016 01:21:29 by "java_re" with MS VC++ 10.0 (VS2010)

time: Fri Mar 03 14:53:48 2017
elapsed time: 0 seconds (0d 0h 0m 0s)

