#
# There is insufficient memory for the Java Runtime Environment to continue.
# Native memory allocation (malloc) failed to allocate 32744 bytes for ChunkPool::allocate
# Possible reasons:
#   The system is out of physical RAM or swap space
#   In 32 bit mode, the process size limit was hit
# Possible solutions:
#   Reduce memory load on the system
#   Increase physical memory or swap space
#   Check if swap backing store is full
#   Use 64 bit Java on a 64 bit OS
#   Decrease Java heap size (-Xmx/-Xms)
#   Decrease number of Java threads
#   Decrease Java thread stack sizes (-Xss)
#   Set larger code cache with -XX:ReservedCodeCacheSize=
# This output file may be truncated or incomplete.
#
#  Out of Memory Error (allocation.cpp:273), pid=4484, tid=0x00000000000039c8
#
# JRE version: Java(TM) SE Runtime Environment (8.0_101-b13) (build 1.8.0_101-b13)
# Java VM: Java HotSpot(TM) 64-Bit Server VM (25.101-b13 mixed mode windows-amd64 compressed oops)
# Failed to write core dump. Minidumps are not enabled by default on client versions of Windows
#

---------------  T H R E A D  ---------------

Current thread (0x0000000053e49800):  JavaThread "C2 CompilerThread0" daemon [_thread_in_native, id=14792, stack(0x0000000055870000,0x0000000055970000)]

Stack: [0x0000000055870000,0x0000000055970000]
[error occurred during error reporting (printing stack bounds), id 0xc0000005]

Native frames: (J=compiled Java code, j=interpreted, Vv=VM code, C=native code)


Current CompileTask:
C2:  11758 1747 %     4      
[error occurred during error reporting (printing current compile task), id 0xe0000001]


---------------  P R O C E S S  ---------------

Java Threads: ( => current thread )
  0x0000000056078000 JavaThread "pool-2-thread-4" [_thread_blocked, id=14824, stack(0x0000000056970000,0x0000000056a70000)]
  0x0000000055f28800 JavaThread "pool-2-thread-3" [_thread_blocked, id=12296, stack(0x00000000567e0000,0x00000000568e0000)]
  0x0000000055ec6000 JavaThread "pool-2-thread-2" [_thread_blocked, id=8196, stack(0x0000000056600000,0x0000000056700000)]
  0x0000000055eb0000 JavaThread "pool-3-thread-1" [_thread_blocked, id=13080, stack(0x00000000564d0000,0x00000000565d0000)]
  0x0000000055eaf000 JavaThread "pool-2-thread-1" [_thread_blocked, id=1856, stack(0x0000000055760000,0x0000000055860000)]
  0x0000000055dcd000 JavaThread "Service Thread" daemon [_thread_blocked, id=17716, stack(0x0000000054fd0000,0x00000000550d0000)]
  0x0000000055dc9800 JavaThread "C1 CompilerThread2" daemon [_thread_in_native, id=2536, stack(0x0000000055b00000,0x0000000055c00000)]
  0x0000000055dc8800 JavaThread "C2 CompilerThread1" daemon [_thread_in_native, id=14884, stack(0x00000000559b0000,0x0000000055ab0000)]
=>0x0000000053e49800 JavaThread "C2 CompilerThread0" daemon [_thread_in_native, id=14792, stack(0x0000000055870000,0x0000000055970000)]
  0x0000000053e45000 JavaThread "Attach Listener" daemon [_thread_blocked, id=7876, stack(0x0000000055650000,0x0000000055750000)]
  0x0000000053e42000 JavaThread "Signal Dispatcher" daemon [_thread_blocked, id=7292, stack(0x0000000055480000,0x0000000055580000)]
  0x0000000053e29800 JavaThread "Finalizer" daemon [_thread_blocked, id=10788, stack(0x0000000055320000,0x0000000055420000)]
  0x0000000053de2800 JavaThread "Reference Handler" daemon [_thread_blocked, id=10408, stack(0x0000000055140000,0x0000000055240000)]
  0x0000000000d4f000 JavaThread "main" [_thread_in_native, id=16332, stack(0x0000000001390000,0x0000000001490000)]

Other Threads:
  0x0000000053ddb000 VMThread [stack: 0x0000000054eb0000,0x0000000054fb0000] [id=13564]
  0x0000000055ddb800 WatcherThread [stack: 0x00000000562b0000,0x00000000563b0000] [id=15648]

VM state:not at safepoint (normal execution)

VM Mutex/Monitor currently owned by a thread: None

Heap:
 PSYoungGen      total 132096K, used 44280K [0x00000000eab00000, 0x00000000f3100000, 0x0000000100000000)
  eden space 126976K, 34% used [0x00000000eab00000,0x00000000ed63e2a0,0x00000000f2700000)
  from space 5120K, 0% used [0x00000000f2c00000,0x00000000f2c00000,0x00000000f3100000)
  to   space 5120K, 0% used [0x00000000f2700000,0x00000000f2700000,0x00000000f2c00000)
 ParOldGen       total 101888K, used 23480K [0x00000000c0000000, 0x00000000c6380000, 0x00000000eab00000)
  object space 101888K, 23% used [0x00000000c0000000,0x00000000c16ee098,0x00000000c6380000)
 Metaspace       used 5873K, capacity 6960K, committed 7040K, reserved 1056768K
  class space    used 584K, capacity 616K, committed 640K, reserved 1048576K

Card table byte_map: [0x0000000010b20000,0x0000000010d30000] byte_map_base: 0x0000000010520000

Marking Bits: (ParMarkBitMap*) 0x0000000070a4a6d0
 Begin Bits: [0x0000000011250000, 0x0000000012250000)
 End Bits:   [0x0000000012250000, 0x0000000013250000)

Polling page: 0x0000000000430000

CodeCache: size=245760Kb used=7613Kb max_used=7624Kb free=238146Kb
 bounds [0x0000000001760000, 0x0000000001ee0000, 0x0000000010760000]
 total_blobs=1878 nmethods=1616 adapters=175
 compilation: enabled

Compilation events (10 events):
Event: 11.738 Thread 0x0000000055dc9800 nmethod 1742 0x0000000001eca950 code [0x0000000001ecaac0, 0x0000000001ecad08]
Event: 11.739 Thread 0x0000000053e49800 nmethod 1743 0x0000000001e3f090 code [0x0000000001e3f1c0, 0x0000000001e3f238]
Event: 11.739 Thread 0x0000000055dc8800 nmethod 1740 0x0000000001eca4d0 code [0x0000000001eca620, 0x0000000001eca778]
Event: 11.741 Thread 0x0000000055dc9800 1744   !   3       com.android.dx.cf.code.BytecodeArray::parseInstruction (2764 bytes)
Event: 11.746 Thread 0x0000000053e49800 1747 %     4       com.android.dx.ssa.DeadCodeRemover::pruneDeadInstructions @ 26 (246 bytes)
Event: 11.746 Thread 0x0000000055dc8800 1748       4       com.android.dx.ssa.back.FirstFitLocalCombiningAllocator$Alignment$3::nextClearBit (6 bytes)
Event: 11.748 Thread 0x0000000055dc8800 nmethod 1748 0x0000000001ed6550 code [0x0000000001ed66a0, 0x0000000001ed67b8]
Event: 11.748 Thread 0x0000000055dc8800 1750 %     4       com.android.dx.rop.code.InsnList::forEach @ 7 (28 bytes)
Event: 11.751 Thread 0x0000000055dc8800 nmethod 1750% 0x0000000001ec9f50 code [0x0000000001eca0a0, 0x0000000001eca2b8]
Event: 11.751 Thread 0x0000000055dc8800 1751       4       com.android.dx.rop.code.BasicBlockList::forEachInsn (39 bytes)

GC Heap History (10 events):
Event: 4.663 GC heap before
{Heap before GC invocations=1 (full 0):
 PSYoungGen      total 36864K, used 31744K [0x00000000eab00000, 0x00000000ed400000, 0x0000000100000000)
  eden space 31744K, 100% used [0x00000000eab00000,0x00000000eca00000,0x00000000eca00000)
  from space 5120K, 0% used [0x00000000ecf00000,0x00000000ecf00000,0x00000000ed400000)
  to   space 5120K, 0% used [0x00000000eca00000,0x00000000eca00000,0x00000000ecf00000)
 ParOldGen       total 84992K, used 0K [0x00000000c0000000, 0x00000000c5300000, 0x00000000eab00000)
  object space 84992K, 0% used [0x00000000c0000000,0x00000000c0000000,0x00000000c5300000)
 Metaspace       used 5722K, capacity 6832K, committed 7040K, reserved 1056768K
  class space    used 579K, capacity 616K, committed 640K, reserved 1048576K
Event: 4.941 GC heap after
Heap after GC invocations=1 (full 0):
 PSYoungGen      total 36864K, used 5117K [0x00000000eab00000, 0x00000000ef300000, 0x0000000100000000)
  eden space 31744K, 0% used [0x00000000eab00000,0x00000000eab00000,0x00000000eca00000)
  from space 5120K, 99% used [0x00000000eca00000,0x00000000eceff5e0,0x00000000ecf00000)
  to   space 5120K, 0% used [0x00000000eee00000,0x00000000eee00000,0x00000000ef300000)
 ParOldGen       total 84992K, used 2790K [0x00000000c0000000, 0x00000000c5300000, 0x00000000eab00000)
  object space 84992K, 3% used [0x00000000c0000000,0x00000000c02b9a68,0x00000000c5300000)
 Metaspace       used 5722K, capacity 6832K, committed 7040K, reserved 1056768K
  class space    used 579K, capacity 616K, committed 640K, reserved 1048576K
}
Event: 5.504 GC heap before
{Heap before GC invocations=2 (full 0):
 PSYoungGen      total 36864K, used 36861K [0x00000000eab00000, 0x00000000ef300000, 0x0000000100000000)
  eden space 31744K, 100% used [0x00000000eab00000,0x00000000eca00000,0x00000000eca00000)
  from space 5120K, 99% used [0x00000000eca00000,0x00000000eceff5e0,0x00000000ecf00000)
  to   space 5120K, 0% used [0x00000000eee00000,0x00000000eee00000,0x00000000ef300000)
 ParOldGen       total 84992K, used 2790K [0x00000000c0000000, 0x00000000c5300000, 0x00000000eab00000)
  object space 84992K, 3% used [0x00000000c0000000,0x00000000c02b9a68,0x00000000c5300000)
 Metaspace       used 5758K, capacity 6896K, committed 7040K, reserved 1056768K
  class space    used 582K, capacity 616K, committed 640K, reserved 1048576K
Event: 5.614 GC heap after
Heap after GC invocations=2 (full 0):
 PSYoungGen      total 68608K, used 5088K [0x00000000eab00000, 0x00000000ef300000, 0x0000000100000000)
  eden space 63488K, 0% used [0x00000000eab00000,0x00000000eab00000,0x00000000ee900000)
  from space 5120K, 99% used [0x00000000eee00000,0x00000000ef2f8300,0x00000000ef300000)
  to   space 5120K, 0% used [0x00000000ee900000,0x00000000ee900000,0x00000000eee00000)
 ParOldGen       total 84992K, used 15933K [0x00000000c0000000, 0x00000000c5300000, 0x00000000eab00000)
  object space 84992K, 18% used [0x00000000c0000000,0x00000000c0f8f6d8,0x00000000c5300000)
 Metaspace       used 5758K, capacity 6896K, committed 7040K, reserved 1056768K
  class space    used 582K, capacity 616K, committed 640K, reserved 1048576K
}
Event: 6.390 GC heap before
{Heap before GC invocations=3 (full 0):
 PSYoungGen      total 68608K, used 68576K [0x00000000eab00000, 0x00000000ef300000, 0x0000000100000000)
  eden space 63488K, 100% used [0x00000000eab00000,0x00000000ee900000,0x00000000ee900000)
  from space 5120K, 99% used [0x00000000eee00000,0x00000000ef2f8300,0x00000000ef300000)
  to   space 5120K, 0% used [0x00000000ee900000,0x00000000ee900000,0x00000000eee00000)
 ParOldGen       total 84992K, used 15933K [0x00000000c0000000, 0x00000000c5300000, 0x00000000eab00000)
  object space 84992K, 18% used [0x00000000c0000000,0x00000000c0f8f6d8,0x00000000c5300000)
 Metaspace       used 5766K, capacity 6896K, committed 7040K, reserved 1056768K
  class space    used 583K, capacity 616K, committed 640K, reserved 1048576K
Event: 6.596 GC heap after
Heap after GC invocations=3 (full 0):
 PSYoungGen      total 68608K, used 5088K [0x00000000eab00000, 0x00000000f3100000, 0x0000000100000000)
  eden space 63488K, 0% used [0x00000000eab00000,0x00000000eab00000,0x00000000ee900000)
  from space 5120K, 99% used [0x00000000ee900000,0x00000000eedf8298,0x00000000eee00000)
  to   space 5120K, 0% used [0x00000000f2c00000,0x00000000f2c00000,0x00000000f3100000)
 ParOldGen       total 84992K, used 44190K [0x00000000c0000000, 0x00000000c5300000, 0x00000000eab00000)
  object space 84992K, 51% used [0x00000000c0000000,0x00000000c2b27860,0x00000000c5300000)
 Metaspace       used 5766K, capacity 6896K, committed 7040K, reserved 1056768K
  class space    used 583K, capacity 616K, committed 640K, reserved 1048576K
}
Event: 8.053 GC heap before
{Heap before GC invocations=4 (full 0):
 PSYoungGen      total 68608K, used 68576K [0x00000000eab00000, 0x00000000f3100000, 0x0000000100000000)
  eden space 63488K, 100% used [0x00000000eab00000,0x00000000ee900000,0x00000000ee900000)
  from space 5120K, 99% used [0x00000000ee900000,0x00000000eedf8298,0x00000000eee00000)
  to   space 5120K, 0% used [0x00000000f2c00000,0x00000000f2c00000,0x00000000f3100000)
 ParOldGen       total 84992K, used 44190K [0x00000000c0000000, 0x00000000c5300000, 0x00000000eab00000)
  object space 84992K, 51% used [0x00000000c0000000,0x00000000c2b27860,0x00000000c5300000)
 Metaspace       used 5864K, capacity 6960K, committed 7040K, reserved 1056768K
  class space    used 584K, capacity 616K, committed 640K, reserved 1048576K
Event: 8.182 GC heap after
Heap after GC invocations=4 (full 0):
 PSYoungGen      total 132096K, used 5106K [0x00000000eab00000, 0x00000000f3100000, 0x0000000100000000)
  eden space 126976K, 0% used [0x00000000eab00000,0x00000000eab00000,0x00000000f2700000)
  from space 5120K, 99% used [0x00000000f2c00000,0x00000000f30fc818,0x00000000f3100000)
  to   space 5120K, 0% used [0x00000000f2700000,0x00000000f2700000,0x00000000f2c00000)
 ParOldGen       total 84992K, used 68680K [0x00000000c0000000, 0x00000000c5300000, 0x00000000eab00000)
  object space 84992K, 80% used [0x00000000c0000000,0x00000000c4312018,0x00000000c5300000)
 Metaspace       used 5864K, capacity 6960K, committed 7040K, reserved 1056768K
  class space    used 584K, capacity 616K, committed 640K, reserved 1048576K
}
Event: 8.182 GC heap before
{Heap before GC invocations=5 (full 1):
 PSYoungGen      total 132096K, used 5106K [0x00000000eab00000, 0x00000000f3100000, 0x0000000100000000)
  eden space 126976K, 0% used [0x00000000eab00000,0x00000000eab00000,0x00000000f2700000)
  from space 5120K, 99% used [0x00000000f2c00000,0x00000000f30fc818,0x00000000f3100000)
  to   space 5120K, 0% used [0x00000000f2700000,0x00000000f2700000,0x00000000f2c00000)
 ParOldGen       total 84992K, used 68680K [0x00000000c0000000, 0x00000000c5300000, 0x00000000eab00000)
  object space 84992K, 80% used [0x00000000c0000000,0x00000000c4312018,0x00000000c5300000)
 Metaspace       used 5864K, capacity 6960K, committed 7040K, reserved 1056768K
  class space    used 584K, capacity 616K, committed 640K, reserved 1048576K
Event: 8.651 GC heap after
Heap after GC invocations=5 (full 1):
 PSYoungGen      total 132096K, used 0K [0x00000000eab00000, 0x00000000f3100000, 0x0000000100000000)
  eden space 126976K, 0% used [0x00000000eab00000,0x00000000eab00000,0x00000000f2700000)
  from space 5120K, 0% used [0x00000000f2c00000,0x00000000f2c00000,0x00000000f3100000)
  to   space 5120K, 0% used [0x00000000f2700000,0x00000000f2700000,0x00000000f2c00000)
 ParOldGen       total 101888K, used 23480K [0x00000000c0000000, 0x00000000c6380000, 0x00000000eab00000)
  object space 101888K, 23% used [0x00000000c0000000,0x00000000c16ee098,0x00000000c6380000)
 Metaspace       used 5864K, capacity 6960K, committed 7040K, reserved 1056768K
  class space    used 584K, capacity 616K, committed 640K, reserved 1048576K
}

Deoptimization events (10 events):
Event: 6.796 Thread 0x0000000055ec6000 Uncommon trap: reason=class_check action=maybe_recompile pc=0x0000000001ccfdb4 method=com.android.dx.cf.code.RopperMachine.run(Lcom/android/dx/cf/code/Frame;II)V @ 988
Event: 6.801 Thread 0x0000000055ec6000 Uncommon trap: reason=unstable_if action=reinterpret pc=0x0000000001ce45e4 method=com.android.dx.cf.code.Ropper.processBlock(Lcom/android/dx/cf/code/ByteBlock;Lcom/android/dx/cf/code/Frame;[I)V @ 940
Event: 6.808 Thread 0x0000000055ec6000 Uncommon trap: reason=unstable_if action=reinterpret pc=0x0000000001d1589c method=com.android.dx.rop.code.Insn.equalsHandleNulls(Ljava/lang/Object;Ljava/lang/Object;)Z @ 14
Event: 6.934 Thread 0x0000000055ec6000 Uncommon trap: reason=unstable_if action=reinterpret pc=0x0000000001b4646c method=com.android.dx.ssa.SsaRenamer$BlockRenamer.addMapping(ILcom/android/dx/rop/code/RegisterSpec;)V @ 120
Event: 6.935 Thread 0x0000000055ec6000 Uncommon trap: reason=bimorphic action=maybe_recompile pc=0x0000000001d5e034 method=com.android.dx.ssa.SCCP.simulatePhi(Lcom/android/dx/ssa/PhiInsn;)V @ 124
Event: 6.935 Thread 0x0000000055ec6000 Uncommon trap: reason=bimorphic action=maybe_recompile pc=0x0000000001d5e034 method=com.android.dx.ssa.SCCP.simulatePhi(Lcom/android/dx/ssa/PhiInsn;)V @ 124
Event: 6.935 Thread 0x0000000055ec6000 Uncommon trap: reason=bimorphic action=maybe_recompile pc=0x0000000001d5e034 method=com.android.dx.ssa.SCCP.simulatePhi(Lcom/android/dx/ssa/PhiInsn;)V @ 124
Event: 6.935 Thread 0x0000000055ec6000 Uncommon trap: reason=bimorphic action=maybe_recompile pc=0x0000000001d5e034 method=com.android.dx.ssa.SCCP.simulatePhi(Lcom/android/dx/ssa/PhiInsn;)V @ 124
Event: 6.941 Thread 0x0000000055ec6000 Uncommon trap: reason=null_check action=make_not_entrant pc=0x0000000001cbf76c method=com.android.dx.ssa.SsaRenamer.getLocalForNewReg(I)Lcom/android/dx/rop/code/LocalItem; @ 19
Event: 11.738 Thread 0x0000000055ec6000 Uncommon trap: reason=unstable_if action=reinterpret pc=0x0000000001c76c14 method=com.android.dx.cf.code.BytecodeArray.parseInstruction(ILcom/android/dx/cf/code/BytecodeArray$Visitor;)I @ 1261

Internal exceptions (4 events):
Event: 0.096 Thread 0x0000000000d4f000 Exception <a 'java/lang/NoSuchMethodError': Method sun.misc.Unsafe.defineClass(Ljava/lang/String;[BII)Ljava/lang/Class; name or signature does not match> (0x00000000eab07cc0) thrown at [C:\re\workspace\8-2-build-windows-amd64-cygwin\jdk8u101\7261\hotspot\s¤ºç÷Æ…¸?
Event: 0.096 Thread 0x0000000000d4f000 Exception <a 'java/lang/NoSuchMethodError': Method sun.misc.Unsafe.prefetchRead(Ljava/lang/Object;J)V name or signature does not match> (0x00000000eab07fa8) thrown at [C:\re\workspace\8-2-build-windows-amd64-cygwin\jdk8u101\7261\hotspot\src\share\vm\prims\‰à#œh¾@
Event: 5.436 Thread 0x0000000056078000 Implicit null exception at 0x0000000001a15652 to 0x0000000001a15759
Event: 6.941 Thread 0x0000000055ec6000 Implicit null exception at 0x0000000001cbec11 to 0x0000000001cbf749

Events (10 events):
Event: 9.022 Thread 0x0000000055f28800 DEOPT UNPACKING pc=0x00000000017a787f sp=0x00000000568de198 mode 0
Event: 9.022 Thread 0x0000000055f28800 DEOPT PACKING pc=0x0000000001b17878 sp=0x00000000568de460
Event: 9.022 Thread 0x0000000055f28800 DEOPT UNPACKING pc=0x00000000017a787f sp=0x00000000568de198 mode 0
Event: 9.033 Thread 0x0000000055f28800 DEOPT PACKING pc=0x0000000001bb6df7 sp=0x00000000568de670
Event: 9.033 Thread 0x0000000055f28800 DEOPT UNPACKING pc=0x00000000017a787f sp=0x00000000568de498 mode 0
Event: 9.043 Thread 0x0000000055f28800 DEOPT PACKING pc=0x0000000001cde3b1 sp=0x00000000568de770
Event: 9.043 Thread 0x0000000055f28800 DEOPT UNPACKING pc=0x00000000017a787f sp=0x00000000568de4d8 mode 0
Event: 11.738 Thread 0x0000000055ec6000 Uncommon trap: trap_request=0xffffff65 fr.pc=0x0000000001c76c14
Event: 11.738 Thread 0x0000000055ec6000 DEOPT PACKING pc=0x0000000001c76c14 sp=0x00000000566fe5c0
Event: 11.738 Thread 0x0000000055ec6000 DEOPT UNPACKING pc=0x00000000017a582a sp=0x00000000566fe560 mode 2


Dynamic libraries:
0x000000013fe20000 - 0x000000013fe57000 	C:\Program Files\Java\jdk1.8.0_101\bin\java.exe
0x0000000077b40000 - 0x0000000077cea000 	C:\Windows\SYSTEM32\ntdll.dll
0x0000000077a20000 - 0x0000000077b3f000 	C:\Windows\system32\kernel32.dll
0x000007fefdbc0000 - 0x000007fefdc2a000 	C:\Windows\system32\KERNELBASE.dll
0x000007fefe0d0000 - 0x000007fefe1ab000 	C:\Windows\system32\ADVAPI32.dll
0x000007fefe390000 - 0x000007fefe42f000 	C:\Windows\system32\msvcrt.dll
0x000007fefe0b0000 - 0x000007fefe0cf000 	C:\Windows\SYSTEM32\sechost.dll
0x000007feffcd0000 - 0x000007feffdfd000 	C:\Windows\system32\RPCRT4.dll
0x0000000077920000 - 0x0000000077a1a000 	C:\Windows\system32\USER32.dll
0x000007feffc60000 - 0x000007feffcc7000 	C:\Windows\system32\GDI32.dll
0x000007feff9a0000 - 0x000007feff9ae000 	C:\Windows\system32\LPK.dll
0x000007fefe1b0000 - 0x000007fefe27a000 	C:\Windows\system32\USP10.dll
0x000007fefad30000 - 0x000007fefaf24000 	C:\Windows\WinSxS\amd64_microsoft.windows.common-controls_6595b64144ccf1df_6.0.7601.18837_none_fa3b1e3d17594757\COMCTL32.dll
0x000007fefdcd0000 - 0x000007fefdd41000 	C:\Windows\system32\SHLWAPI.dll
0x000007feffc30000 - 0x000007feffc5e000 	C:\Windows\system32\IMM32.DLL
0x000007fefe280000 - 0x000007fefe389000 	C:\Windows\system32\MSCTF.dll
0x0000000055c90000 - 0x0000000055d62000 	C:\Program Files\Java\jdk1.8.0_101\jre\bin\msvcr100.dll
0x0000000070230000 - 0x0000000070aca000 	C:\Program Files\Java\jdk1.8.0_101\jre\bin\server\jvm.dll
0x000007fef9db0000 - 0x000007fef9db9000 	C:\Windows\system32\WSOCK32.dll
0x000007feffe00000 - 0x000007feffe4d000 	C:\Windows\system32\WS2_32.dll
0x000007feff990000 - 0x000007feff998000 	C:\Windows\system32\NSI.dll
0x000007fefa620000 - 0x000007fefa65b000 	C:\Windows\system32\WINMM.dll
0x000007fefc7a0000 - 0x000007fefc7ac000 	C:\Windows\system32\VERSION.dll
0x0000000077d10000 - 0x0000000077d17000 	C:\Windows\system32\PSAPI.DLL
0x000000006a0b0000 - 0x000000006a0bf000 	C:\Program Files\Java\jdk1.8.0_101\jre\bin\verify.dll
0x0000000066f80000 - 0x0000000066fa9000 	C:\Program Files\Java\jdk1.8.0_101\jre\bin\java.dll
0x0000000069d50000 - 0x0000000069d66000 	C:\Program Files\Java\jdk1.8.0_101\jre\bin\zip.dll
0x000007fefec00000 - 0x000007feff98a000 	C:\Windows\system32\SHELL32.dll
0x000007fefe9f0000 - 0x000007fefebf3000 	C:\Windows\system32\ole32.dll
0x000007fefd880000 - 0x000007fefd88f000 	C:\Windows\system32\profapi.dll

VM Arguments:
jvm_args: -Djava.awt.headless=true -Xmx1024M -Dfile.encoding=windows-1252 -Duser.country=US -Duser.language=en -Duser.variant 
java_command: com.android.dx.command.Main --dex --force-jumbo --num-threads=4 --multi-dex --output C:\Pitonew\Android-Pitonew\app\build\intermediates\transforms\dex\debug\folders\1000\5\slice_1 C:\Pitonew\Android-Pitonew\app\build\intermediates\transforms\instantRunSlicer\debug\folders\1\5\slice_1
java_class_path (initial): C:\Users\jco\AppData\Local\Android\sdk\build-tools\25.0.2\lib\dx.jar
Launcher Type: SUN_STANDARD

Environment Variables:
JAVA_HOME=C:\Program Files\Java\jre1.8.0_111
PATH=C:\ProgramData\Oracle\Java\javapath;C:\Windows\system32;C:\Windows;C:\Windows\System32\Wbem;C:\Windows\System32\WindowsPowerShell\v1.0\;C:\Windows\CCM;C:\Program Files (x86)\WebEx\Productivity Tools;C:\Program Files\Microsoft SQL Server\Client SDK\ODBC\110\Tools\Binn\;C:\Program Files (x86)\Microsoft SQL Server\120\Tools\Binn\;C:\Program Files\Microsoft SQL Server\120\Tools\Binn\;C:\Program Files\Microsoft SQL Server\120\DTS\Binn\;C:\Program Files (x86)\WebEx\PTools020000000;C:\Program Files\TortoiseHg\;C:\RailsInstaller\Git\cmd;C:\RailsInstaller\nodejs\;C:\Program Files (x86)\Heroku\bin;C:\Program Files (x86)\git\cmd;C:\Program Files (x86)\Git\cmd;C:\Program Files (x86)\Brackets\command;C:\Program Files (x86)\nodejs\;C:\Program Files (x86)\Microsoft SQL Server\120\Tools\Binn\ManagementStudio\;C:\Program Files (x86)\Microsoft SQL Server\120\DTS\Binn\;C:\RailsInstaller\Git\cmd;C:\Quality Assurance\jruby-1.7.26\bin;c:\Python27;C:\Program Files\Mercurial;C:\Users\jco\AppData\Roaming\npm;C:\Users\jco\Downloads\apache-maven-3.3.9-bin\apache-maven-3.3.9\bin;C:\Users\jco\AppData\Local\Box\Box Edit\
USERNAME=jco
OS=Windows_NT
PROCESSOR_IDENTIFIER=Intel64 Family 6 Model 61 Stepping 4, GenuineIntel



---------------  S Y S T E M  ---------------

OS: Windows 7 , 64 bit Build 7601 (6.1.7601.23572)

CPU:total 4 (2 cores per cpu, 2 threads per core) family 6 model 61 stepping 4, cmov, cx8, fxsr, mmx, sse, sse2, sse3, ssse3, sse4.1, sse4.2, popcnt, avx, avx2, aes, clmul, erms, 3dnowpref, lzcnt, ht, tsc, tscinvbit, bmi1, bmi2, adx

Memory: 4k page, physical 8077544k(168244k free), swap 16506708k(4096k free)

vm_info: Java HotSpot(TM) 64-Bit Server VM (25.101-b13) for windows-amd64 JRE (1.8.0_101-b13), built on Jun 22 2016 01:21:29 by "java_re" with MS VC++ 10.0 (VS2010)

time: Wed Apr 05 16:37:11 2017
elapsed time: 11 seconds (0d 0h 0m 11s)

