#
# There is insufficient memory for the Java Runtime Environment to continue.
# Native memory allocation (malloc) failed to allocate 32744 bytes for ChunkPool::allocate
# Possible reasons:
#   The system is out of physical RAM or swap space
#   In 32 bit mode, the process size limit was hit
# Possible solutions:
#   Reduce memory load on the system
#   Increase physical memory or swap space
#   Check if swap backing store is full
#   Use 64 bit Java on a 64 bit OS
#   Decrease Java heap size (-Xmx/-Xms)
#   Decrease number of Java threads
#   Decrease Java thread stack sizes (-Xss)
#   Set larger code cache with -XX:ReservedCodeCacheSize=
# This output file may be truncated or incomplete.
#
#  Out of Memory Error (allocation.cpp:273), pid=11520, tid=0x0000000000000980
#
# JRE version: Java(TM) SE Runtime Environment (8.0_101-b13) (build 1.8.0_101-b13)
# Java VM: Java HotSpot(TM) 64-Bit Server VM (25.101-b13 mixed mode windows-amd64 compressed oops)
# Failed to write core dump. Minidumps are not enabled by default on client versions of Windows
#

---------------  T H R E A D  ---------------

Current thread (0x0000000053e1d800):  JavaThread "C2 CompilerThread1" daemon [_thread_in_native, id=2432, stack(0x0000000055070000,0x0000000055170000)]

Stack: [0x0000000055070000,0x0000000055170000]
[error occurred during error reporting (printing stack bounds), id 0xc0000005]

Native frames: (J=compiled Java code, j=interpreted, Vv=VM code, C=native code)


Current CompileTask:
C2:   3605  522       4       com.android.dx.util.IntList::growIfNeeded (46 bytes)


---------------  P R O C E S S  ---------------

Java Threads: ( => current thread )
  0x0000000055bae000 JavaThread "pool-2-thread-3" [_thread_blocked, id=9788, stack(0x0000000055270000,0x0000000055370000)]
  0x0000000055ba1000 JavaThread "pool-2-thread-2" [_thread_blocked, id=6356, stack(0x00000000561c0000,0x00000000562c0000)]
  0x00000000559e9000 JavaThread "pool-3-thread-1" [_thread_blocked, id=10892, stack(0x0000000055f20000,0x0000000056020000)]
  0x00000000559e8800 JavaThread "pool-2-thread-1" [_thread_blocked, id=620, stack(0x0000000056060000,0x0000000056160000)]
  0x00000000558aa000 JavaThread "Service Thread" daemon [_thread_blocked, id=4332, stack(0x00000000554b0000,0x00000000555b0000)]
  0x0000000053e1e800 JavaThread "C1 CompilerThread2" daemon [_thread_in_native, id=15884, stack(0x00000000557a0000,0x00000000558a0000)]
=>0x0000000053e1d800 JavaThread "C2 CompilerThread1" daemon [_thread_in_native, id=2432, stack(0x0000000055070000,0x0000000055170000)]
  0x0000000053e1b800 JavaThread "C2 CompilerThread0" daemon [_thread_in_native, id=4336, stack(0x00000000555d0000,0x00000000556d0000)]
  0x0000000053e17000 JavaThread "Attach Listener" daemon [_thread_blocked, id=7984, stack(0x0000000055370000,0x0000000055470000)]
  0x0000000053e14000 JavaThread "Signal Dispatcher" daemon [_thread_blocked, id=1072, stack(0x0000000055170000,0x0000000055270000)]
  0x0000000053df9800 JavaThread "Finalizer" daemon [_thread_blocked, id=6584, stack(0x0000000054f50000,0x0000000055050000)]
  0x0000000053db2800 JavaThread "Reference Handler" daemon [_thread_blocked, id=12404, stack(0x0000000054d80000,0x0000000054e80000)]
  0x0000000000dff000 JavaThread "main" [_thread_in_native, id=6504, stack(0x0000000000e30000,0x0000000000f30000)]

Other Threads:
  0x0000000053dab000 VMThread [stack: 0x0000000054c80000,0x0000000054d80000] [id=3060]
  0x000000005593d000 WatcherThread [stack: 0x0000000055da0000,0x0000000055ea0000] [id=16108]

VM state:not at safepoint (normal execution)

VM Mutex/Monitor currently owned by a thread: None

Heap:
 PSYoungGen      total 36864K, used 11056K [0x00000000eab00000, 0x00000000ed400000, 0x0000000100000000)
  eden space 31744K, 34% used [0x00000000eab00000,0x00000000eb5cc090,0x00000000eca00000)
  from space 5120K, 0% used [0x00000000ecf00000,0x00000000ecf00000,0x00000000ed400000)
  to   space 5120K, 0% used [0x00000000eca00000,0x00000000eca00000,0x00000000ecf00000)
 ParOldGen       total 84992K, used 0K [0x00000000c0000000, 0x00000000c5300000, 0x00000000eab00000)
  object space 84992K, 0% used [0x00000000c0000000,0x00000000c0000000,0x00000000c5300000)
 Metaspace       used 5312K, capacity 6512K, committed 6784K, reserved 1058816K
  class space    used 575K, capacity 616K, committed 640K, reserved 1048576K

Card table byte_map: [0x0000000010700000,0x0000000010910000] byte_map_base: 0x0000000010100000

Marking Bits: (ParMarkBitMap*) 0x000000007027a6d0
 Begin Bits: [0x0000000011220000, 0x0000000012220000)
 End Bits:   [0x0000000012220000, 0x0000000013220000)

Polling page: 0x0000000000210000

CodeCache: size=245760Kb used=2026Kb max_used=2037Kb free=243733Kb
 bounds [0x0000000001340000, 0x00000000015b0000, 0x0000000010340000]
 total_blobs=771 nmethods=510 adapters=174
 compilation: enabled

Compilation events (10 events):
Event: 3.468 Thread 0x0000000053e1e800  511       3       com.android.dx.cf.code.LineNumberList::get (9 bytes)
Event: 3.468 Thread 0x0000000053e1e800 nmethod 511 0x0000000001533c50 code [0x0000000001533dc0, 0x00000000015340a8]
Event: 3.468 Thread 0x0000000053e1e800  515       3       com.android.dx.util.LabeledList::addLabelIndex (43 bytes)
Event: 3.469 Thread 0x0000000053e1e800 nmethod 515 0x00000000015334d0 code [0x0000000001533660, 0x0000000001533a98]
Event: 3.469 Thread 0x0000000053e1e800  509       3       com.android.dx.rop.cst.CstInteger::getType (4 bytes)
Event: 3.469 Thread 0x0000000053e1e800 nmethod 509 0x0000000001536550 code [0x00000000015366a0, 0x00000000015367f0]
Event: 3.469 Thread 0x0000000053e1e800  512   !   3       com.android.dx.cf.code.BytecodeArray::parseInstruction (2764 bytes)
Event: 3.472 Thread 0x0000000053e1b800  521       4       com.android.dx.util.IntList::add (65 bytes)
Event: 3.477 Thread 0x0000000053e1b800 nmethod 521 0x0000000001532ed0 code [0x0000000001533020, 0x00000000015332f8]
Event: 3.477 Thread 0x0000000053e1d800  522       4       com.android.dx.util.IntList::growIfNeeded (46 bytes)

GC Heap History (0 events):
No events

Deoptimization events (0 events):
No events

Internal exceptions (2 events):
Event: 0.239 Thread 0x0000000000dff000 Exception <a 'java/lang/NoSuchMethodError': Method sun.misc.Unsafe.defineClass(Ljava/lang/String;[BII)Ljava/lang/Class; name or signature does not match> (0x00000000eab07cc0) thrown at [C:\re\workspace\8-2-build-windows-amd64-cygwin\jdk8u101\7261\hotspot\sCµ÷ä§‘Î?
Event: 0.239 Thread 0x0000000000dff000 Exception <a 'java/lang/NoSuchMethodError': Method sun.misc.Unsafe.prefetchRead(Ljava/lang/Object;J)V name or signature does not match> (0x00000000eab07fa8) thrown at [C:\re\workspace\8-2-build-windows-amd64-cygwin\jdk8u101\7261\hotspot\src\share\vm\prims\

Events (10 events):
Event: 3.142 loading class com/android/dx/dex/file/AnnotationItem$TypeIdSorter done
Event: 3.142 loading class com/android/dx/dex/file/TypeIdItem
Event: 3.142 loading class com/android/dx/dex/file/TypeIdItem done
Event: 3.143 loading class com/android/dx/dex/file/ValueEncoder
Event: 3.143 loading class com/android/dx/dex/file/ValueEncoder done
Event: 3.144 loading class com/android/dx/dex/file/StringIdItem
Event: 3.144 loading class com/android/dx/dex/file/StringIdItem done
Event: 3.152 loading class com/android/dx/dex/file/StringDataItem
Event: 3.152 loading class com/android/dx/dex/file/StringDataItem done
Event: 3.273 Thread 0x0000000055bae000 Thread added: 0x0000000055bae000


Dynamic libraries:
0x000000013ff00000 - 0x000000013ff37000 	C:\Program Files\Java\jdk1.8.0_101\bin\java.exe
0x0000000076e10000 - 0x0000000076fba000 	C:\Windows\SYSTEM32\ntdll.dll
0x0000000076bf0000 - 0x0000000076d0f000 	C:\Windows\system32\kernel32.dll
0x000007fefce00000 - 0x000007fefce6a000 	C:\Windows\system32\KERNELBASE.dll
0x000007fefeab0000 - 0x000007fefeb8b000 	C:\Windows\system32\ADVAPI32.dll
0x000007fefd240000 - 0x000007fefd2df000 	C:\Windows\system32\msvcrt.dll
0x000007fefea00000 - 0x000007fefea1f000 	C:\Windows\SYSTEM32\sechost.dll
0x000007fefcf00000 - 0x000007fefd02d000 	C:\Windows\system32\RPCRT4.dll
0x0000000076d10000 - 0x0000000076e0a000 	C:\Windows\system32\USER32.dll
0x000007fefd980000 - 0x000007fefd9e7000 	C:\Windows\system32\GDI32.dll
0x000007fefeaa0000 - 0x000007fefeaae000 	C:\Windows\system32\LPK.dll
0x000007fefd8b0000 - 0x000007fefd97a000 	C:\Windows\system32\USP10.dll
0x000007fef9e30000 - 0x000007fefa024000 	C:\Windows\WinSxS\amd64_microsoft.windows.common-controls_6595b64144ccf1df_6.0.7601.18837_none_fa3b1e3d17594757\COMCTL32.dll
0x000007fefda40000 - 0x000007fefdab1000 	C:\Windows\system32\SHLWAPI.dll
0x000007fefd030000 - 0x000007fefd05e000 	C:\Windows\system32\IMM32.DLL
0x000007feff010000 - 0x000007feff119000 	C:\Windows\system32\MSCTF.dll
0x00000000743f0000 - 0x00000000744c2000 	C:\Program Files\Java\jdk1.8.0_101\jre\bin\msvcr100.dll
0x000000006fa60000 - 0x00000000702fa000 	C:\Program Files\Java\jdk1.8.0_101\jre\bin\server\jvm.dll
0x000007fef9100000 - 0x000007fef9109000 	C:\Windows\system32\WSOCK32.dll
0x000007fefd9f0000 - 0x000007fefda3d000 	C:\Windows\system32\WS2_32.dll
0x000007fefd5b0000 - 0x000007fefd5b8000 	C:\Windows\system32\NSI.dll
0x000007fef9800000 - 0x000007fef983b000 	C:\Windows\system32\WINMM.dll
0x000007fefba70000 - 0x000007fefba7c000 	C:\Windows\system32\VERSION.dll
0x0000000076fe0000 - 0x0000000076fe7000 	C:\Windows\system32\PSAPI.DLL
0x00000000743e0000 - 0x00000000743ef000 	C:\Program Files\Java\jdk1.8.0_101\jre\bin\verify.dll
0x00000000743b0000 - 0x00000000743d9000 	C:\Program Files\Java\jdk1.8.0_101\jre\bin\java.dll
0x0000000074390000 - 0x00000000743a6000 	C:\Program Files\Java\jdk1.8.0_101\jre\bin\zip.dll
0x000007fefdac0000 - 0x000007fefe84a000 	C:\Windows\system32\SHELL32.dll
0x000007fefd5c0000 - 0x000007fefd7c3000 	C:\Windows\system32\ole32.dll
0x000007fefcb40000 - 0x000007fefcb4f000 	C:\Windows\system32\profapi.dll

VM Arguments:
jvm_args: -Djava.awt.headless=true -Xmx1024M -Dfile.encoding=windows-1252 -Duser.country=US -Duser.language=en -Duser.variant 
java_command: com.android.dx.command.Main --dex --force-jumbo --num-threads=4 --multi-dex --output C:\Pitonew\Android-Pitonew\app\build\intermediates\transforms\dex\debug\folders\1000\5\slice_7 C:\Pitonew\Android-Pitonew\app\build\intermediates\transforms\instantRunSlicer\debug\folders\1\5\slice_7
java_class_path (initial): C:\Users\jco\AppData\Local\Android\sdk\build-tools\25.0.2\lib\dx.jar
Launcher Type: SUN_STANDARD

Environment Variables:
JAVA_HOME=C:\Program Files\Java\jre1.8.0_111
PATH=C:\ProgramData\Oracle\Java\javapath;C:\Windows\system32;C:\Windows;C:\Windows\System32\Wbem;C:\Windows\System32\WindowsPowerShell\v1.0\;C:\Windows\CCM;C:\Program Files (x86)\WebEx\Productivity Tools;C:\Program Files\Microsoft SQL Server\Client SDK\ODBC\110\Tools\Binn\;C:\Program Files (x86)\Microsoft SQL Server\120\Tools\Binn\;C:\Program Files\Microsoft SQL Server\120\Tools\Binn\;C:\Program Files\Microsoft SQL Server\120\DTS\Binn\;C:\Program Files (x86)\WebEx\PTools020000000;C:\Program Files\TortoiseHg\;C:\RailsInstaller\Git\cmd;C:\RailsInstaller\nodejs\;C:\Program Files (x86)\Heroku\bin;C:\Program Files (x86)\git\cmd;C:\Program Files (x86)\Git\cmd;C:\Program Files (x86)\Brackets\command;C:\Program Files (x86)\nodejs\;C:\Program Files (x86)\Microsoft SQL Server\120\Tools\Binn\ManagementStudio\;C:\Program Files (x86)\Microsoft SQL Server\120\DTS\Binn\;C:\RailsInstaller\Git\cmd;C:\Quality Assurance\jruby-1.7.26\bin;c:\Python27;C:\Program Files\Mercurial;C:\Users\jco\AppData\Roaming\npm;C:\Users\jco\Downloads\apache-maven-3.3.9-bin\apache-maven-3.3.9\bin;C:\Users\jco\AppData\Local\Box\Box Edit\
USERNAME=jco
OS=Windows_NT
PROCESSOR_IDENTIFIER=Intel64 Family 6 Model 61 Stepping 4, GenuineIntel



---------------  S Y S T E M  ---------------

OS: Windows 7 , 64 bit Build 7601 (6.1.7601.23572)

CPU:total 4 (2 cores per cpu, 2 threads per core) family 6 model 61 stepping 4, cmov, cx8, fxsr, mmx, sse, sse2, sse3, ssse3, sse4.1, sse4.2, popcnt, avx, avx2, aes, clmul, erms, 3dnowpref, lzcnt, ht, tsc, tscinvbit, bmi1, bmi2, adx

Memory: 4k page, physical 8077544k(1216692k free), swap 16315464k(34348k free)

vm_info: Java HotSpot(TM) 64-Bit Server VM (25.101-b13) for windows-amd64 JRE (1.8.0_101-b13), built on Jun 22 2016 01:21:29 by "java_re" with MS VC++ 10.0 (VS2010)

time: Mon Mar 27 15:02:01 2017
elapsed time: 3 seconds (0d 0h 0m 3s)

