#
# There is insufficient memory for the Java Runtime Environment to continue.
# Native memory allocation (malloc) failed to allocate 795296 bytes for Chunk::new
# Possible reasons:
#   The system is out of physical RAM or swap space
#   In 32 bit mode, the process size limit was hit
# Possible solutions:
#   Reduce memory load on the system
#   Increase physical memory or swap space
#   Check if swap backing store is full
#   Use 64 bit Java on a 64 bit OS
#   Decrease Java heap size (-Xmx/-Xms)
#   Decrease number of Java threads
#   Decrease Java thread stack sizes (-Xss)
#   Set larger code cache with -XX:ReservedCodeCacheSize=
# This output file may be truncated or incomplete.
#
#  Out of Memory Error (allocation.cpp:390), pid=7280, tid=0x00000000000039c4
#
# JRE version: Java(TM) SE Runtime Environment (8.0_101-b13) (build 1.8.0_101-b13)
# Java VM: Java HotSpot(TM) 64-Bit Server VM (25.101-b13 mixed mode windows-amd64 compressed oops)
# Failed to write core dump. Minidumps are not enabled by default on client versions of Windows
#

---------------  T H R E A D  ---------------

Current thread (0x00000000550d6800):  JavaThread "C2 CompilerThread1" daemon [_thread_in_native, id=14788, stack(0x0000000054c30000,0x0000000054d30000)]

Stack: [0x0000000054c30000,0x0000000054d30000]
[error occurred during error reporting (printing stack bounds), id 0xc0000005]

Native frames: (J=compiled Java code, j=interpreted, Vv=VM code, C=native code)


Current CompileTask:
C2:   3193 1352   !   4       com.android.dx.cf.code.BytecodeArray::parseInstruction (2764 bytes)


---------------  P R O C E S S  ---------------

Java Threads: ( => current thread )
  0x00000000553b4000 JavaThread "pool-2-thread-4" [_thread_in_Java, id=7292, stack(0x0000000056270000,0x0000000056370000)]
  0x000000005535a000 JavaThread "pool-2-thread-3" [_thread_blocked, id=16272, stack(0x00000000560c0000,0x00000000561c0000)]
  0x000000005525d000 JavaThread "pool-2-thread-2" [_thread_blocked, id=8436, stack(0x0000000054e90000,0x0000000054f90000)]
  0x000000005520e800 JavaThread "pool-3-thread-1" [_thread_blocked, id=15932, stack(0x0000000055ed0000,0x0000000055fd0000)]
  0x000000005521d000 JavaThread "pool-2-thread-1" [_thread_blocked, id=8692, stack(0x0000000055dc0000,0x0000000055ec0000)]
  0x0000000055127000 JavaThread "Service Thread" daemon [_thread_blocked, id=15800, stack(0x0000000055af0000,0x0000000055bf0000)]
  0x00000000550d7800 JavaThread "C1 CompilerThread2" daemon [_thread_blocked, id=8600, stack(0x00000000559f0000,0x0000000055af0000)]
=>0x00000000550d6800 JavaThread "C2 CompilerThread1" daemon [_thread_in_native, id=14788, stack(0x0000000054c30000,0x0000000054d30000)]
  0x00000000550d4800 JavaThread "C2 CompilerThread0" daemon [_thread_in_native, id=6592, stack(0x0000000055850000,0x0000000055950000)]
  0x00000000550d0800 JavaThread "Attach Listener" daemon [_thread_blocked, id=5416, stack(0x0000000055690000,0x0000000055790000)]
  0x0000000053b11800 JavaThread "Signal Dispatcher" daemon [_thread_blocked, id=14952, stack(0x00000000554d0000,0x00000000555d0000)]
  0x0000000053af9800 JavaThread "Finalizer" daemon [_thread_blocked, id=14560, stack(0x0000000054fd0000,0x00000000550d0000)]
  0x0000000053ab2800 JavaThread "Reference Handler" daemon [_thread_blocked, id=8912, stack(0x0000000054d50000,0x0000000054e50000)]
  0x000000000012f000 JavaThread "main" [_thread_in_native, id=11352, stack(0x0000000000fb0000,0x00000000010b0000)]

Other Threads:
  0x0000000053aab000 VMThread [stack: 0x0000000054b10000,0x0000000054c10000] [id=15688]
  0x000000005513f800 WatcherThread [stack: 0x0000000055c00000,0x0000000055d00000] [id=13212]

VM state:not at safepoint (normal execution)

VM Mutex/Monitor currently owned by a thread: None

Heap:
 PSYoungGen      total 68608K, used 63329K [0x00000000eab00000, 0x00000000f3100000, 0x0000000100000000)
  eden space 63488K, 91% used [0x00000000eab00000,0x00000000ee3db868,0x00000000ee900000)
  from space 5120K, 99% used [0x00000000ee900000,0x00000000eedfcd38,0x00000000eee00000)
  to   space 5120K, 0% used [0x00000000f2c00000,0x00000000f2c00000,0x00000000f3100000)
 ParOldGen       total 84992K, used 41984K [0x00000000c0000000, 0x00000000c5300000, 0x00000000eab00000)
  object space 84992K, 49% used [0x00000000c0000000,0x00000000c2900000,0x00000000c5300000)
 Metaspace       used 5804K, capacity 6896K, committed 7040K, reserved 1056768K
  class space    used 584K, capacity 616K, committed 640K, reserved 1048576K

Card table byte_map: [0x0000000010740000,0x0000000010950000] byte_map_base: 0x0000000010140000

Marking Bits: (ParMarkBitMap*) 0x000000007027a6d0
 Begin Bits: [0x0000000010f20000, 0x0000000011f20000)
 End Bits:   [0x0000000011f20000, 0x0000000012f20000)

Polling page: 0x0000000000110000

CodeCache: size=245760Kb used=5413Kb max_used=5431Kb free=240346Kb
 bounds [0x0000000001380000, 0x00000000018e0000, 0x0000000010380000]
 total_blobs=1545 nmethods=1283 adapters=175
 compilation: enabled

Compilation events (10 events):
Event: 3.009 Thread 0x00000000550d6800 1297       4       com.android.dx.ssa.Dominators::eval (29 bytes)
Event: 3.011 Thread 0x00000000550d4800 nmethod 1174 0x00000000018b1390 code [0x00000000018b1e80, 0x00000000018bef48]
Event: 3.011 Thread 0x00000000550d7800 nmethod 1343% 0x0000000001888650 code [0x0000000001888c40, 0x000000000188ced8]
Event: 3.011 Thread 0x00000000550d4800 1210       4       com.android.dx.ssa.ConstCollector$2::map (28 bytes)
Event: 3.017 Thread 0x00000000550d4800 nmethod 1210 0x0000000001887bd0 code [0x0000000001887d20, 0x0000000001888148]
Event: 3.017 Thread 0x00000000550d4800 1119       4       com.android.dx.rop.code.Rops::ropFor (771 bytes)
Event: 3.060 Thread 0x00000000550d6800 nmethod 1297 0x00000000018ce990 code [0x00000000018ceb80, 0x00000000018cfa48]
Event: 3.060 Thread 0x00000000550d6800 1350       4       com.android.dx.ssa.NormalSsaInsn::accept (25 bytes)
Event: 3.129 Thread 0x00000000550d6800 nmethod 1350 0x00000000018d16d0 code [0x00000000018d19c0, 0x00000000018d36c8]
Event: 3.130 Thread 0x00000000550d6800 1352   !   4       com.android.dx.cf.code.BytecodeArray::parseInstruction (2764 bytes)

GC Heap History (6 events):
Event: 1.741 GC heap before
{Heap before GC invocations=1 (full 0):
 PSYoungGen      total 36864K, used 31744K [0x00000000eab00000, 0x00000000ed400000, 0x0000000100000000)
  eden space 31744K, 100% used [0x00000000eab00000,0x00000000eca00000,0x00000000eca00000)
  from space 5120K, 0% used [0x00000000ecf00000,0x00000000ecf00000,0x00000000ed400000)
  to   space 5120K, 0% used [0x00000000eca00000,0x00000000eca00000,0x00000000ecf00000)
 ParOldGen       total 84992K, used 0K [0x00000000c0000000, 0x00000000c5300000, 0x00000000eab00000)
  object space 84992K, 0% used [0x00000000c0000000,0x00000000c0000000,0x00000000c5300000)
 Metaspace       used 5718K, capacity 6832K, committed 7040K, reserved 1056768K
  class space    used 578K, capacity 616K, committed 640K, reserved 1048576K
Event: 1.798 GC heap after
Heap after GC invocations=1 (full 0):
 PSYoungGen      total 36864K, used 5118K [0x00000000eab00000, 0x00000000ef300000, 0x0000000100000000)
  eden space 31744K, 0% used [0x00000000eab00000,0x00000000eab00000,0x00000000eca00000)
  from space 5120K, 99% used [0x00000000eca00000,0x00000000eceffae0,0x00000000ecf00000)
  to   space 5120K, 0% used [0x00000000eee00000,0x00000000eee00000,0x00000000ef300000)
 ParOldGen       total 84992K, used 4522K [0x00000000c0000000, 0x00000000c5300000, 0x00000000eab00000)
  object space 84992K, 5% used [0x00000000c0000000,0x00000000c046a830,0x00000000c5300000)
 Metaspace       used 5718K, capacity 6832K, committed 7040K, reserved 1056768K
  class space    used 578K, capacity 616K, committed 640K, reserved 1048576K
}
Event: 1.924 GC heap before
{Heap before GC invocations=2 (full 0):
 PSYoungGen      total 36864K, used 36862K [0x00000000eab00000, 0x00000000ef300000, 0x0000000100000000)
  eden space 31744K, 100% used [0x00000000eab00000,0x00000000eca00000,0x00000000eca00000)
  from space 5120K, 99% used [0x00000000eca00000,0x00000000eceffae0,0x00000000ecf00000)
  to   space 5120K, 0% used [0x00000000eee00000,0x00000000eee00000,0x00000000ef300000)
 ParOldGen       total 84992K, used 4522K [0x00000000c0000000, 0x00000000c5300000, 0x00000000eab00000)
  object space 84992K, 5% used [0x00000000c0000000,0x00000000c046a830,0x00000000c5300000)
 Metaspace       used 5728K, capacity 6832K, committed 7040K, reserved 1056768K
  class space    used 580K, capacity 616K, committed 640K, reserved 1048576K
Event: 2.008 GC heap after
Heap after GC invocations=2 (full 0):
 PSYoungGen      total 68608K, used 5101K [0x00000000eab00000, 0x00000000ef300000, 0x0000000100000000)
  eden space 63488K, 0% used [0x00000000eab00000,0x00000000eab00000,0x00000000ee900000)
  from space 5120K, 99% used [0x00000000eee00000,0x00000000ef2fb538,0x00000000ef300000)
  to   space 5120K, 0% used [0x00000000ee900000,0x00000000ee900000,0x00000000eee00000)
 ParOldGen       total 84992K, used 20802K [0x00000000c0000000, 0x00000000c5300000, 0x00000000eab00000)
  object space 84992K, 24% used [0x00000000c0000000,0x00000000c1450a90,0x00000000c5300000)
 Metaspace       used 5728K, capacity 6832K, committed 7040K, reserved 1056768K
  class space    used 580K, capacity 616K, committed 640K, reserved 1048576K
}
Event: 2.586 GC heap before
{Heap before GC invocations=3 (full 0):
 PSYoungGen      total 68608K, used 68589K [0x00000000eab00000, 0x00000000ef300000, 0x0000000100000000)
  eden space 63488K, 100% used [0x00000000eab00000,0x00000000ee900000,0x00000000ee900000)
  from space 5120K, 99% used [0x00000000eee00000,0x00000000ef2fb538,0x00000000ef300000)
  to   space 5120K, 0% used [0x00000000ee900000,0x00000000ee900000,0x00000000eee00000)
 ParOldGen       total 84992K, used 20802K [0x00000000c0000000, 0x00000000c5300000, 0x00000000eab00000)
  object space 84992K, 24% used [0x00000000c0000000,0x00000000c1450a90,0x00000000c5300000)
 Metaspace       used 5794K, capacity 6896K, committed 7040K, reserved 1056768K
  class space    used 583K, capacity 616K, committed 640K, reserved 1048576K
Event: 2.817 GC heap after
Heap after GC invocations=3 (full 0):
 PSYoungGen      total 68608K, used 5107K [0x00000000eab00000, 0x00000000f3100000, 0x0000000100000000)
  eden space 63488K, 0% used [0x00000000eab00000,0x00000000eab00000,0x00000000ee900000)
  from space 5120K, 99% used [0x00000000ee900000,0x00000000eedfcd38,0x00000000eee00000)
  to   space 5120K, 0% used [0x00000000f2c00000,0x00000000f2c00000,0x00000000f3100000)
 ParOldGen       total 84992K, used 41984K [0x00000000c0000000, 0x00000000c5300000, 0x00000000eab00000)
  object space 84992K, 49% used [0x00000000c0000000,0x00000000c2900000,0x00000000c5300000)
 Metaspace       used 5794K, capacity 6896K, committed 7040K, reserved 1056768K
  class space    used 583K, capacity 616K, committed 640K, reserved 1048576K
}

Deoptimization events (10 events):
Event: 1.551 Thread 0x000000005525d000 Uncommon trap: reason=unstable_if action=reinterpret pc=0x00000000017733a8 method=com.android.dx.cf.code.Ropper.labelToResultIndex(I)I @ 34
Event: 1.682 Thread 0x000000000012f000 Uncommon trap: reason=unloaded action=reinterpret pc=0x0000000001787a40 method=com.android.dx.cf.cst.ConstantPoolParser.parse0(ILjava/util/BitSet;)Lcom/android/dx/rop/cst/Constant; @ 176
Event: 1.841 Thread 0x00000000553b4000 Uncommon trap: reason=class_check action=maybe_recompile pc=0x00000000017daa7c method=com.android.dx.ssa.NormalSsaInsn.accept(Lcom/android/dx/ssa/SsaInsn$Visitor;)V @ 9
Event: 2.287 Thread 0x000000005525d000 Uncommon trap: reason=class_check action=maybe_recompile pc=0x00000000017daa7c method=com.android.dx.ssa.NormalSsaInsn.accept(Lcom/android/dx/ssa/SsaInsn$Visitor;)V @ 9
Event: 2.289 Thread 0x000000005525d000 Uncommon trap: reason=class_check action=maybe_recompile pc=0x00000000017daa7c method=com.android.dx.ssa.NormalSsaInsn.accept(Lcom/android/dx/ssa/SsaInsn$Visitor;)V @ 9
Event: 2.289 Thread 0x000000005525d000 Uncommon trap: reason=class_check action=maybe_recompile pc=0x00000000017daa7c method=com.android.dx.ssa.NormalSsaInsn.accept(Lcom/android/dx/ssa/SsaInsn$Visitor;)V @ 9
Event: 2.567 Thread 0x000000005535a000 Uncommon trap: reason=unstable_if action=reinterpret pc=0x00000000016bed2c method=com.android.dx.ssa.SsaRenamer$BlockRenamer.addMapping(ILcom/android/dx/rop/code/RegisterSpec;)V @ 120
Event: 2.836 Thread 0x000000005535a000 Uncommon trap: reason=uninitialized action=reinterpret pc=0x000000000182b338 method=com.android.dx.cf.code.BytecodeArray.parseInstruction(ILcom/android/dx/cf/code/BytecodeArray$Visitor;)I @ 1095
Event: 2.849 Thread 0x000000005535a000 Uncommon trap: reason=unstable_if action=reinterpret pc=0x000000000185ded4 method=com.android.dx.rop.code.InsnList.contentEquals(Lcom/android/dx/rop/code/InsnList;)Z @ 25
Event: 2.899 Thread 0x000000005535a000 Uncommon trap: reason=null_check action=make_not_entrant pc=0x0000000001851790 method=com.android.dx.ssa.SsaRenamer.getLocalForNewReg(I)Lcom/android/dx/rop/code/LocalItem; @ 19

Internal exceptions (4 events):
Event: 0.055 Thread 0x000000000012f000 Exception <a 'java/lang/NoSuchMethodError': Method sun.misc.Unsafe.defineClass(Ljava/lang/String;[BII)Ljava/lang/Class; name or signature does not match> (0x00000000eab07cc0) thrown at [C:\re\workspace\8-2-build-windows-amd64-cygwin\jdk8u101\7261\hotspot\sä£ÒGY¨?
Event: 0.055 Thread 0x000000000012f000 Exception <a 'java/lang/NoSuchMethodError': Method sun.misc.Unsafe.prefetchRead(Ljava/lang/Object;J)V name or signature does not match> (0x00000000eab07fa8) thrown at [C:\re\workspace\8-2-build-windows-amd64-cygwin\jdk8u101\7261\hotspot\src\share\vm\prims\ÄAG ¶œ¯?
Event: 1.551 Thread 0x000000005525d000 Implicit null exception at 0x0000000001627692 to 0x0000000001627799
Event: 2.899 Thread 0x000000005535a000 Implicit null exception at 0x0000000001850834 to 0x000000000185175d

Events (10 events):
Event: 3.086 Thread 0x00000000553b4000 DEOPT PACKING pc=0x0000000001717635 sp=0x000000005636e690
Event: 3.087 Thread 0x00000000553b4000 DEOPT UNPACKING pc=0x00000000013c787f sp=0x000000005636e428 mode 0
Event: 3.135 Thread 0x00000000553b4000 DEOPT PACKING pc=0x000000000185f03a sp=0x000000005636e5c0
Event: 3.135 Thread 0x00000000553b4000 DEOPT UNPACKING pc=0x00000000013c787f sp=0x000000005636e308 mode 0
Event: 3.141 Thread 0x00000000553b4000 DEOPT PACKING pc=0x000000000185f03a sp=0x000000005636e5c0
Event: 3.141 Thread 0x00000000553b4000 DEOPT UNPACKING pc=0x00000000013c787f sp=0x000000005636e308 mode 0
Event: 3.149 Thread 0x00000000553b4000 DEOPT PACKING pc=0x000000000185f03a sp=0x000000005636e5c0
Event: 3.149 Thread 0x00000000553b4000 DEOPT UNPACKING pc=0x00000000013c787f sp=0x000000005636e308 mode 0
Event: 3.175 Thread 0x000000005535a000 DEOPT PACKING pc=0x0000000001717635 sp=0x00000000561bec10
Event: 3.175 Thread 0x000000005535a000 DEOPT UNPACKING pc=0x00000000013c787f sp=0x00000000561be9a8 mode 0


Dynamic libraries:
0x000000013ff00000 - 0x000000013ff37000 	C:\Program Files\Java\jdk1.8.0_101\bin\java.exe
0x0000000076e10000 - 0x0000000076fba000 	C:\Windows\SYSTEM32\ntdll.dll
0x0000000076bf0000 - 0x0000000076d0f000 	C:\Windows\system32\kernel32.dll
0x000007fefce00000 - 0x000007fefce6a000 	C:\Windows\system32\KERNELBASE.dll
0x000007fefeab0000 - 0x000007fefeb8b000 	C:\Windows\system32\ADVAPI32.dll
0x000007fefd240000 - 0x000007fefd2df000 	C:\Windows\system32\msvcrt.dll
0x000007fefea00000 - 0x000007fefea1f000 	C:\Windows\SYSTEM32\sechost.dll
0x000007fefcf00000 - 0x000007fefd02d000 	C:\Windows\system32\RPCRT4.dll
0x0000000076d10000 - 0x0000000076e0a000 	C:\Windows\system32\USER32.dll
0x000007fefd980000 - 0x000007fefd9e7000 	C:\Windows\system32\GDI32.dll
0x000007fefeaa0000 - 0x000007fefeaae000 	C:\Windows\system32\LPK.dll
0x000007fefd8b0000 - 0x000007fefd97a000 	C:\Windows\system32\USP10.dll
0x000007fef9e30000 - 0x000007fefa024000 	C:\Windows\WinSxS\amd64_microsoft.windows.common-controls_6595b64144ccf1df_6.0.7601.18837_none_fa3b1e3d17594757\COMCTL32.dll
0x000007fefda40000 - 0x000007fefdab1000 	C:\Windows\system32\SHLWAPI.dll
0x000007fefd030000 - 0x000007fefd05e000 	C:\Windows\system32\IMM32.DLL
0x000007feff010000 - 0x000007feff119000 	C:\Windows\system32\MSCTF.dll
0x00000000743f0000 - 0x00000000744c2000 	C:\Program Files\Java\jdk1.8.0_101\jre\bin\msvcr100.dll
0x000000006fa60000 - 0x00000000702fa000 	C:\Program Files\Java\jdk1.8.0_101\jre\bin\server\jvm.dll
0x000007fef9100000 - 0x000007fef9109000 	C:\Windows\system32\WSOCK32.dll
0x000007fefd9f0000 - 0x000007fefda3d000 	C:\Windows\system32\WS2_32.dll
0x000007fefd5b0000 - 0x000007fefd5b8000 	C:\Windows\system32\NSI.dll
0x000007fef9800000 - 0x000007fef983b000 	C:\Windows\system32\WINMM.dll
0x000007fefba70000 - 0x000007fefba7c000 	C:\Windows\system32\VERSION.dll
0x0000000076fe0000 - 0x0000000076fe7000 	C:\Windows\system32\PSAPI.DLL
0x00000000743e0000 - 0x00000000743ef000 	C:\Program Files\Java\jdk1.8.0_101\jre\bin\verify.dll
0x00000000743b0000 - 0x00000000743d9000 	C:\Program Files\Java\jdk1.8.0_101\jre\bin\java.dll
0x0000000074390000 - 0x00000000743a6000 	C:\Program Files\Java\jdk1.8.0_101\jre\bin\zip.dll
0x000007fefdac0000 - 0x000007fefe84a000 	C:\Windows\system32\SHELL32.dll
0x000007fefd5c0000 - 0x000007fefd7c3000 	C:\Windows\system32\ole32.dll
0x000007fefcb40000 - 0x000007fefcb4f000 	C:\Windows\system32\profapi.dll

VM Arguments:
jvm_args: -Djava.awt.headless=true -Xmx1024M -Dfile.encoding=windows-1252 -Duser.country=US -Duser.language=en -Duser.variant 
java_command: com.android.dx.command.Main --dex --force-jumbo --num-threads=4 --multi-dex --output C:\Pitonew\Android-Pitonew\app\build\intermediates\transforms\dex\debug\folders\1000\5\slice_1 C:\Pitonew\Android-Pitonew\app\build\intermediates\transforms\instantRunSlicer\debug\folders\1\5\slice_1
java_class_path (initial): C:\Users\jco\AppData\Local\Android\sdk\build-tools\25.0.2\lib\dx.jar
Launcher Type: SUN_STANDARD

Environment Variables:
JAVA_HOME=C:\Program Files\Java\jre1.8.0_111
PATH=C:\ProgramData\Oracle\Java\javapath;C:\Windows\system32;C:\Windows;C:\Windows\System32\Wbem;C:\Windows\System32\WindowsPowerShell\v1.0\;C:\Windows\CCM;C:\Program Files (x86)\WebEx\Productivity Tools;C:\Program Files\Microsoft SQL Server\Client SDK\ODBC\110\Tools\Binn\;C:\Program Files (x86)\Microsoft SQL Server\120\Tools\Binn\;C:\Program Files\Microsoft SQL Server\120\Tools\Binn\;C:\Program Files\Microsoft SQL Server\120\DTS\Binn\;C:\Program Files (x86)\WebEx\PTools020000000;C:\Program Files\TortoiseHg\;C:\RailsInstaller\Git\cmd;C:\RailsInstaller\nodejs\;C:\Program Files (x86)\Heroku\bin;C:\Program Files (x86)\git\cmd;C:\Program Files (x86)\Git\cmd;C:\Program Files (x86)\Brackets\command;C:\Program Files (x86)\nodejs\;C:\Program Files (x86)\Microsoft SQL Server\120\Tools\Binn\ManagementStudio\;C:\Program Files (x86)\Microsoft SQL Server\120\DTS\Binn\;C:\RailsInstaller\Git\cmd;C:\Quality Assurance\jruby-1.7.26\bin;c:\Python27;C:\Program Files\Mercurial;C:\Users\jco\AppData\Roaming\npm;C:\Users\jco\Downloads\apache-maven-3.3.9-bin\apache-maven-3.3.9\bin;C:\Users\jco\AppData\Local\Box\Box Edit\
USERNAME=jco
OS=Windows_NT
PROCESSOR_IDENTIFIER=Intel64 Family 6 Model 61 Stepping 4, GenuineIntel



---------------  S Y S T E M  ---------------

OS: Windows 7 , 64 bit Build 7601 (6.1.7601.23572)

CPU:total 4 (2 cores per cpu, 2 threads per core) family 6 model 61 stepping 4, cmov, cx8, fxsr, mmx, sse, sse2, sse3, ssse3, sse4.1, sse4.2, popcnt, avx, avx2, aes, clmul, erms, 3dnowpref, lzcnt, ht, tsc, tscinvbit, bmi1, bmi2, adx

Memory: 4k page, physical 8077544k(961948k free), swap 16315464k(5056k free)

vm_info: Java HotSpot(TM) 64-Bit Server VM (25.101-b13) for windows-amd64 JRE (1.8.0_101-b13), built on Jun 22 2016 01:21:29 by "java_re" with MS VC++ 10.0 (VS2010)

time: Mon Mar 27 15:10:42 2017
elapsed time: 3 seconds (0d 0h 0m 3s)

