#
# There is insufficient memory for the Java Runtime Environment to continue.
# Native memory allocation (malloc) failed to allocate 1072176 bytes for Chunk::new
# Possible reasons:
#   The system is out of physical RAM or swap space
#   In 32 bit mode, the process size limit was hit
# Possible solutions:
#   Reduce memory load on the system
#   Increase physical memory or swap space
#   Check if swap backing store is full
#   Use 64 bit Java on a 64 bit OS
#   Decrease Java heap size (-Xmx/-Xms)
#   Decrease number of Java threads
#   Decrease Java thread stack sizes (-Xss)
#   Set larger code cache with -XX:ReservedCodeCacheSize=
# This output file may be truncated or incomplete.
#
#  Out of Memory Error (allocation.cpp:390), pid=2272, tid=0x0000000000003f48
#
# JRE version: Java(TM) SE Runtime Environment (8.0_101-b13) (build 1.8.0_101-b13)
# Java VM: Java HotSpot(TM) 64-Bit Server VM (25.101-b13 mixed mode windows-amd64 compressed oops)
# Failed to write core dump. Minidumps are not enabled by default on client versions of Windows
#

---------------  T H R E A D  ---------------

Current thread (0x00000000555f5800):  JavaThread "C2 CompilerThread1" daemon [_thread_in_native, id=16200, stack(0x0000000055ae0000,0x0000000055be0000)]

Stack: [0x0000000055ae0000,0x0000000055be0000]
[error occurred during error reporting (printing stack bounds), id 0xc0000005]

Native frames: (J=compiled Java code, j=interpreted, Vv=VM code, C=native code)


Current CompileTask:
C2:   6236 1659   !   4       com.android.dx.cf.code.BytecodeArray::parseInstruction (2764 bytes)


---------------  P R O C E S S  ---------------

Java Threads: ( => current thread )
  0x000000005587b800 JavaThread "pool-2-thread-4" [_thread_blocked, id=17148, stack(0x00000000565c0000,0x00000000566c0000)]
  0x00000000557f3000 JavaThread "pool-2-thread-3" [_thread_blocked, id=7224, stack(0x00000000564b0000,0x00000000565b0000)]
  0x000000005584d800 JavaThread "pool-2-thread-2" [_thread_blocked, id=17644, stack(0x00000000562f0000,0x00000000563f0000)]
  0x00000000557d4800 JavaThread "pool-3-thread-1" [_thread_blocked, id=14872, stack(0x00000000561c0000,0x00000000562c0000)]
  0x00000000557d3000 JavaThread "pool-2-thread-1" [_thread_blocked, id=15996, stack(0x0000000055f70000,0x0000000056070000)]
  0x00000000555f9800 JavaThread "Service Thread" daemon [_thread_blocked, id=808, stack(0x0000000055e50000,0x0000000055f50000)]
  0x00000000555f6000 JavaThread "C1 CompilerThread2" daemon [_thread_blocked, id=15436, stack(0x0000000055be0000,0x0000000055ce0000)]
=>0x00000000555f5800 JavaThread "C2 CompilerThread1" daemon [_thread_in_native, id=16200, stack(0x0000000055ae0000,0x0000000055be0000)]
  0x0000000053dd9800 JavaThread "C2 CompilerThread0" daemon [_thread_in_native, id=15904, stack(0x00000000551b0000,0x00000000552b0000)]
  0x0000000053dd5000 JavaThread "Attach Listener" daemon [_thread_blocked, id=13936, stack(0x00000000554a0000,0x00000000555a0000)]
  0x0000000053dd2000 JavaThread "Signal Dispatcher" daemon [_thread_blocked, id=17920, stack(0x00000000552d0000,0x00000000553d0000)]
  0x0000000053db9800 JavaThread "Finalizer" daemon [_thread_blocked, id=5720, stack(0x0000000055010000,0x0000000055110000)]
  0x0000000053d72800 JavaThread "Reference Handler" daemon [_thread_blocked, id=14376, stack(0x0000000054eb0000,0x0000000054fb0000)]
  0x0000000000eaf000 JavaThread "main" [_thread_blocked, id=13512, stack(0x0000000000ec0000,0x0000000000fc0000)]

Other Threads:
  0x0000000053d6b000 VMThread [stack: 0x0000000054da0000,0x0000000054ea0000] [id=14676]
  0x0000000055608000 WatcherThread [stack: 0x0000000056070000,0x0000000056170000] [id=16016]

VM state:at safepoint (normal execution)

VM Mutex/Monitor currently owned by a thread:  ([mutex/lock_event])
[0x0000000000eacab0] Threads_lock - owner thread: 0x0000000053d6b000
[0x0000000000eacfb0] Heap_lock - owner thread: 0x000000005587b800

Heap:
 PSYoungGen      total 36864K, used 36855K [0x00000000eab00000, 0x00000000ed400000, 0x0000000100000000)
  eden space 31744K, 100% used [0x00000000eab00000,0x00000000eca00000,0x00000000eca00000)
  from space 5120K, 99% used [0x00000000ecf00000,0x00000000ed3fdd10,0x00000000ed400000)
  to   space 5120K, 80% used [0x00000000eca00000,0x00000000ece098d0,0x00000000ecf00000)
 ParOldGen       total 84992K, used 4540K [0x00000000c0000000, 0x00000000c5300000, 0x00000000eab00000)
  object space 84992K, 5% used [0x00000000c0000000,0x00000000c046f020,0x00000000c5300000)
 Metaspace       used 6098K, capacity 7088K, committed 7296K, reserved 1056768K
  class space    used 590K, capacity 616K, committed 640K, reserved 1048576K

Card table byte_map: [0x00000000106e0000,0x00000000108f0000] byte_map_base: 0x00000000100e0000

Marking Bits: (ParMarkBitMap*) 0x000000006fffa6d0
 Begin Bits: [0x00000000111e0000, 0x00000000121e0000)
 End Bits:   [0x00000000121e0000, 0x00000000131e0000)

Polling page: 0x0000000000210000

CodeCache: size=245760Kb used=7659Kb max_used=7659Kb free=238100Kb
 bounds [0x0000000001320000, 0x0000000001ab0000, 0x0000000010320000]
 total_blobs=1949 nmethods=1686 adapters=176
 compilation: enabled

Compilation events (10 events):
Event: 6.182 Thread 0x00000000555f6000 1698       2       com.android.dx.cf.code.ConcreteMethod::<init> (21 bytes)
Event: 6.183 Thread 0x00000000555f6000 nmethod 1698 0x0000000001a9d150 code [0x0000000001a9d2e0, 0x0000000001a9d638]
Event: 6.183 Thread 0x00000000555f6000 1699   !   2       com.android.dx.cf.code.Ropper::convert (52 bytes)
Event: 6.183 Thread 0x00000000555f6000 nmethod 1699 0x0000000001a9d910 code [0x0000000001a9dae0, 0x0000000001a9df68]
Event: 6.201 Thread 0x00000000555f6000 1700       2       com.android.dx.ssa.SCCP::simulateBlock (54 bytes)
Event: 6.202 Thread 0x00000000555f6000 nmethod 1700 0x0000000001a9e310 code [0x0000000001a9e4a0, 0x0000000001a9e828]
Event: 6.202 Thread 0x00000000555f6000 1701       2       com.android.dx.ssa.LiteralOpUpgrader$1::visitNonMoveInsn (203 bytes)
Event: 6.204 Thread 0x00000000555f6000 nmethod 1701 0x0000000001a9ea90 code [0x0000000001a9ede0, 0x0000000001a9fc08]
Event: 6.204 Thread 0x00000000555f6000 1702       2       com.android.dx.ssa.LiteralOpUpgrader::tryReplacingWithConstant (161 bytes)
Event: 6.205 Thread 0x00000000555f6000 nmethod 1702 0x0000000001aa1190 code [0x0000000001aa13a0, 0x0000000001aa19b8]

GC Heap History (5 events):
Event: 2.341 GC heap before
{Heap before GC invocations=1 (full 0):
 PSYoungGen      total 36864K, used 31744K [0x00000000eab00000, 0x00000000ed400000, 0x0000000100000000)
  eden space 31744K, 100% used [0x00000000eab00000,0x00000000eca00000,0x00000000eca00000)
  from space 5120K, 0% used [0x00000000ecf00000,0x00000000ecf00000,0x00000000ed400000)
  to   space 5120K, 0% used [0x00000000eca00000,0x00000000eca00000,0x00000000ecf00000)
 ParOldGen       total 84992K, used 0K [0x00000000c0000000, 0x00000000c5300000, 0x00000000eab00000)
  object space 84992K, 0% used [0x00000000c0000000,0x00000000c0000000,0x00000000c5300000)
 Metaspace       used 5862K, capacity 6896K, committed 7040K, reserved 1056768K
  class space    used 588K, capacity 616K, committed 640K, reserved 1048576K
Event: 2.357 GC heap after
Heap after GC invocations=1 (full 0):
 PSYoungGen      total 36864K, used 5107K [0x00000000eab00000, 0x00000000ed400000, 0x0000000100000000)
  eden space 31744K, 0% used [0x00000000eab00000,0x00000000eab00000,0x00000000eca00000)
  from space 5120K, 99% used [0x00000000eca00000,0x00000000ecefceb0,0x00000000ecf00000)
  to   space 5120K, 0% used [0x00000000ecf00000,0x00000000ecf00000,0x00000000ed400000)
 ParOldGen       total 84992K, used 739K [0x00000000c0000000, 0x00000000c5300000, 0x00000000eab00000)
  object space 84992K, 0% used [0x00000000c0000000,0x00000000c00b8ce0,0x00000000c5300000)
 Metaspace       used 5862K, capacity 6896K, committed 7040K, reserved 1056768K
  class space    used 588K, capacity 616K, committed 640K, reserved 1048576K
}
Event: 5.321 GC heap before
{Heap before GC invocations=2 (full 0):
 PSYoungGen      total 36864K, used 36851K [0x00000000eab00000, 0x00000000ed400000, 0x0000000100000000)
  eden space 31744K, 100% used [0x00000000eab00000,0x00000000eca00000,0x00000000eca00000)
  from space 5120K, 99% used [0x00000000eca00000,0x00000000ecefceb0,0x00000000ecf00000)
  to   space 5120K, 0% used [0x00000000ecf00000,0x00000000ecf00000,0x00000000ed400000)
 ParOldGen       total 84992K, used 739K [0x00000000c0000000, 0x00000000c5300000, 0x00000000eab00000)
  object space 84992K, 0% used [0x00000000c0000000,0x00000000c00b8ce0,0x00000000c5300000)
 Metaspace       used 6045K, capacity 7088K, committed 7296K, reserved 1056768K
  class space    used 590K, capacity 616K, committed 640K, reserved 1048576K
Event: 5.335 GC heap after
Heap after GC invocations=2 (full 0):
 PSYoungGen      total 36864K, used 5111K [0x00000000eab00000, 0x00000000ed400000, 0x0000000100000000)
  eden space 31744K, 0% used [0x00000000eab00000,0x00000000eab00000,0x00000000eca00000)
  from space 5120K, 99% used [0x00000000ecf00000,0x00000000ed3fdd10,0x00000000ed400000)
  to   space 5120K, 0% used [0x00000000eca00000,0x00000000eca00000,0x00000000ecf00000)
 ParOldGen       total 84992K, used 4540K [0x00000000c0000000, 0x00000000c5300000, 0x00000000eab00000)
  object space 84992K, 5% used [0x00000000c0000000,0x00000000c046f020,0x00000000c5300000)
 Metaspace       used 6045K, capacity 7088K, committed 7296K, reserved 1056768K
  class space    used 590K, capacity 616K, committed 640K, reserved 1048576K
}
Event: 6.206 GC heap before
{Heap before GC invocations=3 (full 0):
 PSYoungGen      total 36864K, used 36855K [0x00000000eab00000, 0x00000000ed400000, 0x0000000100000000)
  eden space 31744K, 100% used [0x00000000eab00000,0x00000000eca00000,0x00000000eca00000)
  from space 5120K, 99% used [0x00000000ecf00000,0x00000000ed3fdd10,0x00000000ed400000)
  to   space 5120K, 0% used [0x00000000eca00000,0x00000000eca00000,0x00000000ecf00000)
 ParOldGen       total 84992K, used 4540K [0x00000000c0000000, 0x00000000c5300000, 0x00000000eab00000)
  object space 84992K, 5% used [0x00000000c0000000,0x00000000c046f020,0x00000000c5300000)
 Metaspace       used 6098K, capacity 7088K, committed 7296K, reserved 1056768K
  class space    used 590K, capacity 616K, committed 640K, reserved 1048576K

Deoptimization events (10 events):
Event: 5.669 Thread 0x000000005584d800 Uncommon trap: reason=bimorphic action=maybe_recompile pc=0x00000000018e5e80 method=com.android.dx.ssa.LiteralOpUpgrader.tryReplacingWithConstant(Lcom/android/dx/ssa/NormalSsaInsn;)Z @ 52
Event: 5.982 Thread 0x000000005587b800 Uncommon trap: reason=bimorphic action=maybe_recompile pc=0x0000000001a60168 method=com.android.dx.ssa.SCCP.simulatePhi(Lcom/android/dx/ssa/PhiInsn;)V @ 124
Event: 5.982 Thread 0x000000005587b800 Uncommon trap: reason=bimorphic action=maybe_recompile pc=0x0000000001a60168 method=com.android.dx.ssa.SCCP.simulatePhi(Lcom/android/dx/ssa/PhiInsn;)V @ 124
Event: 5.982 Thread 0x000000005587b800 Uncommon trap: reason=bimorphic action=maybe_recompile pc=0x0000000001a60168 method=com.android.dx.ssa.SCCP.simulatePhi(Lcom/android/dx/ssa/PhiInsn;)V @ 124
Event: 5.982 Thread 0x000000005587b800 Uncommon trap: reason=bimorphic action=maybe_recompile pc=0x0000000001a60168 method=com.android.dx.ssa.SCCP.simulatePhi(Lcom/android/dx/ssa/PhiInsn;)V @ 124
Event: 6.135 Thread 0x00000000557f3000 Uncommon trap: reason=unstable_if action=reinterpret pc=0x00000000019f221c method=com.android.dx.rop.code.LocalVariableExtractor.processBlock(I)V @ 195
Event: 6.182 Thread 0x00000000557f3000 Uncommon trap: reason=bimorphic action=maybe_recompile pc=0x0000000001a8429c method=com.android.dx.cf.code.RopperMachine.run(Lcom/android/dx/cf/code/Frame;II)V @ 310
Event: 6.194 Thread 0x00000000557f3000 Uncommon trap: reason=bimorphic action=maybe_recompile pc=0x0000000001927928 method=com.android.dx.ssa.SCCP.simulatePhi(Lcom/android/dx/ssa/PhiInsn;)V @ 124
Event: 6.197 Thread 0x00000000557f3000 Uncommon trap: reason=bimorphic action=maybe_recompile pc=0x00000000018e5e80 method=com.android.dx.ssa.LiteralOpUpgrader.tryReplacingWithConstant(Lcom/android/dx/ssa/NormalSsaInsn;)Z @ 52
Event: 6.197 Thread 0x00000000557f3000 Uncommon trap: reason=bimorphic action=maybe_recompile pc=0x00000000018e0628 method=com.android.dx.ssa.LiteralOpUpgrader.tryReplacingWithConstant(Lcom/android/dx/ssa/NormalSsaInsn;)Z @ 52

Internal exceptions (4 events):
Event: 0.104 Thread 0x0000000000eaf000 Exception <a 'java/lang/NoSuchMethodError': Method sun.misc.Unsafe.defineClass(Ljava/lang/String;[BII)Ljava/lang/Class; name or signature does not match> (0x00000000eab07cc0) thrown at [C:\re\workspace\8-2-build-windows-amd64-cygwin\jdk8u101\7261\hotspot\sªü¡¹DÅº?
Event: 0.105 Thread 0x0000000000eaf000 Exception <a 'java/lang/NoSuchMethodError': Method sun.misc.Unsafe.prefetchRead(Ljava/lang/Object;J)V name or signature does not match> (0x00000000eab07fa8) thrown at [C:\re\workspace\8-2-build-windows-amd64-cygwin\jdk8u101\7261\hotspot\src\share\vm\prims\ö§zÅ~€@
Event: 2.313 Thread 0x00000000557d3000 Implicit null exception at 0x00000000017c9a92 to 0x00000000017c9b8a
Event: 3.159 Thread 0x000000005587b800 Implicit null exception at 0x000000000174ef3a to 0x0000000001750eb9

Events (10 events):
Event: 6.194 Thread 0x00000000557f3000 Uncommon trap: trap_request=0xffffffc6 fr.pc=0x0000000001927928
Event: 6.194 Thread 0x00000000557f3000 DEOPT PACKING pc=0x0000000001927928 sp=0x00000000565aec00
Event: 6.194 Thread 0x00000000557f3000 DEOPT UNPACKING pc=0x000000000136582a sp=0x00000000565aeb88 mode 2
Event: 6.197 Thread 0x00000000557f3000 Uncommon trap: trap_request=0xffffffc6 fr.pc=0x00000000018e5e80
Event: 6.197 Thread 0x00000000557f3000 DEOPT PACKING pc=0x00000000018e5e80 sp=0x00000000565aeb80
Event: 6.197 Thread 0x00000000557f3000 DEOPT UNPACKING pc=0x000000000136582a sp=0x00000000565aea88 mode 2
Event: 6.197 Thread 0x00000000557f3000 Uncommon trap: trap_request=0xffffffc6 fr.pc=0x00000000018e0628
Event: 6.197 Thread 0x00000000557f3000 DEOPT PACKING pc=0x00000000018e0628 sp=0x00000000565aeab0
Event: 6.197 Thread 0x00000000557f3000 DEOPT UNPACKING pc=0x000000000136582a sp=0x00000000565aea80 mode 2
Event: 6.206 Executing VM operation: ParallelGCFailedAllocation


Dynamic libraries:
0x000000013fd70000 - 0x000000013fda7000 	C:\Program Files\Java\jdk1.8.0_101\bin\java.exe
0x0000000077560000 - 0x000000007770a000 	C:\Windows\SYSTEM32\ntdll.dll
0x0000000077440000 - 0x000000007755f000 	C:\Windows\system32\kernel32.dll
0x000007fefd2d0000 - 0x000007fefd33a000 	C:\Windows\system32\KERNELBASE.dll
0x000007feff0f0000 - 0x000007feff1cb000 	C:\Windows\system32\ADVAPI32.dll
0x000007fefedf0000 - 0x000007fefee8f000 	C:\Windows\system32\msvcrt.dll
0x000007fefed70000 - 0x000007fefed8f000 	C:\Windows\SYSTEM32\sechost.dll
0x000007fefe9b0000 - 0x000007fefeadd000 	C:\Windows\system32\RPCRT4.dll
0x0000000077340000 - 0x000000007743a000 	C:\Windows\system32\USER32.dll
0x000007feff800000 - 0x000007feff867000 	C:\Windows\system32\GDI32.dll
0x000007feff4b0000 - 0x000007feff4be000 	C:\Windows\system32\LPK.dll
0x000007fefee90000 - 0x000007fefef5a000 	C:\Windows\system32\USP10.dll
0x000007fefa8a0000 - 0x000007fefaa94000 	C:\Windows\WinSxS\amd64_microsoft.windows.common-controls_6595b64144ccf1df_6.0.7601.18837_none_fa3b1e3d17594757\COMCTL32.dll
0x000007feff4d0000 - 0x000007feff541000 	C:\Windows\system32\SHLWAPI.dll
0x000007feff7d0000 - 0x000007feff7fe000 	C:\Windows\system32\IMM32.DLL
0x000007fefec60000 - 0x000007fefed69000 	C:\Windows\system32\MSCTF.dll
0x0000000078dc0000 - 0x0000000078e92000 	C:\Program Files\Java\jdk1.8.0_101\jre\bin\msvcr100.dll
0x000000006f7e0000 - 0x000000007007a000 	C:\Program Files\Java\jdk1.8.0_101\jre\bin\server\jvm.dll
0x000007fef9b50000 - 0x000007fef9b59000 	C:\Windows\system32\WSOCK32.dll
0x000007feff550000 - 0x000007feff59d000 	C:\Windows\system32\WS2_32.dll
0x000007feff4c0000 - 0x000007feff4c8000 	C:\Windows\system32\NSI.dll
0x000007fefa230000 - 0x000007fefa26b000 	C:\Windows\system32\WINMM.dll
0x000007fefc1c0000 - 0x000007fefc1cc000 	C:\Windows\system32\VERSION.dll
0x0000000077720000 - 0x0000000077727000 	C:\Windows\system32\PSAPI.DLL
0x0000000074c70000 - 0x0000000074c7f000 	C:\Program Files\Java\jdk1.8.0_101\jre\bin\verify.dll
0x0000000074b80000 - 0x0000000074ba9000 	C:\Program Files\Java\jdk1.8.0_101\jre\bin\java.dll
0x0000000074b60000 - 0x0000000074b76000 	C:\Program Files\Java\jdk1.8.0_101\jre\bin\zip.dll
0x000007fefdc20000 - 0x000007fefe9aa000 	C:\Windows\system32\SHELL32.dll
0x000007feff5c0000 - 0x000007feff7c3000 	C:\Windows\system32\ole32.dll
0x000007fefd290000 - 0x000007fefd29f000 	C:\Windows\system32\profapi.dll

VM Arguments:
jvm_args: -Djava.awt.headless=true -Xmx1024M -Dfile.encoding=windows-1252 -Duser.country=US -Duser.language=en -Duser.variant 
java_command: com.android.dx.command.Main --dex --num-threads=4 --multi-dex --output C:\Pitonew\Android-Pitonew\app\build\intermediates\transforms\dex\debug\folders\1000\10\com.android.support-design-24.2.1_ffa71c38aff5cc104019487eec5e6c10b57d6f6f C:\Pitonew\Android-Pitonew\app\build\intermediates\exploded-aar\com.android.support\design\24.2.1\jars\classes.jar
java_class_path (initial): C:\Users\jco\AppData\Local\Android\sdk\build-tools\24.0.2\lib\dx.jar
Launcher Type: SUN_STANDARD

Environment Variables:
JAVA_HOME=C:\Program Files\Java\jre1.8.0_111
PATH=C:\ProgramData\Oracle\Java\javapath;C:\Windows\system32;C:\Windows;C:\Windows\System32\Wbem;C:\Windows\System32\WindowsPowerShell\v1.0\;C:\Windows\CCM;C:\Program Files (x86)\WebEx\Productivity Tools;C:\Program Files\Microsoft SQL Server\Client SDK\ODBC\110\Tools\Binn\;C:\Program Files (x86)\Microsoft SQL Server\120\Tools\Binn\;C:\Program Files\Microsoft SQL Server\120\Tools\Binn\;C:\Program Files\Microsoft SQL Server\120\DTS\Binn\;C:\Program Files (x86)\WebEx\PTools020000000;C:\Program Files\TortoiseHg\;C:\RailsInstaller\Git\cmd;C:\RailsInstaller\nodejs\;C:\Program Files (x86)\Heroku\bin;C:\Program Files (x86)\git\cmd;C:\Program Files (x86)\Git\cmd;C:\Program Files (x86)\Brackets\command;C:\Program Files (x86)\nodejs\;C:\Program Files (x86)\Microsoft SQL Server\120\Tools\Binn\ManagementStudio\;C:\Program Files (x86)\Microsoft SQL Server\120\DTS\Binn\;C:\RailsInstaller\Git\cmd;C:\Quality Assurance\jruby-1.7.26\bin;c:\Python27;C:\Program Files\Mercurial;C:\Users\jco\AppData\Roaming\npm;C:\Users\jco\Downloads\apache-maven-3.3.9-bin\apache-maven-3.3.9\bin;C:\Users\jco\AppData\Local\Box\Box Edit\
USERNAME=jco
OS=Windows_NT
PROCESSOR_IDENTIFIER=Intel64 Family 6 Model 61 Stepping 4, GenuineIntel



---------------  S Y S T E M  ---------------

OS: Windows 7 , 64 bit Build 7601 (6.1.7601.23572)

CPU:total 4 (2 cores per cpu, 2 threads per core) family 6 model 61 stepping 4, cmov, cx8, fxsr, mmx, sse, sse2, sse3, ssse3, sse4.1, sse4.2, popcnt, avx, avx2, aes, clmul, erms, 3dnowpref, lzcnt, ht, tsc, tscinvbit, bmi1, bmi2, adx

Memory: 4k page, physical 8077544k(1103568k free), swap 17870484k(6024k free)

vm_info: Java HotSpot(TM) 64-Bit Server VM (25.101-b13) for windows-amd64 JRE (1.8.0_101-b13), built on Jun 22 2016 01:21:29 by "java_re" with MS VC++ 10.0 (VS2010)

time: Tue Mar 07 16:52:35 2017
elapsed time: 6 seconds (0d 0h 0m 6s)

