#
# There is insufficient memory for the Java Runtime Environment to continue.
# Native memory allocation (malloc) failed to allocate 32744 bytes for ChunkPool::allocate
# Possible reasons:
#   The system is out of physical RAM or swap space
#   In 32 bit mode, the process size limit was hit
# Possible solutions:
#   Reduce memory load on the system
#   Increase physical memory or swap space
#   Check if swap backing store is full
#   Use 64 bit Java on a 64 bit OS
#   Decrease Java heap size (-Xmx/-Xms)
#   Decrease number of Java threads
#   Decrease Java thread stack sizes (-Xss)
#   Set larger code cache with -XX:ReservedCodeCacheSize=
# This output file may be truncated or incomplete.
#
#  Out of Memory Error (allocation.cpp:273), pid=3480, tid=0x0000000000003bb4
#
# JRE version: Java(TM) SE Runtime Environment (8.0_101-b13) (build 1.8.0_101-b13)
# Java VM: Java HotSpot(TM) 64-Bit Server VM (25.101-b13 mixed mode windows-amd64 compressed oops)
# Failed to write core dump. Minidumps are not enabled by default on client versions of Windows
#

---------------  T H R E A D  ---------------

Current thread (0x0000000053dee000):  JavaThread "C2 CompilerThread1" daemon [_thread_in_native, id=15284, stack(0x0000000055500000,0x0000000055600000)]

Stack: [0x0000000055500000,0x0000000055600000]
[error occurred during error reporting (printing stack bounds), id 0xc0000005]

Native frames: (J=compiled Java code, j=interpreted, Vv=VM code, C=native code)


Current CompileTask:
C2:   2681  788   !   4       com.android.dx.cf.cst.ConstantPoolParser::parse0 (731 bytes)


---------------  P R O C E S S  ---------------

Java Threads: ( => current thread )
  0x0000000055881800 JavaThread "pool-2-thread-4" [_thread_blocked, id=4328, stack(0x0000000056390000,0x0000000056490000)]
  0x0000000055770000 JavaThread "pool-2-thread-3" [_thread_blocked, id=5568, stack(0x00000000561e0000,0x00000000562e0000)]
  0x0000000055766000 JavaThread "pool-2-thread-2" [_thread_blocked, id=2864, stack(0x0000000055f80000,0x0000000056080000)]
  0x0000000055750000 JavaThread "pool-3-thread-1" [_thread_blocked, id=14788, stack(0x0000000055e50000,0x0000000055f50000)]
  0x000000005574f000 JavaThread "pool-2-thread-1" [_thread_blocked, id=13864, stack(0x0000000055c70000,0x0000000055d70000)]
  0x000000005563d000 JavaThread "Service Thread" daemon [_thread_blocked, id=15004, stack(0x0000000054be0000,0x0000000054ce0000)]
  0x0000000053def000 JavaThread "C1 CompilerThread2" daemon [_thread_blocked, id=15692, stack(0x00000000553f0000,0x00000000554f0000)]
=>0x0000000053dee000 JavaThread "C2 CompilerThread1" daemon [_thread_in_native, id=15284, stack(0x0000000055500000,0x0000000055600000)]
  0x0000000053deb800 JavaThread "C2 CompilerThread0" daemon [_thread_blocked, id=3060, stack(0x0000000054e30000,0x0000000054f30000)]
  0x0000000053de7000 JavaThread "Attach Listener" daemon [_thread_blocked, id=3740, stack(0x00000000551e0000,0x00000000552e0000)]
  0x0000000053de4000 JavaThread "Signal Dispatcher" daemon [_thread_blocked, id=4500, stack(0x00000000552f0000,0x00000000553f0000)]
  0x0000000053dc4000 JavaThread "Finalizer" daemon [_thread_blocked, id=4712, stack(0x00000000550d0000,0x00000000551d0000)]
  0x0000000053d82800 JavaThread "Reference Handler" daemon [_thread_blocked, id=15160, stack(0x0000000054f50000,0x0000000055050000)]
  0x0000000000f3f000 JavaThread "main" [_thread_blocked, id=15548, stack(0x0000000000fa0000,0x00000000010a0000)]

Other Threads:
  0x0000000053d7b000 VMThread [stack: 0x0000000054d00000,0x0000000054e00000] [id=16356]
  0x0000000055684000 WatcherThread [stack: 0x0000000055b70000,0x0000000055c70000] [id=8888]

VM state:at safepoint (normal execution)

VM Mutex/Monitor currently owned by a thread:  ([mutex/lock_event])
[0x0000000000f3cab0] Threads_lock - owner thread: 0x0000000053d7b000
[0x0000000000f3cfb0] Heap_lock - owner thread: 0x000000005574f000

Heap:
 PSYoungGen      total 36864K, used 31744K [0x00000000eab00000, 0x00000000ed400000, 0x0000000100000000)
  eden space 31744K, 100% used [0x00000000eab00000,0x00000000eca00000,0x00000000eca00000)
  from space 5120K, 0% used [0x00000000ecf00000,0x00000000ecf00000,0x00000000ed400000)
  to   space 5120K, 99% used [0x00000000eca00000,0x00000000ecef9a08,0x00000000ecf00000)
 ParOldGen       total 84992K, used 3578K [0x00000000c0000000, 0x00000000c5300000, 0x00000000eab00000)
  object space 84992K, 4% used [0x00000000c0000000,0x00000000c037eaf0,0x00000000c5300000)
 Metaspace       used 5690K, capacity 6832K, committed 7040K, reserved 1056768K
  class space    used 578K, capacity 616K, committed 640K, reserved 1048576K

Card table byte_map: [0x0000000010730000,0x0000000010940000] byte_map_base: 0x0000000010130000

Marking Bits: (ParMarkBitMap*) 0x000000007047a6d0
 Begin Bits: [0x00000000111f0000, 0x00000000121f0000)
 End Bits:   [0x00000000121f0000, 0x00000000131f0000)

Polling page: 0x0000000000210000

CodeCache: size=245760Kb used=4497Kb max_used=4497Kb free=241262Kb
 bounds [0x0000000001370000, 0x00000000017e0000, 0x0000000010370000]
 total_blobs=1338 nmethods=1077 adapters=174
 compilation: enabled

Compilation events (10 events):
Event: 2.575 Thread 0x0000000053def000 nmethod 1078 0x00000000017d4490 code [0x00000000017d45e0, 0x00000000017d46d0]
Event: 2.577 Thread 0x0000000053def000 1094       2       com.android.dx.cf.code.Simulator::requiredArrayTypeFor (74 bytes)
Event: 2.578 Thread 0x0000000053def000 nmethod 1094 0x00000000017d4750 code [0x00000000017d4900, 0x00000000017d4c58]
Event: 2.578 Thread 0x0000000053def000 1095       2       com.android.dx.rop.type.Type::<init> (84 bytes)
Event: 2.578 Thread 0x0000000053def000 nmethod 1095 0x00000000017d4f10 code [0x00000000017d50a0, 0x00000000017d5448]
Event: 2.578 Thread 0x0000000053def000 1096   !   2       com.android.dx.rop.type.Type::putIntern (50 bytes)
Event: 2.579 Thread 0x0000000053def000 nmethod 1096 0x00000000017d5610 code [0x00000000017d57c0, 0x00000000017d5c78]
Event: 2.579 Thread 0x0000000053def000 1097       2       com.android.dx.cf.code.BaseMachine::popArgs (137 bytes)
Event: 2.580 Thread 0x0000000053def000 nmethod 1097 0x00000000017d6090 code [0x00000000017d6340, 0x00000000017d6c88]
Event: 2.580 Thread 0x0000000053def000 1098       2       com.android.dx.rop.type.Type::getInitializedType (42 bytes)

GC Heap History (1 events):
Event: 2.583 GC heap before
{Heap before GC invocations=1 (full 0):
 PSYoungGen      total 36864K, used 31744K [0x00000000eab00000, 0x00000000ed400000, 0x0000000100000000)
  eden space 31744K, 100% used [0x00000000eab00000,0x00000000eca00000,0x00000000eca00000)
  from space 5120K, 0% used [0x00000000ecf00000,0x00000000ecf00000,0x00000000ed400000)
  to   space 5120K, 0% used [0x00000000eca00000,0x00000000eca00000,0x00000000ecf00000)
 ParOldGen       total 84992K, used 0K [0x00000000c0000000, 0x00000000c5300000, 0x00000000eab00000)
  object space 84992K, 0% used [0x00000000c0000000,0x00000000c0000000,0x00000000c5300000)
 Metaspace       used 5690K, capacity 6832K, committed 7040K, reserved 1056768K
  class space    used 578K, capacity 616K, committed 640K, reserved 1048576K

Deoptimization events (10 events):
Event: 2.488 Thread 0x000000005574f000 Uncommon trap: reason=unstable_if action=reinterpret pc=0x000000000176bb40 method=com.android.dx.rop.code.RegisterSpec.equals(ILcom/android/dx/rop/type/TypeBearer;Lcom/android/dx/rop/code/LocalItem;)Z @ 16
Event: 2.494 Thread 0x000000005574f000 Uncommon trap: reason=bimorphic action=maybe_recompile pc=0x0000000001778d78 method=java.util.HashMap.getNode(ILjava/lang/Object;)Ljava/util/HashMap$Node; @ 126
Event: 2.494 Thread 0x000000005574f000 Uncommon trap: reason=bimorphic action=maybe_recompile pc=0x0000000001778d78 method=java.util.HashMap.getNode(ILjava/lang/Object;)Ljava/util/HashMap$Node; @ 126
Event: 2.494 Thread 0x000000005574f000 Uncommon trap: reason=bimorphic action=maybe_recompile pc=0x0000000001778d78 method=java.util.HashMap.getNode(ILjava/lang/Object;)Ljava/util/HashMap$Node; @ 126
Event: 2.494 Thread 0x000000005574f000 Uncommon trap: reason=bimorphic action=maybe_recompile pc=0x0000000001778d78 method=java.util.HashMap.getNode(ILjava/lang/Object;)Ljava/util/HashMap$Node; @ 126
Event: 2.546 Thread 0x000000005574f000 Uncommon trap: reason=unstable_if action=reinterpret pc=0x0000000001730d3c method=com.android.dx.cf.code.ByteCatchList.listFor(I)Lcom/android/dx/cf/code/ByteCatchList; @ 19
Event: 2.548 Thread 0x000000005574f000 Uncommon trap: reason=class_check action=maybe_recompile pc=0x00000000015e3418 method=com.android.dx.rop.type.Type.equals(Ljava/lang/Object;)Z @ 8
Event: 2.548 Thread 0x000000005574f000 Uncommon trap: reason=null_check action=make_not_entrant pc=0x00000000015e3428 method=com.android.dx.rop.type.Type.equals(Ljava/lang/Object;)Z @ 8
Event: 2.549 Thread 0x000000005574f000 Uncommon trap: reason=unstable_if action=reinterpret pc=0x00000000016f14e8 method=com.android.dx.cf.code.Ropper.labelToResultIndex(I)I @ 34
Event: 2.549 Thread 0x000000005574f000 Uncommon trap: reason=unstable_if action=reinterpret pc=0x0000000001728e98 method=com.android.dx.rop.code.RegisterSpec.equals(ILcom/android/dx/rop/type/TypeBearer;Lcom/android/dx/rop/code/LocalItem;)Z @ 16

Internal exceptions (3 events):
Event: 0.098 Thread 0x0000000000f3f000 Exception <a 'java/lang/NoSuchMethodError': Method sun.misc.Unsafe.defineClass(Ljava/lang/String;[BII)Ljava/lang/Class; name or signature does not match> (0x00000000eab07cc0) thrown at [C:\re\workspace\8-2-build-windows-amd64-cygwin\jdk8u101\7261\hotspot\s>î4»£π?
Event: 0.098 Thread 0x0000000000f3f000 Exception <a 'java/lang/NoSuchMethodError': Method sun.misc.Unsafe.prefetchRead(Ljava/lang/Object;J)V name or signature does not match> (0x00000000eab07fa8) thrown at [C:\re\workspace\8-2-build-windows-amd64-cygwin\jdk8u101\7261\hotspot\src\share\vm\prims\ö£z—b@
Event: 2.548 Thread 0x000000005574f000 Implicit null exception at 0x00000000015e3312 to 0x00000000015e3419

Events (10 events):
Event: 2.549 loading class java/util/HashMap$ValueIterator done
Event: 2.549 Thread 0x000000005574f000 Uncommon trap: trap_request=0xffffff65 fr.pc=0x00000000016f14e8
Event: 2.549 Thread 0x000000005574f000 DEOPT PACKING pc=0x00000000016f14e8 sp=0x0000000055d6ea50
Event: 2.549 Thread 0x000000005574f000 DEOPT UNPACKING pc=0x00000000013b582a sp=0x0000000055d6e9f8 mode 2
Event: 2.549 Thread 0x000000005574f000 Uncommon trap: trap_request=0xffffff65 fr.pc=0x0000000001728e98
Event: 2.549 Thread 0x000000005574f000 DEOPT PACKING pc=0x0000000001728e98 sp=0x0000000055d6e980
Event: 2.549 Thread 0x000000005574f000 DEOPT UNPACKING pc=0x00000000013b582a sp=0x0000000055d6e7c0 mode 2
Event: 2.579 Thread 0x000000005574f000 DEOPT PACKING pc=0x00000000016ce89e sp=0x0000000055d6e800
Event: 2.579 Thread 0x000000005574f000 DEOPT UNPACKING pc=0x00000000013b787f sp=0x0000000055d6e568 mode 0
Event: 2.580 Executing VM operation: ParallelGCFailedAllocation


Dynamic libraries:
0x000000013f870000 - 0x000000013f8a7000 	C:\Program Files\Java\jdk1.8.0_101\bin\java.exe
0x0000000076e10000 - 0x0000000076fba000 	C:\Windows\SYSTEM32\ntdll.dll
0x0000000076bf0000 - 0x0000000076d0f000 	C:\Windows\system32\kernel32.dll
0x000007fefce00000 - 0x000007fefce6a000 	C:\Windows\system32\KERNELBASE.dll
0x000007fefeab0000 - 0x000007fefeb8b000 	C:\Windows\system32\ADVAPI32.dll
0x000007fefd240000 - 0x000007fefd2df000 	C:\Windows\system32\msvcrt.dll
0x000007fefea00000 - 0x000007fefea1f000 	C:\Windows\SYSTEM32\sechost.dll
0x000007fefcf00000 - 0x000007fefd02d000 	C:\Windows\system32\RPCRT4.dll
0x0000000076d10000 - 0x0000000076e0a000 	C:\Windows\system32\USER32.dll
0x000007fefd980000 - 0x000007fefd9e7000 	C:\Windows\system32\GDI32.dll
0x000007fefeaa0000 - 0x000007fefeaae000 	C:\Windows\system32\LPK.dll
0x000007fefd8b0000 - 0x000007fefd97a000 	C:\Windows\system32\USP10.dll
0x000007fef9e30000 - 0x000007fefa024000 	C:\Windows\WinSxS\amd64_microsoft.windows.common-controls_6595b64144ccf1df_6.0.7601.18837_none_fa3b1e3d17594757\COMCTL32.dll
0x000007fefda40000 - 0x000007fefdab1000 	C:\Windows\system32\SHLWAPI.dll
0x000007fefd030000 - 0x000007fefd05e000 	C:\Windows\system32\IMM32.DLL
0x000007feff010000 - 0x000007feff119000 	C:\Windows\system32\MSCTF.dll
0x00000000743f0000 - 0x00000000744c2000 	C:\Program Files\Java\jdk1.8.0_101\jre\bin\msvcr100.dll
0x000000006fc60000 - 0x00000000704fa000 	C:\Program Files\Java\jdk1.8.0_101\jre\bin\server\jvm.dll
0x000007fef9100000 - 0x000007fef9109000 	C:\Windows\system32\WSOCK32.dll
0x000007fefd9f0000 - 0x000007fefda3d000 	C:\Windows\system32\WS2_32.dll
0x000007fefd5b0000 - 0x000007fefd5b8000 	C:\Windows\system32\NSI.dll
0x000007fef9800000 - 0x000007fef983b000 	C:\Windows\system32\WINMM.dll
0x000007fefba70000 - 0x000007fefba7c000 	C:\Windows\system32\VERSION.dll
0x0000000076fe0000 - 0x0000000076fe7000 	C:\Windows\system32\PSAPI.DLL
0x00000000743e0000 - 0x00000000743ef000 	C:\Program Files\Java\jdk1.8.0_101\jre\bin\verify.dll
0x00000000743b0000 - 0x00000000743d9000 	C:\Program Files\Java\jdk1.8.0_101\jre\bin\java.dll
0x0000000074390000 - 0x00000000743a6000 	C:\Program Files\Java\jdk1.8.0_101\jre\bin\zip.dll
0x000007fefdac0000 - 0x000007fefe84a000 	C:\Windows\system32\SHELL32.dll
0x000007fefd5c0000 - 0x000007fefd7c3000 	C:\Windows\system32\ole32.dll
0x000007fefcb40000 - 0x000007fefcb4f000 	C:\Windows\system32\profapi.dll

VM Arguments:
jvm_args: -Djava.awt.headless=true -Xmx1024M -Dfile.encoding=windows-1252 -Duser.country=US -Duser.language=en -Duser.variant 
java_command: com.android.dx.command.Main --dex --force-jumbo --num-threads=4 --multi-dex --output C:\Pitonew\Android-Pitonew\app\build\intermediates\transforms\dex\debug\folders\1000\5\slice_1 C:\Pitonew\Android-Pitonew\app\build\intermediates\transforms\instantRunSlicer\debug\folders\1\5\slice_1
java_class_path (initial): C:\Users\jco\AppData\Local\Android\sdk\build-tools\25.0.2\lib\dx.jar
Launcher Type: SUN_STANDARD

Environment Variables:
JAVA_HOME=C:\Program Files\Java\jre1.8.0_111
PATH=C:\ProgramData\Oracle\Java\javapath;C:\Windows\system32;C:\Windows;C:\Windows\System32\Wbem;C:\Windows\System32\WindowsPowerShell\v1.0\;C:\Windows\CCM;C:\Program Files (x86)\WebEx\Productivity Tools;C:\Program Files\Microsoft SQL Server\Client SDK\ODBC\110\Tools\Binn\;C:\Program Files (x86)\Microsoft SQL Server\120\Tools\Binn\;C:\Program Files\Microsoft SQL Server\120\Tools\Binn\;C:\Program Files\Microsoft SQL Server\120\DTS\Binn\;C:\Program Files (x86)\WebEx\PTools020000000;C:\Program Files\TortoiseHg\;C:\RailsInstaller\Git\cmd;C:\RailsInstaller\nodejs\;C:\Program Files (x86)\Heroku\bin;C:\Program Files (x86)\git\cmd;C:\Program Files (x86)\Git\cmd;C:\Program Files (x86)\Brackets\command;C:\Program Files (x86)\nodejs\;C:\Program Files (x86)\Microsoft SQL Server\120\Tools\Binn\ManagementStudio\;C:\Program Files (x86)\Microsoft SQL Server\120\DTS\Binn\;C:\RailsInstaller\Git\cmd;C:\Quality Assurance\jruby-1.7.26\bin;c:\Python27;C:\Program Files\Mercurial;C:\Users\jco\AppData\Roaming\npm;C:\Users\jco\Downloads\apache-maven-3.3.9-bin\apache-maven-3.3.9\bin;C:\Users\jco\AppData\Local\Box\Box Edit\
USERNAME=jco
OS=Windows_NT
PROCESSOR_IDENTIFIER=Intel64 Family 6 Model 61 Stepping 4, GenuineIntel



---------------  S Y S T E M  ---------------

OS: Windows 7 , 64 bit Build 7601 (6.1.7601.23572)

CPU:total 4 (2 cores per cpu, 2 threads per core) family 6 model 61 stepping 4, cmov, cx8, fxsr, mmx, sse, sse2, sse3, ssse3, sse4.1, sse4.2, popcnt, avx, avx2, aes, clmul, erms, 3dnowpref, lzcnt, ht, tsc, tscinvbit, bmi1, bmi2, adx

Memory: 4k page, physical 8077544k(978520k free), swap 16315464k(7156k free)

vm_info: Java HotSpot(TM) 64-Bit Server VM (25.101-b13) for windows-amd64 JRE (1.8.0_101-b13), built on Jun 22 2016 01:21:29 by "java_re" with MS VC++ 10.0 (VS2010)

time: Mon Mar 27 15:16:28 2017
elapsed time: 2 seconds (0d 0h 0m 2s)

