#
# There is insufficient memory for the Java Runtime Environment to continue.
# Native memory allocation (malloc) failed to allocate 262160 bytes for Chunk::new
# Possible reasons:
#   The system is out of physical RAM or swap space
#   In 32 bit mode, the process size limit was hit
# Possible solutions:
#   Reduce memory load on the system
#   Increase physical memory or swap space
#   Check if swap backing store is full
#   Use 64 bit Java on a 64 bit OS
#   Decrease Java heap size (-Xmx/-Xms)
#   Decrease number of Java threads
#   Decrease Java thread stack sizes (-Xss)
#   Set larger code cache with -XX:ReservedCodeCacheSize=
# This output file may be truncated or incomplete.
#
#  Out of Memory Error (allocation.cpp:390), pid=17204, tid=0x0000000000003d0c
#
# JRE version: Java(TM) SE Runtime Environment (8.0_101-b13) (build 1.8.0_101-b13)
# Java VM: Java HotSpot(TM) 64-Bit Server VM (25.101-b13 mixed mode windows-amd64 compressed oops)
# Failed to write core dump. Minidumps are not enabled by default on client versions of Windows
#

---------------  T H R E A D  ---------------

Current thread (0x000000005547f800):  JavaThread "C2 CompilerThread1" daemon [_thread_in_native, id=15628, stack(0x00000000558d0000,0x00000000559d0000)]

Stack: [0x00000000558d0000,0x00000000559d0000]
[error occurred during error reporting (printing stack bounds), id 0xc0000005]

Native frames: (J=compiled Java code, j=interpreted, Vv=VM code, C=native code)


Current CompileTask:
C2:   5527 1675       4       com.android.dx.ssa.SCCP::simulatePhi (169 bytes)


---------------  P R O C E S S  ---------------

Java Threads: ( => current thread )
  0x0000000055613000 JavaThread "pool-2-thread-4" [_thread_blocked, id=8860, stack(0x00000000565a0000,0x00000000566a0000)]
  0x0000000055610800 JavaThread "pool-2-thread-3" [_thread_blocked, id=4416, stack(0x00000000563d0000,0x00000000564d0000)]
  0x000000005560d800 JavaThread "pool-2-thread-2" [_thread_blocked, id=8740, stack(0x00000000561f0000,0x00000000562f0000)]
  0x00000000556f1000 JavaThread "pool-3-thread-1" [_thread_blocked, id=15356, stack(0x00000000560e0000,0x00000000561e0000)]
  0x00000000556f0800 JavaThread "pool-2-thread-1" [_thread_blocked, id=2184, stack(0x0000000055a90000,0x0000000055b90000)]
  0x0000000055499800 JavaThread "Service Thread" daemon [_thread_blocked, id=13824, stack(0x0000000055cc0000,0x0000000055dc0000)]
  0x0000000055480000 JavaThread "C1 CompilerThread2" daemon [_thread_blocked, id=14176, stack(0x0000000055ba0000,0x0000000055ca0000)]
=>0x000000005547f800 JavaThread "C2 CompilerThread1" daemon [_thread_in_native, id=15628, stack(0x00000000558d0000,0x00000000559d0000)]
  0x0000000053d5a000 JavaThread "C2 CompilerThread0" daemon [_thread_in_native, id=6012, stack(0x0000000055330000,0x0000000055430000)]
  0x0000000053d55800 JavaThread "Attach Listener" daemon [_thread_blocked, id=17864, stack(0x0000000054ec0000,0x0000000054fc0000)]
  0x0000000053d52000 JavaThread "Signal Dispatcher" daemon [_thread_blocked, id=16964, stack(0x0000000055150000,0x0000000055250000)]
  0x0000000053d39000 JavaThread "Finalizer" daemon [_thread_blocked, id=16136, stack(0x0000000055030000,0x0000000055130000)]
  0x0000000053cf2000 JavaThread "Reference Handler" daemon [_thread_blocked, id=18144, stack(0x0000000054db0000,0x0000000054eb0000)]
  0x0000000000e4f000 JavaThread "main" [_thread_blocked, id=8484, stack(0x0000000001010000,0x0000000001110000)]

Other Threads:
  0x0000000053cea000 VMThread [stack: 0x0000000054c80000,0x0000000054d80000] [id=3872]
  0x00000000554a6000 WatcherThread [stack: 0x0000000055e40000,0x0000000055f40000] [id=2212]

VM state:not at safepoint (normal execution)

VM Mutex/Monitor currently owned by a thread: None

Heap:
 PSYoungGen      total 68608K, used 24899K [0x00000000eab00000, 0x00000000ef300000, 0x0000000100000000)
  eden space 63488K, 31% used [0x00000000eab00000,0x00000000ebe54e90,0x00000000ee900000)
  from space 5120K, 99% used [0x00000000eee00000,0x00000000ef2fc038,0x00000000ef300000)
  to   space 5120K, 0% used [0x00000000ee900000,0x00000000ee900000,0x00000000eee00000)
 ParOldGen       total 84992K, used 5932K [0x00000000c0000000, 0x00000000c5300000, 0x00000000eab00000)
  object space 84992K, 6% used [0x00000000c0000000,0x00000000c05cb158,0x00000000c5300000)
 Metaspace       used 6104K, capacity 7088K, committed 7296K, reserved 1056768K
  class space    used 590K, capacity 616K, committed 640K, reserved 1048576K

Card table byte_map: [0x00000000107a0000,0x00000000109b0000] byte_map_base: 0x00000000101a0000

Marking Bits: (ParMarkBitMap*) 0x000000006fffa6d0
 Begin Bits: [0x0000000011160000, 0x0000000012160000)
 End Bits:   [0x0000000012160000, 0x0000000013160000)

Polling page: 0x0000000000110000

CodeCache: size=245760Kb used=7122Kb max_used=7159Kb free=238637Kb
 bounds [0x00000000013e0000, 0x0000000001af0000, 0x00000000103e0000]
 total_blobs=1905 nmethods=1641 adapters=176
 compilation: enabled

Compilation events (10 events):
Event: 5.138 Thread 0x0000000055480000 1673       3       com.android.dx.dex.code.OutputFinisher::<init> (48 bytes)
Event: 5.138 Thread 0x0000000055480000 nmethod 1673 0x0000000001ac25d0 code [0x0000000001ac2740, 0x0000000001ac29e8]
Event: 5.139 Thread 0x0000000055480000 1674       3       com.android.dx.dex.code.RopTranslator::translateAndGetResult (48 bytes)
Event: 5.139 Thread 0x0000000055480000 nmethod 1674 0x0000000001ac2b10 code [0x0000000001ac2ce0, 0x0000000001ac3218]
Event: 5.205 Thread 0x000000005547f800 nmethod 1593 0x0000000001ace2d0 code [0x0000000001acfb00, 0x0000000001ad8a10]
Event: 5.205 Thread 0x000000005547f800 1667       4       com.android.dx.ssa.SsaBasicBlock::getRopLabelSuccessorList (57 bytes)
Event: 5.221 Thread 0x000000005547f800 nmethod 1667 0x0000000001ac9fd0 code [0x0000000001aca160, 0x0000000001aca898]
Event: 5.222 Thread 0x000000005547f800 1627       4       com.android.dx.ssa.BasicRegisterMapper::addMapping (68 bytes)
Event: 5.232 Thread 0x000000005547f800 nmethod 1627 0x0000000001ac9650 code [0x0000000001ac97a0, 0x0000000001ac9bd8]
Event: 5.232 Thread 0x000000005547f800 1675       4       com.android.dx.ssa.SCCP::simulatePhi (169 bytes)

GC Heap History (4 events):
Event: 1.975 GC heap before
{Heap before GC invocations=1 (full 0):
 PSYoungGen      total 36864K, used 31744K [0x00000000eab00000, 0x00000000ed400000, 0x0000000100000000)
  eden space 31744K, 100% used [0x00000000eab00000,0x00000000eca00000,0x00000000eca00000)
  from space 5120K, 0% used [0x00000000ecf00000,0x00000000ecf00000,0x00000000ed400000)
  to   space 5120K, 0% used [0x00000000eca00000,0x00000000eca00000,0x00000000ecf00000)
 ParOldGen       total 84992K, used 0K [0x00000000c0000000, 0x00000000c5300000, 0x00000000eab00000)
  object space 84992K, 0% used [0x00000000c0000000,0x00000000c0000000,0x00000000c5300000)
 Metaspace       used 5886K, capacity 6960K, committed 7040K, reserved 1056768K
  class space    used 589K, capacity 616K, committed 640K, reserved 1048576K
Event: 2.313 GC heap after
Heap after GC invocations=1 (full 0):
 PSYoungGen      total 36864K, used 5111K [0x00000000eab00000, 0x00000000ef300000, 0x0000000100000000)
  eden space 31744K, 0% used [0x00000000eab00000,0x00000000eab00000,0x00000000eca00000)
  from space 5120K, 99% used [0x00000000eca00000,0x00000000ecefdc88,0x00000000ecf00000)
  to   space 5120K, 0% used [0x00000000eee00000,0x00000000eee00000,0x00000000ef300000)
 ParOldGen       total 84992K, used 995K [0x00000000c0000000, 0x00000000c5300000, 0x00000000eab00000)
  object space 84992K, 1% used [0x00000000c0000000,0x00000000c00f8d18,0x00000000c5300000)
 Metaspace       used 5886K, capacity 6960K, committed 7040K, reserved 1056768K
  class space    used 589K, capacity 616K, committed 640K, reserved 1048576K
}
Event: 2.821 GC heap before
{Heap before GC invocations=2 (full 0):
 PSYoungGen      total 36864K, used 36855K [0x00000000eab00000, 0x00000000ef300000, 0x0000000100000000)
  eden space 31744K, 100% used [0x00000000eab00000,0x00000000eca00000,0x00000000eca00000)
  from space 5120K, 99% used [0x00000000eca00000,0x00000000ecefdc88,0x00000000ecf00000)
  to   space 5120K, 0% used [0x00000000eee00000,0x00000000eee00000,0x00000000ef300000)
 ParOldGen       total 84992K, used 995K [0x00000000c0000000, 0x00000000c5300000, 0x00000000eab00000)
  object space 84992K, 1% used [0x00000000c0000000,0x00000000c00f8d18,0x00000000c5300000)
 Metaspace       used 6019K, capacity 7088K, committed 7296K, reserved 1056768K
  class space    used 589K, capacity 616K, committed 640K, reserved 1048576K
Event: 3.246 GC heap after
Heap after GC invocations=2 (full 0):
 PSYoungGen      total 68608K, used 5104K [0x00000000eab00000, 0x00000000ef300000, 0x0000000100000000)
  eden space 63488K, 0% used [0x00000000eab00000,0x00000000eab00000,0x00000000ee900000)
  from space 5120K, 99% used [0x00000000eee00000,0x00000000ef2fc038,0x00000000ef300000)
  to   space 5120K, 0% used [0x00000000ee900000,0x00000000ee900000,0x00000000eee00000)
 ParOldGen       total 84992K, used 5932K [0x00000000c0000000, 0x00000000c5300000, 0x00000000eab00000)
  object space 84992K, 6% used [0x00000000c0000000,0x00000000c05cb158,0x00000000c5300000)
 Metaspace       used 6019K, capacity 7088K, committed 7296K, reserved 1056768K
  class space    used 589K, capacity 616K, committed 640K, reserved 1048576K
}

Deoptimization events (10 events):
Event: 2.459 Thread 0x0000000000e4f000 Uncommon trap: reason=unstable_if action=reinterpret pc=0x00000000016bc52c method=com.android.dx.rop.code.RegisterSpec.equals(ILcom/android/dx/rop/type/TypeBearer;Lcom/android/dx/rop/code/LocalItem;)Z @ 42
Event: 2.460 Thread 0x0000000000e4f000 Uncommon trap: reason=unstable_if action=reinterpret pc=0x00000000017aef1c method=com.android.dx.ssa.SsaRenamer$BlockRenamer.addMapping(ILcom/android/dx/rop/code/RegisterSpec;)V @ 120
Event: 2.501 Thread 0x0000000000e4f000 Uncommon trap: reason=unstable_if action=reinterpret pc=0x000000000175a2dc method=com.android.dx.rop.code.RegisterSpecSet.put(Lcom/android/dx/rop/code/RegisterSpec;)V @ 77
Event: 2.501 Thread 0x0000000000e4f000 Uncommon trap: reason=unstable_if action=reinterpret pc=0x00000000017b8e4c method=com.android.dx.rop.code.RegisterSpecSet.put(Lcom/android/dx/rop/code/RegisterSpec;)V @ 77
Event: 2.521 Thread 0x0000000000e4f000 Uncommon trap: reason=bimorphic action=maybe_recompile pc=0x00000000017f5db4 method=java.util.HashMap.putVal(ILjava/lang/Object;Ljava/lang/Object;ZZ)Ljava/lang/Object; @ 91
Event: 2.588 Thread 0x0000000055610800 Uncommon trap: reason=null_check action=make_not_entrant pc=0x000000000182fc2c method=com.android.dx.ssa.SsaRenamer.getLocalForNewReg(I)Lcom/android/dx/rop/code/LocalItem; @ 19
Event: 2.676 Thread 0x0000000000e4f000 Uncommon trap: reason=unstable_if action=reinterpret pc=0x00000000017a70cc method=com.android.dx.ssa.SsaMethod.updateOneDefinition(Lcom/android/dx/ssa/SsaInsn;Lcom/android/dx/rop/code/RegisterSpec;)V @ 4
Event: 3.474 Thread 0x000000005560d800 Uncommon trap: reason=unstable_if action=reinterpret pc=0x0000000001826004 method=com.android.dx.rop.cst.Constant.compareTo(Lcom/android/dx/rop/cst/Constant;)I @ 12
Event: 3.519 Thread 0x000000005560d800 Uncommon trap: reason=null_check action=make_not_entrant pc=0x0000000001838700 method=com.android.dx.ssa.SsaRenamer.getLocalForNewReg(I)Lcom/android/dx/rop/code/LocalItem; @ 19
Event: 5.161 Thread 0x0000000055610800 Uncommon trap: reason=null_check action=make_not_entrant pc=0x00000000016f4498 method=com.android.dx.rop.type.Type.equals(Ljava/lang/Object;)Z @ 8

Internal exceptions (5 events):
Event: 0.085 Thread 0x0000000000e4f000 Exception <a 'java/lang/NoSuchMethodError': Method sun.misc.Unsafe.defineClass(Ljava/lang/String;[BII)Ljava/lang/Class; name or signature does not match> (0x00000000eab07cc0) thrown at [C:\re\workspace\8-2-build-windows-amd64-cygwin\jdk8u101\7261\hotspot\s¯ßäý]Ôµ?
Event: 0.085 Thread 0x0000000000e4f000 Exception <a 'java/lang/NoSuchMethodError': Method sun.misc.Unsafe.prefetchRead(Ljava/lang/Object;J)V name or signature does not match> (0x00000000eab07fa8) thrown at [C:\re\workspace\8-2-build-windows-amd64-cygwin\jdk8u101\7261\hotspot\src\share\vm\prims\=(ýƒ(´@
Event: 2.588 Thread 0x0000000055610800 Implicit null exception at 0x000000000182eee3 to 0x000000000182fbe1
Event: 3.519 Thread 0x000000005560d800 Implicit null exception at 0x0000000001837bd1 to 0x00000000018386dd
Event: 5.161 Thread 0x0000000055610800 Implicit null exception at 0x00000000016f4392 to 0x00000000016f448a

Events (10 events):
Event: 3.519 Thread 0x000000005560d800 Uncommon trap: trap_request=0xfffffff4 fr.pc=0x0000000001838700
Event: 3.519 Thread 0x000000005560d800 DEOPT PACKING pc=0x0000000001838700 sp=0x00000000562ee480
Event: 3.519 Thread 0x000000005560d800 DEOPT UNPACKING pc=0x000000000142582a sp=0x00000000562ee2d8 mode 2
Event: 4.284 Executing VM operation: EnableBiasedLocking
Event: 4.285 Executing VM operation: EnableBiasedLocking done
Event: 4.578 loading class com/android/dx/cf/attrib/AttDeprecated
Event: 4.578 loading class com/android/dx/cf/attrib/AttDeprecated done
Event: 5.161 Thread 0x0000000055610800 Uncommon trap: trap_request=0xfffffff4 fr.pc=0x00000000016f4498
Event: 5.161 Thread 0x0000000055610800 DEOPT PACKING pc=0x00000000016f4498 sp=0x00000000564ce7f0
Event: 5.161 Thread 0x0000000055610800 DEOPT UNPACKING pc=0x000000000142582a sp=0x00000000564ce778 mode 2


Dynamic libraries:
0x000000013fd70000 - 0x000000013fda7000 	C:\Program Files\Java\jdk1.8.0_101\bin\java.exe
0x0000000077560000 - 0x000000007770a000 	C:\Windows\SYSTEM32\ntdll.dll
0x0000000077440000 - 0x000000007755f000 	C:\Windows\system32\kernel32.dll
0x000007fefd2d0000 - 0x000007fefd33a000 	C:\Windows\system32\KERNELBASE.dll
0x000007feff0f0000 - 0x000007feff1cb000 	C:\Windows\system32\ADVAPI32.dll
0x000007fefedf0000 - 0x000007fefee8f000 	C:\Windows\system32\msvcrt.dll
0x000007fefed70000 - 0x000007fefed8f000 	C:\Windows\SYSTEM32\sechost.dll
0x000007fefe9b0000 - 0x000007fefeadd000 	C:\Windows\system32\RPCRT4.dll
0x0000000077340000 - 0x000000007743a000 	C:\Windows\system32\USER32.dll
0x000007feff800000 - 0x000007feff867000 	C:\Windows\system32\GDI32.dll
0x000007feff4b0000 - 0x000007feff4be000 	C:\Windows\system32\LPK.dll
0x000007fefee90000 - 0x000007fefef5a000 	C:\Windows\system32\USP10.dll
0x000007fefa8a0000 - 0x000007fefaa94000 	C:\Windows\WinSxS\amd64_microsoft.windows.common-controls_6595b64144ccf1df_6.0.7601.18837_none_fa3b1e3d17594757\COMCTL32.dll
0x000007feff4d0000 - 0x000007feff541000 	C:\Windows\system32\SHLWAPI.dll
0x000007feff7d0000 - 0x000007feff7fe000 	C:\Windows\system32\IMM32.DLL
0x000007fefec60000 - 0x000007fefed69000 	C:\Windows\system32\MSCTF.dll
0x0000000078dc0000 - 0x0000000078e92000 	C:\Program Files\Java\jdk1.8.0_101\jre\bin\msvcr100.dll
0x000000006f7e0000 - 0x000000007007a000 	C:\Program Files\Java\jdk1.8.0_101\jre\bin\server\jvm.dll
0x000007fef9b50000 - 0x000007fef9b59000 	C:\Windows\system32\WSOCK32.dll
0x000007feff550000 - 0x000007feff59d000 	C:\Windows\system32\WS2_32.dll
0x000007feff4c0000 - 0x000007feff4c8000 	C:\Windows\system32\NSI.dll
0x000007fefa230000 - 0x000007fefa26b000 	C:\Windows\system32\WINMM.dll
0x000007fefc1c0000 - 0x000007fefc1cc000 	C:\Windows\system32\VERSION.dll
0x0000000077720000 - 0x0000000077727000 	C:\Windows\system32\PSAPI.DLL
0x0000000074c70000 - 0x0000000074c7f000 	C:\Program Files\Java\jdk1.8.0_101\jre\bin\verify.dll
0x0000000074b80000 - 0x0000000074ba9000 	C:\Program Files\Java\jdk1.8.0_101\jre\bin\java.dll
0x0000000074b60000 - 0x0000000074b76000 	C:\Program Files\Java\jdk1.8.0_101\jre\bin\zip.dll
0x000007fefdc20000 - 0x000007fefe9aa000 	C:\Windows\system32\SHELL32.dll
0x000007feff5c0000 - 0x000007feff7c3000 	C:\Windows\system32\ole32.dll
0x000007fefd290000 - 0x000007fefd29f000 	C:\Windows\system32\profapi.dll

VM Arguments:
jvm_args: -Djava.awt.headless=true -Xmx1024M -Dfile.encoding=windows-1252 -Duser.country=US -Duser.language=en -Duser.variant 
java_command: com.android.dx.command.Main --dex --num-threads=4 --multi-dex --output C:\Pitonew\Android-Pitonew\app\build\intermediates\transforms\dex\debug\folders\1000\10\com.android.support-support-media-compat-24.2.1_17a29c17bcc7d6344fbbeef12a6dc20e6b2e21fd C:\Pitonew\Android-Pitonew\app\build\intermediates\exploded-aar\com.android.support\support-media-compat\24.2.1\jars\classes.jar
java_class_path (initial): C:\Users\jco\AppData\Local\Android\sdk\build-tools\24.0.2\lib\dx.jar
Launcher Type: SUN_STANDARD

Environment Variables:
JAVA_HOME=C:\Program Files\Java\jre1.8.0_111
PATH=C:\ProgramData\Oracle\Java\javapath;C:\Windows\system32;C:\Windows;C:\Windows\System32\Wbem;C:\Windows\System32\WindowsPowerShell\v1.0\;C:\Windows\CCM;C:\Program Files (x86)\WebEx\Productivity Tools;C:\Program Files\Microsoft SQL Server\Client SDK\ODBC\110\Tools\Binn\;C:\Program Files (x86)\Microsoft SQL Server\120\Tools\Binn\;C:\Program Files\Microsoft SQL Server\120\Tools\Binn\;C:\Program Files\Microsoft SQL Server\120\DTS\Binn\;C:\Program Files (x86)\WebEx\PTools020000000;C:\Program Files\TortoiseHg\;C:\RailsInstaller\Git\cmd;C:\RailsInstaller\nodejs\;C:\Program Files (x86)\Heroku\bin;C:\Program Files (x86)\git\cmd;C:\Program Files (x86)\Git\cmd;C:\Program Files (x86)\Brackets\command;C:\Program Files (x86)\nodejs\;C:\Program Files (x86)\Microsoft SQL Server\120\Tools\Binn\ManagementStudio\;C:\Program Files (x86)\Microsoft SQL Server\120\DTS\Binn\;C:\RailsInstaller\Git\cmd;C:\Quality Assurance\jruby-1.7.26\bin;c:\Python27;C:\Program Files\Mercurial;C:\Users\jco\AppData\Roaming\npm;C:\Users\jco\Downloads\apache-maven-3.3.9-bin\apache-maven-3.3.9\bin;C:\Users\jco\AppData\Local\Box\Box Edit\
USERNAME=jco
OS=Windows_NT
PROCESSOR_IDENTIFIER=Intel64 Family 6 Model 61 Stepping 4, GenuineIntel



---------------  S Y S T E M  ---------------

OS: Windows 7 , 64 bit Build 7601 (6.1.7601.23572)

CPU:total 4 (2 cores per cpu, 2 threads per core) family 6 model 61 stepping 4, cmov, cx8, fxsr, mmx, sse, sse2, sse3, ssse3, sse4.1, sse4.2, popcnt, avx, avx2, aes, clmul, erms, 3dnowpref, lzcnt, ht, tsc, tscinvbit, bmi1, bmi2, adx

Memory: 4k page, physical 8077544k(1094700k free), swap 17870484k(5116k free)

vm_info: Java HotSpot(TM) 64-Bit Server VM (25.101-b13) for windows-amd64 JRE (1.8.0_101-b13), built on Jun 22 2016 01:21:29 by "java_re" with MS VC++ 10.0 (VS2010)

time: Tue Mar 07 16:52:26 2017
elapsed time: 5 seconds (0d 0h 0m 5s)

