#
# A fatal error has been detected by the Java Runtime Environment:
#
#  Internal Error (0xc06d007e), pid=14808, tid=0x0000000000003348
#
# JRE version:  (8.0_101-b13) (build )
# Java VM: Java HotSpot(TM) 64-Bit Server VM (25.101-b13 mixed mode windows-amd64 compressed oops)
# Problematic frame:
# C  [KERNELBASE.dll+0x1a06d]
#
# Failed to write core dump. Minidumps are not enabled by default on client versions of Windows
#
# If you would like to submit a bug report, please visit:
#   http://bugreport.java.com/bugreport/crash.jsp
# The crash happened outside the Java Virtual Machine in native code.
# See problematic frame for where to report the bug.
#

---------------  T H R E A D  ---------------

Current thread (0x0000000000d9f000):  JavaThread "main" [_thread_in_native, id=13128, stack(0x0000000000ea0000,0x0000000000fa0000)]

siginfo: ExceptionCode=0xc06d007e, ExceptionInformation=0x0000000000f9ea10 

Registers:
RAX=0x00000000725e3380, RBX=0x0000000000000000, RCX=0x0000000000f9e310, RDX=0x0000000000000160
RSP=0x0000000000f9e920, RBP=0x0000000000f9ea68, RSI=0x0000000074b9d87c, RDI=0x0000000000000000
R8 =0x0000000000000000, R9 =0x0000000000000000, R10=0x0000000000000004, R11=0x0000000000f9e960
R12=0x0000000000000001, R13=0x0000000074ba5780, R14=0x0000000074ba5510, R15=0x0000000074b9d908
RIP=0x000007fefd2ea06d, EFLAGS=0x0000000000000202

Top of Stack: (sp=0x0000000000f9e920)
0x0000000000f9e920:   0000000000000000 0000000074b9d87c
0x0000000000f9e930:   0000000000000000 00000000775af9d8
0x0000000000f9e940:   00000000c06d007e 0000000000000000
0x0000000000f9e950:   000007fefd2ea06d 0000000000000001
0x0000000000f9e960:   0000000000f9ea10 000007fefd2dc7af
0x0000000000f9e970:   0000000000000000 0000000000000000
0x0000000000f9e980:   0000000000000000 0000000000000001
0x0000000000f9e990:   0000000000000000 0000000000000000
0x0000000000f9e9a0:   00000000000c000b 0000000074b9cb40
0x0000000000f9e9b0:   0000000000000000 0000000077456544
0x0000000000f9e9c0:   0000000074b9cb40 00000000004c0230
0x0000000000f9e9d0:   0000000074b90000 0000000078de5695
0x0000000000f9e9e0:   0000000000000000 0000000074b98877
0x0000000000f9e9f0:   00000000004c0230 0000000000000000
0x0000000000f9ea00:   0000000000000001 0000000078e138a8
0x0000000000f9ea10:   0000000000000048 0000000074b9d87c 

Instructions: (pc=0x000007fefd2ea06d)
0x000007fefd2ea04d:   54 24 24 48 89 4c 24 28 4d 85 c9 0f 85 6a 03 00
0x000007fefd2ea05d:   00 89 4c 24 38 48 8d 4c 24 20 ff 15 33 02 03 00
0x000007fefd2ea06d:   48 81 c4 c8 00 00 00 c3 90 90 90 90 90 90 90 90
0x000007fefd2ea07d:   90 90 90 48 83 ec 28 65 48 8b 04 25 30 00 00 00 


Register to memory mapping:

RAX=0x00000000725e3380 is an unknown value
RBX=0x0000000000000000 is an unknown value
RCX=0x0000000000f9e310 is pointing into the stack for thread: 0x0000000000d9f000
RDX=0x0000000000000160 is an unknown value
RSP=0x0000000000f9e920 is pointing into the stack for thread: 0x0000000000d9f000
RBP=0x0000000000f9ea68 is pointing into the stack for thread: 0x0000000000d9f000
RSI=0x0000000074b9d87c is an unknown value
RDI=0x0000000000000000 is an unknown value
R8 =0x0000000000000000 is an unknown value
R9 =0x0000000000000000 is an unknown value
R10=0x0000000000000004 is an unknown value
R11=0x0000000000f9e960 is pointing into the stack for thread: 0x0000000000d9f000
R12=0x0000000000000001 is an unknown value
R13=0x0000000074ba5780 is an unknown value
R14=0x0000000074ba5510 is an unknown value
R15=0x0000000074b9d908 is an unknown value


Stack: [0x0000000000ea0000,0x0000000000fa0000],  sp=0x0000000000f9e920,  free space=1018k
Native frames: (J=compiled Java code, j=interpreted, Vv=VM code, C=native code)
C  [KERNELBASE.dll+0x1a06d]

Java frames: (J=compiled Java code, j=interpreted, Vv=VM code)
j  java.lang.System.initProperties(Ljava/util/Properties;)Ljava/util/Properties;+0
j  java.lang.System.initializeSystemClass()V+13
v  ~StubRoutines::call_stub

---------------  P R O C E S S  ---------------

Java Threads: ( => current thread )
  0x0000000053a83800 JavaThread "Finalizer" daemon [_thread_blocked, id=15836, stack(0x0000000054cc0000,0x0000000054dc0000)]
  0x0000000053a42000 JavaThread "Reference Handler" daemon [_thread_new, id=17204, stack(0x0000000000000000,0x0000000000000000)]
=>0x0000000000d9f000 JavaThread "main" [_thread_in_native, id=13128, stack(0x0000000000ea0000,0x0000000000fa0000)]

Other Threads:
  0x0000000053a3a800 VMThread [stack: 0x0000000054bc0000,0x0000000054cc0000] [id=11712]

VM state:not at safepoint (normal execution)

VM Mutex/Monitor currently owned by a thread: None

Heap:
 PSYoungGen      total 36864K, used 634K [0x00000000eab00000, 0x00000000ed400000, 0x0000000100000000)
  eden space 31744K, 2% used [0x00000000eab00000,0x00000000eab9eb90,0x00000000eca00000)
  from space 5120K, 0% used [0x00000000ecf00000,0x00000000ecf00000,0x00000000ed400000)
  to   space 5120K, 0% used [0x00000000eca00000,0x00000000eca00000,0x00000000ecf00000)
 ParOldGen       total 84992K, used 0K [0x00000000c0000000, 0x00000000c5300000, 0x00000000eab00000)
  object space 84992K, 0% used [0x00000000c0000000,0x00000000c0000000,0x00000000c5300000)
 Metaspace       used 1097K, capacity 4480K, committed 4480K, reserved 1056768K
  class space    used 116K, capacity 384K, committed 384K, reserved 1048576K

Card table byte_map: [0x0000000010630000,0x0000000010840000] byte_map_base: 0x0000000010030000

Marking Bits: (ParMarkBitMap*) 0x000000006fffa6d0
 Begin Bits: [0x0000000010eb0000, 0x0000000011eb0000)
 End Bits:   [0x0000000011eb0000, 0x0000000012eb0000)

Polling page: 0x00000000004a0000

CodeCache: size=245760Kb used=404Kb max_used=404Kb free=245355Kb
 bounds [0x0000000001270000, 0x00000000014e0000, 0x0000000010270000]
 total_blobs=103 nmethods=0 adapters=77
 compilation: enabled

Compilation events (0 events):
No events

GC Heap History (0 events):
No events

Deoptimization events (0 events):
No events

Internal exceptions (2 events):
Event: 0.428 Thread 0x0000000000d9f000 Exception <a 'java/lang/NoSuchMethodError': Method sun.misc.Unsafe.defineClass(Ljava/lang/String;[BII)Ljava/lang/Class; name or signature does not match> (0x00000000eab07cc0) thrown at [C:\re\workspace\8-2-build-windows-amd64-cygwin\jdk8u101\7261\hotspot\s0Î¯Ô	mÛ?
Event: 0.429 Thread 0x0000000000d9f000 Exception <a 'java/lang/NoSuchMethodError': Method sun.misc.Unsafe.prefetchRead(Ljava/lang/Object;J)V name or signature does not match> (0x00000000eab07fa8) thrown at [C:\re\workspace\8-2-build-windows-amd64-cygwin\jdk8u101\7261\hotspot\src\share\vm\prims\

Events (10 events):
Event: 0.429 loading class java/util/HashMap$Node done
Event: 0.430 loading class sun/misc/VM
Event: 0.430 loading class sun/misc/VM done
Event: 0.430 loading class java/util/Hashtable$Entry
Event: 0.430 loading class java/util/Hashtable$Entry done
Event: 0.430 loading class java/lang/Math
Event: 0.430 loading class java/lang/Math done
Event: 0.431 loading class java/lang/ref/Finalizer$FinalizerThread
Event: 0.431 loading class java/lang/ref/Finalizer$FinalizerThread done
Event: 0.431 Thread 0x0000000053a83800 Thread added: 0x0000000053a83800


Dynamic libraries:
0x000000013fd70000 - 0x000000013fda7000 	C:\Program Files\Java\jdk1.8.0_101\bin\java.exe
0x0000000077560000 - 0x000000007770a000 	C:\Windows\SYSTEM32\ntdll.dll
0x0000000077440000 - 0x000000007755f000 	C:\Windows\system32\kernel32.dll
0x000007fefd2d0000 - 0x000007fefd33a000 	C:\Windows\system32\KERNELBASE.dll
0x000007feff0f0000 - 0x000007feff1cb000 	C:\Windows\system32\ADVAPI32.dll
0x000007fefedf0000 - 0x000007fefee8f000 	C:\Windows\system32\msvcrt.dll
0x000007fefed70000 - 0x000007fefed8f000 	C:\Windows\SYSTEM32\sechost.dll
0x000007fefe9b0000 - 0x000007fefeadd000 	C:\Windows\system32\RPCRT4.dll
0x0000000077340000 - 0x000000007743a000 	C:\Windows\system32\USER32.dll
0x000007feff800000 - 0x000007feff867000 	C:\Windows\system32\GDI32.dll
0x000007feff4b0000 - 0x000007feff4be000 	C:\Windows\system32\LPK.dll
0x000007fefee90000 - 0x000007fefef5a000 	C:\Windows\system32\USP10.dll
0x000007fefa8a0000 - 0x000007fefaa94000 	C:\Windows\WinSxS\amd64_microsoft.windows.common-controls_6595b64144ccf1df_6.0.7601.18837_none_fa3b1e3d17594757\COMCTL32.dll
0x000007feff4d0000 - 0x000007feff541000 	C:\Windows\system32\SHLWAPI.dll
0x000007feff7d0000 - 0x000007feff7fe000 	C:\Windows\system32\IMM32.DLL
0x000007fefec60000 - 0x000007fefed69000 	C:\Windows\system32\MSCTF.dll
0x0000000078dc0000 - 0x0000000078e92000 	C:\Program Files\Java\jdk1.8.0_101\jre\bin\msvcr100.dll
0x000000006f7e0000 - 0x000000007007a000 	C:\Program Files\Java\jdk1.8.0_101\jre\bin\server\jvm.dll
0x000007fef9b50000 - 0x000007fef9b59000 	C:\Windows\system32\WSOCK32.dll
0x000007feff550000 - 0x000007feff59d000 	C:\Windows\system32\WS2_32.dll
0x000007feff4c0000 - 0x000007feff4c8000 	C:\Windows\system32\NSI.dll
0x000007fefa230000 - 0x000007fefa26b000 	C:\Windows\system32\WINMM.dll
0x000007fefc1c0000 - 0x000007fefc1cc000 	C:\Windows\system32\VERSION.dll
0x0000000077720000 - 0x0000000077727000 	C:\Windows\system32\PSAPI.DLL
0x0000000074c70000 - 0x0000000074c7f000 	C:\Program Files\Java\jdk1.8.0_101\jre\bin\verify.dll
0x0000000074b80000 - 0x0000000074ba9000 	C:\Program Files\Java\jdk1.8.0_101\jre\bin\java.dll
0x0000000074b60000 - 0x0000000074b76000 	C:\Program Files\Java\jdk1.8.0_101\jre\bin\zip.dll

VM Arguments:
jvm_args: -Djava.awt.headless=true -Xmx1024M -Dfile.encoding=windows-1252 -Duser.country=US -Duser.language=en -Duser.variant 
java_command: com.android.dx.command.Main --dex --num-threads=4 --multi-dex --output C:\Pitonew\Android-Pitonew\app\build\intermediates\transforms\dex\debug\folders\1000\10\internal_impl-24.2.1_f8476e588280f93cde8995c66fa0cca1aca59d41 C:\Pitonew\Android-Pitonew\app\build\intermediates\exploded-aar\com.android.support\support-fragment\24.2.1\jars\libs\internal_impl-24.2.1.jar
java_class_path (initial): C:\Users\jco\AppData\Local\Android\sdk\build-tools\24.0.2\lib\dx.jar
Launcher Type: SUN_STANDARD

Environment Variables:
JAVA_HOME=C:\Program Files\Java\jre1.8.0_111
PATH=C:\ProgramData\Oracle\Java\javapath;C:\Windows\system32;C:\Windows;C:\Windows\System32\Wbem;C:\Windows\System32\WindowsPowerShell\v1.0\;C:\Windows\CCM;C:\Program Files (x86)\WebEx\Productivity Tools;C:\Program Files\Microsoft SQL Server\Client SDK\ODBC\110\Tools\Binn\;C:\Program Files (x86)\Microsoft SQL Server\120\Tools\Binn\;C:\Program Files\Microsoft SQL Server\120\Tools\Binn\;C:\Program Files\Microsoft SQL Server\120\DTS\Binn\;C:\Program Files (x86)\WebEx\PTools020000000;C:\Program Files\TortoiseHg\;C:\RailsInstaller\Git\cmd;C:\RailsInstaller\nodejs\;C:\Program Files (x86)\Heroku\bin;C:\Program Files (x86)\git\cmd;C:\Program Files (x86)\Git\cmd;C:\Program Files (x86)\Brackets\command;C:\Program Files (x86)\nodejs\;C:\Program Files (x86)\Microsoft SQL Server\120\Tools\Binn\ManagementStudio\;C:\Program Files (x86)\Microsoft SQL Server\120\DTS\Binn\;C:\RailsInstaller\Git\cmd;C:\Quality Assurance\jruby-1.7.26\bin;c:\Python27;C:\Program Files\Mercurial;C:\Users\jco\AppData\Roaming\npm;C:\Users\jco\Downloads\apache-maven-3.3.9-bin\apache-maven-3.3.9\bin;C:\Users\jco\AppData\Local\Box\Box Edit\
USERNAME=jco
OS=Windows_NT
PROCESSOR_IDENTIFIER=Intel64 Family 6 Model 61 Stepping 4, GenuineIntel



---------------  S Y S T E M  ---------------

OS: Windows 7 , 64 bit Build 7601 (6.1.7601.23572)

CPU:total 4 (2 cores per cpu, 2 threads per core) family 6 model 61 stepping 4, cmov, cx8, fxsr, mmx, sse, sse2, sse3, ssse3, sse4.1, sse4.2, popcnt, avx, avx2, aes, clmul, erms, 3dnowpref, lzcnt, ht, tsc, tscinvbit, bmi1, bmi2, adx

Memory: 4k page, physical 8077544k(1372784k free), swap 17870484k(4536k free)

vm_info: Java HotSpot(TM) 64-Bit Server VM (25.101-b13) for windows-amd64 JRE (1.8.0_101-b13), built on Jun 22 2016 01:21:29 by "java_re" with MS VC++ 10.0 (VS2010)

time: Tue Mar 07 18:06:44 2017
elapsed time: 0 seconds (0d 0h 0m 0s)

