#
# There is insufficient memory for the Java Runtime Environment to continue.
# Native memory allocation (malloc) failed to allocate 974736 bytes for Chunk::new
# Possible reasons:
#   The system is out of physical RAM or swap space
#   In 32 bit mode, the process size limit was hit
# Possible solutions:
#   Reduce memory load on the system
#   Increase physical memory or swap space
#   Check if swap backing store is full
#   Use 64 bit Java on a 64 bit OS
#   Decrease Java heap size (-Xmx/-Xms)
#   Decrease number of Java threads
#   Decrease Java thread stack sizes (-Xss)
#   Set larger code cache with -XX:ReservedCodeCacheSize=
# This output file may be truncated or incomplete.
#
#  Out of Memory Error (allocation.cpp:390), pid=20348, tid=0x0000000000004a50
#
# JRE version: Java(TM) SE Runtime Environment (8.0_101-b13) (build 1.8.0_101-b13)
# Java VM: Java HotSpot(TM) 64-Bit Server VM (25.101-b13 mixed mode windows-amd64 compressed oops)
# Failed to write core dump. Minidumps are not enabled by default on client versions of Windows
#

---------------  T H R E A D  ---------------

Current thread (0x0000000053fa9800):  JavaThread "C2 CompilerThread0" daemon [_thread_in_native, id=19024, stack(0x00000000552c0000,0x00000000553c0000)]

Stack: [0x00000000552c0000,0x00000000553c0000]
[error occurred during error reporting (printing stack bounds), id 0xc0000005]

Native frames: (J=compiled Java code, j=interpreted, Vv=VM code, C=native code)


Current CompileTask:
C2:   4980 1204   !   4       com.android.dx.cf.cst.ConstantPoolParser::parse0 (731 bytes)


---------------  P R O C E S S  ---------------

Java Threads: ( => current thread )
  0x0000000055adf000 JavaThread "pool-2-thread-4" [_thread_blocked, id=15844, stack(0x0000000056860000,0x0000000056960000)]
  0x0000000055a54800 JavaThread "pool-2-thread-3" [_thread_blocked, id=21548, stack(0x00000000566a0000,0x00000000567a0000)]
  0x00000000559b0000 JavaThread "pool-2-thread-2" [_thread_blocked, id=2392, stack(0x0000000056530000,0x0000000056630000)]
  0x00000000559a0800 JavaThread "pool-3-thread-1" [_thread_blocked, id=22392, stack(0x00000000563c0000,0x00000000564c0000)]
  0x00000000559a0000 JavaThread "pool-2-thread-1" [_thread_blocked, id=20624, stack(0x00000000561c0000,0x00000000562c0000)]
  0x00000000558b2800 JavaThread "Service Thread" daemon [_thread_blocked, id=19816, stack(0x0000000055de0000,0x0000000055ee0000)]
  0x0000000055841000 JavaThread "C1 CompilerThread2" daemon [_thread_blocked, id=16856, stack(0x0000000055570000,0x0000000055670000)]
  0x0000000053faf000 JavaThread "C2 CompilerThread1" daemon [_thread_blocked, id=20612, stack(0x0000000055740000,0x0000000055840000)]
=>0x0000000053fa9800 JavaThread "C2 CompilerThread0" daemon [_thread_in_native, id=19024, stack(0x00000000552c0000,0x00000000553c0000)]
  0x0000000053fa5000 JavaThread "Attach Listener" daemon [_thread_blocked, id=21256, stack(0x0000000055450000,0x0000000055550000)]
  0x0000000053fa1800 JavaThread "Signal Dispatcher" daemon [_thread_blocked, id=22464, stack(0x0000000055080000,0x0000000055180000)]
  0x0000000053f89800 JavaThread "Finalizer" daemon [_thread_blocked, id=22224, stack(0x0000000055190000,0x0000000055290000)]
  0x0000000053f42800 JavaThread "Reference Handler" daemon [_thread_blocked, id=16712, stack(0x0000000054e00000,0x0000000054f00000)]
  0x0000000000e8f000 JavaThread "main" [_thread_blocked, id=19164, stack(0x0000000001130000,0x0000000001230000)]

Other Threads:
  0x0000000053f3b000 VMThread [stack: 0x0000000054f50000,0x0000000055050000] [id=19552]
  0x00000000558bd800 WatcherThread [stack: 0x0000000055fd0000,0x00000000560d0000] [id=22372]

VM state:at safepoint (normal execution)

VM Mutex/Monitor currently owned by a thread:  ([mutex/lock_event])
[0x0000000000e8cab0] Threads_lock - owner thread: 0x0000000053f3b000
[0x0000000000e8cfb0] Heap_lock - owner thread: 0x00000000559b0000

Heap:
 PSYoungGen      total 36864K, used 36861K [0x00000000eab00000, 0x00000000ef300000, 0x0000000100000000)
  eden space 31744K, 100% used [0x00000000eab00000,0x00000000eca00000,0x00000000eca00000)
  from space 5120K, 99% used [0x00000000ecf00000,0x00000000ed3ff708,0x00000000ed400000)
  to   space 5120K, 33% used [0x00000000eca00000,0x00000000ecba8648,0x00000000ecf00000)
 ParOldGen       total 84992K, used 21552K [0x00000000c0000000, 0x00000000c5300000, 0x00000000eab00000)
  object space 84992K, 25% used [0x00000000c0000000,0x00000000c150c2e8,0x00000000c5300000)
 Metaspace       used 5762K, capacity 6896K, committed 7040K, reserved 1056768K
  class space    used 581K, capacity 616K, committed 640K, reserved 1048576K

Card table byte_map: [0x00000000108c0000,0x0000000010ad0000] byte_map_base: 0x00000000102c0000

Marking Bits: (ParMarkBitMap*) 0x0000000070a7a6d0
 Begin Bits: [0x0000000011220000, 0x0000000012220000)
 End Bits:   [0x0000000012220000, 0x0000000013220000)

Polling page: 0x00000000001a0000

CodeCache: size=245760Kb used=4976Kb max_used=4980Kb free=240783Kb
 bounds [0x0000000001500000, 0x00000000019f0000, 0x0000000010500000]
 total_blobs=1498 nmethods=1236 adapters=175
 compilation: enabled

Compilation events (10 events):
Event: 4.604 Thread 0x0000000053faf000 nmethod 1201 0x00000000019c9950 code [0x00000000019c9aa0, 0x00000000019c9bd8]
Event: 4.604 Thread 0x0000000053faf000 1255   !   4       com.android.dx.cf.code.RopperMachine::run (1550 bytes)
Event: 4.661 Thread 0x0000000055841000 1274       2       java.io.File::isInvalid (47 bytes)
Event: 4.661 Thread 0x0000000055841000 nmethod 1274 0x00000000019c2590 code [0x00000000019c2700, 0x00000000019c2908]
Event: 4.701 Thread 0x0000000055841000 1275       1       com.android.dx.cf.direct.AttributeListParser::setObserver (6 bytes)
Event: 4.701 Thread 0x0000000055841000 nmethod 1275 0x00000000019c2290 code [0x00000000019c23e0, 0x00000000019c2510]
Event: 4.724 Thread 0x0000000055841000 1279       2       com.android.dx.ssa.SsaConverter::nodeNeedsUniquePredecessor (32 bytes)
Event: 4.725 Thread 0x0000000055841000 nmethod 1279 0x00000000019e1190 code [0x00000000019e1300, 0x00000000019e14b8]
Event: 4.733 Thread 0x0000000055841000 1283       3       com.android.dx.ssa.SsaConverter::needsNewSuccessor (53 bytes)
Event: 4.735 Thread 0x0000000055841000 nmethod 1283 0x00000000019e0150 code [0x00000000019e0340, 0x00000000019e0c78]

GC Heap History (5 events):
Event: 3.632 GC heap before
{Heap before GC invocations=1 (full 0):
 PSYoungGen      total 36864K, used 31744K [0x00000000eab00000, 0x00000000ed400000, 0x0000000100000000)
  eden space 31744K, 100% used [0x00000000eab00000,0x00000000eca00000,0x00000000eca00000)
  from space 5120K, 0% used [0x00000000ecf00000,0x00000000ecf00000,0x00000000ed400000)
  to   space 5120K, 0% used [0x00000000eca00000,0x00000000eca00000,0x00000000ecf00000)
 ParOldGen       total 84992K, used 0K [0x00000000c0000000, 0x00000000c5300000, 0x00000000eab00000)
  object space 84992K, 0% used [0x00000000c0000000,0x00000000c0000000,0x00000000c5300000)
 Metaspace       used 5725K, capacity 6832K, committed 7040K, reserved 1056768K
  class space    used 579K, capacity 616K, committed 640K, reserved 1048576K
Event: 3.663 GC heap after
Heap after GC invocations=1 (full 0):
 PSYoungGen      total 36864K, used 5090K [0x00000000eab00000, 0x00000000ed400000, 0x0000000100000000)
  eden space 31744K, 0% used [0x00000000eab00000,0x00000000eab00000,0x00000000eca00000)
  from space 5120K, 99% used [0x00000000eca00000,0x00000000ecef8ba0,0x00000000ecf00000)
  to   space 5120K, 0% used [0x00000000ecf00000,0x00000000ecf00000,0x00000000ed400000)
 ParOldGen       total 84992K, used 3510K [0x00000000c0000000, 0x00000000c5300000, 0x00000000eab00000)
  object space 84992K, 4% used [0x00000000c0000000,0x00000000c036d998,0x00000000c5300000)
 Metaspace       used 5725K, capacity 6832K, committed 7040K, reserved 1056768K
  class space    used 579K, capacity 616K, committed 640K, reserved 1048576K
}
Event: 3.964 GC heap before
{Heap before GC invocations=2 (full 0):
 PSYoungGen      total 36864K, used 36834K [0x00000000eab00000, 0x00000000ed400000, 0x0000000100000000)
  eden space 31744K, 100% used [0x00000000eab00000,0x00000000eca00000,0x00000000eca00000)
  from space 5120K, 99% used [0x00000000eca00000,0x00000000ecef8ba0,0x00000000ecf00000)
  to   space 5120K, 0% used [0x00000000ecf00000,0x00000000ecf00000,0x00000000ed400000)
 ParOldGen       total 84992K, used 3510K [0x00000000c0000000, 0x00000000c5300000, 0x00000000eab00000)
  object space 84992K, 4% used [0x00000000c0000000,0x00000000c036d998,0x00000000c5300000)
 Metaspace       used 5743K, capacity 6832K, committed 7040K, reserved 1056768K
  class space    used 579K, capacity 616K, committed 640K, reserved 1048576K
Event: 4.462 GC heap after
Heap after GC invocations=2 (full 0):
 PSYoungGen      total 36864K, used 5117K [0x00000000eab00000, 0x00000000ef300000, 0x0000000100000000)
  eden space 31744K, 0% used [0x00000000eab00000,0x00000000eab00000,0x00000000eca00000)
  from space 5120K, 99% used [0x00000000ecf00000,0x00000000ed3ff708,0x00000000ed400000)
  to   space 5120K, 0% used [0x00000000eca00000,0x00000000eca00000,0x00000000ecf00000)
 ParOldGen       total 84992K, used 21552K [0x00000000c0000000, 0x00000000c5300000, 0x00000000eab00000)
  object space 84992K, 25% used [0x00000000c0000000,0x00000000c150c2e8,0x00000000c5300000)
 Metaspace       used 5743K, capacity 6832K, committed 7040K, reserved 1056768K
  class space    used 579K, capacity 616K, committed 640K, reserved 1048576K
}
Event: 4.968 GC heap before
{Heap before GC invocations=3 (full 0):
 PSYoungGen      total 36864K, used 36861K [0x00000000eab00000, 0x00000000ef300000, 0x0000000100000000)
  eden space 31744K, 100% used [0x00000000eab00000,0x00000000eca00000,0x00000000eca00000)
  from space 5120K, 99% used [0x00000000ecf00000,0x00000000ed3ff708,0x00000000ed400000)
  to   space 5120K, 0% used [0x00000000eca00000,0x00000000eca00000,0x00000000ecf00000)
 ParOldGen       total 84992K, used 21552K [0x00000000c0000000, 0x00000000c5300000, 0x00000000eab00000)
  object space 84992K, 25% used [0x00000000c0000000,0x00000000c150c2e8,0x00000000c5300000)
 Metaspace       used 5762K, capacity 6896K, committed 7040K, reserved 1056768K
  class space    used 581K, capacity 616K, committed 640K, reserved 1048576K

Deoptimization events (10 events):
Event: 3.365 Thread 0x0000000055a54800 Uncommon trap: reason=bimorphic action=maybe_recompile pc=0x00000000016f2038 method=java.util.HashMap.getNode(ILjava/lang/Object;)Ljava/util/HashMap$Node; @ 126
Event: 3.417 Thread 0x0000000055a54800 Uncommon trap: reason=unstable_if action=reinterpret pc=0x000000000192f610 method=com.android.dx.util.IntList.binarysearch(I)I @ 26
Event: 3.418 Thread 0x0000000055a54800 Uncommon trap: reason=class_check action=maybe_recompile pc=0x000000000175ba58 method=com.android.dx.rop.type.Type.equals(Ljava/lang/Object;)Z @ 8
Event: 3.418 Thread 0x0000000055a54800 Uncommon trap: reason=null_check action=make_not_entrant pc=0x000000000175ba68 method=com.android.dx.rop.type.Type.equals(Ljava/lang/Object;)Z @ 8
Event: 3.418 Thread 0x0000000055a54800 Uncommon trap: reason=unstable_if action=reinterpret pc=0x00000000019654a8 method=com.android.dx.cf.code.Ropper.labelToResultIndex(I)I @ 34
Event: 3.732 Thread 0x0000000055adf000 Uncommon trap: reason=bimorphic action=maybe_recompile pc=0x0000000001995844 method=com.android.dx.cf.code.BaseMachine.getLocalTarget(Z)Lcom/android/dx/rop/code/RegisterSpec; @ 70
Event: 3.732 Thread 0x0000000055adf000 Uncommon trap: reason=bimorphic action=maybe_recompile pc=0x0000000001995844 method=com.android.dx.cf.code.BaseMachine.getLocalTarget(Z)Lcom/android/dx/rop/code/RegisterSpec; @ 70
Event: 3.743 Thread 0x00000000559a0000 Uncommon trap: reason=bimorphic action=maybe_recompile pc=0x0000000001995844 method=com.android.dx.cf.code.BaseMachine.getLocalTarget(Z)Lcom/android/dx/rop/code/RegisterSpec; @ 70
Event: 3.743 Thread 0x00000000559a0000 Uncommon trap: reason=bimorphic action=maybe_recompile pc=0x0000000001995844 method=com.android.dx.cf.code.BaseMachine.getLocalTarget(Z)Lcom/android/dx/rop/code/RegisterSpec; @ 70
Event: 3.753 Thread 0x0000000055adf000 Uncommon trap: reason=unstable_if action=reinterpret pc=0x000000000197b548 method=com.android.dx.ssa.SCCP.simulateStmt(Lcom/android/dx/ssa/SsaInsn;)V @ 53

Internal exceptions (3 events):
Event: 0.071 Thread 0x0000000000e8f000 Exception <a 'java/lang/NoSuchMethodError': Method sun.misc.Unsafe.defineClass(Ljava/lang/String;[BII)Ljava/lang/Class; name or signature does not match> (0x00000000eab07cc0) thrown at [C:\re\workspace\8-2-build-windows-amd64-cygwin\jdk8u101\7261\hotspot\sªòòZ˜?²?
Event: 0.071 Thread 0x0000000000e8f000 Exception <a 'java/lang/NoSuchMethodError': Method sun.misc.Unsafe.prefetchRead(Ljava/lang/Object;J)V name or signature does not match> (0x00000000eab07fa8) thrown at [C:\re\workspace\8-2-build-windows-amd64-cygwin\jdk8u101\7261\hotspot\src\share\vm\prims\@ëPÆPW@
Event: 3.418 Thread 0x0000000055a54800 Implicit null exception at 0x000000000175b952 to 0x000000000175ba59

Events (10 events):
Event: 4.595 loading class com/android/dx/cf/direct/DirectClassFile$DcfTypeList done
Event: 4.595 loading class com/android/dx/cf/attrib/AttSignature
Event: 4.595 loading class com/android/dx/cf/attrib/AttSignature done
Event: 4.602 loading class com/android/dx/cf/attrib/AttLocalVariableTypeTable
Event: 4.602 loading class com/android/dx/cf/attrib/AttLocalVariableTypeTable done
Event: 4.725 Thread 0x00000000559a0000 DEOPT PACKING pc=0x00000000017fd65d sp=0x00000000562bec40
Event: 4.725 Thread 0x00000000559a0000 DEOPT UNPACKING pc=0x000000000154787f sp=0x00000000562be938 mode 0
Event: 4.736 Thread 0x00000000559a0000 DEOPT PACKING pc=0x00000000017e889c sp=0x00000000562bebf0
Event: 4.736 Thread 0x00000000559a0000 DEOPT UNPACKING pc=0x000000000154787f sp=0x00000000562be918 mode 0
Event: 4.778 Executing VM operation: ParallelGCFailedAllocation


Dynamic libraries:
0x000000013f980000 - 0x000000013f9b7000 	C:\Program Files\Java\jdk1.8.0_101\bin\java.exe
0x0000000077130000 - 0x00000000772da000 	C:\Windows\SYSTEM32\ntdll.dll
0x0000000076f10000 - 0x000000007702f000 	C:\Windows\system32\kernel32.dll
0x000007fefcfa0000 - 0x000007fefd00a000 	C:\Windows\system32\KERNELBASE.dll
0x000007fefeeb0000 - 0x000007fefef8b000 	C:\Windows\system32\ADVAPI32.dll
0x000007feff320000 - 0x000007feff3bf000 	C:\Windows\system32\msvcrt.dll
0x000007fefe380000 - 0x000007fefe39f000 	C:\Windows\SYSTEM32\sechost.dll
0x000007fefeaa0000 - 0x000007fefebcd000 	C:\Windows\system32\RPCRT4.dll
0x0000000077030000 - 0x000000007712a000 	C:\Windows\system32\USER32.dll
0x000007fefef90000 - 0x000007fefeff7000 	C:\Windows\system32\GDI32.dll
0x000007fefd5e0000 - 0x000007fefd5ee000 	C:\Windows\system32\LPK.dll
0x000007fefd510000 - 0x000007fefd5da000 	C:\Windows\system32\USP10.dll
0x000007fefa130000 - 0x000007fefa324000 	C:\Windows\WinSxS\amd64_microsoft.windows.common-controls_6595b64144ccf1df_6.0.7601.18837_none_fa3b1e3d17594757\COMCTL32.dll
0x000007feff3c0000 - 0x000007feff431000 	C:\Windows\system32\SHLWAPI.dll
0x000007fefe9c0000 - 0x000007fefe9ee000 	C:\Windows\system32\IMM32.DLL
0x000007fefd220000 - 0x000007fefd329000 	C:\Windows\system32\MSCTF.dll
0x00000000790b0000 - 0x0000000079182000 	C:\Program Files\Java\jdk1.8.0_101\jre\bin\msvcr100.dll
0x0000000070260000 - 0x0000000070afa000 	C:\Program Files\Java\jdk1.8.0_101\jre\bin\server\jvm.dll
0x000007fef9650000 - 0x000007fef9659000 	C:\Windows\system32\WSOCK32.dll
0x000007fefd330000 - 0x000007fefd37d000 	C:\Windows\system32\WS2_32.dll
0x000007fefea90000 - 0x000007fefea98000 	C:\Windows\system32\NSI.dll
0x000007fef9bc0000 - 0x000007fef9bfb000 	C:\Windows\system32\WINMM.dll
0x000007fefbd90000 - 0x000007fefbd9c000 	C:\Windows\system32\VERSION.dll
0x0000000077300000 - 0x0000000077307000 	C:\Windows\system32\PSAPI.DLL
0x0000000068e40000 - 0x0000000068e4f000 	C:\Program Files\Java\jdk1.8.0_101\jre\bin\verify.dll
0x0000000053d80000 - 0x0000000053da9000 	C:\Program Files\Java\jdk1.8.0_101\jre\bin\java.dll
0x0000000066e30000 - 0x0000000066e46000 	C:\Program Files\Java\jdk1.8.0_101\jre\bin\zip.dll
0x000007fefd5f0000 - 0x000007fefe37a000 	C:\Windows\system32\SHELL32.dll
0x000007fefe7b0000 - 0x000007fefe9b3000 	C:\Windows\system32\ole32.dll
0x000007fefce70000 - 0x000007fefce7f000 	C:\Windows\system32\profapi.dll

VM Arguments:
jvm_args: -Djava.awt.headless=true -Xmx1024M -Dfile.encoding=windows-1252 -Duser.country=US -Duser.language=en -Duser.variant 
java_command: com.android.dx.command.Main --dex --force-jumbo --num-threads=4 --multi-dex --output C:\Pitonew\Android-Pitonew\app\build\intermediates\transforms\dex\debug\folders\1000\5\slice_1 C:\Pitonew\Android-Pitonew\app\build\intermediates\transforms\instantRunSlicer\debug\folders\1\5\slice_1
java_class_path (initial): C:\Users\jco\AppData\Local\Android\sdk\build-tools\25.0.2\lib\dx.jar
Launcher Type: SUN_STANDARD

Environment Variables:
JAVA_HOME=C:\Program Files\Java\jre1.8.0_111
PATH=C:\ProgramData\Oracle\Java\javapath;C:\Windows\system32;C:\Windows;C:\Windows\System32\Wbem;C:\Windows\System32\WindowsPowerShell\v1.0\;C:\Windows\CCM;C:\Program Files (x86)\WebEx\Productivity Tools;C:\Program Files\Microsoft SQL Server\Client SDK\ODBC\110\Tools\Binn\;C:\Program Files (x86)\Microsoft SQL Server\120\Tools\Binn\;C:\Program Files\Microsoft SQL Server\120\Tools\Binn\;C:\Program Files\Microsoft SQL Server\120\DTS\Binn\;C:\Program Files (x86)\WebEx\PTools020000000;C:\Program Files\TortoiseHg\;C:\RailsInstaller\Git\cmd;C:\RailsInstaller\nodejs\;C:\Program Files (x86)\Heroku\bin;C:\Program Files (x86)\git\cmd;C:\Program Files (x86)\Git\cmd;C:\Program Files (x86)\Brackets\command;C:\Program Files (x86)\nodejs\;C:\Program Files (x86)\Microsoft SQL Server\120\Tools\Binn\ManagementStudio\;C:\Program Files (x86)\Microsoft SQL Server\120\DTS\Binn\;C:\RailsInstaller\Git\cmd;C:\Quality Assurance\jruby-1.7.26\bin;c:\Python27;C:\Program Files\Mercurial;C:\Users\jco\AppData\Roaming\npm;C:\Users\jco\Downloads\apache-maven-3.3.9-bin\apache-maven-3.3.9\bin;C:\Users\jco\AppData\Local\Box\Box Edit\
USERNAME=jco
OS=Windows_NT
PROCESSOR_IDENTIFIER=Intel64 Family 6 Model 61 Stepping 4, GenuineIntel



---------------  S Y S T E M  ---------------

OS: Windows 7 , 64 bit Build 7601 (6.1.7601.23572)

CPU:total 4 (2 cores per cpu, 2 threads per core) family 6 model 61 stepping 4, cmov, cx8, fxsr, mmx, sse, sse2, sse3, ssse3, sse4.1, sse4.2, popcnt, avx, avx2, aes, clmul, erms, 3dnowpref, lzcnt, ht, tsc, tscinvbit, bmi1, bmi2, adx

Memory: 4k page, physical 8077544k(592872k free), swap 18271036k(4148k free)

vm_info: Java HotSpot(TM) 64-Bit Server VM (25.101-b13) for windows-amd64 JRE (1.8.0_101-b13), built on Jun 22 2016 01:21:29 by "java_re" with MS VC++ 10.0 (VS2010)

time: Wed Mar 22 10:55:36 2017
elapsed time: 4 seconds (0d 0h 0m 4s)

