#
# There is insufficient memory for the Java Runtime Environment to continue.
# Native memory allocation (malloc) failed to allocate 876496 bytes for Chunk::new
# Possible reasons:
#   The system is out of physical RAM or swap space
#   In 32 bit mode, the process size limit was hit
# Possible solutions:
#   Reduce memory load on the system
#   Increase physical memory or swap space
#   Check if swap backing store is full
#   Use 64 bit Java on a 64 bit OS
#   Decrease Java heap size (-Xmx/-Xms)
#   Decrease number of Java threads
#   Decrease Java thread stack sizes (-Xss)
#   Set larger code cache with -XX:ReservedCodeCacheSize=
# This output file may be truncated or incomplete.
#
#  Out of Memory Error (allocation.cpp:390), pid=17576, tid=0x00000000000020d4
#
# JRE version: Java(TM) SE Runtime Environment (8.0_101-b13) (build 1.8.0_101-b13)
# Java VM: Java HotSpot(TM) 64-Bit Server VM (25.101-b13 mixed mode windows-amd64 compressed oops)
# Failed to write core dump. Minidumps are not enabled by default on client versions of Windows
#

---------------  T H R E A D  ---------------

Current thread (0x0000000013b4b800):  JavaThread "C2 CompilerThread0" daemon [_thread_in_native, id=8404, stack(0x0000000014b80000,0x0000000014c80000)]

Stack: [0x0000000014b80000,0x0000000014c80000]
[error occurred during error reporting (printing stack bounds), id 0xc0000005]

Native frames: (J=compiled Java code, j=interpreted, Vv=VM code, C=native code)


Current CompileTask:
C2:   5142 1285   !   4       com.android.dx.cf.cst.ConstantPoolParser::parse0 (731 bytes)


---------------  P R O C E S S  ---------------

Java Threads: ( => current thread )
  0x00000000156ad000 JavaThread "pool-2-thread-4" [_thread_blocked, id=8316, stack(0x0000000016200000,0x0000000016300000)]
  0x0000000015589000 JavaThread "pool-2-thread-3" [_thread_blocked, id=1076, stack(0x0000000016060000,0x0000000016160000)]
  0x000000001552d000 JavaThread "pool-2-thread-2" [_thread_blocked, id=2712, stack(0x0000000015e20000,0x0000000015f20000)]
  0x0000000015502000 JavaThread "pool-3-thread-1" [_thread_blocked, id=1132, stack(0x00000000157c0000,0x00000000158c0000)]
  0x0000000015501000 JavaThread "pool-2-thread-1" [_thread_in_Java, id=13944, stack(0x0000000015be0000,0x0000000015ce0000)]
  0x0000000015427000 JavaThread "Service Thread" daemon [_thread_blocked, id=8220, stack(0x0000000014da0000,0x0000000014ea0000)]
  0x0000000015412000 JavaThread "C1 CompilerThread2" daemon [_thread_blocked, id=18064, stack(0x0000000015ab0000,0x0000000015bb0000)]
  0x0000000015411000 JavaThread "C2 CompilerThread1" daemon [_thread_in_native, id=15620, stack(0x00000000158e0000,0x00000000159e0000)]
=>0x0000000013b4b800 JavaThread "C2 CompilerThread0" daemon [_thread_in_native, id=8404, stack(0x0000000014b80000,0x0000000014c80000)]
  0x0000000013b47000 JavaThread "Attach Listener" daemon [_thread_blocked, id=19764, stack(0x00000000152c0000,0x00000000153c0000)]
  0x0000000013b43800 JavaThread "Signal Dispatcher" daemon [_thread_blocked, id=19676, stack(0x00000000150d0000,0x00000000151d0000)]
  0x0000000013b2b800 JavaThread "Finalizer" daemon [_thread_blocked, id=3264, stack(0x0000000014ed0000,0x0000000014fd0000)]
  0x0000000013ae4800 JavaThread "Reference Handler" daemon [_thread_blocked, id=13088, stack(0x0000000014c80000,0x0000000014d80000)]
  0x0000000000bdf000 JavaThread "main" [_thread_in_native, id=6084, stack(0x0000000000f00000,0x0000000001000000)]

Other Threads:
  0x0000000013add000 VMThread [stack: 0x0000000014a00000,0x0000000014b00000] [id=5792]
  0x0000000015438000 WatcherThread [stack: 0x0000000014fd0000,0x00000000150d0000] [id=4108]

VM state:not at safepoint (normal execution)

VM Mutex/Monitor currently owned by a thread: None

Heap:
 PSYoungGen      total 68608K, used 38156K [0x00000000eab00000, 0x00000000ef300000, 0x0000000100000000)
  eden space 63488K, 52% used [0x00000000eab00000,0x00000000ecb443f0,0x00000000ee900000)
  from space 5120K, 99% used [0x00000000eee00000,0x00000000ef2fee18,0x00000000ef300000)
  to   space 5120K, 0% used [0x00000000ee900000,0x00000000ee900000,0x00000000eee00000)
 ParOldGen       total 84992K, used 17249K [0x00000000c0000000, 0x00000000c5300000, 0x00000000eab00000)
  object space 84992K, 20% used [0x00000000c0000000,0x00000000c10d8740,0x00000000c5300000)
 Metaspace       used 5740K, capacity 6896K, committed 7040K, reserved 1056768K
  class space    used 580K, capacity 616K, committed 640K, reserved 1048576K

Card table byte_map: [0x0000000010690000,0x00000000108a0000] byte_map_base: 0x0000000010090000

Marking Bits: (ParMarkBitMap*) 0x00000000527ea6d0
 Begin Bits: [0x0000000010f50000, 0x0000000011f50000)
 End Bits:   [0x0000000011f50000, 0x0000000012f50000)

Polling page: 0x0000000000b40000

CodeCache: size=245760Kb used=5384Kb max_used=5406Kb free=240375Kb
 bounds [0x00000000012d0000, 0x0000000001820000, 0x00000000102d0000]
 total_blobs=1537 nmethods=1275 adapters=174
 compilation: enabled

Compilation events (10 events):
Event: 5.013 Thread 0x0000000015412000 1303       2       java.util.TreeMap$PrivateEntryIterator::nextEntry (54 bytes)
Event: 5.014 Thread 0x0000000015412000 nmethod 1303 0x0000000001806510 code [0x00000000018066a0, 0x0000000001806968]
Event: 5.014 Thread 0x0000000015412000 1304       2       com.android.dx.rop.code.RegisterSpec::intersect (169 bytes)
Event: 5.015 Thread 0x0000000015412000 nmethod 1304 0x0000000001805b50 code [0x0000000001805d20, 0x0000000001806228]
Event: 5.016 Thread 0x0000000015412000 1305       2       java.util.HashMap$HashIterator::nextNode (100 bytes)
Event: 5.016 Thread 0x0000000015412000 nmethod 1305 0x0000000001805390 code [0x0000000001805520, 0x0000000001805898]
Event: 5.047 Thread 0x0000000015411000 nmethod 1278% 0x0000000001815710 code [0x0000000001815a40, 0x0000000001818888]
Event: 5.047 Thread 0x0000000015411000 1289       4       com.android.dx.ssa.SCCP::simulateStmt (481 bytes)
Event: 5.122 Thread 0x0000000015412000 1307       2       com.android.dx.ssa.SsaConverter::nodeNeedsUniquePredecessor (32 bytes)
Event: 5.123 Thread 0x0000000015412000 nmethod 1307 0x00000000017ce5d0 code [0x00000000017ce740, 0x00000000017ce8f8]

GC Heap History (4 events):
Event: 3.848 GC heap before
{Heap before GC invocations=1 (full 0):
 PSYoungGen      total 36864K, used 31744K [0x00000000eab00000, 0x00000000ed400000, 0x0000000100000000)
  eden space 31744K, 100% used [0x00000000eab00000,0x00000000eca00000,0x00000000eca00000)
  from space 5120K, 0% used [0x00000000ecf00000,0x00000000ecf00000,0x00000000ed400000)
  to   space 5120K, 0% used [0x00000000eca00000,0x00000000eca00000,0x00000000ecf00000)
 ParOldGen       total 84992K, used 0K [0x00000000c0000000, 0x00000000c5300000, 0x00000000eab00000)
  object space 84992K, 0% used [0x00000000c0000000,0x00000000c0000000,0x00000000c5300000)
 Metaspace       used 5711K, capacity 6832K, committed 7040K, reserved 1056768K
  class space    used 579K, capacity 616K, committed 640K, reserved 1048576K
Event: 3.945 GC heap after
Heap after GC invocations=1 (full 0):
 PSYoungGen      total 36864K, used 5096K [0x00000000eab00000, 0x00000000ef300000, 0x0000000100000000)
  eden space 31744K, 0% used [0x00000000eab00000,0x00000000eab00000,0x00000000eca00000)
  from space 5120K, 99% used [0x00000000eca00000,0x00000000ecefa058,0x00000000ecf00000)
  to   space 5120K, 0% used [0x00000000eee00000,0x00000000eee00000,0x00000000ef300000)
 ParOldGen       total 84992K, used 3326K [0x00000000c0000000, 0x00000000c5300000, 0x00000000eab00000)
  object space 84992K, 3% used [0x00000000c0000000,0x00000000c033f9d0,0x00000000c5300000)
 Metaspace       used 5711K, capacity 6832K, committed 7040K, reserved 1056768K
  class space    used 579K, capacity 616K, committed 640K, reserved 1048576K
}
Event: 4.331 GC heap before
{Heap before GC invocations=2 (full 0):
 PSYoungGen      total 36864K, used 36840K [0x00000000eab00000, 0x00000000ef300000, 0x0000000100000000)
  eden space 31744K, 100% used [0x00000000eab00000,0x00000000eca00000,0x00000000eca00000)
  from space 5120K, 99% used [0x00000000eca00000,0x00000000ecefa058,0x00000000ecf00000)
  to   space 5120K, 0% used [0x00000000eee00000,0x00000000eee00000,0x00000000ef300000)
 ParOldGen       total 84992K, used 3326K [0x00000000c0000000, 0x00000000c5300000, 0x00000000eab00000)
  object space 84992K, 3% used [0x00000000c0000000,0x00000000c033f9d0,0x00000000c5300000)
 Metaspace       used 5724K, capacity 6832K, committed 7040K, reserved 1056768K
  class space    used 580K, capacity 616K, committed 640K, reserved 1048576K
Event: 4.835 GC heap after
Heap after GC invocations=2 (full 0):
 PSYoungGen      total 68608K, used 5115K [0x00000000eab00000, 0x00000000ef300000, 0x0000000100000000)
  eden space 63488K, 0% used [0x00000000eab00000,0x00000000eab00000,0x00000000ee900000)
  from space 5120K, 99% used [0x00000000eee00000,0x00000000ef2fee18,0x00000000ef300000)
  to   space 5120K, 0% used [0x00000000ee900000,0x00000000ee900000,0x00000000eee00000)
 ParOldGen       total 84992K, used 17249K [0x00000000c0000000, 0x00000000c5300000, 0x00000000eab00000)
  object space 84992K, 20% used [0x00000000c0000000,0x00000000c10d8740,0x00000000c5300000)
 Metaspace       used 5724K, capacity 6832K, committed 7040K, reserved 1056768K
  class space    used 580K, capacity 616K, committed 640K, reserved 1048576K
}

Deoptimization events (10 events):
Event: 3.679 Thread 0x000000001552d000 Uncommon trap: reason=bimorphic action=maybe_recompile pc=0x000000000150f9b0 method=java.util.HashMap.getNode(ILjava/lang/Object;)Ljava/util/HashMap$Node; @ 126
Event: 3.680 Thread 0x000000001552d000 Uncommon trap: reason=unstable_if action=reinterpret pc=0x0000000001733a8c method=com.android.dx.rop.code.RegisterSpec.equals(ILcom/android/dx/rop/type/TypeBearer;Lcom/android/dx/rop/code/LocalItem;)Z @ 16
Event: 3.701 Thread 0x000000001552d000 Uncommon trap: reason=unstable_if action=reinterpret pc=0x00000000016abed0 method=com.android.dx.util.IntList.binarysearch(I)I @ 26
Event: 3.701 Thread 0x000000001552d000 Uncommon trap: reason=class_check action=maybe_recompile pc=0x0000000001570b58 method=com.android.dx.rop.type.Type.equals(Ljava/lang/Object;)Z @ 8
Event: 3.701 Thread 0x000000001552d000 Uncommon trap: reason=null_check action=make_not_entrant pc=0x0000000001570b68 method=com.android.dx.rop.type.Type.equals(Ljava/lang/Object;)Z @ 8
Event: 3.701 Thread 0x000000001552d000 Uncommon trap: reason=unstable_if action=reinterpret pc=0x00000000016a17e8 method=com.android.dx.cf.code.Ropper.labelToResultIndex(I)I @ 34
Event: 3.704 Thread 0x000000001552d000 Uncommon trap: reason=unstable_if action=reinterpret pc=0x00000000017593b4 method=com.android.dx.util.LabeledList.set(ILcom/android/dx/util/LabeledItem;)V @ 16
Event: 4.863 Thread 0x000000001552d000 Uncommon trap: reason=unstable_if action=reinterpret pc=0x0000000001703788 method=com.android.dx.util.BitIntSet.has(I)Z @ 8
Event: 5.004 Thread 0x0000000015501000 Uncommon trap: reason=bimorphic action=maybe_recompile pc=0x00000000017abd44 method=com.android.dx.cf.code.BaseMachine.getLocalTarget(Z)Lcom/android/dx/rop/code/RegisterSpec; @ 70
Event: 5.004 Thread 0x0000000015501000 Uncommon trap: reason=bimorphic action=maybe_recompile pc=0x00000000017abd44 method=com.android.dx.cf.code.BaseMachine.getLocalTarget(Z)Lcom/android/dx/rop/code/RegisterSpec; @ 70

Internal exceptions (3 events):
Event: 0.037 Thread 0x0000000000bdf000 Exception <a 'java/lang/NoSuchMethodError': Method sun.misc.Unsafe.defineClass(Ljava/lang/String;[BII)Ljava/lang/Class; name or signature does not match> (0x00000000eab07cc0) thrown at [C:\re\workspace\8-2-build-windows-amd64-cygwin\jdk8u101\7261\hotspot\söŸzæ(£?
Event: 0.037 Thread 0x0000000000bdf000 Exception <a 'java/lang/NoSuchMethodError': Method sun.misc.Unsafe.prefetchRead(Ljava/lang/Object;J)V name or signature does not match> (0x00000000eab07fa8) thrown at [C:\re\workspace\8-2-build-windows-amd64-cygwin\jdk8u101\7261\hotspot\src\share\vm\prims\Â¤¸Ú›@
Event: 3.701 Thread 0x000000001552d000 Implicit null exception at 0x0000000001570a52 to 0x0000000001570b59

Events (10 events):
Event: 5.004 Thread 0x0000000015501000 Uncommon trap: trap_request=0xffffffc6 fr.pc=0x00000000017abd44
Event: 5.004 Thread 0x0000000015501000 DEOPT PACKING pc=0x00000000017abd44 sp=0x0000000015cddfa0
Event: 5.004 Thread 0x0000000015501000 DEOPT UNPACKING pc=0x000000000131582a sp=0x0000000015cddf30 mode 2
Event: 5.004 Thread 0x0000000015501000 Uncommon trap: trap_request=0xffffffc6 fr.pc=0x00000000017abd44
Event: 5.004 Thread 0x0000000015501000 DEOPT PACKING pc=0x00000000017abd44 sp=0x0000000015cde150
Event: 5.004 Thread 0x0000000015501000 DEOPT UNPACKING pc=0x000000000131582a sp=0x0000000015cde0e0 mode 2
Event: 5.013 Thread 0x0000000015501000 DEOPT PACKING pc=0x000000000162760d sp=0x0000000015cde830
Event: 5.013 Thread 0x0000000015501000 DEOPT UNPACKING pc=0x000000000131787f sp=0x0000000015cde610 mode 0
Event: 5.122 Thread 0x0000000015501000 DEOPT PACKING pc=0x00000000015cc71d sp=0x0000000015cdea40
Event: 5.122 Thread 0x0000000015501000 DEOPT UNPACKING pc=0x000000000131787f sp=0x0000000015cde738 mode 0


Dynamic libraries:
0x000000013f870000 - 0x000000013f8a7000 	C:\Program Files\Java\jdk1.8.0_101\bin\java.exe
0x0000000077560000 - 0x000000007770a000 	C:\Windows\SYSTEM32\ntdll.dll
0x0000000077440000 - 0x000000007755f000 	C:\Windows\system32\kernel32.dll
0x000007fefd510000 - 0x000007fefd57a000 	C:\Windows\system32\KERNELBASE.dll
0x000007fefec10000 - 0x000007fefeceb000 	C:\Windows\system32\ADVAPI32.dll
0x000007fefed60000 - 0x000007fefedff000 	C:\Windows\system32\msvcrt.dll
0x000007feff6d0000 - 0x000007feff6ef000 	C:\Windows\SYSTEM32\sechost.dll
0x000007fefead0000 - 0x000007fefebfd000 	C:\Windows\system32\RPCRT4.dll
0x0000000077340000 - 0x000000007743a000 	C:\Windows\system32\USER32.dll
0x000007fefd760000 - 0x000007fefd7c7000 	C:\Windows\system32\GDI32.dll
0x000007fefec00000 - 0x000007fefec0e000 	C:\Windows\system32\LPK.dll
0x000007feff700000 - 0x000007feff7ca000 	C:\Windows\system32\USP10.dll
0x000007fefa5e0000 - 0x000007fefa7d4000 	C:\Windows\WinSxS\amd64_microsoft.windows.common-controls_6595b64144ccf1df_6.0.7601.18837_none_fa3b1e3d17594757\COMCTL32.dll
0x000007fefea50000 - 0x000007fefeac1000 	C:\Windows\system32\SHLWAPI.dll
0x000007fefea20000 - 0x000007fefea4e000 	C:\Windows\system32\IMM32.DLL
0x000007fefd650000 - 0x000007fefd759000 	C:\Windows\system32\MSCTF.dll
0x0000000053b40000 - 0x0000000053c12000 	C:\Program Files\Java\jdk1.8.0_101\jre\bin\msvcr100.dll
0x0000000051fd0000 - 0x000000005286a000 	C:\Program Files\Java\jdk1.8.0_101\jre\bin\server\jvm.dll
0x000007fef9860000 - 0x000007fef9869000 	C:\Windows\system32\WSOCK32.dll
0x000007fefecf0000 - 0x000007fefed3d000 	C:\Windows\system32\WS2_32.dll
0x000007feff6f0000 - 0x000007feff6f8000 	C:\Windows\system32\NSI.dll
0x000007fef9de0000 - 0x000007fef9e1b000 	C:\Windows\system32\WINMM.dll
0x000007fefc1c0000 - 0x000007fefc1cc000 	C:\Windows\system32\VERSION.dll
0x0000000077730000 - 0x0000000077737000 	C:\Windows\system32\PSAPI.DLL
0x000000006f230000 - 0x000000006f23f000 	C:\Program Files\Java\jdk1.8.0_101\jre\bin\verify.dll
0x0000000059b90000 - 0x0000000059bb9000 	C:\Program Files\Java\jdk1.8.0_101\jre\bin\java.dll
0x0000000059520000 - 0x0000000059536000 	C:\Program Files\Java\jdk1.8.0_101\jre\bin\zip.dll
0x000007fefdc90000 - 0x000007fefea1a000 	C:\Windows\system32\SHELL32.dll
0x000007fefeea0000 - 0x000007feff0a3000 	C:\Windows\system32\ole32.dll
0x000007fefd290000 - 0x000007fefd29f000 	C:\Windows\system32\profapi.dll

VM Arguments:
jvm_args: -Djava.awt.headless=true -Xmx1024M -Dfile.encoding=windows-1252 -Duser.country=US -Duser.language=en -Duser.variant 
java_command: com.android.dx.command.Main --dex --force-jumbo --num-threads=4 --multi-dex --output C:\Pitonew\Android-Pitonew\app\build\intermediates\transforms\dex\debug\folders\1000\5\slice_1 C:\Pitonew\Android-Pitonew\app\build\intermediates\transforms\instantRunSlicer\debug\folders\1\5\slice_1
java_class_path (initial): C:\Users\jco\AppData\Local\Android\sdk\build-tools\25.0.2\lib\dx.jar
Launcher Type: SUN_STANDARD

Environment Variables:
JAVA_HOME=C:\Program Files\Java\jre1.8.0_111
PATH=C:\ProgramData\Oracle\Java\javapath;C:\Windows\system32;C:\Windows;C:\Windows\System32\Wbem;C:\Windows\System32\WindowsPowerShell\v1.0\;C:\Windows\CCM;C:\Program Files (x86)\WebEx\Productivity Tools;C:\Program Files\Microsoft SQL Server\Client SDK\ODBC\110\Tools\Binn\;C:\Program Files (x86)\Microsoft SQL Server\120\Tools\Binn\;C:\Program Files\Microsoft SQL Server\120\Tools\Binn\;C:\Program Files\Microsoft SQL Server\120\DTS\Binn\;C:\Program Files (x86)\WebEx\PTools020000000;C:\Program Files\TortoiseHg\;C:\RailsInstaller\Git\cmd;C:\RailsInstaller\nodejs\;C:\Program Files (x86)\Heroku\bin;C:\Program Files (x86)\git\cmd;C:\Program Files (x86)\Git\cmd;C:\Program Files (x86)\Brackets\command;C:\Program Files (x86)\nodejs\;C:\Program Files (x86)\Microsoft SQL Server\120\Tools\Binn\ManagementStudio\;C:\Program Files (x86)\Microsoft SQL Server\120\DTS\Binn\;C:\RailsInstaller\Git\cmd;C:\Quality Assurance\jruby-1.7.26\bin;c:\Python27;C:\Program Files\Mercurial;C:\Users\jco\AppData\Roaming\npm;C:\Users\jco\Downloads\apache-maven-3.3.9-bin\apache-maven-3.3.9\bin;C:\Users\jco\AppData\Local\Box\Box Edit\
USERNAME=jco
OS=Windows_NT
PROCESSOR_IDENTIFIER=Intel64 Family 6 Model 61 Stepping 4, GenuineIntel



---------------  S Y S T E M  ---------------

OS: Windows 7 , 64 bit Build 7601 (6.1.7601.23572)

CPU:total 4 (2 cores per cpu, 2 threads per core) family 6 model 61 stepping 4, cmov, cx8, fxsr, mmx, sse, sse2, sse3, ssse3, sse4.1, sse4.2, popcnt, avx, avx2, aes, clmul, erms, 3dnowpref, lzcnt, ht, tsc, tscinvbit, bmi1, bmi2, adx

Memory: 4k page, physical 8077544k(659960k free), swap 18231708k(3288k free)

vm_info: Java HotSpot(TM) 64-Bit Server VM (25.101-b13) for windows-amd64 JRE (1.8.0_101-b13), built on Jun 22 2016 01:21:29 by "java_re" with MS VC++ 10.0 (VS2010)

time: Sat Mar 18 21:11:43 2017
elapsed time: 5 seconds (0d 0h 0m 5s)

