#
# There is insufficient memory for the Java Runtime Environment to continue.
# Native memory allocation (malloc) failed to allocate 32744 bytes for ChunkPool::allocate
# Possible reasons:
#   The system is out of physical RAM or swap space
#   In 32 bit mode, the process size limit was hit
# Possible solutions:
#   Reduce memory load on the system
#   Increase physical memory or swap space
#   Check if swap backing store is full
#   Use 64 bit Java on a 64 bit OS
#   Decrease Java heap size (-Xmx/-Xms)
#   Decrease number of Java threads
#   Decrease Java thread stack sizes (-Xss)
#   Set larger code cache with -XX:ReservedCodeCacheSize=
# This output file may be truncated or incomplete.
#
#  Out of Memory Error (allocation.cpp:273), pid=6584, tid=0x00000000000037ec
#
# JRE version: Java(TM) SE Runtime Environment (8.0_101-b13) (build 1.8.0_101-b13)
# Java VM: Java HotSpot(TM) 64-Bit Server VM (25.101-b13 mixed mode windows-amd64 compressed oops)
# Failed to write core dump. Minidumps are not enabled by default on client versions of Windows
#

---------------  T H R E A D  ---------------

Current thread (0x000000005559b000):  JavaThread "C1 CompilerThread2" daemon [_thread_in_native, id=14316, stack(0x0000000055b60000,0x0000000055c60000)]

Stack: [0x0000000055b60000,0x0000000055c60000]
[error occurred during error reporting (printing stack bounds), id 0xc0000005]

Native frames: (J=compiled Java code, j=interpreted, Vv=VM code, C=native code)


Current CompileTask:
C1:   4637  461   !   3       com.android.dx.cf.code.BytecodeArray::parseInstruction (2764 bytes)


---------------  P R O C E S S  ---------------

Java Threads: ( => current thread )
  0x00000000556c3800 JavaThread "pool-2-thread-4" [_thread_blocked, id=16012, stack(0x0000000056360000,0x0000000056460000)]
  0x00000000556a6800 JavaThread "pool-2-thread-3" [_thread_blocked, id=12720, stack(0x0000000056230000,0x0000000056330000)]
  0x00000000556c1000 JavaThread "pool-2-thread-2" [_thread_in_Java, id=15436, stack(0x0000000055fb0000,0x00000000560b0000)]
  0x00000000556a7800 JavaThread "pool-3-thread-1" [_thread_blocked, id=12596, stack(0x0000000055e90000,0x0000000055f90000)]
  0x000000005567f800 JavaThread "pool-2-thread-1" [_thread_in_Java, id=12316, stack(0x0000000055d50000,0x0000000055e50000)]
  0x000000005559f000 JavaThread "Service Thread" daemon [_thread_blocked, id=1460, stack(0x0000000055300000,0x0000000055400000)]
=>0x000000005559b000 JavaThread "C1 CompilerThread2" daemon [_thread_in_native, id=14316, stack(0x0000000055b60000,0x0000000055c60000)]
  0x000000005559a800 JavaThread "C2 CompilerThread1" daemon [_thread_blocked, id=14708, stack(0x0000000055980000,0x0000000055a80000)]
  0x0000000053e4b800 JavaThread "C2 CompilerThread0" daemon [_thread_blocked, id=12100, stack(0x0000000055440000,0x0000000055540000)]
  0x0000000053e47000 JavaThread "Attach Listener" daemon [_thread_blocked, id=5292, stack(0x0000000055090000,0x0000000055190000)]
  0x0000000053e44000 JavaThread "Signal Dispatcher" daemon [_thread_blocked, id=13168, stack(0x00000000551c0000,0x00000000552c0000)]
  0x0000000053e29800 JavaThread "Finalizer" daemon [_thread_blocked, id=11580, stack(0x0000000054f30000,0x0000000055030000)]
  0x0000000053de2800 JavaThread "Reference Handler" daemon [_thread_blocked, id=16056, stack(0x0000000054ce0000,0x0000000054de0000)]
  0x0000000000b9f000 JavaThread "main" [_thread_blocked, id=7212, stack(0x0000000001070000,0x0000000001170000)]

Other Threads:
  0x0000000053ddb000 VMThread [stack: 0x0000000054bb0000,0x0000000054cb0000] [id=14476]
  0x00000000555a5000 WatcherThread [stack: 0x0000000054e00000,0x0000000054f00000] [id=4368]

VM state:not at safepoint (normal execution)

VM Mutex/Monitor currently owned by a thread: None

Heap:
 PSYoungGen      total 36864K, used 11696K [0x00000000eab00000, 0x00000000ed400000, 0x0000000100000000)
  eden space 31744K, 36% used [0x00000000eab00000,0x00000000eb66c178,0x00000000eca00000)
  from space 5120K, 0% used [0x00000000ecf00000,0x00000000ecf00000,0x00000000ed400000)
  to   space 5120K, 0% used [0x00000000eca00000,0x00000000eca00000,0x00000000ecf00000)
 ParOldGen       total 84992K, used 0K [0x00000000c0000000, 0x00000000c5300000, 0x00000000eab00000)
  object space 84992K, 0% used [0x00000000c0000000,0x00000000c0000000,0x00000000c5300000)
 Metaspace       used 5268K, capacity 6448K, committed 6528K, reserved 1056768K
  class space    used 577K, capacity 616K, committed 640K, reserved 1048576K

Card table byte_map: [0x0000000010800000,0x0000000010a10000] byte_map_base: 0x0000000010200000

Marking Bits: (ParMarkBitMap*) 0x000000007047a6d0
 Begin Bits: [0x0000000011250000, 0x0000000012250000)
 End Bits:   [0x0000000012250000, 0x0000000013250000)

Polling page: 0x0000000000210000

CodeCache: size=245760Kb used=1864Kb max_used=1865Kb free=243895Kb
 bounds [0x0000000001440000, 0x00000000016b0000, 0x0000000010440000]
 total_blobs=716 nmethods=454 adapters=175
 compilation: enabled

Compilation events (10 events):
Event: 4.625 Thread 0x000000005559b000 nmethod 452 0x0000000001610f90 code [0x0000000001611120, 0x00000000016115e8]
Event: 4.625 Thread 0x000000005559b000  463       3       com.android.dx.util.IntList::binarysearch (124 bytes)
Event: 4.625 Thread 0x000000005559b000 nmethod 463 0x0000000001610690 code [0x0000000001610820, 0x0000000001610cd0]
Event: 4.625 Thread 0x000000005559b000  459       1       com.android.dx.dex.code.DalvInsn::getPosition (5 bytes)
Event: 4.625 Thread 0x000000005559b000 nmethod 459 0x00000000016103d0 code [0x0000000001610520, 0x0000000001610630]
Event: 4.625 Thread 0x000000005559b000  460       1       com.android.dx.rop.code.SourcePosition::getLine (5 bytes)
Event: 4.625 Thread 0x000000005559b000 nmethod 460 0x0000000001610110 code [0x0000000001610260, 0x0000000001610370]
Event: 4.625 Thread 0x000000005559b000  397       1       com.android.dx.ssa.SsaRenamer::access$100 (5 bytes)
Event: 4.625 Thread 0x000000005559b000 nmethod 397 0x000000000160fe50 code [0x000000000160ffa0, 0x0000000001610090]
Event: 4.625 Thread 0x000000005559b000  461   !   3       com.android.dx.cf.code.BytecodeArray::parseInstruction (2764 bytes)

GC Heap History (0 events):
No events

Deoptimization events (1 events):
Event: 4.625 Thread 0x000000005567f800 Uncommon trap: reason=unstable_if action=reinterpret pc=0x00000000015e9cd8 method=java.util.HashMap.getNode(ILjava/lang/Object;)Ljava/util/HashMap$Node; @ 129

Internal exceptions (2 events):
Event: 0.130 Thread 0x0000000000b9f000 Exception <a 'java/lang/NoSuchMethodError': Method sun.misc.Unsafe.defineClass(Ljava/lang/String;[BII)Ljava/lang/Class; name or signature does not match> (0x00000000eab07cc0) thrown at [C:\re\workspace\8-2-build-windows-amd64-cygwin\jdk8u101\7261\hotspot\slùÅ¸šÀ?
Event: 0.130 Thread 0x0000000000b9f000 Exception <a 'java/lang/NoSuchMethodError': Method sun.misc.Unsafe.prefetchRead(Ljava/lang/Object;J)V name or signature does not match> (0x00000000eab07fa8) thrown at [C:\re\workspace\8-2-build-windows-amd64-cygwin\jdk8u101\7261\hotspot\src\share\vm\prims\

Events (10 events):
Event: 4.591 loading class com/android/dx/dex/file/MethodIdItem done
Event: 4.591 loading class com/android/dx/cf/code/SwitchList
Event: 4.591 loading class com/android/dx/cf/code/SwitchList done
Event: 4.616 loading class com/android/dx/ssa/back/FirstFitLocalCombiningAllocator$Multiset
Event: 4.616 loading class com/android/dx/ssa/back/FirstFitLocalCombiningAllocator$Multiset done
Event: 4.618 loading class java/util/DualPivotQuicksort
Event: 4.618 loading class java/util/DualPivotQuicksort done
Event: 4.625 Thread 0x000000005567f800 Uncommon trap: trap_request=0xffffff65 fr.pc=0x00000000015e9cd8
Event: 4.625 Thread 0x000000005567f800 DEOPT PACKING pc=0x00000000015e9cd8 sp=0x0000000055e4e2b0
Event: 4.625 Thread 0x000000005567f800 DEOPT UNPACKING pc=0x000000000148582a sp=0x0000000055e4e228 mode 2


Dynamic libraries:
0x000000013f870000 - 0x000000013f8a7000 	C:\Program Files\Java\jdk1.8.0_101\bin\java.exe
0x0000000076e10000 - 0x0000000076fba000 	C:\Windows\SYSTEM32\ntdll.dll
0x0000000076bf0000 - 0x0000000076d0f000 	C:\Windows\system32\kernel32.dll
0x000007fefce00000 - 0x000007fefce6a000 	C:\Windows\system32\KERNELBASE.dll
0x000007fefeab0000 - 0x000007fefeb8b000 	C:\Windows\system32\ADVAPI32.dll
0x000007fefd240000 - 0x000007fefd2df000 	C:\Windows\system32\msvcrt.dll
0x000007fefea00000 - 0x000007fefea1f000 	C:\Windows\SYSTEM32\sechost.dll
0x000007fefcf00000 - 0x000007fefd02d000 	C:\Windows\system32\RPCRT4.dll
0x0000000076d10000 - 0x0000000076e0a000 	C:\Windows\system32\USER32.dll
0x000007fefd980000 - 0x000007fefd9e7000 	C:\Windows\system32\GDI32.dll
0x000007fefeaa0000 - 0x000007fefeaae000 	C:\Windows\system32\LPK.dll
0x000007fefd8b0000 - 0x000007fefd97a000 	C:\Windows\system32\USP10.dll
0x000007fef9e30000 - 0x000007fefa024000 	C:\Windows\WinSxS\amd64_microsoft.windows.common-controls_6595b64144ccf1df_6.0.7601.18837_none_fa3b1e3d17594757\COMCTL32.dll
0x000007fefda40000 - 0x000007fefdab1000 	C:\Windows\system32\SHLWAPI.dll
0x000007fefd030000 - 0x000007fefd05e000 	C:\Windows\system32\IMM32.DLL
0x000007feff010000 - 0x000007feff119000 	C:\Windows\system32\MSCTF.dll
0x00000000743f0000 - 0x00000000744c2000 	C:\Program Files\Java\jdk1.8.0_101\jre\bin\msvcr100.dll
0x000000006fc60000 - 0x00000000704fa000 	C:\Program Files\Java\jdk1.8.0_101\jre\bin\server\jvm.dll
0x000007fef9100000 - 0x000007fef9109000 	C:\Windows\system32\WSOCK32.dll
0x000007fefd9f0000 - 0x000007fefda3d000 	C:\Windows\system32\WS2_32.dll
0x000007fefd5b0000 - 0x000007fefd5b8000 	C:\Windows\system32\NSI.dll
0x000007fef9800000 - 0x000007fef983b000 	C:\Windows\system32\WINMM.dll
0x000007fefba70000 - 0x000007fefba7c000 	C:\Windows\system32\VERSION.dll
0x0000000076fe0000 - 0x0000000076fe7000 	C:\Windows\system32\PSAPI.DLL
0x00000000743e0000 - 0x00000000743ef000 	C:\Program Files\Java\jdk1.8.0_101\jre\bin\verify.dll
0x00000000743b0000 - 0x00000000743d9000 	C:\Program Files\Java\jdk1.8.0_101\jre\bin\java.dll
0x0000000074390000 - 0x00000000743a6000 	C:\Program Files\Java\jdk1.8.0_101\jre\bin\zip.dll
0x000007fefdac0000 - 0x000007fefe84a000 	C:\Windows\system32\SHELL32.dll
0x000007fefd5c0000 - 0x000007fefd7c3000 	C:\Windows\system32\ole32.dll
0x000007fefcb40000 - 0x000007fefcb4f000 	C:\Windows\system32\profapi.dll

VM Arguments:
jvm_args: -Djava.awt.headless=true -Xmx1024M -Dfile.encoding=windows-1252 -Duser.country=US -Duser.language=en -Duser.variant 
java_command: com.android.dx.command.Main --dex --force-jumbo --num-threads=4 --multi-dex --output C:\Pitonew\Android-Pitonew\app\build\intermediates\transforms\dex\debug\folders\1000\5\slice_9 C:\Pitonew\Android-Pitonew\app\build\intermediates\transforms\instantRunSlicer\debug\folders\1\5\slice_9
java_class_path (initial): C:\Users\jco\AppData\Local\Android\sdk\build-tools\25.0.2\lib\dx.jar
Launcher Type: SUN_STANDARD

Environment Variables:
JAVA_HOME=C:\Program Files\Java\jre1.8.0_111
PATH=C:\ProgramData\Oracle\Java\javapath;C:\Windows\system32;C:\Windows;C:\Windows\System32\Wbem;C:\Windows\System32\WindowsPowerShell\v1.0\;C:\Windows\CCM;C:\Program Files (x86)\WebEx\Productivity Tools;C:\Program Files\Microsoft SQL Server\Client SDK\ODBC\110\Tools\Binn\;C:\Program Files (x86)\Microsoft SQL Server\120\Tools\Binn\;C:\Program Files\Microsoft SQL Server\120\Tools\Binn\;C:\Program Files\Microsoft SQL Server\120\DTS\Binn\;C:\Program Files (x86)\WebEx\PTools020000000;C:\Program Files\TortoiseHg\;C:\RailsInstaller\Git\cmd;C:\RailsInstaller\nodejs\;C:\Program Files (x86)\Heroku\bin;C:\Program Files (x86)\git\cmd;C:\Program Files (x86)\Git\cmd;C:\Program Files (x86)\Brackets\command;C:\Program Files (x86)\nodejs\;C:\Program Files (x86)\Microsoft SQL Server\120\Tools\Binn\ManagementStudio\;C:\Program Files (x86)\Microsoft SQL Server\120\DTS\Binn\;C:\RailsInstaller\Git\cmd;C:\Quality Assurance\jruby-1.7.26\bin;c:\Python27;C:\Program Files\Mercurial;C:\Users\jco\AppData\Roaming\npm;C:\Users\jco\Downloads\apache-maven-3.3.9-bin\apache-maven-3.3.9\bin;C:\Users\jco\AppData\Local\Box\Box Edit\
USERNAME=jco
OS=Windows_NT
PROCESSOR_IDENTIFIER=Intel64 Family 6 Model 61 Stepping 4, GenuineIntel



---------------  S Y S T E M  ---------------

OS: Windows 7 , 64 bit Build 7601 (6.1.7601.23572)

CPU:total 4 (2 cores per cpu, 2 threads per core) family 6 model 61 stepping 4, cmov, cx8, fxsr, mmx, sse, sse2, sse3, ssse3, sse4.1, sse4.2, popcnt, avx, avx2, aes, clmul, erms, 3dnowpref, lzcnt, ht, tsc, tscinvbit, bmi1, bmi2, adx

Memory: 4k page, physical 8077544k(1048080k free), swap 16315464k(5128k free)

vm_info: Java HotSpot(TM) 64-Bit Server VM (25.101-b13) for windows-amd64 JRE (1.8.0_101-b13), built on Jun 22 2016 01:21:29 by "java_re" with MS VC++ 10.0 (VS2010)

time: Mon Mar 27 15:22:14 2017
elapsed time: 4 seconds (0d 0h 0m 4s)

