#
# There is insufficient memory for the Java Runtime Environment to continue.
# Native memory allocation (malloc) failed to allocate 422096 bytes for Chunk::new
# Possible reasons:
#   The system is out of physical RAM or swap space
#   In 32 bit mode, the process size limit was hit
# Possible solutions:
#   Reduce memory load on the system
#   Increase physical memory or swap space
#   Check if swap backing store is full
#   Use 64 bit Java on a 64 bit OS
#   Decrease Java heap size (-Xmx/-Xms)
#   Decrease number of Java threads
#   Decrease Java thread stack sizes (-Xss)
#   Set larger code cache with -XX:ReservedCodeCacheSize=
# This output file may be truncated or incomplete.
#
#  Out of Memory Error (allocation.cpp:390), pid=15728, tid=0x00000000000057bc
#
# JRE version: Java(TM) SE Runtime Environment (8.0_101-b13) (build 1.8.0_101-b13)
# Java VM: Java HotSpot(TM) 64-Bit Server VM (25.101-b13 mixed mode windows-amd64 compressed oops)
# Failed to write core dump. Minidumps are not enabled by default on client versions of Windows
#

---------------  T H R E A D  ---------------

Current thread (0x0000000013cfb800):  JavaThread "C2 CompilerThread0" daemon [_thread_in_native, id=22460, stack(0x0000000015370000,0x0000000015470000)]

Stack: [0x0000000015370000,0x0000000015470000]
[error occurred during error reporting (printing stack bounds), id 0xc0000005]

Native frames: (J=compiled Java code, j=interpreted, Vv=VM code, C=native code)


Current CompileTask:
C2:   4789 1446   !   4       com.android.dx.cf.code.Ropper::processBlock (1101 bytes)


---------------  P R O C E S S  ---------------

Java Threads: ( => current thread )
  0x000000001584c000 JavaThread "pool-2-thread-4" [_thread_blocked, id=18300, stack(0x00000000164c0000,0x00000000165c0000)]
  0x00000000156d1800 JavaThread "pool-2-thread-3" [_thread_blocked, id=15952, stack(0x0000000016270000,0x0000000016370000)]
  0x00000000156cf000 JavaThread "pool-2-thread-2" [_thread_blocked, id=14232, stack(0x0000000016080000,0x0000000016180000)]
  0x00000000156b1000 JavaThread "pool-3-thread-1" [_thread_blocked, id=20744, stack(0x0000000015e80000,0x0000000015f80000)]
  0x00000000156b0000 JavaThread "pool-2-thread-1" [_thread_blocked, id=17820, stack(0x0000000015a90000,0x0000000015b90000)]
  0x00000000155ee800 JavaThread "Service Thread" daemon [_thread_blocked, id=12484, stack(0x0000000015bb0000,0x0000000015cb0000)]
  0x0000000013cff800 JavaThread "C1 CompilerThread2" daemon [_thread_blocked, id=14460, stack(0x0000000015990000,0x0000000015a90000)]
  0x0000000013cfd800 JavaThread "C2 CompilerThread1" daemon [_thread_in_native, id=1192, stack(0x0000000015470000,0x0000000015570000)]
=>0x0000000013cfb800 JavaThread "C2 CompilerThread0" daemon [_thread_in_native, id=22460, stack(0x0000000015370000,0x0000000015470000)]
  0x0000000013cf7000 JavaThread "Attach Listener" daemon [_thread_blocked, id=20816, stack(0x0000000015170000,0x0000000015270000)]
  0x0000000013cf3800 JavaThread "Signal Dispatcher" daemon [_thread_blocked, id=14300, stack(0x0000000014e60000,0x0000000014f60000)]
  0x0000000013cdb800 JavaThread "Finalizer" daemon [_thread_blocked, id=16324, stack(0x0000000014fb0000,0x00000000150b0000)]
  0x0000000013c94800 JavaThread "Reference Handler" daemon [_thread_blocked, id=14448, stack(0x0000000014d20000,0x0000000014e20000)]
  0x0000000000caf000 JavaThread "main" [_thread_in_native, id=16244, stack(0x0000000001080000,0x0000000001180000)]

Other Threads:
  0x0000000013c8d000 VMThread [stack: 0x0000000014c10000,0x0000000014d10000] [id=12348]
  0x0000000015609800 WatcherThread [stack: 0x0000000015d00000,0x0000000015e00000] [id=11708]

VM state:not at safepoint (normal execution)

VM Mutex/Monitor currently owned by a thread: None

Heap:
 PSYoungGen      total 36864K, used 35780K [0x00000000eab00000, 0x00000000ef300000, 0x0000000100000000)
  eden space 31744K, 96% used [0x00000000eab00000,0x00000000ec8f7c28,0x00000000eca00000)
  from space 5120K, 99% used [0x00000000eca00000,0x00000000ecef93f8,0x00000000ecf00000)
  to   space 5120K, 0% used [0x00000000eee00000,0x00000000eee00000,0x00000000ef300000)
 ParOldGen       total 84992K, used 1901K [0x00000000c0000000, 0x00000000c5300000, 0x00000000eab00000)
  object space 84992K, 2% used [0x00000000c0000000,0x00000000c01db618,0x00000000c5300000)
 Metaspace       used 5872K, capacity 6960K, committed 7040K, reserved 1056768K
  class space    used 585K, capacity 616K, committed 640K, reserved 1048576K

Card table byte_map: [0x0000000010810000,0x0000000010a20000] byte_map_base: 0x0000000010210000

Marking Bits: (ParMarkBitMap*) 0x00000000527ea6d0
 Begin Bits: [0x0000000011100000, 0x0000000012100000)
 End Bits:   [0x0000000012100000, 0x0000000013100000)

Polling page: 0x0000000000310000

CodeCache: size=245760Kb used=6305Kb max_used=6324Kb free=239454Kb
 bounds [0x0000000001450000, 0x0000000001a90000, 0x0000000010450000]
 total_blobs=1701 nmethods=1439 adapters=175
 compilation: enabled

Compilation events (10 events):
Event: 4.382 Thread 0x0000000013cff800 nmethod 1438 0x0000000001a73d50 code [0x0000000001a73ea0, 0x0000000001a73fb0]
Event: 4.446 Thread 0x0000000013cfb800 1441       4       com.android.dx.rop.code.RegisterSpec::<init> (8 bytes)
Event: 4.447 Thread 0x0000000013cfb800 nmethod 1441 0x0000000001a6aa10 code [0x0000000001a6ab40, 0x0000000001a6abf8]
Event: 4.447 Thread 0x0000000013cfb800 1442       4       com.android.dx.dex.code.RopTranslator$LocalVariableAwareTranslationVisitor::visitPlainInsn (11 bytes)
Event: 4.449 Thread 0x0000000013cff800 1445       3       com.android.dx.rop.code.Rop::<init> (15 bytes)
Event: 4.449 Thread 0x0000000013cff800 nmethod 1445 0x0000000001a6a650 code [0x0000000001a6a7c0, 0x0000000001a6a968]
Event: 4.449 Thread 0x0000000013cff800 1447       1       com.android.dx.ssa.Optimizer::getAdvice (4 bytes)
Event: 4.449 Thread 0x0000000013cff800 nmethod 1447 0x0000000001a73a90 code [0x0000000001a73be0, 0x0000000001a73cd0]
Event: 4.533 Thread 0x0000000013cfb800 nmethod 1442 0x0000000001a7f310 code [0x0000000001a7f5a0, 0x0000000001a81380]
Event: 4.533 Thread 0x0000000013cfb800 1446   !   4       com.android.dx.cf.code.Ropper::processBlock (1101 bytes)

GC Heap History (2 events):
Event: 1.974 GC heap before
{Heap before GC invocations=1 (full 0):
 PSYoungGen      total 36864K, used 31744K [0x00000000eab00000, 0x00000000ed400000, 0x0000000100000000)
  eden space 31744K, 100% used [0x00000000eab00000,0x00000000eca00000,0x00000000eca00000)
  from space 5120K, 0% used [0x00000000ecf00000,0x00000000ecf00000,0x00000000ed400000)
  to   space 5120K, 0% used [0x00000000eca00000,0x00000000eca00000,0x00000000ecf00000)
 ParOldGen       total 84992K, used 0K [0x00000000c0000000, 0x00000000c5300000, 0x00000000eab00000)
  object space 84992K, 0% used [0x00000000c0000000,0x00000000c0000000,0x00000000c5300000)
 Metaspace       used 5744K, capacity 6896K, committed 7040K, reserved 1056768K
  class space    used 581K, capacity 616K, committed 640K, reserved 1048576K
Event: 2.008 GC heap after
Heap after GC invocations=1 (full 0):
 PSYoungGen      total 36864K, used 5092K [0x00000000eab00000, 0x00000000ef300000, 0x0000000100000000)
  eden space 31744K, 0% used [0x00000000eab00000,0x00000000eab00000,0x00000000eca00000)
  from space 5120K, 99% used [0x00000000eca00000,0x00000000ecef93f8,0x00000000ecf00000)
  to   space 5120K, 0% used [0x00000000eee00000,0x00000000eee00000,0x00000000ef300000)
 ParOldGen       total 84992K, used 1901K [0x00000000c0000000, 0x00000000c5300000, 0x00000000eab00000)
  object space 84992K, 2% used [0x00000000c0000000,0x00000000c01db618,0x00000000c5300000)
 Metaspace       used 5744K, capacity 6896K, committed 7040K, reserved 1056768K
  class space    used 581K, capacity 616K, committed 640K, reserved 1048576K
}

Deoptimization events (10 events):
Event: 2.460 Thread 0x00000000156cf000 Uncommon trap: reason=class_check action=maybe_recompile pc=0x00000000016e7ad8 method=com.android.dx.rop.type.Type.equals(Ljava/lang/Object;)Z @ 8
Event: 2.460 Thread 0x00000000156cf000 Uncommon trap: reason=class_check action=maybe_recompile pc=0x000000000189ad0c method=com.android.dx.ssa.NormalSsaInsn.accept(Lcom/android/dx/ssa/SsaInsn$Visitor;)V @ 9
Event: 2.470 Thread 0x00000000156cf000 Uncommon trap: reason=unstable_if action=reinterpret pc=0x00000000018d3134 method=com.android.dx.util.LabeledList.set(ILcom/android/dx/util/LabeledItem;)V @ 16
Event: 2.470 Thread 0x00000000156cf000 Uncommon trap: reason=unstable_if action=reinterpret pc=0x0000000001869b38 method=com.android.dx.util.LabeledList.set(ILcom/android/dx/util/LabeledItem;)V @ 16
Event: 2.522 Thread 0x0000000000caf000 Uncommon trap: reason=unstable_if action=reinterpret pc=0x000000000164b8c4 method=java.lang.String.<init>([CII)V @ 18
Event: 3.216 Thread 0x0000000000caf000 Uncommon trap: reason=unstable_if action=reinterpret pc=0x0000000001764928 method=java.lang.String.<init>([CII)V @ 18
Event: 3.275 Thread 0x00000000156b0000 Uncommon trap: reason=bimorphic action=maybe_recompile pc=0x00000000019a91dc method=com.android.dx.cf.code.RopperMachine.run(Lcom/android/dx/cf/code/Frame;II)V @ 978
Event: 3.275 Thread 0x00000000156b0000 Uncommon trap: reason=bimorphic action=maybe_recompile pc=0x00000000019a91dc method=com.android.dx.cf.code.RopperMachine.run(Lcom/android/dx/cf/code/Frame;II)V @ 978
Event: 3.276 Thread 0x00000000156b0000 Uncommon trap: reason=bimorphic action=maybe_recompile pc=0x00000000019a91dc method=com.android.dx.cf.code.RopperMachine.run(Lcom/android/dx/cf/code/Frame;II)V @ 978
Event: 3.276 Thread 0x00000000156b0000 Uncommon trap: reason=bimorphic action=maybe_recompile pc=0x00000000019a91dc method=com.android.dx.cf.code.RopperMachine.run(Lcom/android/dx/cf/code/Frame;II)V @ 978

Internal exceptions (2 events):
Event: 0.040 Thread 0x0000000000caf000 Exception <a 'java/lang/NoSuchMethodError': Method sun.misc.Unsafe.defineClass(Ljava/lang/String;[BII)Ljava/lang/Class; name or signature does not match> (0x00000000eab07cc0) thrown at [C:\re\workspace\8-2-build-windows-amd64-cygwin\jdk8u101\7261\hotspot\sÀOäÂT§?
Event: 0.040 Thread 0x0000000000caf000 Exception <a 'java/lang/NoSuchMethodError': Method sun.misc.Unsafe.prefetchRead(Ljava/lang/Object;J)V name or signature does not match> (0x00000000eab07fa8) thrown at [C:\re\workspace\8-2-build-windows-amd64-cygwin\jdk8u101\7261\hotspot\src\share\vm\prims\

Events (10 events):
Event: 3.281 Thread 0x00000000156b0000 DEOPT PACKING pc=0x00000000017aa141 sp=0x0000000015b8e7d0
Event: 3.281 Thread 0x00000000156b0000 DEOPT UNPACKING pc=0x000000000149787f sp=0x0000000015b8e598 mode 0
Event: 3.312 Thread 0x00000000156b0000 DEOPT PACKING pc=0x00000000017aa141 sp=0x0000000015b8e7d0
Event: 3.312 Thread 0x00000000156b0000 DEOPT UNPACKING pc=0x000000000149787f sp=0x0000000015b8e598 mode 0
Event: 3.319 Thread 0x00000000156b0000 DEOPT PACKING pc=0x00000000017aa3fc sp=0x0000000015b8e860
Event: 3.319 Thread 0x00000000156b0000 DEOPT UNPACKING pc=0x000000000149787f sp=0x0000000015b8e628 mode 0
Event: 4.189 Executing VM operation: EnableBiasedLocking
Event: 4.189 Executing VM operation: EnableBiasedLocking done
Event: 4.445 loading class com/android/dx/rop/code/RegisterSpec$1
Event: 4.445 loading class com/android/dx/rop/code/RegisterSpec$1 done


Dynamic libraries:
0x000000013f870000 - 0x000000013f8a7000 	C:\Program Files\Java\jdk1.8.0_101\bin\java.exe
0x0000000077560000 - 0x000000007770a000 	C:\Windows\SYSTEM32\ntdll.dll
0x0000000077440000 - 0x000000007755f000 	C:\Windows\system32\kernel32.dll
0x000007fefd510000 - 0x000007fefd57a000 	C:\Windows\system32\KERNELBASE.dll
0x000007fefec10000 - 0x000007fefeceb000 	C:\Windows\system32\ADVAPI32.dll
0x000007fefed60000 - 0x000007fefedff000 	C:\Windows\system32\msvcrt.dll
0x000007feff6d0000 - 0x000007feff6ef000 	C:\Windows\SYSTEM32\sechost.dll
0x000007fefead0000 - 0x000007fefebfd000 	C:\Windows\system32\RPCRT4.dll
0x0000000077340000 - 0x000000007743a000 	C:\Windows\system32\USER32.dll
0x000007fefd760000 - 0x000007fefd7c7000 	C:\Windows\system32\GDI32.dll
0x000007fefec00000 - 0x000007fefec0e000 	C:\Windows\system32\LPK.dll
0x000007feff700000 - 0x000007feff7ca000 	C:\Windows\system32\USP10.dll
0x000007fefa5e0000 - 0x000007fefa7d4000 	C:\Windows\WinSxS\amd64_microsoft.windows.common-controls_6595b64144ccf1df_6.0.7601.18837_none_fa3b1e3d17594757\COMCTL32.dll
0x000007fefea50000 - 0x000007fefeac1000 	C:\Windows\system32\SHLWAPI.dll
0x000007fefea20000 - 0x000007fefea4e000 	C:\Windows\system32\IMM32.DLL
0x000007fefd650000 - 0x000007fefd759000 	C:\Windows\system32\MSCTF.dll
0x0000000053b40000 - 0x0000000053c12000 	C:\Program Files\Java\jdk1.8.0_101\jre\bin\msvcr100.dll
0x0000000051fd0000 - 0x000000005286a000 	C:\Program Files\Java\jdk1.8.0_101\jre\bin\server\jvm.dll
0x000007fef9860000 - 0x000007fef9869000 	C:\Windows\system32\WSOCK32.dll
0x000007fefecf0000 - 0x000007fefed3d000 	C:\Windows\system32\WS2_32.dll
0x000007feff6f0000 - 0x000007feff6f8000 	C:\Windows\system32\NSI.dll
0x000007fef9de0000 - 0x000007fef9e1b000 	C:\Windows\system32\WINMM.dll
0x000007fefc1c0000 - 0x000007fefc1cc000 	C:\Windows\system32\VERSION.dll
0x0000000077730000 - 0x0000000077737000 	C:\Windows\system32\PSAPI.DLL
0x000000006f230000 - 0x000000006f23f000 	C:\Program Files\Java\jdk1.8.0_101\jre\bin\verify.dll
0x0000000059b90000 - 0x0000000059bb9000 	C:\Program Files\Java\jdk1.8.0_101\jre\bin\java.dll
0x0000000059520000 - 0x0000000059536000 	C:\Program Files\Java\jdk1.8.0_101\jre\bin\zip.dll
0x000007fefdc90000 - 0x000007fefea1a000 	C:\Windows\system32\SHELL32.dll
0x000007fefeea0000 - 0x000007feff0a3000 	C:\Windows\system32\ole32.dll
0x000007fefd290000 - 0x000007fefd29f000 	C:\Windows\system32\profapi.dll

VM Arguments:
jvm_args: -Djava.awt.headless=true -Xmx1024M -Dfile.encoding=windows-1252 -Duser.country=US -Duser.language=en -Duser.variant 
java_command: com.android.dx.command.Main --dex --force-jumbo --num-threads=4 --multi-dex --output C:\Pitonew\Android-Pitonew\app\build\intermediates\transforms\dex\debug\folders\1000\5\slice_4 C:\Pitonew\Android-Pitonew\app\build\intermediates\transforms\instantRunSlicer\debug\folders\1\5\slice_4
java_class_path (initial): C:\Users\jco\AppData\Local\Android\sdk\build-tools\25.0.2\lib\dx.jar
Launcher Type: SUN_STANDARD

Environment Variables:
JAVA_HOME=C:\Program Files\Java\jre1.8.0_111
PATH=C:\ProgramData\Oracle\Java\javapath;C:\Windows\system32;C:\Windows;C:\Windows\System32\Wbem;C:\Windows\System32\WindowsPowerShell\v1.0\;C:\Windows\CCM;C:\Program Files (x86)\WebEx\Productivity Tools;C:\Program Files\Microsoft SQL Server\Client SDK\ODBC\110\Tools\Binn\;C:\Program Files (x86)\Microsoft SQL Server\120\Tools\Binn\;C:\Program Files\Microsoft SQL Server\120\Tools\Binn\;C:\Program Files\Microsoft SQL Server\120\DTS\Binn\;C:\Program Files (x86)\WebEx\PTools020000000;C:\Program Files\TortoiseHg\;C:\RailsInstaller\Git\cmd;C:\RailsInstaller\nodejs\;C:\Program Files (x86)\Heroku\bin;C:\Program Files (x86)\git\cmd;C:\Program Files (x86)\Git\cmd;C:\Program Files (x86)\Brackets\command;C:\Program Files (x86)\nodejs\;C:\Program Files (x86)\Microsoft SQL Server\120\Tools\Binn\ManagementStudio\;C:\Program Files (x86)\Microsoft SQL Server\120\DTS\Binn\;C:\RailsInstaller\Git\cmd;C:\Quality Assurance\jruby-1.7.26\bin;c:\Python27;C:\Program Files\Mercurial;C:\Users\jco\AppData\Roaming\npm;C:\Users\jco\Downloads\apache-maven-3.3.9-bin\apache-maven-3.3.9\bin;C:\Users\jco\AppData\Local\Box\Box Edit\
USERNAME=jco
OS=Windows_NT
PROCESSOR_IDENTIFIER=Intel64 Family 6 Model 61 Stepping 4, GenuineIntel



---------------  S Y S T E M  ---------------

OS: Windows 7 , 64 bit Build 7601 (6.1.7601.23572)

CPU:total 4 (2 cores per cpu, 2 threads per core) family 6 model 61 stepping 4, cmov, cx8, fxsr, mmx, sse, sse2, sse3, ssse3, sse4.1, sse4.2, popcnt, avx, avx2, aes, clmul, erms, 3dnowpref, lzcnt, ht, tsc, tscinvbit, bmi1, bmi2, adx

Memory: 4k page, physical 8077544k(675244k free), swap 18231708k(6136k free)

vm_info: Java HotSpot(TM) 64-Bit Server VM (25.101-b13) for windows-amd64 JRE (1.8.0_101-b13), built on Jun 22 2016 01:21:29 by "java_re" with MS VC++ 10.0 (VS2010)

time: Sat Mar 18 21:11:43 2017
elapsed time: 4 seconds (0d 0h 0m 4s)

