#
# A fatal error has been detected by the Java Runtime Environment:
#
#  EXCEPTION_STACK_OVERFLOW (0xc00000fd) at pc=0x000000006fe73987, pid=9124, tid=0x0000000000003dcc
#
# JRE version:  (8.0_101-b13) (build )
# Java VM: Java HotSpot(TM) 64-Bit Server VM (25.101-b13 mixed mode windows-amd64 compressed oops)
# Problematic frame:
# V  [jvm.dll+0x213987]
#
# Failed to write core dump. Minidumps are not enabled by default on client versions of Windows
#
# If you would like to submit a bug report, please visit:
#   http://bugreport.java.com/bugreport/crash.jsp
#

---------------  T H R E A D  ---------------

Current thread (0x0000000053b99800):  JavaThread "Finalizer" daemon [_thread_in_vm, id=15820, stack(0x0000000054e30000,0x0000000054f30000)]

siginfo: ExceptionCode=0xc00000fd, ExceptionInformation=0x0000000000000001 0x0000000054f2a560 

Registers:
RAX=0x0000000054f2a560, RBX=0x0000000000000006, RCX=0x0000000000005000, RDX=0x0000000000000006
RSP=0x0000000054f2f560, RBP=0x0000000000000000, RSI=0x0000000054f2f560, RDI=0x0000000000000006
R8 =0x0000000000000006, R9 =0x0000000000d9c010, R10=0x00000000532b4ed8, R11=0x0000000054e3a160
R12=0x0000000000d9c010, R13=0x0000000053b99800, R14=0x0000000054f2f628, R15=0x00000000532b4ed8
RIP=0x000000006fe73987, EFLAGS=0x0000000000010206

Top of Stack: (sp=0x0000000054f2f560)
0x0000000054f2f560:   0000000000000138 0000000053b9b818
0x0000000054f2f570:   0000000053b99800 0000000000d9c010
0x0000000054f2f580:   00000000ffffffff 000000006fe748b7
0x0000000054f2f590:   0000000054f2f690 00000000532b4ed8
0x0000000054f2f5a0:   0000000053b99800 000000006fd204e3
0x0000000054f2f5b0:   0000000054f2f5f0 0000000053b99800
0x0000000054f2f5c0:   0000000054f2f680 0000000053b99800
0x0000000054f2f5d0:   00000000532b4ed8 0000000053b99800
0x0000000054f2f5e0:   00000000012831e0 0000000053b99800
0x0000000054f2f5f0:   00000000532b4ed8 0000000053b99800
0x0000000054f2f600:   00000000531ed4b0 0000000053b99800
0x0000000054f2f610:   0000000000000001 00000000532b4ed8
0x0000000054f2f620:   0000000053b99800 0000000053b9a510
0x0000000054f2f630:   0000000053b99800 000000006fd219cd
0x0000000054f2f640:   0000000054f2f948 00000000131c69a0
0x0000000054f2f650:   00000000131dd0c0 0000000053b9b820 

Instructions: (pc=0x000000006fe73987)
0x000000006fe73967:   48 89 6c 24 30 33 ed 66 90 e8 cb 37 08 00 ff c3
0x000000006fe73977:   48 63 c8 48 8b c6 48 0f af cf 48 ff c7 48 2b c1
0x000000006fe73987:   89 28 48 63 c3 48 3b 05 3d 0d 59 00 7e db 48 8b
0x000000006fe73997:   6c 24 30 48 8b 5c 24 38 48 8b 74 24 40 48 83 c4 


Register to memory mapping:

RAX=0x0000000054f2a560 is pointing into the stack for thread: 0x0000000053b99800
RBX=0x0000000000000006 is an unknown value
RCX=0x0000000000005000 is an unknown value
RDX=0x0000000000000006 is an unknown value
RSP=0x0000000054f2f560 is pointing into the stack for thread: 0x0000000053b99800
RBP=0x0000000000000000 is an unknown value
RSI=0x0000000054f2f560 is pointing into the stack for thread: 0x0000000053b99800
RDI=0x0000000000000006 is an unknown value
R8 =0x0000000000000006 is an unknown value
R9 =0x0000000000d9c010 is an unknown value
R10={method} {0x00000000532b4ee0} 'run' '()V' in 'java/lang/ref/Finalizer$FinalizerThread'
R11=0x0000000054e3a160 is pointing into the stack for thread: 0x0000000053b99800
R12=0x0000000000d9c010 is an unknown value
R13=0x0000000053b99800 is a thread
R14=0x0000000054f2f628 is pointing into the stack for thread: 0x0000000053b99800
R15={method} {0x00000000532b4ee0} 'run' '()V' in 'java/lang/ref/Finalizer$FinalizerThread'


Stack: [0x0000000054e30000,0x0000000054f30000],  sp=0x0000000054f2f560,  free space=1021k
Native frames: (J=compiled Java code, j=interpreted, Vv=VM code, C=native code)


---------------  P R O C E S S  ---------------

Java Threads: ( => current thread )
=>0x0000000053b99800 JavaThread "Finalizer" daemon [_thread_in_vm, id=15820, stack(0x0000000054e30000,0x0000000054f30000)]
  0x0000000053b52800 JavaThread "Reference Handler" daemon [_thread_blocked, id=9156, stack(0x0000000054f90000,0x0000000055090000)]
  0x000000000035f000 JavaThread "main" [_thread_in_native, id=15076, stack(0x0000000000db0000,0x0000000000eb0000)]

Other Threads:
  0x0000000053b4b000 VMThread [stack: 0x0000000054cc0000,0x0000000054dc0000] [id=5612]

VM state:not at safepoint (normal execution)

VM Mutex/Monitor currently owned by a thread: None

Heap:
 PSYoungGen      total 36864K, used 634K [0x00000000eab00000, 0x00000000ed400000, 0x0000000100000000)
  eden space 31744K, 2% used [0x00000000eab00000,0x00000000eab9eb90,0x00000000eca00000)
  from space 5120K, 0% used [0x00000000ecf00000,0x00000000ecf00000,0x00000000ed400000)
  to   space 5120K, 0% used [0x00000000eca00000,0x00000000eca00000,0x00000000ecf00000)
 ParOldGen       total 84992K, used 0K [0x00000000c0000000, 0x00000000c5300000, 0x00000000eab00000)
  object space 84992K, 0% used [0x00000000c0000000,0x00000000c0000000,0x00000000c5300000)
 Metaspace       used 1097K, capacity 4480K, committed 4480K, reserved 1056768K
  class space    used 116K, capacity 384K, committed 384K, reserved 1048576K

Card table byte_map: [0x0000000010630000,0x0000000010840000] byte_map_base: 0x0000000010030000

Marking Bits: (ParMarkBitMap*) 0x000000007047a6d0
 Begin Bits: [0x0000000010fc0000, 0x0000000011fc0000)
 End Bits:   [0x0000000011fc0000, 0x0000000012fc0000)

Polling page: 0x0000000000320000

CodeCache: size=245760Kb used=404Kb max_used=404Kb free=245355Kb
 bounds [0x0000000001270000, 0x00000000014e0000, 0x0000000010270000]
 total_blobs=103 nmethods=0 adapters=77
 compilation: enabled

Compilation events (0 events):
No events

GC Heap History (0 events):
No events

Deoptimization events (0 events):
No events

Internal exceptions (2 events):
Event: 0.161 Thread 0x000000000035f000 Exception <a 'java/lang/NoSuchMethodError': Method sun.misc.Unsafe.defineClass(Ljava/lang/String;[BII)Ljava/lang/Class; name or signature does not match> (0x00000000eab07cc0) thrown at [C:\re\workspace\8-2-build-windows-amd64-cygwin\jdk8u101\7261\hotspot\s^WË"iªÄ?
Event: 0.161 Thread 0x000000000035f000 Exception <a 'java/lang/NoSuchMethodError': Method sun.misc.Unsafe.prefetchRead(Ljava/lang/Object;J)V name or signature does not match> (0x00000000eab07fa8) thrown at [C:\re\workspace\8-2-build-windows-amd64-cygwin\jdk8u101\7261\hotspot\src\share\vm\prims\

Events (10 events):
Event: 0.162 loading class java/util/HashMap$Node done
Event: 0.163 loading class sun/misc/VM
Event: 0.163 loading class sun/misc/VM done
Event: 0.163 loading class java/util/Hashtable$Entry
Event: 0.163 loading class java/util/Hashtable$Entry done
Event: 0.163 loading class java/lang/Math
Event: 0.164 loading class java/lang/Math done
Event: 0.164 loading class java/lang/ref/Finalizer$FinalizerThread
Event: 0.164 loading class java/lang/ref/Finalizer$FinalizerThread done
Event: 0.164 Thread 0x0000000053b99800 Thread added: 0x0000000053b99800


Dynamic libraries:
0x000000013f870000 - 0x000000013f8a7000 	C:\Program Files\Java\jdk1.8.0_101\bin\java.exe
0x0000000076e10000 - 0x0000000076fba000 	C:\Windows\SYSTEM32\ntdll.dll
0x0000000076bf0000 - 0x0000000076d0f000 	C:\Windows\system32\kernel32.dll
0x000007fefce00000 - 0x000007fefce6a000 	C:\Windows\system32\KERNELBASE.dll
0x000007fefeab0000 - 0x000007fefeb8b000 	C:\Windows\system32\ADVAPI32.dll
0x000007fefd240000 - 0x000007fefd2df000 	C:\Windows\system32\msvcrt.dll
0x000007fefea00000 - 0x000007fefea1f000 	C:\Windows\SYSTEM32\sechost.dll
0x000007fefcf00000 - 0x000007fefd02d000 	C:\Windows\system32\RPCRT4.dll
0x0000000076d10000 - 0x0000000076e0a000 	C:\Windows\system32\USER32.dll
0x000007fefd980000 - 0x000007fefd9e7000 	C:\Windows\system32\GDI32.dll
0x000007fefeaa0000 - 0x000007fefeaae000 	C:\Windows\system32\LPK.dll
0x000007fefd8b0000 - 0x000007fefd97a000 	C:\Windows\system32\USP10.dll
0x000007fef9e30000 - 0x000007fefa024000 	C:\Windows\WinSxS\amd64_microsoft.windows.common-controls_6595b64144ccf1df_6.0.7601.18837_none_fa3b1e3d17594757\COMCTL32.dll
0x000007fefda40000 - 0x000007fefdab1000 	C:\Windows\system32\SHLWAPI.dll
0x000007fefd030000 - 0x000007fefd05e000 	C:\Windows\system32\IMM32.DLL
0x000007feff010000 - 0x000007feff119000 	C:\Windows\system32\MSCTF.dll
0x00000000743f0000 - 0x00000000744c2000 	C:\Program Files\Java\jdk1.8.0_101\jre\bin\msvcr100.dll
0x000000006fc60000 - 0x00000000704fa000 	C:\Program Files\Java\jdk1.8.0_101\jre\bin\server\jvm.dll
0x000007fef9100000 - 0x000007fef9109000 	C:\Windows\system32\WSOCK32.dll
0x000007fefd9f0000 - 0x000007fefda3d000 	C:\Windows\system32\WS2_32.dll
0x000007fefd5b0000 - 0x000007fefd5b8000 	C:\Windows\system32\NSI.dll
0x000007fef9800000 - 0x000007fef983b000 	C:\Windows\system32\WINMM.dll
0x000007fefba70000 - 0x000007fefba7c000 	C:\Windows\system32\VERSION.dll
0x0000000076fe0000 - 0x0000000076fe7000 	C:\Windows\system32\PSAPI.DLL
0x00000000743e0000 - 0x00000000743ef000 	C:\Program Files\Java\jdk1.8.0_101\jre\bin\verify.dll
0x00000000743b0000 - 0x00000000743d9000 	C:\Program Files\Java\jdk1.8.0_101\jre\bin\java.dll
0x0000000074390000 - 0x00000000743a6000 	C:\Program Files\Java\jdk1.8.0_101\jre\bin\zip.dll
0x000007fefdac0000 - 0x000007fefe84a000 	C:\Windows\system32\SHELL32.dll
0x000007fefd5c0000 - 0x000007fefd7c3000 	C:\Windows\system32\ole32.dll
0x000007fefcb40000 - 0x000007fefcb4f000 	C:\Windows\system32\profapi.dll

VM Arguments:
jvm_args: -Djava.awt.headless=true -Xmx1024M -Dfile.encoding=windows-1252 -Duser.country=US -Duser.language=en -Duser.variant 
java_command: com.android.dx.command.Main --dex --force-jumbo --num-threads=4 --multi-dex --output C:\Pitonew\Android-Pitonew\app\build\intermediates\transforms\dex\debug\folders\1000\5\slice_2 C:\Pitonew\Android-Pitonew\app\build\intermediates\transforms\instantRunSlicer\debug\folders\1\5\slice_2
java_class_path (initial): C:\Users\jco\AppData\Local\Android\sdk\build-tools\25.0.2\lib\dx.jar
Launcher Type: SUN_STANDARD

Environment Variables:
JAVA_HOME=C:\Program Files\Java\jre1.8.0_111
PATH=C:\ProgramData\Oracle\Java\javapath;C:\Windows\system32;C:\Windows;C:\Windows\System32\Wbem;C:\Windows\System32\WindowsPowerShell\v1.0\;C:\Windows\CCM;C:\Program Files (x86)\WebEx\Productivity Tools;C:\Program Files\Microsoft SQL Server\Client SDK\ODBC\110\Tools\Binn\;C:\Program Files (x86)\Microsoft SQL Server\120\Tools\Binn\;C:\Program Files\Microsoft SQL Server\120\Tools\Binn\;C:\Program Files\Microsoft SQL Server\120\DTS\Binn\;C:\Program Files (x86)\WebEx\PTools020000000;C:\Program Files\TortoiseHg\;C:\RailsInstaller\Git\cmd;C:\RailsInstaller\nodejs\;C:\Program Files (x86)\Heroku\bin;C:\Program Files (x86)\git\cmd;C:\Program Files (x86)\Git\cmd;C:\Program Files (x86)\Brackets\command;C:\Program Files (x86)\nodejs\;C:\Program Files (x86)\Microsoft SQL Server\120\Tools\Binn\ManagementStudio\;C:\Program Files (x86)\Microsoft SQL Server\120\DTS\Binn\;C:\RailsInstaller\Git\cmd;C:\Quality Assurance\jruby-1.7.26\bin;c:\Python27;C:\Program Files\Mercurial;C:\Users\jco\AppData\Roaming\npm;C:\Users\jco\Downloads\apache-maven-3.3.9-bin\apache-maven-3.3.9\bin;C:\Users\jco\AppData\Local\Box\Box Edit\
USERNAME=jco
OS=Windows_NT
PROCESSOR_IDENTIFIER=Intel64 Family 6 Model 61 Stepping 4, GenuineIntel



---------------  S Y S T E M  ---------------

OS:Failed to allocate version_info

CPU:total 4 (2 cores per cpu, 2 threads per core) family 6 model 61 stepping 4, cmov, cx8, fxsr, mmx, sse, sse2, sse3, ssse3, sse4.1, sse4.2, popcnt, avx, avx2, aes, clmul, erms, 3dnowpref, lzcnt, ht, tsc, tscinvbit, bmi1, bmi2, adx

Memory: 4k page, physical 8077544k(1130136k free), swap 16315464k(3516k free)

vm_info: Java HotSpot(TM) 64-Bit Server VM (25.101-b13) for windows-amd64 JRE (1.8.0_101-b13), built on Jun 22 2016 01:21:29 by "java_re" with MS VC++ 10.0 (VS2010)

time: Mon Mar 27 15:22:17 2017
elapsed time: 0 seconds (0d 0h 0m 0s)

