#
# A fatal error has been detected by the Java Runtime Environment:
#
#  EXCEPTION_ACCESS_VIOLATION (0xc0000005) at pc=0x000000006fd93987, pid=4052, tid=0x0000000000002678
#
# JRE version:  (8.0_101-b13) (build )
# Java VM: Java HotSpot(TM) 64-Bit Server VM (25.101-b13 mixed mode windows-amd64 compressed oops)
# Problematic frame:
# V  [jvm.dll+0x213987]
#
# Failed to write core dump. Minidumps are not enabled by default on client versions of Windows
#
# If you would like to submit a bug report, please visit:
#   http://bugreport.java.com/bugreport/crash.jsp
#

---------------  T H R E A D  ---------------

Current thread (0x0000000000c0f000):  JavaThread "main" [_thread_in_vm, id=9848, stack(0x0000000000f40000,0x0000000001040000)]

siginfo: ExceptionCode=0xc0000005, writing address 0x0000000001037ea0

Registers:
RAX=0x0000000001037ea0, RBX=0x0000000000000007, RCX=0x0000000000006000, RDX=0x000000000000000e
RSP=0x000000000103dea0, RBP=0x0000000000000000, RSI=0x000000000103dea0, RDI=0x0000000000000007
R8 =0x000000000000000e, R9 =0x0000000000c08f80, R10=0x00000000131da5c8, R11=0x0000000000f4a150
R12=0x0000000000c08f80, R13=0x0000000000c0f000, R14=0x000000000103dfd0, R15=0x00000000131da5c8
RIP=0x000000006fd93987, EFLAGS=0x0000000000010206

Top of Stack: (sp=0x000000000103dea0)
0x000000000103dea0:   0000000000c0f590 0000000000c0f000
0x000000000103deb0:   0000000000c0f000 0000000000c08f80
0x000000000103dec0:   00000000ffffffff 000000006fd948b7
0x000000000103ded0:   000000000103dfd0 00000000131da5c8
0x000000000103dee0:   0000000000c0f000 000000006fca7eac
0x000000000103def0:   0000000000000000 0000000000000015
0x000000000103df00:   000000007fff0f28 00000000131d9468
0x000000000103df10:   00000000131da5c8 0000000000c0f000
0x000000000103df20:   00000000013231e0 0000000000000000
0x000000000103df30:   0000000000000007 0000000000c0f5c0
0x000000000103df40:   00000000000000a8 0000000000000015
0x000000000103df50:   0000000000c0f5a0 00000000131da5c8
0x000000000103df60:   0000000000c0f000 0000000080006f28
0x000000000103df70:   0000000000c0f000 0000000000000005
0x000000000103df80:   000000000103e118 000000006fcad901
0x000000000103df90:   0000000000c0f000 00000000131d9b70 

Instructions: (pc=0x000000006fd93987)
0x000000006fd93967:   48 89 6c 24 30 33 ed 66 90 e8 cb 37 08 00 ff c3
0x000000006fd93977:   48 63 c8 48 8b c6 48 0f af cf 48 ff c7 48 2b c1
0x000000006fd93987:   89 28 48 63 c3 48 3b 05 3d 0d 59 00 7e db 48 8b
0x000000006fd93997:   6c 24 30 48 8b 5c 24 38 48 8b 74 24 40 48 83 c4 


Register to memory mapping:

RAX=0x0000000001037ea0 is pointing into the stack for thread: 0x0000000000c0f000
RBX=0x0000000000000007 is an unknown value
RCX=0x0000000000006000 is an unknown value
RDX=0x000000000000000e is an unknown value
RSP=0x000000000103dea0 is pointing into the stack for thread: 0x0000000000c0f000
RBP=0x0000000000000000 is an unknown value
RSI=0x000000000103dea0 is pointing into the stack for thread: 0x0000000000c0f000
RDI=0x0000000000000007 is an unknown value
R8 =0x000000000000000e is an unknown value
R9 =0x0000000000c08f80 is an unknown value
R10={method} {0x00000000131da5d0} '<clinit>' '()V' in 'sun/reflect/ReflectionFactory'
R11=0x0000000000f4a150 is pointing into the stack for thread: 0x0000000000c0f000
R12=0x0000000000c08f80 is an unknown value
R13=0x0000000000c0f000 is a thread
R14=0x000000000103dfd0 is pointing into the stack for thread: 0x0000000000c0f000
R15={method} {0x00000000131da5d0} '<clinit>' '()V' in 'sun/reflect/ReflectionFactory'


Stack: [0x0000000000f40000,0x0000000001040000],  sp=0x000000000103dea0,  free space=1015k
Native frames: (J=compiled Java code, j=interpreted, Vv=VM code, C=native code)

Java frames: (J=compiled Java code, j=interpreted, Vv=VM code)
j  sun.reflect.ReflectionFactory$GetReflectionFactoryAction.run()Lsun/reflect/ReflectionFactory;+0
j  sun.reflect.ReflectionFactory$GetReflectionFactoryAction.run()Ljava/lang/Object;+1
v  ~StubRoutines::call_stub
j  java.security.AccessController.doPrivileged(Ljava/security/PrivilegedAction;)Ljava/lang/Object;+0
j  java.lang.reflect.AccessibleObject.<clinit>()V+19
v  ~StubRoutines::call_stub

---------------  P R O C E S S  ---------------

Java Threads: ( => current thread )
=>0x0000000000c0f000 JavaThread "main" [_thread_in_vm, id=9848, stack(0x0000000000f40000,0x0000000001040000)]

Other Threads:
  0x0000000013a9b000 VMThread [stack: 0x0000000014ad0000,0x0000000014bd0000] [id=4576]

VM state:not at safepoint (normal execution)

VM Mutex/Monitor currently owned by a thread: None

Heap:
 PSYoungGen      total 36864K, used 634K [0x00000000eab00000, 0x00000000ed400000, 0x0000000100000000)
  eden space 31744K, 2% used [0x00000000eab00000,0x00000000eab9eb90,0x00000000eca00000)
  from space 5120K, 0% used [0x00000000ecf00000,0x00000000ecf00000,0x00000000ed400000)
  to   space 5120K, 0% used [0x00000000eca00000,0x00000000eca00000,0x00000000ecf00000)
 ParOldGen       total 84992K, used 0K [0x00000000c0000000, 0x00000000c5300000, 0x00000000eab00000)
  object space 84992K, 0% used [0x00000000c0000000,0x00000000c0000000,0x00000000c5300000)
 Metaspace       used 903K, capacity 4480K, committed 4480K, reserved 1056768K
  class space    used 92K, capacity 384K, committed 384K, reserved 1048576K

Card table byte_map: [0x00000000106d0000,0x00000000108e0000] byte_map_base: 0x00000000100d0000

Marking Bits: (ParMarkBitMap*) 0x000000007039a6d0
 Begin Bits: [0x0000000010f10000, 0x0000000011f10000)
 End Bits:   [0x0000000011f10000, 0x0000000012f10000)

Polling page: 0x0000000000310000

CodeCache: size=245760Kb used=397Kb max_used=397Kb free=245362Kb
 bounds [0x0000000001310000, 0x0000000001580000, 0x0000000010310000]
 total_blobs=88 nmethods=0 adapters=62
 compilation: enabled

Compilation events (0 events):
No events

GC Heap History (0 events):
No events

Deoptimization events (0 events):
No events

Internal exceptions (0 events):
No events

Events (10 events):
Event: 0.044 loading class java/util/RandomAccess done
Event: 0.044 loading class java/util/AbstractList
Event: 0.044 loading class java/util/AbstractCollection
Event: 0.044 loading class java/util/AbstractCollection done
Event: 0.045 loading class java/util/AbstractList done
Event: 0.046 loading class java/util/Vector done
Event: 0.046 loading class java/util/Stack
Event: 0.046 loading class java/util/Stack done
Event: 0.046 loading class sun/reflect/ReflectionFactory
Event: 0.046 loading class sun/reflect/ReflectionFactory done


Dynamic libraries:
0x000000013feb0000 - 0x000000013fee7000 	C:\Program Files\Java\jdk1.8.0_101\bin\java.exe
0x0000000077c30000 - 0x0000000077dda000 	C:\Windows\SYSTEM32\ntdll.dll
0x0000000077b10000 - 0x0000000077c2f000 	C:\Windows\system32\kernel32.dll
0x000007fefd990000 - 0x000007fefd9fa000 	C:\Windows\system32\KERNELBASE.dll
0x000007fefe060000 - 0x000007fefe13b000 	C:\Windows\system32\ADVAPI32.dll
0x000007feff780000 - 0x000007feff81f000 	C:\Windows\system32\msvcrt.dll
0x000007fefe040000 - 0x000007fefe05f000 	C:\Windows\SYSTEM32\sechost.dll
0x000007fefdf10000 - 0x000007fefe03d000 	C:\Windows\system32\RPCRT4.dll
0x0000000077a10000 - 0x0000000077b0a000 	C:\Windows\system32\USER32.dll
0x000007fefdea0000 - 0x000007fefdf07000 	C:\Windows\system32\GDI32.dll
0x000007feffab0000 - 0x000007feffabe000 	C:\Windows\system32\LPK.dll
0x000007fefdda0000 - 0x000007fefde6a000 	C:\Windows\system32\USP10.dll
0x000007fefb9b0000 - 0x000007fefbba4000 	C:\Windows\WinSxS\amd64_microsoft.windows.common-controls_6595b64144ccf1df_6.0.7601.18837_none_fa3b1e3d17594757\COMCTL32.dll
0x000007feff820000 - 0x000007feff891000 	C:\Windows\system32\SHLWAPI.dll
0x000007fefde70000 - 0x000007fefde9e000 	C:\Windows\system32\IMM32.DLL
0x000007fefe4d0000 - 0x000007fefe5d9000 	C:\Windows\system32\MSCTF.dll
0x0000000079460000 - 0x0000000079532000 	C:\Program Files\Java\jdk1.8.0_101\jre\bin\msvcr100.dll
0x000000006fb80000 - 0x000000007041a000 	C:\Program Files\Java\jdk1.8.0_101\jre\bin\server\jvm.dll
0x000007fefab40000 - 0x000007fefab49000 	C:\Windows\system32\WSOCK32.dll
0x000007feffe50000 - 0x000007feffe9d000 	C:\Windows\system32\WS2_32.dll
0x000007fefe420000 - 0x000007fefe428000 	C:\Windows\system32\NSI.dll
0x000007fefb0c0000 - 0x000007fefb0fb000 	C:\Windows\system32\WINMM.dll
0x000007fefc890000 - 0x000007fefc89c000 	C:\Windows\system32\VERSION.dll
0x0000000077df0000 - 0x0000000077df7000 	C:\Windows\system32\PSAPI.DLL
0x0000000050050000 - 0x000000005005f000 	C:\Program Files\Java\jdk1.8.0_101\jre\bin\verify.dll
0x000000006d550000 - 0x000000006d579000 	C:\Program Files\Java\jdk1.8.0_101\jre\bin\java.dll
0x0000000000b70000 - 0x0000000000b86000 	C:\Program Files\Java\jdk1.8.0_101\jre\bin\zip.dll
0x000007fefab50000 - 0x000007fefac75000 	C:\Windows\system32\dbghelp.dll

VM Arguments:
jvm_args: -Djava.awt.headless=true -Xmx1024M -Dfile.encoding=windows-1252 -Duser.country=US -Duser.language=en -Duser.variant 
java_command: com.android.dx.command.Main --dex --force-jumbo --num-threads=4 --multi-dex --output C:\Pitonew\Android-Pitonew\app\build\intermediates\transforms\dex\debug\folders\1000\5\slice_1 C:\Pitonew\Android-Pitonew\app\build\intermediates\transforms\instantRunSlicer\debug\folders\1\5\slice_1
java_class_path (initial): C:\Users\jco\AppData\Local\Android\sdk\build-tools\25.0.2\lib\dx.jar
Launcher Type: SUN_STANDARD

Environment Variables:
JAVA_HOME=C:\Program Files\Java\jre1.8.0_111
PATH=C:\ProgramData\Oracle\Java\javapath;C:\Windows\system32;C:\Windows;C:\Windows\System32\Wbem;C:\Windows\System32\WindowsPowerShell\v1.0\;C:\Windows\CCM;C:\Program Files (x86)\WebEx\Productivity Tools;C:\Program Files\Microsoft SQL Server\Client SDK\ODBC\110\Tools\Binn\;C:\Program Files (x86)\Microsoft SQL Server\120\Tools\Binn\;C:\Program Files\Microsoft SQL Server\120\Tools\Binn\;C:\Program Files\Microsoft SQL Server\120\DTS\Binn\;C:\Program Files (x86)\WebEx\PTools020000000;C:\Program Files\TortoiseHg\;C:\RailsInstaller\Git\cmd;C:\RailsInstaller\nodejs\;C:\Program Files (x86)\Heroku\bin;C:\Program Files (x86)\git\cmd;C:\Program Files (x86)\Git\cmd;C:\Program Files (x86)\Brackets\command;C:\Program Files (x86)\nodejs\;C:\Program Files (x86)\Microsoft SQL Server\120\Tools\Binn\ManagementStudio\;C:\Program Files (x86)\Microsoft SQL Server\120\DTS\Binn\;C:\RailsInstaller\Git\cmd;C:\Quality Assurance\jruby-1.7.26\bin;c:\Python27;C:\Program Files\Mercurial;C:\Users\jco\AppData\Roaming\npm;C:\Users\jco\Downloads\apache-maven-3.3.9-bin\apache-maven-3.3.9\bin;C:\Users\jco\AppData\Local\Box\Box Edit\
USERNAME=jco
OS=Windows_NT
PROCESSOR_IDENTIFIER=Intel64 Family 6 Model 61 Stepping 4, GenuineIntel



---------------  S Y S T E M  ---------------

OS: Windows 7 , 64 bit Build 7601 (6.1.7601.23572)

CPU:total 4 (2 cores per cpu, 2 threads per core) family 6 model 61 stepping 4, cmov, cx8, fxsr, mmx, sse, sse2, sse3, ssse3, sse4.1, sse4.2, popcnt, avx, avx2, aes, clmul, erms, 3dnowpref, lzcnt, ht, tsc, tscinvbit, bmi1, bmi2, adx

Memory: 4k page, physical 8077544k(794884k free), swap 18730096k(405168k free)

vm_info: Java HotSpot(TM) 64-Bit Server VM (25.101-b13) for windows-amd64 JRE (1.8.0_101-b13), built on Jun 22 2016 01:21:29 by "java_re" with MS VC++ 10.0 (VS2010)

time: Mon Mar 13 12:29:17 2017
elapsed time: 0 seconds (0d 0h 0m 0s)

