#
# There is insufficient memory for the Java Runtime Environment to continue.
# Native memory allocation (malloc) failed to allocate 1040608 bytes for Chunk::new
# Possible reasons:
#   The system is out of physical RAM or swap space
#   In 32 bit mode, the process size limit was hit
# Possible solutions:
#   Reduce memory load on the system
#   Increase physical memory or swap space
#   Check if swap backing store is full
#   Use 64 bit Java on a 64 bit OS
#   Decrease Java heap size (-Xmx/-Xms)
#   Decrease number of Java threads
#   Decrease Java thread stack sizes (-Xss)
#   Set larger code cache with -XX:ReservedCodeCacheSize=
# This output file may be truncated or incomplete.
#
#  Out of Memory Error (allocation.cpp:390), pid=9640, tid=0x0000000000000b50
#
# JRE version: Java(TM) SE Runtime Environment (8.0_101-b13) (build 1.8.0_101-b13)
# Java VM: Java HotSpot(TM) 64-Bit Server VM (25.101-b13 mixed mode windows-amd64 compressed oops)
# Failed to write core dump. Minidumps are not enabled by default on client versions of Windows
#

---------------  T H R E A D  ---------------

Current thread (0x0000000055819800):  JavaThread "C2 CompilerThread1" daemon [_thread_in_native, id=2896, stack(0x0000000055d10000,0x0000000055e10000)]

Stack: [0x0000000055d10000,0x0000000055e10000]
[error occurred during error reporting (printing stack bounds), id 0xc0000005]

Native frames: (J=compiled Java code, j=interpreted, Vv=VM code, C=native code)


Current CompileTask:
C2:  15242 2001   !   4       com.android.dx.cf.code.Ropper::processBlock (1101 bytes)


---------------  P R O C E S S  ---------------

Java Threads: ( => current thread )
  0x0000000055a2b000 JavaThread "pool-2-thread-4" [_thread_blocked, id=3856, stack(0x0000000056db0000,0x0000000056eb0000)]
  0x0000000055a28800 JavaThread "pool-2-thread-3" [_thread_blocked, id=14144, stack(0x0000000056f10000,0x0000000057010000)]
  0x0000000055a27800 JavaThread "pool-2-thread-2" [_thread_blocked, id=11248, stack(0x00000000568d0000,0x00000000569d0000)]
  0x0000000055b82800 JavaThread "pool-3-thread-1" [_thread_blocked, id=10568, stack(0x0000000056c50000,0x0000000056d50000)]
  0x0000000055b81800 JavaThread "pool-2-thread-1" [_thread_blocked, id=15240, stack(0x0000000056a60000,0x0000000056b60000)]
  0x000000005581f000 JavaThread "Service Thread" daemon [_thread_blocked, id=14896, stack(0x0000000055fc0000,0x00000000560c0000)]
  0x000000005581b000 JavaThread "C1 CompilerThread2" daemon [_thread_blocked, id=4980, stack(0x0000000055c10000,0x0000000055d10000)]
=>0x0000000055819800 JavaThread "C2 CompilerThread1" daemon [_thread_in_native, id=2896, stack(0x0000000055d10000,0x0000000055e10000)]
  0x000000005413b800 JavaThread "C2 CompilerThread0" daemon [_thread_in_native, id=9700, stack(0x0000000055510000,0x0000000055610000)]
  0x0000000054137000 JavaThread "Attach Listener" daemon [_thread_blocked, id=13660, stack(0x00000000556c0000,0x00000000557c0000)]
  0x0000000054134000 JavaThread "Signal Dispatcher" daemon [_thread_blocked, id=4244, stack(0x00000000553e0000,0x00000000554e0000)]
  0x0000000054119800 JavaThread "Finalizer" daemon [_thread_blocked, id=12740, stack(0x00000000550a0000,0x00000000551a0000)]
  0x00000000540d2800 JavaThread "Reference Handler" daemon [_thread_blocked, id=13184, stack(0x0000000055230000,0x0000000055330000)]
  0x000000000041f000 JavaThread "main" [_thread_blocked, id=12212, stack(0x0000000001290000,0x0000000001390000)]

Other Threads:
  0x00000000540cb000 VMThread [stack: 0x0000000054f70000,0x0000000055070000] [id=14260]
  0x000000005582f800 WatcherThread [stack: 0x0000000055e20000,0x0000000055f20000] [id=11236]

VM state:not at safepoint (normal execution)

VM Mutex/Monitor currently owned by a thread: None

Heap:
 PSYoungGen      total 68608K, used 19104K [0x00000000eab00000, 0x00000000f3100000, 0x0000000100000000)
  eden space 63488K, 22% used [0x00000000eab00000,0x00000000eb8a80f8,0x00000000ee900000)
  from space 5120K, 100% used [0x00000000ee900000,0x00000000eee00000,0x00000000eee00000)
  to   space 5120K, 0% used [0x00000000f2c00000,0x00000000f2c00000,0x00000000f3100000)
 ParOldGen       total 84992K, used 13976K [0x00000000c0000000, 0x00000000c5300000, 0x00000000eab00000)
  object space 84992K, 16% used [0x00000000c0000000,0x00000000c0da6058,0x00000000c5300000)
 Metaspace       used 6234K, capacity 7152K, committed 7296K, reserved 1056768K
  class space    used 591K, capacity 616K, committed 640K, reserved 1048576K

Card table byte_map: [0x0000000010a20000,0x0000000010c30000] byte_map_base: 0x0000000010420000

Marking Bits: (ParMarkBitMap*) 0x000000007006a6d0
 Begin Bits: [0x0000000011540000, 0x0000000012540000)
 End Bits:   [0x0000000012540000, 0x0000000013540000)

Polling page: 0x00000000001c0000

CodeCache: size=245760Kb used=10015Kb max_used=10028Kb free=235744Kb
 bounds [0x0000000001660000, 0x0000000002040000, 0x0000000010660000]
 total_blobs=2267 nmethods=2003 adapters=176
 compilation: enabled

Compilation events (10 events):
Event: 15.003 Thread 0x000000005413b800 nmethod 2008 0x0000000001f9a890 code [0x0000000001f9a9e0, 0x0000000001f9ab18]
Event: 15.003 Thread 0x000000005413b800 2009       4       com.android.dx.rop.type.StdTypeList::withFirst (53 bytes)
Event: 15.008 Thread 0x000000005413b800 nmethod 2009 0x000000000200ed50 code [0x000000000200eea0, 0x000000000200f198]
Event: 15.008 Thread 0x000000005413b800 2010       4       com.android.dx.util.LabeledList::<init> (57 bytes)
Event: 15.029 Thread 0x000000005413b800 nmethod 2010 0x000000000200fc10 code [0x000000000200fda0, 0x0000000002010718]
Event: 15.186 Thread 0x000000005581b000 2011       3       com.android.dx.cf.direct.StdAttributeFactory::innerClasses (383 bytes)
Event: 15.195 Thread 0x000000005581b000 nmethod 2011 0x00000000020297d0 code [0x000000000202a240, 0x0000000002031b88]
Event: 15.199 Thread 0x000000005413b800 2012       4       com.android.dx.ssa.DeadCodeRemover::<init> (44 bytes)
Event: 15.214 Thread 0x000000005413b800 nmethod 2012 0x000000000200bfd0 code [0x000000000200c160, 0x000000000200c8e8]
Event: 15.214 Thread 0x000000005413b800 2015       4       com.android.dx.ssa.back.FirstFitLocalCombiningAllocator::handleNormalUnassociated (99 bytes)

GC Heap History (6 events):
Event: 3.442 GC heap before
{Heap before GC invocations=1 (full 0):
 PSYoungGen      total 36864K, used 31744K [0x00000000eab00000, 0x00000000ed400000, 0x0000000100000000)
  eden space 31744K, 100% used [0x00000000eab00000,0x00000000eca00000,0x00000000eca00000)
  from space 5120K, 0% used [0x00000000ecf00000,0x00000000ecf00000,0x00000000ed400000)
  to   space 5120K, 0% used [0x00000000eca00000,0x00000000eca00000,0x00000000ecf00000)
 ParOldGen       total 84992K, used 0K [0x00000000c0000000, 0x00000000c5300000, 0x00000000eab00000)
  object space 84992K, 0% used [0x00000000c0000000,0x00000000c0000000,0x00000000c5300000)
 Metaspace       used 5891K, capacity 6960K, committed 7040K, reserved 1056768K
  class space    used 591K, capacity 616K, committed 640K, reserved 1048576K
Event: 3.821 GC heap after
Heap after GC invocations=1 (full 0):
 PSYoungGen      total 36864K, used 5088K [0x00000000eab00000, 0x00000000ef300000, 0x0000000100000000)
  eden space 31744K, 0% used [0x00000000eab00000,0x00000000eab00000,0x00000000eca00000)
  from space 5120K, 99% used [0x00000000eca00000,0x00000000ecef8078,0x00000000ecf00000)
  to   space 5120K, 0% used [0x00000000eee00000,0x00000000eee00000,0x00000000ef300000)
 ParOldGen       total 84992K, used 342K [0x00000000c0000000, 0x00000000c5300000, 0x00000000eab00000)
  object space 84992K, 0% used [0x00000000c0000000,0x00000000c0055998,0x00000000c5300000)
 Metaspace       used 5891K, capacity 6960K, committed 7040K, reserved 1056768K
  class space    used 591K, capacity 616K, committed 640K, reserved 1048576K
}
Event: 7.255 GC heap before
{Heap before GC invocations=2 (full 0):
 PSYoungGen      total 36864K, used 36832K [0x00000000eab00000, 0x00000000ef300000, 0x0000000100000000)
  eden space 31744K, 100% used [0x00000000eab00000,0x00000000eca00000,0x00000000eca00000)
  from space 5120K, 99% used [0x00000000eca00000,0x00000000ecef8078,0x00000000ecf00000)
  to   space 5120K, 0% used [0x00000000eee00000,0x00000000eee00000,0x00000000ef300000)
 ParOldGen       total 84992K, used 342K [0x00000000c0000000, 0x00000000c5300000, 0x00000000eab00000)
  object space 84992K, 0% used [0x00000000c0000000,0x00000000c0055998,0x00000000c5300000)
 Metaspace       used 6086K, capacity 7088K, committed 7296K, reserved 1056768K
  class space    used 591K, capacity 616K, committed 640K, reserved 1048576K
Event: 7.480 GC heap after
Heap after GC invocations=2 (full 0):
 PSYoungGen      total 68608K, used 5098K [0x00000000eab00000, 0x00000000ef300000, 0x0000000100000000)
  eden space 63488K, 0% used [0x00000000eab00000,0x00000000eab00000,0x00000000ee900000)
  from space 5120K, 99% used [0x00000000eee00000,0x00000000ef2faad8,0x00000000ef300000)
  to   space 5120K, 0% used [0x00000000ee900000,0x00000000ee900000,0x00000000eee00000)
 ParOldGen       total 84992K, used 3716K [0x00000000c0000000, 0x00000000c5300000, 0x00000000eab00000)
  object space 84992K, 4% used [0x00000000c0000000,0x00000000c03a1358,0x00000000c5300000)
 Metaspace       used 6086K, capacity 7088K, committed 7296K, reserved 1056768K
  class space    used 591K, capacity 616K, committed 640K, reserved 1048576K
}
Event: 13.366 GC heap before
{Heap before GC invocations=3 (full 0):
 PSYoungGen      total 68608K, used 68586K [0x00000000eab00000, 0x00000000ef300000, 0x0000000100000000)
  eden space 63488K, 100% used [0x00000000eab00000,0x00000000ee900000,0x00000000ee900000)
  from space 5120K, 99% used [0x00000000eee00000,0x00000000ef2faad8,0x00000000ef300000)
  to   space 5120K, 0% used [0x00000000ee900000,0x00000000ee900000,0x00000000eee00000)
 ParOldGen       total 84992K, used 3716K [0x00000000c0000000, 0x00000000c5300000, 0x00000000eab00000)
  object space 84992K, 4% used [0x00000000c0000000,0x00000000c03a1358,0x00000000c5300000)
 Metaspace       used 6227K, capacity 7152K, committed 7296K, reserved 1056768K
  class space    used 591K, capacity 616K, committed 640K, reserved 1048576K
Event: 13.533 GC heap after
Heap after GC invocations=3 (full 0):
 PSYoungGen      total 68608K, used 5120K [0x00000000eab00000, 0x00000000f3100000, 0x0000000100000000)
  eden space 63488K, 0% used [0x00000000eab00000,0x00000000eab00000,0x00000000ee900000)
  from space 5120K, 100% used [0x00000000ee900000,0x00000000eee00000,0x00000000eee00000)
  to   space 5120K, 0% used [0x00000000f2c00000,0x00000000f2c00000,0x00000000f3100000)
 ParOldGen       total 84992K, used 13976K [0x00000000c0000000, 0x00000000c5300000, 0x00000000eab00000)
  object space 84992K, 16% used [0x00000000c0000000,0x00000000c0da6058,0x00000000c5300000)
 Metaspace       used 6227K, capacity 7152K, committed 7296K, reserved 1056768K
  class space    used 591K, capacity 616K, committed 640K, reserved 1048576K
}

Deoptimization events (10 events):
Event: 10.639 Thread 0x0000000055a27800 Uncommon trap: reason=bimorphic action=maybe_recompile pc=0x0000000001e97498 method=com.android.dx.ssa.LiteralOpUpgrader.tryReplacingWithConstant(Lcom/android/dx/ssa/NormalSsaInsn;)Z @ 62
Event: 10.639 Thread 0x0000000055a27800 Uncommon trap: reason=class_check action=maybe_recompile pc=0x0000000001b5d8f0 method=java.util.HashMap.putVal(ILjava/lang/Object;Ljava/lang/Object;ZZ)Ljava/lang/Object; @ 91
Event: 10.639 Thread 0x0000000055a27800 Uncommon trap: reason=class_check action=maybe_recompile pc=0x0000000001b5d8f0 method=java.util.HashMap.putVal(ILjava/lang/Object;Ljava/lang/Object;ZZ)Ljava/lang/Object; @ 91
Event: 10.645 Thread 0x0000000055a27800 Uncommon trap: reason=bimorphic action=maybe_recompile pc=0x0000000001da42c8 method=com.android.dx.ssa.SCCP.simulatePhi(Lcom/android/dx/ssa/PhiInsn;)V @ 124
Event: 10.646 Thread 0x0000000055a27800 Uncommon trap: reason=bimorphic action=maybe_recompile pc=0x0000000001e97498 method=com.android.dx.ssa.LiteralOpUpgrader.tryReplacingWithConstant(Lcom/android/dx/ssa/NormalSsaInsn;)Z @ 62
Event: 11.514 Thread 0x0000000055a28800 Uncommon trap: reason=bimorphic action=maybe_recompile pc=0x0000000001da42c8 method=com.android.dx.ssa.SCCP.simulatePhi(Lcom/android/dx/ssa/PhiInsn;)V @ 124
Event: 11.514 Thread 0x0000000055a28800 Uncommon trap: reason=bimorphic action=maybe_recompile pc=0x0000000001e30164 method=com.android.dx.ssa.SCCP.simulatePhi(Lcom/android/dx/ssa/PhiInsn;)V @ 124
Event: 11.514 Thread 0x0000000055a28800 Uncommon trap: reason=bimorphic action=maybe_recompile pc=0x0000000001eb8c58 method=com.android.dx.ssa.SCCP.simulatePhi(Lcom/android/dx/ssa/PhiInsn;)V @ 124
Event: 11.521 Thread 0x0000000055a28800 Uncommon trap: reason=bimorphic action=maybe_recompile pc=0x0000000001da42c8 method=com.android.dx.ssa.SCCP.simulatePhi(Lcom/android/dx/ssa/PhiInsn;)V @ 124
Event: 13.887 Thread 0x000000000041f000 Uncommon trap: reason=unloaded action=reinterpret pc=0x0000000001fa5160 method=com.android.dx.cf.cst.ConstantPoolParser.parse0(ILjava/util/BitSet;)Lcom/android/dx/rop/cst/Constant; @ 220

Internal exceptions (4 events):
Event: 0.066 Thread 0x000000000041f000 Exception <a 'java/lang/NoSuchMethodError': Method sun.misc.Unsafe.defineClass(Ljava/lang/String;[BII)Ljava/lang/Class; name or signature does not match> (0x00000000eab07cc0) thrown at [C:\re\workspace\8-2-build-windows-amd64-cygwin\jdk8u101\7261\hotspot\s2ÉB,Ò°?
Event: 0.066 Thread 0x000000000041f000 Exception <a 'java/lang/NoSuchMethodError': Method sun.misc.Unsafe.prefetchRead(Ljava/lang/Object;J)V name or signature does not match> (0x00000000eab07fa8) thrown at [C:\re\workspace\8-2-build-windows-amd64-cygwin\jdk8u101\7261\hotspot\src\share\vm\prims\Øu*`¦S@
Event: 5.582 Thread 0x0000000055a28800 Implicit null exception at 0x0000000001c16ba4 to 0x0000000001c19829
Event: 6.752 Thread 0x0000000055a2b000 Implicit null exception at 0x0000000001a3b012 to 0x0000000001a3b10a

Events (10 events):
Event: 11.521 Thread 0x0000000055a28800 Uncommon trap: trap_request=0xffffffc6 fr.pc=0x0000000001da42c8
Event: 11.521 Thread 0x0000000055a28800 DEOPT PACKING pc=0x0000000001da42c8 sp=0x000000005700e790
Event: 11.521 Thread 0x0000000055a28800 DEOPT UNPACKING pc=0x00000000016a582a sp=0x000000005700e708 mode 2
Event: 13.363 loading class com/android/dx/cf/iface/ParseObserver
Event: 13.363 loading class com/android/dx/cf/iface/ParseObserver done
Event: 13.366 Executing VM operation: ParallelGCFailedAllocation
Event: 13.533 Executing VM operation: ParallelGCFailedAllocation done
Event: 13.887 Thread 0x000000000041f000 Uncommon trap: trap_request=0x000000d4 fr.pc=0x0000000001fa5160
Event: 13.887 Thread 0x000000000041f000 DEOPT PACKING pc=0x0000000001fa5160 sp=0x000000000138e3d0
Event: 13.887 Thread 0x000000000041f000 DEOPT UNPACKING pc=0x00000000016a582a sp=0x000000000138e420 mode 2


Dynamic libraries:
0x000000013fc40000 - 0x000000013fc77000 	C:\Program Files\Java\jdk1.8.0_101\bin\java.exe
0x0000000077500000 - 0x00000000776aa000 	C:\Windows\SYSTEM32\ntdll.dll
0x00000000772e0000 - 0x00000000773ff000 	C:\Windows\system32\kernel32.dll
0x000007fefd370000 - 0x000007fefd3da000 	C:\Windows\system32\KERNELBASE.dll
0x000007fefd980000 - 0x000007fefda5b000 	C:\Windows\system32\ADVAPI32.dll
0x000007fefed60000 - 0x000007fefedff000 	C:\Windows\system32\msvcrt.dll
0x000007fefd660000 - 0x000007fefd67f000 	C:\Windows\SYSTEM32\sechost.dll
0x000007fefde30000 - 0x000007fefdf5d000 	C:\Windows\system32\RPCRT4.dll
0x0000000077400000 - 0x00000000774fa000 	C:\Windows\system32\USER32.dll
0x000007fefd5f0000 - 0x000007fefd657000 	C:\Windows\system32\GDI32.dll
0x000007fefed40000 - 0x000007fefed4e000 	C:\Windows\system32\LPK.dll
0x000007feff5e0000 - 0x000007feff6aa000 	C:\Windows\system32\USP10.dll
0x000007fefa6b0000 - 0x000007fefa8a4000 	C:\Windows\WinSxS\amd64_microsoft.windows.common-controls_6595b64144ccf1df_6.0.7601.18837_none_fa3b1e3d17594757\COMCTL32.dll
0x000007fefdc40000 - 0x000007fefdcb1000 	C:\Windows\system32\SHLWAPI.dll
0x000007feff300000 - 0x000007feff32e000 	C:\Windows\system32\IMM32.DLL
0x000007fefdd20000 - 0x000007fefde29000 	C:\Windows\system32\MSCTF.dll
0x0000000078e50000 - 0x0000000078f22000 	C:\Program Files\Java\jdk1.8.0_101\jre\bin\msvcr100.dll
0x000000006f850000 - 0x00000000700ea000 	C:\Program Files\Java\jdk1.8.0_101\jre\bin\server\jvm.dll
0x000007fef98c0000 - 0x000007fef98c9000 	C:\Windows\system32\WSOCK32.dll
0x000007fefdf60000 - 0x000007fefdfad000 	C:\Windows\system32\WS2_32.dll
0x000007fefed50000 - 0x000007fefed58000 	C:\Windows\system32\NSI.dll
0x000007fefa340000 - 0x000007fefa37b000 	C:\Windows\system32\WINMM.dll
0x000007fefc160000 - 0x000007fefc16c000 	C:\Windows\system32\VERSION.dll
0x00000000776c0000 - 0x00000000776c7000 	C:\Windows\system32\PSAPI.DLL
0x000000006ce30000 - 0x000000006ce3f000 	C:\Program Files\Java\jdk1.8.0_101\jre\bin\verify.dll
0x000000006cc60000 - 0x000000006cc89000 	C:\Program Files\Java\jdk1.8.0_101\jre\bin\java.dll
0x000000006cbb0000 - 0x000000006cbc6000 	C:\Program Files\Java\jdk1.8.0_101\jre\bin\zip.dll
0x000007fefdfb0000 - 0x000007fefed3a000 	C:\Windows\system32\SHELL32.dll
0x000007feff3d0000 - 0x000007feff5d3000 	C:\Windows\system32\ole32.dll
0x000007fefd240000 - 0x000007fefd24f000 	C:\Windows\system32\profapi.dll

VM Arguments:
jvm_args: -Djava.awt.headless=true -Xmx1024M -Dfile.encoding=windows-1252 -Duser.country=US -Duser.language=en -Duser.variant 
java_command: com.android.dx.command.Main --dex --force-jumbo --num-threads=4 --multi-dex --output C:\Users\jco\AndroidStudioProjects\Pitonew\app\build\intermediates\transforms\dex\debug\folders\1000\10\com.android.support-support-compat-24.2.1_d5236f5f7dd56bd126bfeab1ee526e39dd93909c C:\Users\jco\AndroidStudioProjects\Pitonew\app\build\intermediates\exploded-aar\com.android.support\support-compat\24.2.1\jars\classes.jar
java_class_path (initial): C:\Users\jco\AppData\Local\Android\sdk\build-tools\24.0.2\lib\dx.jar
Launcher Type: SUN_STANDARD

Environment Variables:
JAVA_HOME=C:\Program Files\Java\jdk1.8.0_101
PATH=C:\ProgramData\Oracle\Java\javapath;C:\Windows\system32;C:\Windows;C:\Windows\System32\Wbem;C:\Windows\System32\WindowsPowerShell\v1.0\;C:\Windows\CCM;C:\Program Files (x86)\WebEx\Productivity Tools;C:\Program Files\Microsoft SQL Server\Client SDK\ODBC\110\Tools\Binn\;C:\Program Files (x86)\Microsoft SQL Server\120\Tools\Binn\;C:\Program Files\Microsoft SQL Server\120\Tools\Binn\;C:\Program Files\Microsoft SQL Server\120\DTS\Binn\;C:\Program Files (x86)\Microsoft SQL Server\120\Tools\Binn\ManagementStudio\;C:\Program Files (x86)\Microsoft SQL Server\120\DTS\Binn\;C:\Program Files (x86)\WebEx\PTools020000000;C:\Program Files\TortoiseHg\;C:\RailsInstaller\Git\cmd;C:\RailsInstaller\nodejs\;C:\Program Files (x86)\Heroku\bin;C:\Program Files (x86)\git\cmd;C:\Program Files (x86)\Git\cmd;C:\Program Files (x86)\Brackets\command;C:\Program Files (x86)\nodejs\;C:\RailsInstaller\Git\cmd;C:\Quality Assurance\jruby-1.7.26\bin;c:\Python27;C:\Program Files\Mercurial;C:\Users\jco\AppData\Roaming\npm;C:\Users\jco\AppData\Local\Box\Box Edit\;C:\Users\jco\Downloads\apache-maven-3.3.9-bin\apache-maven-3.3.9\bin
USERNAME=jco
OS=Windows_NT
PROCESSOR_IDENTIFIER=Intel64 Family 6 Model 61 Stepping 4, GenuineIntel



---------------  S Y S T E M  ---------------

OS: Windows 7 , 64 bit Build 7601 (6.1.7601.23572)

CPU:total 4 (2 cores per cpu, 2 threads per core) family 6 model 61 stepping 4, cmov, cx8, fxsr, mmx, sse, sse2, sse3, ssse3, sse4.1, sse4.2, popcnt, avx, avx2, aes, clmul, erms, 3dnowpref, lzcnt, ht, tsc, tscinvbit, bmi1, bmi2, adx

Memory: 4k page, physical 8077544k(592520k free), swap 12527884k(5204k free)

vm_info: Java HotSpot(TM) 64-Bit Server VM (25.101-b13) for windows-amd64 JRE (1.8.0_101-b13), built on Jun 22 2016 01:21:29 by "java_re" with MS VC++ 10.0 (VS2010)

time: Fri Nov 25 14:58:58 2016
elapsed time: 15 seconds (0d 0h 0m 15s)

