#
# There is insufficient memory for the Java Runtime Environment to continue.
# Native memory allocation (malloc) failed to allocate 172656 bytes for Chunk::new
# Possible reasons:
#   The system is out of physical RAM or swap space
#   In 32 bit mode, the process size limit was hit
# Possible solutions:
#   Reduce memory load on the system
#   Increase physical memory or swap space
#   Check if swap backing store is full
#   Use 64 bit Java on a 64 bit OS
#   Decrease Java heap size (-Xmx/-Xms)
#   Decrease number of Java threads
#   Decrease Java thread stack sizes (-Xss)
#   Set larger code cache with -XX:ReservedCodeCacheSize=
# This output file may be truncated or incomplete.
#
#  Out of Memory Error (allocation.cpp:390), pid=13192, tid=0x000000000000327c
#
# JRE version: Java(TM) SE Runtime Environment (8.0_101-b13) (build 1.8.0_101-b13)
# Java VM: Java HotSpot(TM) 64-Bit Server VM (25.101-b13 mixed mode windows-amd64 compressed oops)
# Failed to write core dump. Minidumps are not enabled by default on client versions of Windows
#

---------------  T H R E A D  ---------------

Current thread (0x00000000540ef000):  JavaThread "C2 CompilerThread1" daemon [_thread_in_native, id=12924, stack(0x0000000055b40000,0x0000000055c40000)]

Stack: [0x0000000055b40000,0x0000000055c40000]
[error occurred during error reporting (printing stack bounds), id 0xc0000005]

Native frames: (J=compiled Java code, j=interpreted, Vv=VM code, C=native code)


Current CompileTask:
C2:   3648 1243       4       com.android.dx.rop.code.RopMethod::calcPredecessors (227 bytes)


---------------  P R O C E S S  ---------------

Java Threads: ( => current thread )
  0x0000000055ef6000 JavaThread "pool-2-thread-4" [_thread_in_Java, id=3536, stack(0x0000000056880000,0x0000000056980000)]
  0x0000000055ecc000 JavaThread "pool-2-thread-3" [_thread_blocked, id=14036, stack(0x00000000566e0000,0x00000000567e0000)]
  0x0000000055e92800 JavaThread "pool-2-thread-2" [_thread_in_Java, id=2664, stack(0x0000000056400000,0x0000000056500000)]
  0x0000000055e91800 JavaThread "pool-3-thread-1" [_thread_blocked, id=11644, stack(0x0000000055850000,0x0000000055950000)]
  0x0000000055e91000 JavaThread "pool-2-thread-1" [_thread_blocked, id=14792, stack(0x0000000055040000,0x0000000055140000)]
  0x0000000055c7e000 JavaThread "Service Thread" daemon [_thread_blocked, id=3444, stack(0x00000000560d0000,0x00000000561d0000)]
  0x0000000055c40800 JavaThread "C1 CompilerThread2" daemon [_thread_blocked, id=13108, stack(0x0000000055620000,0x0000000055720000)]
=>0x00000000540ef000 JavaThread "C2 CompilerThread1" daemon [_thread_in_native, id=12924, stack(0x0000000055b40000,0x0000000055c40000)]
  0x00000000540e9800 JavaThread "C2 CompilerThread0" daemon [_thread_in_native, id=8236, stack(0x0000000055960000,0x0000000055a60000)]
  0x00000000540e5000 JavaThread "Attach Listener" daemon [_thread_blocked, id=14276, stack(0x0000000055740000,0x0000000055840000)]
  0x00000000540e2000 JavaThread "Signal Dispatcher" daemon [_thread_blocked, id=14908, stack(0x0000000055520000,0x0000000055620000)]
  0x00000000540c4000 JavaThread "Finalizer" daemon [_thread_blocked, id=14748, stack(0x00000000552a0000,0x00000000553a0000)]
  0x0000000054082800 JavaThread "Reference Handler" daemon [_thread_blocked, id=5440, stack(0x00000000553b0000,0x00000000554b0000)]
  0x000000000036f000 JavaThread "main" [_thread_blocked, id=508, stack(0x0000000001290000,0x0000000001390000)]

Other Threads:
  0x000000005407b000 VMThread [stack: 0x0000000055140000,0x0000000055240000] [id=6916]
  0x0000000055cb7800 WatcherThread [stack: 0x0000000056240000,0x0000000056340000] [id=13460]

VM state:not at safepoint (normal execution)

VM Mutex/Monitor currently owned by a thread: None

Heap:
 PSYoungGen      total 36864K, used 28596K [0x00000000eab00000, 0x00000000ed400000, 0x0000000100000000)
  eden space 31744K, 90% used [0x00000000eab00000,0x00000000ec6ed390,0x00000000eca00000)
  from space 5120K, 0% used [0x00000000ecf00000,0x00000000ecf00000,0x00000000ed400000)
  to   space 5120K, 0% used [0x00000000eca00000,0x00000000eca00000,0x00000000ecf00000)
 ParOldGen       total 84992K, used 0K [0x00000000c0000000, 0x00000000c5300000, 0x00000000eab00000)
  object space 84992K, 0% used [0x00000000c0000000,0x00000000c0000000,0x00000000c5300000)
 Metaspace       used 5924K, capacity 6960K, committed 7040K, reserved 1056768K
  class space    used 588K, capacity 616K, committed 640K, reserved 1048576K

Card table byte_map: [0x0000000010aa0000,0x0000000010cb0000] byte_map_base: 0x00000000104a0000

Marking Bits: (ParMarkBitMap*) 0x000000007006a6d0
 Begin Bits: [0x00000000114f0000, 0x00000000124f0000)
 End Bits:   [0x00000000124f0000, 0x00000000134f0000)

Polling page: 0x0000000000330000

CodeCache: size=245760Kb used=5152Kb max_used=5152Kb free=240607Kb
 bounds [0x00000000016e0000, 0x0000000001bf0000, 0x00000000106e0000]
 total_blobs=1518 nmethods=1255 adapters=176
 compilation: enabled

Compilation events (10 events):
Event: 3.642 Thread 0x0000000055c40800 1254       3       com.android.dx.rop.cst.CstType::equals (29 bytes)
Event: 3.642 Thread 0x0000000055c40800 nmethod 1254 0x0000000001bc62d0 code [0x0000000001bc6440, 0x0000000001bc6810]
Event: 3.643 Thread 0x0000000055c40800 1255       3       java.io.DataInputStream::<init> (30 bytes)
Event: 3.643 Thread 0x0000000055c40800 nmethod 1255 0x0000000001bcaf50 code [0x0000000001bcb0c0, 0x0000000001bcb510]
Event: 3.643 Thread 0x0000000055c40800 1257       3       com.android.dx.ssa.back.FirstFitLocalCombiningAllocator::handleUnassociatedParameters (60 bytes)
Event: 3.644 Thread 0x0000000055c40800 nmethod 1257 0x0000000001be98d0 code [0x0000000001be9a80, 0x0000000001bea118]
Event: 3.644 Thread 0x0000000055c40800 1256       3       com.android.dx.ssa.back.LivenessAnalyzer::constructInterferenceGraph (47 bytes)
Event: 3.644 Thread 0x0000000055c40800 nmethod 1256 0x0000000001bea390 code [0x0000000001bea540, 0x0000000001bea978]
Event: 3.645 Thread 0x0000000055c40800 1258       3       com.android.dx.ssa.SCCP::<init> (142 bytes)
Event: 3.646 Thread 0x0000000055c40800 nmethod 1258 0x0000000001beab50 code [0x0000000001beadc0, 0x0000000001bebea8]

GC Heap History (0 events):
No events

Deoptimization events (3 events):
Event: 1.219 Thread 0x0000000055e91000 Uncommon trap: reason=unstable_if action=reinterpret pc=0x00000000018ba9ec method=java.util.HashMap.getNode(ILjava/lang/Object;)Ljava/util/HashMap$Node; @ 62
Event: 1.770 Thread 0x0000000055ecc000 Uncommon trap: reason=unstable_if action=reinterpret pc=0x00000000018c3860 method=java.util.BitSet.nextSetBit(I)I @ 87
Event: 2.199 Thread 0x0000000055ecc000 Uncommon trap: reason=unstable_if action=reinterpret pc=0x00000000018d9d18 method=java.util.HashMap.getNode(ILjava/lang/Object;)Ljava/util/HashMap$Node; @ 62

Internal exceptions (2 events):
Event: 0.240 Thread 0x000000000036f000 Exception <a 'java/lang/NoSuchMethodError': Method sun.misc.Unsafe.defineClass(Ljava/lang/String;[BII)Ljava/lang/Class; name or signature does not match> (0x00000000eab07cc0) thrown at [C:\re\workspace\8-2-build-windows-amd64-cygwin\jdk8u101\7261\hotspot\sÜ¼‚…^ÂÎ?
Event: 0.240 Thread 0x000000000036f000 Exception <a 'java/lang/NoSuchMethodError': Method sun.misc.Unsafe.prefetchRead(Ljava/lang/Object;J)V name or signature does not match> (0x00000000eab07fa8) thrown at [C:\re\workspace\8-2-build-windows-amd64-cygwin\jdk8u101\7261\hotspot\src\share\vm\prims\

Events (10 events):
Event: 1.954 loading class com/android/dx/cf/code/SwitchList done
Event: 2.196 Executing VM operation: ForceSafepoint
Event: 2.197 Executing VM operation: ForceSafepoint done
Event: 2.199 Thread 0x0000000055ecc000 Uncommon trap: trap_request=0xffffff65 fr.pc=0x00000000018d9d18
Event: 2.199 Thread 0x0000000055ecc000 DEOPT PACKING pc=0x00000000018d9d18 sp=0x00000000567de890
Event: 2.199 Thread 0x0000000055ecc000 DEOPT UNPACKING pc=0x000000000172582a sp=0x00000000567de7b0 mode 2
Event: 3.645 loading class java/util/HashMap$KeySet
Event: 3.646 loading class java/util/HashMap$KeySet done
Event: 3.646 loading class java/util/HashMap$KeyIterator
Event: 3.646 loading class java/util/HashMap$KeyIterator done


Dynamic libraries:
0x000000013fc40000 - 0x000000013fc77000 	C:\Program Files\Java\jdk1.8.0_101\bin\java.exe
0x0000000077500000 - 0x00000000776aa000 	C:\Windows\SYSTEM32\ntdll.dll
0x00000000772e0000 - 0x00000000773ff000 	C:\Windows\system32\kernel32.dll
0x000007fefd370000 - 0x000007fefd3da000 	C:\Windows\system32\KERNELBASE.dll
0x000007fefd980000 - 0x000007fefda5b000 	C:\Windows\system32\ADVAPI32.dll
0x000007fefed60000 - 0x000007fefedff000 	C:\Windows\system32\msvcrt.dll
0x000007fefd660000 - 0x000007fefd67f000 	C:\Windows\SYSTEM32\sechost.dll
0x000007fefde30000 - 0x000007fefdf5d000 	C:\Windows\system32\RPCRT4.dll
0x0000000077400000 - 0x00000000774fa000 	C:\Windows\system32\USER32.dll
0x000007fefd5f0000 - 0x000007fefd657000 	C:\Windows\system32\GDI32.dll
0x000007fefed40000 - 0x000007fefed4e000 	C:\Windows\system32\LPK.dll
0x000007feff5e0000 - 0x000007feff6aa000 	C:\Windows\system32\USP10.dll
0x000007fefa6b0000 - 0x000007fefa8a4000 	C:\Windows\WinSxS\amd64_microsoft.windows.common-controls_6595b64144ccf1df_6.0.7601.18837_none_fa3b1e3d17594757\COMCTL32.dll
0x000007fefdc40000 - 0x000007fefdcb1000 	C:\Windows\system32\SHLWAPI.dll
0x000007feff300000 - 0x000007feff32e000 	C:\Windows\system32\IMM32.DLL
0x000007fefdd20000 - 0x000007fefde29000 	C:\Windows\system32\MSCTF.dll
0x0000000078e50000 - 0x0000000078f22000 	C:\Program Files\Java\jdk1.8.0_101\jre\bin\msvcr100.dll
0x000000006f850000 - 0x00000000700ea000 	C:\Program Files\Java\jdk1.8.0_101\jre\bin\server\jvm.dll
0x000007fef98c0000 - 0x000007fef98c9000 	C:\Windows\system32\WSOCK32.dll
0x000007fefdf60000 - 0x000007fefdfad000 	C:\Windows\system32\WS2_32.dll
0x000007fefed50000 - 0x000007fefed58000 	C:\Windows\system32\NSI.dll
0x000007fefa340000 - 0x000007fefa37b000 	C:\Windows\system32\WINMM.dll
0x000007fefc160000 - 0x000007fefc16c000 	C:\Windows\system32\VERSION.dll
0x00000000776c0000 - 0x00000000776c7000 	C:\Windows\system32\PSAPI.DLL
0x000000006ce30000 - 0x000000006ce3f000 	C:\Program Files\Java\jdk1.8.0_101\jre\bin\verify.dll
0x000000006cc60000 - 0x000000006cc89000 	C:\Program Files\Java\jdk1.8.0_101\jre\bin\java.dll
0x000000006cbb0000 - 0x000000006cbc6000 	C:\Program Files\Java\jdk1.8.0_101\jre\bin\zip.dll
0x000007fefdfb0000 - 0x000007fefed3a000 	C:\Windows\system32\SHELL32.dll
0x000007feff3d0000 - 0x000007feff5d3000 	C:\Windows\system32\ole32.dll
0x000007fefd240000 - 0x000007fefd24f000 	C:\Windows\system32\profapi.dll

VM Arguments:
jvm_args: -Djava.awt.headless=true -Xmx1024M -Dfile.encoding=windows-1252 -Duser.country=US -Duser.language=en -Duser.variant 
java_command: com.android.dx.command.Main --dex --force-jumbo --num-threads=4 --multi-dex --output C:\Users\jco\AndroidStudioProjects\Pitonew\app\build\intermediates\transforms\dex\debug\folders\1000\10\internal_impl-24.2.1_4cf024d72fbbe86ba70b107bc0a9fe3f142d5fd5 C:\Users\jco\AndroidStudioProjects\Pitonew\app\build\intermediates\exploded-aar\com.android.support\support-media-compat\24.2.1\jars\libs\internal_impl-24.2.1.jar
java_class_path (initial): C:\Users\jco\AppData\Local\Android\sdk\build-tools\24.0.2\lib\dx.jar
Launcher Type: SUN_STANDARD

Environment Variables:
JAVA_HOME=C:\Program Files\Java\jdk1.8.0_101
PATH=C:\ProgramData\Oracle\Java\javapath;C:\Windows\system32;C:\Windows;C:\Windows\System32\Wbem;C:\Windows\System32\WindowsPowerShell\v1.0\;C:\Windows\CCM;C:\Program Files (x86)\WebEx\Productivity Tools;C:\Program Files\Microsoft SQL Server\Client SDK\ODBC\110\Tools\Binn\;C:\Program Files (x86)\Microsoft SQL Server\120\Tools\Binn\;C:\Program Files\Microsoft SQL Server\120\Tools\Binn\;C:\Program Files\Microsoft SQL Server\120\DTS\Binn\;C:\Program Files (x86)\Microsoft SQL Server\120\Tools\Binn\ManagementStudio\;C:\Program Files (x86)\Microsoft SQL Server\120\DTS\Binn\;C:\Program Files (x86)\WebEx\PTools020000000;C:\Program Files\TortoiseHg\;C:\RailsInstaller\Git\cmd;C:\RailsInstaller\nodejs\;C:\Program Files (x86)\Heroku\bin;C:\Program Files (x86)\git\cmd;C:\Program Files (x86)\Git\cmd;C:\Program Files (x86)\Brackets\command;C:\Program Files (x86)\nodejs\;C:\RailsInstaller\Git\cmd;C:\Quality Assurance\jruby-1.7.26\bin;c:\Python27;C:\Program Files\Mercurial;C:\Users\jco\AppData\Roaming\npm;C:\Users\jco\AppData\Local\Box\Box Edit\;C:\Users\jco\Downloads\apache-maven-3.3.9-bin\apache-maven-3.3.9\bin
USERNAME=jco
OS=Windows_NT
PROCESSOR_IDENTIFIER=Intel64 Family 6 Model 61 Stepping 4, GenuineIntel



---------------  S Y S T E M  ---------------

OS: Windows 7 , 64 bit Build 7601 (6.1.7601.23572)

CPU:total 4 (2 cores per cpu, 2 threads per core) family 6 model 61 stepping 4, cmov, cx8, fxsr, mmx, sse, sse2, sse3, ssse3, sse4.1, sse4.2, popcnt, avx, avx2, aes, clmul, erms, 3dnowpref, lzcnt, ht, tsc, tscinvbit, bmi1, bmi2, adx

Memory: 4k page, physical 8077544k(591016k free), swap 12527884k(5092k free)

vm_info: Java HotSpot(TM) 64-Bit Server VM (25.101-b13) for windows-amd64 JRE (1.8.0_101-b13), built on Jun 22 2016 01:21:29 by "java_re" with MS VC++ 10.0 (VS2010)

time: Fri Nov 25 14:58:58 2016
elapsed time: 3 seconds (0d 0h 0m 3s)

