#
# There is insufficient memory for the Java Runtime Environment to continue.
# Native memory allocation (malloc) failed to allocate 49840 bytes for Chunk::new
# Possible reasons:
#   The system is out of physical RAM or swap space
#   In 32 bit mode, the process size limit was hit
# Possible solutions:
#   Reduce memory load on the system
#   Increase physical memory or swap space
#   Check if swap backing store is full
#   Use 64 bit Java on a 64 bit OS
#   Decrease Java heap size (-Xmx/-Xms)
#   Decrease number of Java threads
#   Decrease Java thread stack sizes (-Xss)
#   Set larger code cache with -XX:ReservedCodeCacheSize=
# This output file may be truncated or incomplete.
#
#  Out of Memory Error (allocation.cpp:390), pid=10320, tid=0x0000000000000348
#
# JRE version: Java(TM) SE Runtime Environment (8.0_101-b13) (build 1.8.0_101-b13)
# Java VM: Java HotSpot(TM) 64-Bit Server VM (25.101-b13 mixed mode windows-amd64 compressed oops)
# Failed to write core dump. Minidumps are not enabled by default on client versions of Windows
#

---------------  T H R E A D  ---------------

Current thread (0x0000000055026000):  JavaThread "C2 CompilerThread0" daemon [_thread_in_native, id=840, stack(0x00000000559f0000,0x0000000055af0000)]

Stack: [0x00000000559f0000,0x0000000055af0000]
[error occurred during error reporting (printing stack bounds), id 0xc0000005]

Native frames: (J=compiled Java code, j=interpreted, Vv=VM code, C=native code)


Current CompileTask:
C2:   3510 1448       4       com.android.dx.ssa.LocalVariableExtractor::processBlock (383 bytes)


---------------  P R O C E S S  ---------------

Java Threads: ( => current thread )
  0x00000000553c1800 JavaThread "pool-1-thread-4" [_thread_blocked, id=2952, stack(0x0000000056d40000,0x0000000056e40000)]
  0x00000000553c1000 JavaThread "pool-1-thread-3" [_thread_blocked, id=17800, stack(0x0000000055420000,0x0000000055520000)]
  0x00000000553bb800 JavaThread "pool-1-thread-2" [_thread_blocked, id=8684, stack(0x0000000056c40000,0x0000000056d40000)]
  0x0000000055334000 JavaThread "pool-2-thread-1" [_thread_blocked, id=15496, stack(0x0000000056a80000,0x0000000056b80000)]
  0x0000000055333800 JavaThread "pool-1-thread-1" [_thread_blocked, id=1732, stack(0x0000000056880000,0x0000000056980000)]
  0x00000000550af000 JavaThread "Service Thread" daemon [_thread_blocked, id=8544, stack(0x0000000055c60000,0x0000000055d60000)]
  0x0000000053cff000 JavaThread "C1 CompilerThread2" daemon [_thread_blocked, id=2876, stack(0x0000000055630000,0x0000000055730000)]
  0x0000000055028000 JavaThread "C2 CompilerThread1" daemon [_thread_in_native, id=17128, stack(0x0000000055b50000,0x0000000055c50000)]
=>0x0000000055026000 JavaThread "C2 CompilerThread0" daemon [_thread_in_native, id=840, stack(0x00000000559f0000,0x0000000055af0000)]
  0x0000000055022800 JavaThread "Attach Listener" daemon [_thread_blocked, id=13432, stack(0x00000000557a0000,0x00000000558a0000)]
  0x0000000053cee800 JavaThread "Signal Dispatcher" daemon [_thread_blocked, id=9516, stack(0x0000000055520000,0x0000000055620000)]
  0x0000000053cd7000 JavaThread "Finalizer" daemon [_thread_blocked, id=18072, stack(0x0000000054f20000,0x0000000055020000)]
  0x0000000053c96000 JavaThread "Reference Handler" daemon [_thread_blocked, id=16128, stack(0x0000000054bf0000,0x0000000054cf0000)]
  0x0000000000d6f000 JavaThread "main" [_thread_blocked, id=7060, stack(0x0000000001060000,0x0000000001160000)]

Other Threads:
  0x0000000053c8e800 VMThread [stack: 0x0000000054d30000,0x0000000054e30000] [id=14944]
  0x00000000550b7000 WatcherThread [stack: 0x0000000055ed0000,0x0000000055fd0000] [id=5544]

VM state:not at safepoint (normal execution)

VM Mutex/Monitor currently owned by a thread: None

Heap:
 PSYoungGen      total 36864K, used 7986K [0x00000000eab00000, 0x00000000ef300000, 0x0000000100000000)
  eden space 31744K, 9% used [0x00000000eab00000,0x00000000eadd17d0,0x00000000eca00000)
  from space 5120K, 99% used [0x00000000ecf00000,0x00000000ed3fb3d0,0x00000000ed400000)
  to   space 5120K, 0% used [0x00000000eca00000,0x00000000eca00000,0x00000000ecf00000)
 ParOldGen       total 84992K, used 4027K [0x00000000c0000000, 0x00000000c5300000, 0x00000000eab00000)
  object space 84992K, 4% used [0x00000000c0000000,0x00000000c03eee98,0x00000000c5300000)
 Metaspace       used 6075K, capacity 7088K, committed 7296K, reserved 1056768K
  class space    used 591K, capacity 616K, committed 640K, reserved 1048576K

Card table byte_map: [0x00000000107f0000,0x0000000010a00000] byte_map_base: 0x00000000101f0000

Marking Bits: (ParMarkBitMap*) 0x00000000708fa6d0
 Begin Bits: [0x0000000011100000, 0x0000000012100000)
 End Bits:   [0x0000000012100000, 0x0000000013100000)

Polling page: 0x0000000000410000

CodeCache: size=245760Kb used=6267Kb max_used=6268Kb free=239492Kb
 bounds [0x0000000001430000, 0x0000000001a60000, 0x0000000010430000]
 total_blobs=1770 nmethods=1507 adapters=176
 compilation: enabled

Compilation events (10 events):
Event: 3.330 Thread 0x0000000053cff000 1511       3       com.android.dx.rop.cst.CstType::getType (4 bytes)
Event: 3.330 Thread 0x0000000053cff000 nmethod 1511 0x0000000001a50790 code [0x0000000001a508e0, 0x0000000001a50a30]
Event: 3.334 Thread 0x0000000053cff000 1512       3       com.android.dx.rop.type.StdTypeList::equalContents (56 bytes)
Event: 3.335 Thread 0x0000000053cff000 nmethod 1512 0x0000000001a4fa50 code [0x0000000001a4fc20, 0x0000000001a504c8]
Event: 3.335 Thread 0x0000000053cff000 1513       1       com.android.dx.rop.cst.CstKnownNull::getType (4 bytes)
Event: 3.335 Thread 0x0000000053cff000 nmethod 1513 0x0000000001a4c4d0 code [0x0000000001a4c620, 0x0000000001a4c730]
Event: 3.342 Thread 0x0000000053cff000 1517       3       com.android.dx.rop.code.ThrowingInsn::<init> (49 bytes)
Event: 3.343 Thread 0x0000000053cff000 nmethod 1517 0x0000000001a4f2d0 code [0x0000000001a4f460, 0x0000000001a4f8a8]
Event: 3.344 Thread 0x0000000053cff000 1518       2       com.android.dx.ssa.LiteralOpUpgrader::tryReplacingWithConstant (161 bytes)
Event: 3.345 Thread 0x0000000053cff000 nmethod 1518 0x0000000001a4e190 code [0x0000000001a4e3a0, 0x0000000001a4e9b8]

GC Heap History (4 events):
Event: 2.016 GC heap before
{Heap before GC invocations=1 (full 0):
 PSYoungGen      total 36864K, used 31744K [0x00000000eab00000, 0x00000000ed400000, 0x0000000100000000)
  eden space 31744K, 100% used [0x00000000eab00000,0x00000000eca00000,0x00000000eca00000)
  from space 5120K, 0% used [0x00000000ecf00000,0x00000000ecf00000,0x00000000ed400000)
  to   space 5120K, 0% used [0x00000000eca00000,0x00000000eca00000,0x00000000ecf00000)
 ParOldGen       total 84992K, used 0K [0x00000000c0000000, 0x00000000c5300000, 0x00000000eab00000)
  object space 84992K, 0% used [0x00000000c0000000,0x00000000c0000000,0x00000000c5300000)
 Metaspace       used 5878K, capacity 6896K, committed 7040K, reserved 1056768K
  class space    used 590K, capacity 616K, committed 640K, reserved 1048576K
Event: 2.029 GC heap after
Heap after GC invocations=1 (full 0):
 PSYoungGen      total 36864K, used 5106K [0x00000000eab00000, 0x00000000ed400000, 0x0000000100000000)
  eden space 31744K, 0% used [0x00000000eab00000,0x00000000eab00000,0x00000000eca00000)
  from space 5120K, 99% used [0x00000000eca00000,0x00000000ecefc8b8,0x00000000ecf00000)
  to   space 5120K, 0% used [0x00000000ecf00000,0x00000000ecf00000,0x00000000ed400000)
 ParOldGen       total 84992K, used 558K [0x00000000c0000000, 0x00000000c5300000, 0x00000000eab00000)
  object space 84992K, 0% used [0x00000000c0000000,0x00000000c008b808,0x00000000c5300000)
 Metaspace       used 5878K, capacity 6896K, committed 7040K, reserved 1056768K
  class space    used 590K, capacity 616K, committed 640K, reserved 1048576K
}
Event: 2.946 GC heap before
{Heap before GC invocations=2 (full 0):
 PSYoungGen      total 36864K, used 36850K [0x00000000eab00000, 0x00000000ed400000, 0x0000000100000000)
  eden space 31744K, 100% used [0x00000000eab00000,0x00000000eca00000,0x00000000eca00000)
  from space 5120K, 99% used [0x00000000eca00000,0x00000000ecefc8b8,0x00000000ecf00000)
  to   space 5120K, 0% used [0x00000000ecf00000,0x00000000ecf00000,0x00000000ed400000)
 ParOldGen       total 84992K, used 558K [0x00000000c0000000, 0x00000000c5300000, 0x00000000eab00000)
  object space 84992K, 0% used [0x00000000c0000000,0x00000000c008b808,0x00000000c5300000)
 Metaspace       used 6075K, capacity 7088K, committed 7296K, reserved 1056768K
  class space    used 591K, capacity 616K, committed 640K, reserved 1048576K
Event: 3.251 GC heap after
Heap after GC invocations=2 (full 0):
 PSYoungGen      total 36864K, used 5100K [0x00000000eab00000, 0x00000000ef300000, 0x0000000100000000)
  eden space 31744K, 0% used [0x00000000eab00000,0x00000000eab00000,0x00000000eca00000)
  from space 5120K, 99% used [0x00000000ecf00000,0x00000000ed3fb3d0,0x00000000ed400000)
  to   space 5120K, 0% used [0x00000000eca00000,0x00000000eca00000,0x00000000ecf00000)
 ParOldGen       total 84992K, used 4027K [0x00000000c0000000, 0x00000000c5300000, 0x00000000eab00000)
  object space 84992K, 4% used [0x00000000c0000000,0x00000000c03eee98,0x00000000c5300000)
 Metaspace       used 6075K, capacity 7088K, committed 7296K, reserved 1056768K
  class space    used 591K, capacity 616K, committed 640K, reserved 1048576K
}

Deoptimization events (10 events):
Event: 2.622 Thread 0x00000000553c1800 Uncommon trap: reason=bimorphic action=maybe_recompile pc=0x00000000019291a0 method=com.android.dx.cf.code.BytecodeArray.parseInstruction(ILcom/android/dx/cf/code/BytecodeArray$Visitor;)I @ 2484
Event: 2.780 Thread 0x0000000055333800 Uncommon trap: reason=unstable_if action=reinterpret pc=0x00000000019cb078 method=com.android.dx.ssa.SCCP.simulateBranch(Lcom/android/dx/ssa/SsaInsn;)V @ 107
Event: 2.858 Thread 0x00000000553bb800 Uncommon trap: reason=unstable_if action=reinterpret pc=0x00000000016ff244 method=com.android.dx.rop.cst.Constant.compareTo(Lcom/android/dx/rop/cst/Constant;)I @ 12
Event: 2.882 Thread 0x00000000553bb800 Uncommon trap: reason=bimorphic action=maybe_recompile pc=0x0000000001719554 method=java.util.HashMap.getNode(ILjava/lang/Object;)Ljava/util/HashMap$Node; @ 126
Event: 2.882 Thread 0x00000000553bb800 Uncommon trap: reason=bimorphic action=maybe_recompile pc=0x00000000017749e0 method=java.util.HashMap.getNode(ILjava/lang/Object;)Ljava/util/HashMap$Node; @ 126
Event: 2.937 Thread 0x0000000000d6f000 Uncommon trap: reason=unstable_if action=reinterpret pc=0x0000000001600f08 method=java.lang.String.<init>([CII)V @ 18
Event: 3.255 Thread 0x00000000553bb800 Uncommon trap: reason=bimorphic action=maybe_recompile pc=0x00000000019cfc9c method=com.android.dx.ssa.LiteralOpUpgrader.tryReplacingWithConstant(Lcom/android/dx/ssa/NormalSsaInsn;)Z @ 52
Event: 3.338 Thread 0x0000000055333800 Uncommon trap: reason=bimorphic action=maybe_recompile pc=0x00000000019cfc9c method=com.android.dx.ssa.LiteralOpUpgrader.tryReplacingWithConstant(Lcom/android/dx/ssa/NormalSsaInsn;)Z @ 52
Event: 3.343 Thread 0x0000000055333800 Uncommon trap: reason=bimorphic action=maybe_recompile pc=0x00000000019cfc9c method=com.android.dx.ssa.LiteralOpUpgrader.tryReplacingWithConstant(Lcom/android/dx/ssa/NormalSsaInsn;)Z @ 52
Event: 3.343 Thread 0x0000000055333800 Uncommon trap: reason=bimorphic action=maybe_recompile pc=0x00000000019cfc9c method=com.android.dx.ssa.LiteralOpUpgrader.tryReplacingWithConstant(Lcom/android/dx/ssa/NormalSsaInsn;)Z @ 52

Internal exceptions (2 events):
Event: 0.049 Thread 0x0000000000d6f000 Exception <a 'java/lang/NoSuchMethodError': Method sun.misc.Unsafe.defineClass(Ljava/lang/String;[BII)Ljava/lang/Class; name or signature does not match> (0x00000000eab07cc0) thrown at [C:\re\workspace\8-2-build-windows-amd64-cygwin\jdk8u101\7261\hotspot\s>ArL©?
Event: 0.049 Thread 0x0000000000d6f000 Exception <a 'java/lang/NoSuchMethodError': Method sun.misc.Unsafe.prefetchRead(Ljava/lang/Object;J)V name or signature does not match> (0x00000000eab07fa8) thrown at [C:\re\workspace\8-2-build-windows-amd64-cygwin\jdk8u101\7261\hotspot\src\share\vm\prims\

Events (10 events):
Event: 3.255 Thread 0x00000000553bb800 DEOPT UNPACKING pc=0x000000000147582a sp=0x0000000056d3e9c0 mode 2
Event: 3.338 Thread 0x0000000055333800 Uncommon trap: trap_request=0xffffffc6 fr.pc=0x00000000019cfc9c
Event: 3.338 Thread 0x0000000055333800 DEOPT PACKING pc=0x00000000019cfc9c sp=0x000000005697ea20
Event: 3.338 Thread 0x0000000055333800 DEOPT UNPACKING pc=0x000000000147582a sp=0x000000005697e9c0 mode 2
Event: 3.343 Thread 0x0000000055333800 Uncommon trap: trap_request=0xffffffc6 fr.pc=0x00000000019cfc9c
Event: 3.343 Thread 0x0000000055333800 DEOPT PACKING pc=0x00000000019cfc9c sp=0x000000005697ea20
Event: 3.343 Thread 0x0000000055333800 DEOPT UNPACKING pc=0x000000000147582a sp=0x000000005697e9c0 mode 2
Event: 3.343 Thread 0x0000000055333800 Uncommon trap: trap_request=0xffffffc6 fr.pc=0x00000000019cfc9c
Event: 3.343 Thread 0x0000000055333800 DEOPT PACKING pc=0x00000000019cfc9c sp=0x000000005697ea20
Event: 3.343 Thread 0x0000000055333800 DEOPT UNPACKING pc=0x000000000147582a sp=0x000000005697e9c0 mode 2


Dynamic libraries:
0x000000013fdf0000 - 0x000000013fe27000 	C:\Program Files\Java\jdk1.8.0_101\bin\java.exe
0x0000000077a10000 - 0x0000000077bba000 	C:\Windows\SYSTEM32\ntdll.dll
0x00000000778f0000 - 0x0000000077a0f000 	C:\Windows\system32\kernel32.dll
0x000007fefd780000 - 0x000007fefd7ea000 	C:\Windows\system32\KERNELBASE.dll
0x000007fefde20000 - 0x000007fefdefb000 	C:\Windows\system32\ADVAPI32.dll
0x000007feff590000 - 0x000007feff62f000 	C:\Windows\system32\msvcrt.dll
0x000007fefe200000 - 0x000007fefe21f000 	C:\Windows\SYSTEM32\sechost.dll
0x000007feff390000 - 0x000007feff4bd000 	C:\Windows\system32\RPCRT4.dll
0x00000000777f0000 - 0x00000000778ea000 	C:\Windows\system32\USER32.dll
0x000007feff240000 - 0x000007feff2a7000 	C:\Windows\system32\GDI32.dll
0x000007fefdd40000 - 0x000007fefdd4e000 	C:\Windows\system32\LPK.dll
0x000007fefdd50000 - 0x000007fefde1a000 	C:\Windows\system32\USP10.dll
0x000007fefbb10000 - 0x000007fefbd04000 	C:\Windows\WinSxS\amd64_microsoft.windows.common-controls_6595b64144ccf1df_6.0.7601.18837_none_fa3b1e3d17594757\COMCTL32.dll
0x000007fefdb30000 - 0x000007fefdba1000 	C:\Windows\system32\SHLWAPI.dll
0x000007fefdb00000 - 0x000007fefdb2e000 	C:\Windows\system32\IMM32.DLL
0x000007feffb70000 - 0x000007feffc79000 	C:\Windows\system32\MSCTF.dll
0x0000000069ee0000 - 0x0000000069fb2000 	C:\Program Files\Java\jdk1.8.0_101\jre\bin\msvcr100.dll
0x00000000700e0000 - 0x000000007097a000 	C:\Program Files\Java\jdk1.8.0_101\jre\bin\server\jvm.dll
0x000007fef9d10000 - 0x000007fef9d19000 	C:\Windows\system32\WSOCK32.dll
0x000007feff4c0000 - 0x000007feff50d000 	C:\Windows\system32\WS2_32.dll
0x000007feff230000 - 0x000007feff238000 	C:\Windows\system32\NSI.dll
0x000007fefa2b0000 - 0x000007fefa2eb000 	C:\Windows\system32\WINMM.dll
0x000007fefc670000 - 0x000007fefc67c000 	C:\Windows\system32\VERSION.dll
0x0000000077be0000 - 0x0000000077be7000 	C:\Windows\system32\PSAPI.DLL
0x000000006bb70000 - 0x000000006bb7f000 	C:\Program Files\Java\jdk1.8.0_101\jre\bin\verify.dll
0x000000006bb40000 - 0x000000006bb69000 	C:\Program Files\Java\jdk1.8.0_101\jre\bin\java.dll
0x000000006b9c0000 - 0x000000006b9d6000 	C:\Program Files\Java\jdk1.8.0_101\jre\bin\zip.dll
0x000007fefe2c0000 - 0x000007feff04a000 	C:\Windows\system32\SHELL32.dll
0x000007feff900000 - 0x000007feffb03000 	C:\Windows\system32\ole32.dll
0x000007fefd740000 - 0x000007fefd74f000 	C:\Windows\system32\profapi.dll

VM Arguments:
jvm_args: -Djava.awt.headless=true -Xmx1024M -Dfile.encoding=windows-1252 -Duser.country=US -Duser.language=en -Duser.variant 
java_command: com.android.dx.command.Main --dex --num-threads=4 --output C:\Pitonew\Android-Pitonew\app\build\intermediates\pre-dexed\debug\com.android.support-appcompat-v7-24.2.1_e9a064c23155facbb9653c33acb19ff8474040d2.jar C:\Pitonew\Android-Pitonew\app\build\intermediates\exploded-aar\com.android.support\appcompat-v7\24.2.1\jars\classes.jar
java_class_path (initial): C:\Users\jco\AppData\Local\Android\sdk\build-tools\24.0.2\lib\dx.jar
Launcher Type: SUN_STANDARD

Environment Variables:
JAVA_HOME=C:\Program Files\Java\jre1.8.0_111
PATH=C:\ProgramData\Oracle\Java\javapath;C:\Windows\system32;C:\Windows;C:\Windows\System32\Wbem;C:\Windows\System32\WindowsPowerShell\v1.0\;C:\Windows\CCM;C:\Program Files (x86)\WebEx\Productivity Tools;C:\Program Files\Microsoft SQL Server\Client SDK\ODBC\110\Tools\Binn\;C:\Program Files (x86)\Microsoft SQL Server\120\Tools\Binn\;C:\Program Files\Microsoft SQL Server\120\Tools\Binn\;C:\Program Files\Microsoft SQL Server\120\DTS\Binn\;C:\Program Files (x86)\WebEx\PTools020000000;C:\Program Files\TortoiseHg\;C:\RailsInstaller\Git\cmd;C:\RailsInstaller\nodejs\;C:\Program Files (x86)\Heroku\bin;C:\Program Files (x86)\git\cmd;C:\Program Files (x86)\Git\cmd;C:\Program Files (x86)\Brackets\command;C:\Program Files (x86)\nodejs\;C:\Program Files (x86)\Microsoft SQL Server\120\Tools\Binn\ManagementStudio\;C:\Program Files (x86)\Microsoft SQL Server\120\DTS\Binn\;C:\RailsInstaller\Git\cmd;C:\Quality Assurance\jruby-1.7.26\bin;c:\Python27;C:\Program Files\Mercurial;C:\Users\jco\AppData\Roaming\npm;C:\Users\jco\Downloads\apache-maven-3.3.9-bin\apache-maven-3.3.9\bin;C:\Users\jco\AppData\Local\Box\Box Edit\
USERNAME=jco
OS=Windows_NT
PROCESSOR_IDENTIFIER=Intel64 Family 6 Model 61 Stepping 4, GenuineIntel



---------------  S Y S T E M  ---------------

OS: Windows 7 , 64 bit Build 7601 (6.1.7601.23572)

CPU:total 4 (2 cores per cpu, 2 threads per core) family 6 model 61 stepping 4, cmov, cx8, fxsr, mmx, sse, sse2, sse3, ssse3, sse4.1, sse4.2, popcnt, avx, avx2, aes, clmul, erms, 3dnowpref, lzcnt, ht, tsc, tscinvbit, bmi1, bmi2, adx

Memory: 4k page, physical 8077544k(840880k free), swap 17729344k(5056k free)

vm_info: Java HotSpot(TM) 64-Bit Server VM (25.101-b13) for windows-amd64 JRE (1.8.0_101-b13), built on Jun 22 2016 01:21:29 by "java_re" with MS VC++ 10.0 (VS2010)

time: Sun Mar 05 13:35:40 2017
elapsed time: 3 seconds (0d 0h 0m 3s)

