#
# There is insufficient memory for the Java Runtime Environment to continue.
# Native memory allocation (malloc) failed to allocate 42144 bytes for Chunk::new
# Possible reasons:
#   The system is out of physical RAM or swap space
#   In 32 bit mode, the process size limit was hit
# Possible solutions:
#   Reduce memory load on the system
#   Increase physical memory or swap space
#   Check if swap backing store is full
#   Use 64 bit Java on a 64 bit OS
#   Decrease Java heap size (-Xmx/-Xms)
#   Decrease number of Java threads
#   Decrease Java thread stack sizes (-Xss)
#   Set larger code cache with -XX:ReservedCodeCacheSize=
# This output file may be truncated or incomplete.
#
#  Out of Memory Error (allocation.cpp:390), pid=12432, tid=0x0000000000002fdc
#
# JRE version: Java(TM) SE Runtime Environment (8.0_101-b13) (build 1.8.0_101-b13)
# Java VM: Java HotSpot(TM) 64-Bit Server VM (25.101-b13 mixed mode windows-amd64 compressed oops)
# Failed to write core dump. Minidumps are not enabled by default on client versions of Windows
#

---------------  T H R E A D  ---------------

Current thread (0x000000005547a000):  JavaThread "C2 CompilerThread1" daemon [_thread_in_native, id=12252, stack(0x00000000558e0000,0x00000000559e0000)]

Stack: [0x00000000558e0000,0x00000000559e0000]
[error occurred during error reporting (printing stack bounds), id 0xc0000005]

Native frames: (J=compiled Java code, j=interpreted, Vv=VM code, C=native code)


Current CompileTask:
C2:   3860 1511   !   4       com.android.dx.cf.code.Ropper::processBlock (1101 bytes)


---------------  P R O C E S S  ---------------

Java Threads: ( => current thread )
  0x00000000556f2800 JavaThread "pool-2-thread-4" [_thread_blocked, id=8328, stack(0x0000000056b20000,0x0000000056c20000)]
  0x00000000556ef800 JavaThread "pool-2-thread-3" [_thread_blocked, id=14532, stack(0x0000000056940000,0x0000000056a40000)]
  0x00000000556d9000 JavaThread "pool-2-thread-2" [_thread_blocked, id=13568, stack(0x0000000056820000,0x0000000056920000)]
  0x0000000055666800 JavaThread "pool-3-thread-1" [_thread_blocked, id=11228, stack(0x00000000565f0000,0x00000000566f0000)]
  0x0000000055634000 JavaThread "pool-2-thread-1" [_thread_blocked, id=11644, stack(0x0000000056400000,0x0000000056500000)]
  0x00000000554fe000 JavaThread "Service Thread" daemon [_thread_blocked, id=15268, stack(0x0000000056050000,0x0000000056150000)]
  0x000000005547b800 JavaThread "C1 CompilerThread2" daemon [_thread_blocked, id=1216, stack(0x0000000055e50000,0x0000000055f50000)]
=>0x000000005547a000 JavaThread "C2 CompilerThread1" daemon [_thread_in_native, id=12252, stack(0x00000000558e0000,0x00000000559e0000)]
  0x0000000055474800 JavaThread "C2 CompilerThread0" daemon [_thread_in_native, id=912, stack(0x0000000055c60000,0x0000000055d60000)]
  0x0000000055470800 JavaThread "Attach Listener" daemon [_thread_blocked, id=6848, stack(0x0000000055b30000,0x0000000055c30000)]
  0x0000000054141800 JavaThread "Signal Dispatcher" daemon [_thread_blocked, id=12592, stack(0x0000000055a10000,0x0000000055b10000)]
  0x0000000054129800 JavaThread "Finalizer" daemon [_thread_blocked, id=8032, stack(0x0000000055370000,0x0000000055470000)]
  0x00000000540e2800 JavaThread "Reference Handler" daemon [_thread_blocked, id=11100, stack(0x0000000055230000,0x0000000055330000)]
  0x000000000116f000 JavaThread "main" [_thread_blocked, id=3908, stack(0x0000000001460000,0x0000000001560000)]

Other Threads:
  0x00000000540da800 VMThread [stack: 0x00000000550a0000,0x00000000551a0000] [id=10248]
  0x0000000055505000 WatcherThread [stack: 0x0000000056280000,0x0000000056380000] [id=6164]

VM state:not at safepoint (normal execution)

VM Mutex/Monitor currently owned by a thread: None

Heap:
 PSYoungGen      total 68608K, used 12910K [0x00000000eab00000, 0x00000000ef300000, 0x0000000100000000)
  eden space 63488K, 12% used [0x00000000eab00000,0x00000000eb29dd58,0x00000000ee900000)
  from space 5120K, 99% used [0x00000000eee00000,0x00000000ef2fdd38,0x00000000ef300000)
  to   space 5120K, 0% used [0x00000000ee900000,0x00000000ee900000,0x00000000eee00000)
 ParOldGen       total 84992K, used 4575K [0x00000000c0000000, 0x00000000c5300000, 0x00000000eab00000)
  object space 84992K, 5% used [0x00000000c0000000,0x00000000c0477fa0,0x00000000c5300000)
 Metaspace       used 6124K, capacity 7026K, committed 7296K, reserved 1056768K
  class space    used 598K, capacity 618K, committed 640K, reserved 1048576K

Card table byte_map: [0x0000000010bf0000,0x0000000010e00000] byte_map_base: 0x00000000105f0000

Marking Bits: (ParMarkBitMap*) 0x000000007006a6d0
 Begin Bits: [0x0000000011550000, 0x0000000012550000)
 End Bits:   [0x0000000012550000, 0x0000000013550000)

Polling page: 0x0000000000230000

CodeCache: size=245760Kb used=6721Kb max_used=6731Kb free=239038Kb
 bounds [0x0000000001830000, 0x0000000001ed0000, 0x0000000010830000]
 total_blobs=1862 nmethods=1593 adapters=182
 compilation: enabled

Compilation events (10 events):
Event: 3.814 Thread 0x000000005547b800 1610       3       com.android.dx.rop.code.RegisterSpec::getFrameType (10 bytes)
Event: 3.814 Thread 0x000000005547b800 nmethod 1610 0x0000000001ebc910 code [0x0000000001ebca80, 0x0000000001ebcca8]
Event: 3.814 Thread 0x000000005547b800 1611       3       com.android.dx.rop.code.Rops::opGetField (97 bytes)
Event: 3.815 Thread 0x000000005547b800 nmethod 1611 0x0000000001ec45d0 code [0x0000000001ec4800, 0x0000000001ec5438]
Event: 3.821 Thread 0x0000000055474800 nmethod 1596 0x0000000001ebb9d0 code [0x0000000001ebbb40, 0x0000000001ebc238]
Event: 3.821 Thread 0x0000000055474800 1609       4       com.android.dx.ssa.SsaMethod::forEachBlockDepthFirst (194 bytes)
Event: 3.822 Thread 0x000000005547b800 1612       3       com.android.dx.dex.code.BlockAddresses::getStart (7 bytes)
Event: 3.822 Thread 0x000000005547b800 nmethod 1612 0x0000000001ec8950 code [0x0000000001ec8aa0, 0x0000000001ec8c10]
Event: 3.824 Thread 0x000000005547b800 1613       3       com.android.dx.dex.file.CodeItem::<init> (81 bytes)
Event: 3.825 Thread 0x000000005547b800 nmethod 1613 0x0000000001ec80d0 code [0x0000000001ec8280, 0x0000000001ec8778]

GC Heap History (4 events):
Event: 1.313 GC heap before
{Heap before GC invocations=1 (full 0):
 PSYoungGen      total 36864K, used 31744K [0x00000000eab00000, 0x00000000ed400000, 0x0000000100000000)
  eden space 31744K, 100% used [0x00000000eab00000,0x00000000eca00000,0x00000000eca00000)
  from space 5120K, 0% used [0x00000000ecf00000,0x00000000ecf00000,0x00000000ed400000)
  to   space 5120K, 0% used [0x00000000eca00000,0x00000000eca00000,0x00000000ecf00000)
 ParOldGen       total 84992K, used 0K [0x00000000c0000000, 0x00000000c5300000, 0x00000000eab00000)
  object space 84992K, 0% used [0x00000000c0000000,0x00000000c0000000,0x00000000c5300000)
 Metaspace       used 5808K, capacity 6768K, committed 7040K, reserved 1056768K
  class space    used 596K, capacity 616K, committed 640K, reserved 1048576K
Event: 1.335 GC heap after
Heap after GC invocations=1 (full 0):
 PSYoungGen      total 36864K, used 5111K [0x00000000eab00000, 0x00000000ef300000, 0x0000000100000000)
  eden space 31744K, 0% used [0x00000000eab00000,0x00000000eab00000,0x00000000eca00000)
  from space 5120K, 99% used [0x00000000eca00000,0x00000000ecefdca8,0x00000000ecf00000)
  to   space 5120K, 0% used [0x00000000eee00000,0x00000000eee00000,0x00000000ef300000)
 ParOldGen       total 84992K, used 1230K [0x00000000c0000000, 0x00000000c5300000, 0x00000000eab00000)
  object space 84992K, 1% used [0x00000000c0000000,0x00000000c0133bc0,0x00000000c5300000)
 Metaspace       used 5808K, capacity 6768K, committed 7040K, reserved 1056768K
  class space    used 596K, capacity 616K, committed 640K, reserved 1048576K
}
Event: 2.900 GC heap before
{Heap before GC invocations=2 (full 0):
 PSYoungGen      total 36864K, used 36855K [0x00000000eab00000, 0x00000000ef300000, 0x0000000100000000)
  eden space 31744K, 100% used [0x00000000eab00000,0x00000000eca00000,0x00000000eca00000)
  from space 5120K, 99% used [0x00000000eca00000,0x00000000ecefdca8,0x00000000ecf00000)
  to   space 5120K, 0% used [0x00000000eee00000,0x00000000eee00000,0x00000000ef300000)
 ParOldGen       total 84992K, used 1230K [0x00000000c0000000, 0x00000000c5300000, 0x00000000eab00000)
  object space 84992K, 1% used [0x00000000c0000000,0x00000000c0133bc0,0x00000000c5300000)
 Metaspace       used 6080K, capacity 7026K, committed 7296K, reserved 1056768K
  class space    used 598K, capacity 618K, committed 640K, reserved 1048576K
Event: 3.150 GC heap after
Heap after GC invocations=2 (full 0):
 PSYoungGen      total 68608K, used 5111K [0x00000000eab00000, 0x00000000ef300000, 0x0000000100000000)
  eden space 63488K, 0% used [0x00000000eab00000,0x00000000eab00000,0x00000000ee900000)
  from space 5120K, 99% used [0x00000000eee00000,0x00000000ef2fdd38,0x00000000ef300000)
  to   space 5120K, 0% used [0x00000000ee900000,0x00000000ee900000,0x00000000eee00000)
 ParOldGen       total 84992K, used 4575K [0x00000000c0000000, 0x00000000c5300000, 0x00000000eab00000)
  object space 84992K, 5% used [0x00000000c0000000,0x00000000c0477fa0,0x00000000c5300000)
 Metaspace       used 6080K, capacity 7026K, committed 7296K, reserved 1056768K
  class space    used 598K, capacity 618K, committed 640K, reserved 1048576K
}

Deoptimization events (2 events):
Event: 2.026 Thread 0x00000000556d9000 Uncommon trap: reason=unstable_if action=reinterpret pc=0x0000000001af58ac method=com.android.dx.rop.code.RegisterSpec.equals(ILcom/android/dx/rop/type/TypeBearer;Lcom/android/dx/rop/code/LocalItem;)Z @ 42
Event: 2.073 Thread 0x00000000556ef800 Uncommon trap: reason=unstable_if action=reinterpret pc=0x0000000001c745b8 method=com.android.dx.cf.code.BytecodeArray.parseInstruction(ILcom/android/dx/cf/code/BytecodeArray$Visitor;)I @ 1198

Internal exceptions (2 events):
Event: 0.058 Thread 0x000000000116f000 Exception <a 'java/lang/NoSuchMethodError': Method sun.misc.Unsafe.defineClass(Ljava/lang/String;[BII)Ljava/lang/Class; name or signature does not match> (0x00000000eab07cc0) thrown at [C:\re\workspace\8-2-build-windows-amd64-cygwin\jdk8u101\7261\hotspot\sllïb«≠?
Event: 0.058 Thread 0x000000000116f000 Exception <a 'java/lang/NoSuchMethodError': Method sun.misc.Unsafe.prefetchRead(Ljava/lang/Object;J)V name or signature does not match> (0x00000000eab07fa8) thrown at [C:\re\workspace\8-2-build-windows-amd64-cygwin\jdk8u101\7261\hotspot\src\share\vm\prims\

Events (10 events):
Event: 2.240 Thread 0x0000000055634000 DEOPT PACKING pc=0x0000000001b6761c sp=0x00000000564fe690
Event: 2.240 Thread 0x0000000055634000 DEOPT UNPACKING pc=0x000000000187787f sp=0x00000000564fe3f8 mode 0
Event: 2.244 Thread 0x0000000055634000 DEOPT PACKING pc=0x0000000001b15951 sp=0x00000000564fe830
Event: 2.244 Thread 0x0000000055634000 DEOPT UNPACKING pc=0x000000000187787f sp=0x00000000564fe558 mode 0
Event: 2.530 Thread 0x00000000556d9000 DEOPT PACKING pc=0x0000000001d0313d sp=0x000000005691ebd0
Event: 2.530 Thread 0x00000000556d9000 DEOPT UNPACKING pc=0x000000000187787f sp=0x000000005691e908 mode 0
Event: 2.684 Thread 0x00000000556d9000 DEOPT PACKING pc=0x0000000001c063ef sp=0x000000005691eac0
Event: 2.684 Thread 0x00000000556d9000 DEOPT UNPACKING pc=0x000000000187787f sp=0x000000005691e8a0 mode 0
Event: 2.900 Executing VM operation: ParallelGCFailedAllocation
Event: 3.150 Executing VM operation: ParallelGCFailedAllocation done


Dynamic libraries:
0x000000013fc40000 - 0x000000013fc77000 	C:\Program Files\Java\jdk1.8.0_101\bin\java.exe
0x0000000077500000 - 0x00000000776aa000 	C:\Windows\SYSTEM32\ntdll.dll
0x00000000772e0000 - 0x00000000773ff000 	C:\Windows\system32\kernel32.dll
0x000007fefd370000 - 0x000007fefd3da000 	C:\Windows\system32\KERNELBASE.dll
0x000007fefd980000 - 0x000007fefda5b000 	C:\Windows\system32\ADVAPI32.dll
0x000007fefed60000 - 0x000007fefedff000 	C:\Windows\system32\msvcrt.dll
0x000007fefd660000 - 0x000007fefd67f000 	C:\Windows\SYSTEM32\sechost.dll
0x000007fefde30000 - 0x000007fefdf5d000 	C:\Windows\system32\RPCRT4.dll
0x0000000077400000 - 0x00000000774fa000 	C:\Windows\system32\USER32.dll
0x000007fefd5f0000 - 0x000007fefd657000 	C:\Windows\system32\GDI32.dll
0x000007fefed40000 - 0x000007fefed4e000 	C:\Windows\system32\LPK.dll
0x000007feff5e0000 - 0x000007feff6aa000 	C:\Windows\system32\USP10.dll
0x000007fefa6b0000 - 0x000007fefa8a4000 	C:\Windows\WinSxS\amd64_microsoft.windows.common-controls_6595b64144ccf1df_6.0.7601.18837_none_fa3b1e3d17594757\COMCTL32.dll
0x000007fefdc40000 - 0x000007fefdcb1000 	C:\Windows\system32\SHLWAPI.dll
0x000007feff300000 - 0x000007feff32e000 	C:\Windows\system32\IMM32.DLL
0x000007fefdd20000 - 0x000007fefde29000 	C:\Windows\system32\MSCTF.dll
0x0000000078e50000 - 0x0000000078f22000 	C:\Program Files\Java\jdk1.8.0_101\jre\bin\msvcr100.dll
0x000000006f850000 - 0x00000000700ea000 	C:\Program Files\Java\jdk1.8.0_101\jre\bin\server\jvm.dll
0x000007fef98c0000 - 0x000007fef98c9000 	C:\Windows\system32\WSOCK32.dll
0x000007fefdf60000 - 0x000007fefdfad000 	C:\Windows\system32\WS2_32.dll
0x000007fefed50000 - 0x000007fefed58000 	C:\Windows\system32\NSI.dll
0x000007fefa340000 - 0x000007fefa37b000 	C:\Windows\system32\WINMM.dll
0x000007fefc160000 - 0x000007fefc16c000 	C:\Windows\system32\VERSION.dll
0x00000000776c0000 - 0x00000000776c7000 	C:\Windows\system32\PSAPI.DLL
0x000000006ce30000 - 0x000000006ce3f000 	C:\Program Files\Java\jdk1.8.0_101\jre\bin\verify.dll
0x000000006cc60000 - 0x000000006cc89000 	C:\Program Files\Java\jdk1.8.0_101\jre\bin\java.dll
0x000000006cbb0000 - 0x000000006cbc6000 	C:\Program Files\Java\jdk1.8.0_101\jre\bin\zip.dll
0x000007fefdfb0000 - 0x000007fefed3a000 	C:\Windows\system32\SHELL32.dll
0x000007feff3d0000 - 0x000007feff5d3000 	C:\Windows\system32\ole32.dll
0x000007fefd240000 - 0x000007fefd24f000 	C:\Windows\system32\profapi.dll

VM Arguments:
jvm_args: -Djava.awt.headless=true -Xmx1024M -Dfile.encoding=windows-1252 -Duser.country=US -Duser.language=en -Duser.variant 
java_command: com.android.dx.command.Main --dex --force-jumbo --num-threads=4 --multi-dex --output C:\Users\jco\AndroidStudioProjects\Pitonew\app\build\intermediates\transforms\dex\debug\folders\1000\10\library-2.4.0_f3d2179d6089edaf6dbf5d20c015952ad08387ff C:\Users\jco\.gradle\caches\modules-2\files-2.1\com.nineoldandroids\library\2.4.0\e9b63380f3a242dbdbf103a2355ad7e43bad17cb\library-2.4.0.jar
java_class_path (initial): C:\Users\jco\AppData\Local\Android\sdk\build-tools\24.0.2\lib\dx.jar
Launcher Type: SUN_STANDARD

Environment Variables:



---------------  S Y S T E M  ---------------

OS: Windows 7 , 64 bit Build 7601 (6.1.7601.23572)

CPU:total 4 (2 cores per cpu, 2 threads per core) family 6 model 61 stepping 4, cmov, cx8, fxsr, mmx, sse, sse2, sse3, ssse3, sse4.1, sse4.2, popcnt, avx, avx2, aes, clmul, erms, 3dnowpref, lzcnt, ht, tsc, tscinvbit, bmi1, bmi2, adx

Memory: 4k page, physical 8077544k(505300k free), swap 12527884k(5056k free)

vm_info: Java HotSpot(TM) 64-Bit Server VM (25.101-b13) for windows-amd64 JRE (1.8.0_101-b13), built on Jun 22 2016 01:21:29 by "java_re" with MS VC++ 10.0 (VS2010)

time: Fri Nov 25 15:01:15 2016
elapsed time: 3 seconds (0d 0h 0m 3s)

