#
# There is insufficient memory for the Java Runtime Environment to continue.
# Native memory allocation (malloc) failed to allocate 315536 bytes for Chunk::new
# Possible reasons:
#   The system is out of physical RAM or swap space
#   In 32 bit mode, the process size limit was hit
# Possible solutions:
#   Reduce memory load on the system
#   Increase physical memory or swap space
#   Check if swap backing store is full
#   Use 64 bit Java on a 64 bit OS
#   Decrease Java heap size (-Xmx/-Xms)
#   Decrease number of Java threads
#   Decrease Java thread stack sizes (-Xss)
#   Set larger code cache with -XX:ReservedCodeCacheSize=
# This output file may be truncated or incomplete.
#
#  Out of Memory Error (allocation.cpp:390), pid=18304, tid=0x0000000000003d78
#
# JRE version: Java(TM) SE Runtime Environment (8.0_101-b13) (build 1.8.0_101-b13)
# Java VM: Java HotSpot(TM) 64-Bit Server VM (25.101-b13 mixed mode windows-amd64 compressed oops)
# Failed to write core dump. Minidumps are not enabled by default on client versions of Windows
#

---------------  T H R E A D  ---------------

Current thread (0x0000000053cdd000):  JavaThread "C2 CompilerThread1" daemon [_thread_in_native, id=15736, stack(0x00000000555e0000,0x00000000556e0000)]

Stack: [0x00000000555e0000,0x00000000556e0000]
[error occurred during error reporting (printing stack bounds), id 0xc0000005]

Native frames: (J=compiled Java code, j=interpreted, Vv=VM code, C=native code)


Current CompileTask:
C2:   3921 1344       4       com.android.dx.ssa.SCCP::simulatePhi (169 bytes)


---------------  P R O C E S S  ---------------

Java Threads: ( => current thread )
  0x000000005585e000 JavaThread "pool-2-thread-4" [_thread_blocked_trans, id=15556, stack(0x0000000056360000,0x0000000056460000)]
  0x000000005585d800 JavaThread "pool-2-thread-3" [_thread_blocked, id=15504, stack(0x00000000560d0000,0x00000000561d0000)]
  0x000000005585c800 JavaThread "pool-2-thread-2" [_thread_blocked, id=9208, stack(0x0000000055ee0000,0x0000000055fe0000)]
  0x0000000055858800 JavaThread "pool-3-thread-1" [_thread_blocked, id=18232, stack(0x00000000554d0000,0x00000000555d0000)]
  0x0000000055858000 JavaThread "pool-2-thread-1" [_thread_in_Java, id=16696, stack(0x0000000055ae0000,0x0000000055be0000)]
  0x0000000055748800 JavaThread "Service Thread" daemon [_thread_blocked, id=13908, stack(0x0000000055be0000,0x0000000055ce0000)]
  0x0000000055744000 JavaThread "C1 CompilerThread2" daemon [_thread_blocked, id=16304, stack(0x0000000055120000,0x0000000055220000)]
=>0x0000000053cdd000 JavaThread "C2 CompilerThread1" daemon [_thread_in_native, id=15736, stack(0x00000000555e0000,0x00000000556e0000)]
  0x0000000053cda000 JavaThread "C2 CompilerThread0" daemon [_thread_in_native, id=16576, stack(0x00000000553b0000,0x00000000554b0000)]
  0x0000000053cd5800 JavaThread "Attach Listener" daemon [_thread_blocked, id=12736, stack(0x0000000055240000,0x0000000055340000)]
  0x0000000053cd2800 JavaThread "Signal Dispatcher" daemon [_thread_blocked, id=6572, stack(0x0000000054be0000,0x0000000054ce0000)]
  0x0000000053cb9000 JavaThread "Finalizer" daemon [_thread_blocked, id=12896, stack(0x0000000054e70000,0x0000000054f70000)]
  0x0000000053c72000 JavaThread "Reference Handler" daemon [_thread_blocked, id=7032, stack(0x0000000054f90000,0x0000000055090000)]
  0x00000000002df000 JavaThread "main" [_thread_blocked, id=16236, stack(0x00000000011d0000,0x00000000012d0000)]

Other Threads:
  0x0000000053c6a800 VMThread [stack: 0x0000000054d60000,0x0000000054e60000] [id=8612]
  0x0000000055751000 WatcherThread [stack: 0x0000000055d40000,0x0000000055e40000] [id=12632]

VM state:not at safepoint (normal execution)

VM Mutex/Monitor currently owned by a thread: None

Heap:
 PSYoungGen      total 36864K, used 35445K [0x00000000eab00000, 0x00000000ed400000, 0x0000000100000000)
  eden space 31744K, 95% used [0x00000000eab00000,0x00000000ec89ec40,0x00000000eca00000)
  from space 5120K, 99% used [0x00000000eca00000,0x00000000ecefeaa8,0x00000000ecf00000)
  to   space 5120K, 0% used [0x00000000ecf00000,0x00000000ecf00000,0x00000000ed400000)
 ParOldGen       total 84992K, used 1403K [0x00000000c0000000, 0x00000000c5300000, 0x00000000eab00000)
  object space 84992K, 1% used [0x00000000c0000000,0x00000000c015ee28,0x00000000c5300000)
 Metaspace       used 5936K, capacity 6960K, committed 7040K, reserved 1056768K
  class space    used 589K, capacity 616K, committed 640K, reserved 1048576K

Card table byte_map: [0x0000000010960000,0x0000000010b70000] byte_map_base: 0x0000000010360000

Marking Bits: (ParMarkBitMap*) 0x000000006fffa6d0
 Begin Bits: [0x00000000110e0000, 0x00000000120e0000)
 End Bits:   [0x00000000120e0000, 0x00000000130e0000)

Polling page: 0x0000000000110000

CodeCache: size=245760Kb used=5837Kb max_used=5837Kb free=239922Kb
 bounds [0x00000000015a0000, 0x0000000001b60000, 0x00000000105a0000]
 total_blobs=1636 nmethods=1373 adapters=176
 compilation: enabled

Compilation events (10 events):
Event: 3.852 Thread 0x0000000053cda000 nmethod 1396 0x0000000001b55210 code [0x0000000001b55360, 0x0000000001b557f8]
Event: 3.852 Thread 0x0000000053cda000 1397       4       java.util.HashMap::resize (359 bytes)
Event: 3.861 Thread 0x0000000053cda000 nmethod 1397 0x0000000001b4ca10 code [0x0000000001b4cba0, 0x0000000001b4d118]
Event: 3.862 Thread 0x0000000053cda000 1398       4       com.android.dx.cf.code.BasicBlocker::addWorkIfNecessary (32 bytes)
Event: 3.863 Thread 0x0000000053cda000 nmethod 1398 0x0000000001b4e190 code [0x0000000001b4e2e0, 0x0000000001b4e418]
Event: 3.864 Thread 0x0000000055744000 1399       3       com.android.dx.cf.code.BasicBlocker::visitBranch (98 bytes)
Event: 3.865 Thread 0x0000000053cda000 1401   !   4       com.android.dx.cf.code.Ropper::processBlock (1101 bytes)
Event: 3.865 Thread 0x0000000055744000 nmethod 1399 0x0000000001b57410 code [0x0000000001b57700, 0x0000000001b58c98]
Event: 3.865 Thread 0x0000000055744000 1400       3       com.android.dx.rop.code.Rops::pickIf (154 bytes)
Event: 3.866 Thread 0x0000000055744000 nmethod 1400 0x0000000001b5a150 code [0x0000000001b5a3e0, 0x0000000001b5b4f8]

GC Heap History (2 events):
Event: 1.930 GC heap before
{Heap before GC invocations=1 (full 0):
 PSYoungGen      total 36864K, used 31744K [0x00000000eab00000, 0x00000000ed400000, 0x0000000100000000)
  eden space 31744K, 100% used [0x00000000eab00000,0x00000000eca00000,0x00000000eca00000)
  from space 5120K, 0% used [0x00000000ecf00000,0x00000000ecf00000,0x00000000ed400000)
  to   space 5120K, 0% used [0x00000000eca00000,0x00000000eca00000,0x00000000ecf00000)
 ParOldGen       total 84992K, used 0K [0x00000000c0000000, 0x00000000c5300000, 0x00000000eab00000)
  object space 84992K, 0% used [0x00000000c0000000,0x00000000c0000000,0x00000000c5300000)
 Metaspace       used 5766K, capacity 6832K, committed 7040K, reserved 1056768K
  class space    used 589K, capacity 616K, committed 640K, reserved 1048576K
Event: 2.390 GC heap after
Heap after GC invocations=1 (full 0):
 PSYoungGen      total 36864K, used 5114K [0x00000000eab00000, 0x00000000ed400000, 0x0000000100000000)
  eden space 31744K, 0% used [0x00000000eab00000,0x00000000eab00000,0x00000000eca00000)
  from space 5120K, 99% used [0x00000000eca00000,0x00000000ecefeaa8,0x00000000ecf00000)
  to   space 5120K, 0% used [0x00000000ecf00000,0x00000000ecf00000,0x00000000ed400000)
 ParOldGen       total 84992K, used 1403K [0x00000000c0000000, 0x00000000c5300000, 0x00000000eab00000)
  object space 84992K, 1% used [0x00000000c0000000,0x00000000c015ee28,0x00000000c5300000)
 Metaspace       used 5766K, capacity 6832K, committed 7040K, reserved 1056768K
  class space    used 589K, capacity 616K, committed 640K, reserved 1048576K
}

Deoptimization events (8 events):
Event: 0.940 Thread 0x000000005585e000 Uncommon trap: reason=unstable_if action=reinterpret pc=0x00000000017a8254 method=java.util.HashMap.getNode(ILjava/lang/Object;)Ljava/util/HashMap$Node; @ 129
Event: 1.449 Thread 0x000000005585c800 Uncommon trap: reason=unstable_if action=reinterpret pc=0x000000000181af80 method=java.util.HashMap.getNode(ILjava/lang/Object;)Ljava/util/HashMap$Node; @ 62
Event: 1.571 Thread 0x000000005585d800 Uncommon trap: reason=unstable_if action=reinterpret pc=0x0000000001819730 method=java.util.HashMap.getNode(ILjava/lang/Object;)Ljava/util/HashMap$Node; @ 62
Event: 1.615 Thread 0x000000005585e000 Uncommon trap: reason=unstable_if action=reinterpret pc=0x000000000184e6f0 method=com.android.dx.rop.code.RegisterSpec.equals(ILcom/android/dx/rop/type/TypeBearer;Lcom/android/dx/rop/code/LocalItem;)Z @ 16
Event: 2.784 Thread 0x000000005585c800 Uncommon trap: reason=unstable_if action=reinterpret pc=0x000000000184bb04 method=com.android.dx.rop.cst.Constant.compareTo(Lcom/android/dx/rop/cst/Constant;)I @ 12
Event: 3.027 Thread 0x000000005585c800 Uncommon trap: reason=null_check action=make_not_entrant pc=0x00000000018b146c method=com.android.dx.ssa.SsaRenamer.getLocalForNewReg(I)Lcom/android/dx/rop/code/LocalItem; @ 19
Event: 3.027 Thread 0x000000005585c800 Uncommon trap: reason=null_check action=make_not_entrant pc=0x0000000001851d2c method=com.android.dx.ssa.SsaRenamer.getLocalForNewReg(I)Lcom/android/dx/rop/code/LocalItem; @ 19
Event: 3.502 Thread 0x0000000055858000 Uncommon trap: reason=uninitialized action=reinterpret pc=0x0000000001a3db90 method=com.android.dx.cf.code.BytecodeArray.parseInstruction(ILcom/android/dx/cf/code/BytecodeArray$Visitor;)I @ 1047

Internal exceptions (4 events):
Event: 0.061 Thread 0x00000000002df000 Exception <a 'java/lang/NoSuchMethodError': Method sun.misc.Unsafe.defineClass(Ljava/lang/String;[BII)Ljava/lang/Class; name or signature does not match> (0x00000000eab07cc0) thrown at [C:\re\workspace\8-2-build-windows-amd64-cygwin\jdk8u101\7261\hotspot\s¦ÿŠH…¯?
Event: 0.062 Thread 0x00000000002df000 Exception <a 'java/lang/NoSuchMethodError': Method sun.misc.Unsafe.prefetchRead(Ljava/lang/Object;J)V name or signature does not match> (0x00000000eab07fa8) thrown at [C:\re\workspace\8-2-build-windows-amd64-cygwin\jdk8u101\7261\hotspot\src\share\vm\prims\0<<ö6@
Event: 3.027 Thread 0x000000005585c800 Implicit null exception at 0x00000000018afca4 to 0x00000000018b1421
Event: 3.027 Thread 0x000000005585c800 Implicit null exception at 0x00000000018505fd to 0x0000000001851d0d

Events (10 events):
Event: 3.027 Thread 0x000000005585c800 DEOPT PACKING pc=0x00000000018b146c sp=0x0000000055fde7f0
Event: 3.027 Thread 0x000000005585c800 DEOPT UNPACKING pc=0x00000000015e582a sp=0x0000000055fde648 mode 2
Event: 3.027 Thread 0x000000005585c800 Uncommon trap: trap_request=0xfffffff4 fr.pc=0x0000000001851d2c
Event: 3.027 Thread 0x000000005585c800 DEOPT PACKING pc=0x0000000001851d2c sp=0x0000000055fde770
Event: 3.027 Thread 0x000000005585c800 DEOPT UNPACKING pc=0x00000000015e582a sp=0x0000000055fde638 mode 2
Event: 3.170 Thread 0x000000005585c800 DEOPT PACKING pc=0x000000000190dfbd sp=0x0000000055fdea00
Event: 3.170 Thread 0x000000005585c800 DEOPT UNPACKING pc=0x00000000015e787f sp=0x0000000055fde770 mode 0
Event: 3.502 Thread 0x0000000055858000 Uncommon trap: trap_request=0xffffffb5 fr.pc=0x0000000001a3db90
Event: 3.502 Thread 0x0000000055858000 DEOPT PACKING pc=0x0000000001a3db90 sp=0x0000000055bdec80
Event: 3.502 Thread 0x0000000055858000 DEOPT UNPACKING pc=0x00000000015e582a sp=0x0000000055bdec00 mode 2


Dynamic libraries:
0x000000013fd70000 - 0x000000013fda7000 	C:\Program Files\Java\jdk1.8.0_101\bin\java.exe
0x0000000077560000 - 0x000000007770a000 	C:\Windows\SYSTEM32\ntdll.dll
0x0000000077440000 - 0x000000007755f000 	C:\Windows\system32\kernel32.dll
0x000007fefd2d0000 - 0x000007fefd33a000 	C:\Windows\system32\KERNELBASE.dll
0x000007feff0f0000 - 0x000007feff1cb000 	C:\Windows\system32\ADVAPI32.dll
0x000007fefedf0000 - 0x000007fefee8f000 	C:\Windows\system32\msvcrt.dll
0x000007fefed70000 - 0x000007fefed8f000 	C:\Windows\SYSTEM32\sechost.dll
0x000007fefe9b0000 - 0x000007fefeadd000 	C:\Windows\system32\RPCRT4.dll
0x0000000077340000 - 0x000000007743a000 	C:\Windows\system32\USER32.dll
0x000007feff800000 - 0x000007feff867000 	C:\Windows\system32\GDI32.dll
0x000007feff4b0000 - 0x000007feff4be000 	C:\Windows\system32\LPK.dll
0x000007fefee90000 - 0x000007fefef5a000 	C:\Windows\system32\USP10.dll
0x000007fefa8a0000 - 0x000007fefaa94000 	C:\Windows\WinSxS\amd64_microsoft.windows.common-controls_6595b64144ccf1df_6.0.7601.18837_none_fa3b1e3d17594757\COMCTL32.dll
0x000007feff4d0000 - 0x000007feff541000 	C:\Windows\system32\SHLWAPI.dll
0x000007feff7d0000 - 0x000007feff7fe000 	C:\Windows\system32\IMM32.DLL
0x000007fefec60000 - 0x000007fefed69000 	C:\Windows\system32\MSCTF.dll
0x0000000078dc0000 - 0x0000000078e92000 	C:\Program Files\Java\jdk1.8.0_101\jre\bin\msvcr100.dll
0x000000006f7e0000 - 0x000000007007a000 	C:\Program Files\Java\jdk1.8.0_101\jre\bin\server\jvm.dll
0x000007fef9b50000 - 0x000007fef9b59000 	C:\Windows\system32\WSOCK32.dll
0x000007feff550000 - 0x000007feff59d000 	C:\Windows\system32\WS2_32.dll
0x000007feff4c0000 - 0x000007feff4c8000 	C:\Windows\system32\NSI.dll
0x000007fefa230000 - 0x000007fefa26b000 	C:\Windows\system32\WINMM.dll
0x000007fefc1c0000 - 0x000007fefc1cc000 	C:\Windows\system32\VERSION.dll
0x0000000077720000 - 0x0000000077727000 	C:\Windows\system32\PSAPI.DLL
0x0000000074c70000 - 0x0000000074c7f000 	C:\Program Files\Java\jdk1.8.0_101\jre\bin\verify.dll
0x0000000074b80000 - 0x0000000074ba9000 	C:\Program Files\Java\jdk1.8.0_101\jre\bin\java.dll
0x0000000074b60000 - 0x0000000074b76000 	C:\Program Files\Java\jdk1.8.0_101\jre\bin\zip.dll
0x000007fefdc20000 - 0x000007fefe9aa000 	C:\Windows\system32\SHELL32.dll
0x000007feff5c0000 - 0x000007feff7c3000 	C:\Windows\system32\ole32.dll
0x000007fefd290000 - 0x000007fefd29f000 	C:\Windows\system32\profapi.dll

VM Arguments:
jvm_args: -Djava.awt.headless=true -Xmx1024M -Dfile.encoding=windows-1252 -Duser.country=US -Duser.language=en -Duser.variant 
java_command: com.android.dx.command.Main --dex --num-threads=4 --multi-dex --output C:\Pitonew\Android-Pitonew\app\build\intermediates\transforms\dex\debug\folders\1000\10\com.android.support-support-fragment-24.2.1_4ec92a8d26808ca2547184e65ec5f3601897651c C:\Pitonew\Android-Pitonew\app\build\intermediates\exploded-aar\com.android.support\support-fragment\24.2.1\jars\classes.jar
java_class_path (initial): C:\Users\jco\AppData\Local\Android\sdk\build-tools\24.0.2\lib\dx.jar
Launcher Type: SUN_STANDARD

Environment Variables:
JAVA_HOME=C:\Program Files\Java\jre1.8.0_111
PATH=C:\ProgramData\Oracle\Java\javapath;C:\Windows\system32;C:\Windows;C:\Windows\System32\Wbem;C:\Windows\System32\WindowsPowerShell\v1.0\;C:\Windows\CCM;C:\Program Files (x86)\WebEx\Productivity Tools;C:\Program Files\Microsoft SQL Server\Client SDK\ODBC\110\Tools\Binn\;C:\Program Files (x86)\Microsoft SQL Server\120\Tools\Binn\;C:\Program Files\Microsoft SQL Server\120\Tools\Binn\;C:\Program Files\Microsoft SQL Server\120\DTS\Binn\;C:\Program Files (x86)\WebEx\PTools020000000;C:\Program Files\TortoiseHg\;C:\RailsInstaller\Git\cmd;C:\RailsInstaller\nodejs\;C:\Program Files (x86)\Heroku\bin;C:\Program Files (x86)\git\cmd;C:\Program Files (x86)\Git\cmd;C:\Program Files (x86)\Brackets\command;C:\Program Files (x86)\nodejs\;C:\Program Files (x86)\Microsoft SQL Server\120\Tools\Binn\ManagementStudio\;C:\Program Files (x86)\Microsoft SQL Server\120\DTS\Binn\;C:\RailsInstaller\Git\cmd;C:\Quality Assurance\jruby-1.7.26\bin;c:\Python27;C:\Program Files\Mercurial;C:\Users\jco\AppData\Roaming\npm;C:\Users\jco\Downloads\apache-maven-3.3.9-bin\apache-maven-3.3.9\bin;C:\Users\jco\AppData\Local\Box\Box Edit\
USERNAME=jco
OS=Windows_NT
PROCESSOR_IDENTIFIER=Intel64 Family 6 Model 61 Stepping 4, GenuineIntel



---------------  S Y S T E M  ---------------

OS: Windows 7 , 64 bit Build 7601 (6.1.7601.23572)

CPU:total 4 (2 cores per cpu, 2 threads per core) family 6 model 61 stepping 4, cmov, cx8, fxsr, mmx, sse, sse2, sse3, ssse3, sse4.1, sse4.2, popcnt, avx, avx2, aes, clmul, erms, 3dnowpref, lzcnt, ht, tsc, tscinvbit, bmi1, bmi2, adx

Memory: 4k page, physical 8077544k(1047468k free), swap 17870484k(5460k free)

vm_info: Java HotSpot(TM) 64-Bit Server VM (25.101-b13) for windows-amd64 JRE (1.8.0_101-b13), built on Jun 22 2016 01:21:29 by "java_re" with MS VC++ 10.0 (VS2010)

time: Tue Mar 07 16:52:20 2017
elapsed time: 3 seconds (0d 0h 0m 3s)

