#
# There is insufficient memory for the Java Runtime Environment to continue.
# Native memory allocation (malloc) failed to allocate 8192 bytes for AllocateHeap
# Possible reasons:
#   The system is out of physical RAM or swap space
#   In 32 bit mode, the process size limit was hit
# Possible solutions:
#   Reduce memory load on the system
#   Increase physical memory or swap space
#   Check if swap backing store is full
#   Use 64 bit Java on a 64 bit OS
#   Decrease Java heap size (-Xmx/-Xms)
#   Decrease number of Java threads
#   Decrease Java thread stack sizes (-Xss)
#   Set larger code cache with -XX:ReservedCodeCacheSize=
# This output file may be truncated or incomplete.
#
#  Out of Memory Error (memory/allocation.inline.hpp:61), pid=888, tid=0x00000000000021d4
#
# JRE version:  (8.0_101-b13) (build )
# Java VM: Java HotSpot(TM) 64-Bit Server VM (25.101-b13 mixed mode windows-amd64 compressed oops)
# Failed to write core dump. Minidumps are not enabled by default on client versions of Windows
#

---------------  T H R E A D  ---------------

Current thread (0x0000000000eaf000):  JavaThread "Unknown thread" [_thread_in_vm, id=8660, stack(0x00000000010d0000,0x00000000011d0000)]

Stack: [0x00000000010d0000,0x00000000011d0000]
[error occurred during error reporting (printing stack bounds), id 0xc0000005]

Native frames: (J=compiled Java code, j=interpreted, Vv=VM code, C=native code)

Java frames: (J=compiled Java code, j=interpreted, Vv=VM code)
j  java.lang.Thread.<clinit>()V+10
v  ~StubRoutines::call_stub

---------------  P R O C E S S  ---------------

Java Threads: ( => current thread )
=>0x0000000000eaf000 JavaThread "Unknown thread" [_thread_in_vm, id=8660, stack(0x00000000010d0000,0x00000000011d0000)]

Other Threads:
  0x0000000053bcb000 VMThread [stack: 0x0000000054e00000,0x0000000054f00000] [id=11340]

VM state:not at safepoint (normal execution)

VM Mutex/Monitor currently owned by a thread:  ([mutex/lock_event])
[0x0000000000eac5b0] SymbolTable_lock - owner thread: 0x0000000000eaf000

Heap:
 PSYoungGen      total 36864K, used 634K [0x00000000eab00000, 0x00000000ed400000, 0x0000000100000000)
  eden space 31744K, 2% used [0x00000000eab00000,0x00000000eab9eb90,0x00000000eca00000)
  from space 5120K, 0% used [0x00000000ecf00000,0x00000000ecf00000,0x00000000ed400000)
  to   space 5120K, 0% used [0x00000000eca00000,0x00000000eca00000,0x00000000ecf00000)
 ParOldGen       total 84992K, used 0K [0x00000000c0000000, 0x00000000c5300000, 0x00000000eab00000)
  object space 84992K, 0% used [0x00000000c0000000,0x00000000c0000000,0x00000000c5300000)
 Metaspace       used 804K, capacity 4480K, committed 4480K, reserved 1056768K
  class space    used 79K, capacity 384K, committed 384K, reserved 1048576K

Card table byte_map: [0x0000000010860000,0x0000000010a70000] byte_map_base: 0x0000000010260000

Marking Bits: (ParMarkBitMap*) 0x000000006fe1a6d0
 Begin Bits: [0x0000000011040000, 0x0000000012040000)
 End Bits:   [0x0000000012040000, 0x0000000013040000)

Polling page: 0x0000000000120000

CodeCache: size=245760Kb used=391Kb max_used=391Kb free=245368Kb
 bounds [0x00000000014a0000, 0x0000000001710000, 0x00000000104a0000]
 total_blobs=77 nmethods=0 adapters=51
 compilation: enabled

Compilation events (0 events):
No events

GC Heap History (0 events):
No events

Deoptimization events (0 events):
No events

Internal exceptions (0 events):
No events

Events (10 events):
Event: 0.035 loading class java/lang/ArithmeticException done
Event: 0.038 Thread 0x0000000000eaf000 Thread added: 0x0000000000eaf000
Event: 0.045 loading class java/io/ObjectStreamField
Event: 0.045 loading class java/io/ObjectStreamField done
Event: 0.045 loading class java/lang/String$CaseInsensitiveComparator
Event: 0.045 loading class java/util/Comparator
Event: 0.045 loading class java/util/Comparator done
Event: 0.045 loading class java/lang/String$CaseInsensitiveComparator done
Event: 0.046 loading class java/lang/RuntimePermission
Event: 0.046 loading class java/security/BasicPermission


Dynamic libraries:
0x000000013f780000 - 0x000000013f7b7000 	C:\Program Files\Java\jdk1.8.0_101\bin\java.exe
0x0000000076cd0000 - 0x0000000076e7a000 	C:\Windows\SYSTEM32\ntdll.dll
0x0000000076bb0000 - 0x0000000076ccf000 	C:\Windows\system32\kernel32.dll
0x000007fefcd50000 - 0x000007fefcdba000 	C:\Windows\system32\KERNELBASE.dll
0x000007fefce60000 - 0x000007fefcf3b000 	C:\Windows\system32\ADVAPI32.dll
0x000007fefd720000 - 0x000007fefd7bf000 	C:\Windows\system32\msvcrt.dll
0x000007fefd5d0000 - 0x000007fefd5ef000 	C:\Windows\SYSTEM32\sechost.dll
0x000007fefd5f0000 - 0x000007fefd71d000 	C:\Windows\system32\RPCRT4.dll
0x0000000076ab0000 - 0x0000000076baa000 	C:\Windows\system32\USER32.dll
0x000007fefecb0000 - 0x000007fefed17000 	C:\Windows\system32\GDI32.dll
0x000007fefe9c0000 - 0x000007fefe9ce000 	C:\Windows\system32\LPK.dll
0x000007fefcf40000 - 0x000007fefd00a000 	C:\Windows\system32\USP10.dll
0x000007fef9ca0000 - 0x000007fef9e94000 	C:\Windows\WinSxS\amd64_microsoft.windows.common-controls_6595b64144ccf1df_6.0.7601.18837_none_fa3b1e3d17594757\COMCTL32.dll
0x000007fefee50000 - 0x000007fefeec1000 	C:\Windows\system32\SHLWAPI.dll
0x000007fefd360000 - 0x000007fefd38e000 	C:\Windows\system32\IMM32.DLL
0x000007fefeed0000 - 0x000007fefefd9000 	C:\Windows\system32\MSCTF.dll
0x0000000078ae0000 - 0x0000000078bb2000 	C:\Program Files\Java\jdk1.8.0_101\jre\bin\msvcr100.dll
0x000000006f600000 - 0x000000006fe9a000 	C:\Program Files\Java\jdk1.8.0_101\jre\bin\server\jvm.dll
0x000007fef8fc0000 - 0x000007fef8fc9000 	C:\Windows\system32\WSOCK32.dll
0x000007fefed20000 - 0x000007fefed6d000 	C:\Windows\system32\WS2_32.dll
0x000007fefd7c0000 - 0x000007fefd7c8000 	C:\Windows\system32\NSI.dll
0x000007fef96c0000 - 0x000007fef96fb000 	C:\Windows\system32\WINMM.dll
0x000007fefb930000 - 0x000007fefb93c000 	C:\Windows\system32\VERSION.dll
0x0000000076e90000 - 0x0000000076e97000 	C:\Windows\system32\PSAPI.DLL
0x0000000077050000 - 0x000000007705f000 	C:\Program Files\Java\jdk1.8.0_101\jre\bin\verify.dll
0x000000006d6b0000 - 0x000000006d6d9000 	C:\Program Files\Java\jdk1.8.0_101\jre\bin\java.dll
0x0000000077030000 - 0x0000000077046000 	C:\Program Files\Java\jdk1.8.0_101\jre\bin\zip.dll

VM Arguments:
jvm_args: -Djava.awt.headless=true -Xmx1024M -Dfile.encoding=windows-1252 -Duser.country=US -Duser.language=en -Duser.variant 
java_command: com.android.dx.command.Main --dex --force-jumbo --num-threads=4 --multi-dex --output C:\Pitonew\Android-Pitonew\app\build\intermediates\transforms\dex\debug\folders\1000\5\slice_7 C:\Pitonew\Android-Pitonew\app\build\intermediates\transforms\instantRunSlicer\debug\folders\1\5\slice_7
java_class_path (initial): C:\Users\jco\AppData\Local\Android\sdk\build-tools\25.0.2\lib\dx.jar
Launcher Type: SUN_STANDARD

Environment Variables:
JAVA_HOME=C:\Program Files\Java\jre1.8.0_111
PATH=C:\ProgramData\Oracle\Java\javapath;C:\Windows\system32;C:\Windows;C:\Windows\System32\Wbem;C:\Windows\System32\WindowsPowerShell\v1.0\;C:\Windows\CCM;C:\Program Files (x86)\WebEx\Productivity Tools;C:\Program Files\Microsoft SQL Server\Client SDK\ODBC\110\Tools\Binn\;C:\Program Files (x86)\Microsoft SQL Server\120\Tools\Binn\;C:\Program Files\Microsoft SQL Server\120\Tools\Binn\;C:\Program Files\Microsoft SQL Server\120\DTS\Binn\;C:\Program Files (x86)\WebEx\PTools020000000;C:\Program Files\TortoiseHg\;C:\RailsInstaller\Git\cmd;C:\RailsInstaller\nodejs\;C:\Program Files (x86)\Heroku\bin;C:\Program Files (x86)\git\cmd;C:\Program Files (x86)\Git\cmd;C:\Program Files (x86)\Brackets\command;C:\Program Files (x86)\nodejs\;C:\Program Files (x86)\Microsoft SQL Server\120\Tools\Binn\ManagementStudio\;C:\Program Files (x86)\Microsoft SQL Server\120\DTS\Binn\;C:\RailsInstaller\Git\cmd;C:\Quality Assurance\jruby-1.7.26\bin;c:\Python27;C:\Program Files\Mercurial;C:\Users\jco\AppData\Roaming\npm;C:\Users\jco\Downloads\apache-maven-3.3.9-bin\apache-maven-3.3.9\bin;C:\Users\jco\AppData\Local\Box\Box Edit\
USERNAME=jco
OS=Windows_NT
PROCESSOR_IDENTIFIER=Intel64 Family 6 Model 61 Stepping 4, GenuineIntel



---------------  S Y S T E M  ---------------

OS: Windows 7 , 64 bit Build 7601 (6.1.7601.23572)

CPU:total 4 (2 cores per cpu, 2 threads per core) family 6 model 61 stepping 4, cmov, cx8, fxsr, mmx, sse, sse2, sse3, ssse3, sse4.1, sse4.2, popcnt, avx, avx2, aes, clmul, erms, 3dnowpref, lzcnt, ht, tsc, tscinvbit, bmi1, bmi2, adx

Memory: 4k page, physical 8077544k(1404164k free), swap 16786680k(4052k free)

vm_info: Java HotSpot(TM) 64-Bit Server VM (25.101-b13) for windows-amd64 JRE (1.8.0_101-b13), built on Jun 22 2016 01:21:29 by "java_re" with MS VC++ 10.0 (VS2010)

time: Mon Mar 27 16:27:23 2017
elapsed time: 0 seconds (0d 0h 0m 0s)

