#
# There is insufficient memory for the Java Runtime Environment to continue.
# Native memory allocation (malloc) failed to allocate 272176 bytes for Chunk::new
# Possible reasons:
#   The system is out of physical RAM or swap space
#   In 32 bit mode, the process size limit was hit
# Possible solutions:
#   Reduce memory load on the system
#   Increase physical memory or swap space
#   Check if swap backing store is full
#   Use 64 bit Java on a 64 bit OS
#   Decrease Java heap size (-Xmx/-Xms)
#   Decrease number of Java threads
#   Decrease Java thread stack sizes (-Xss)
#   Set larger code cache with -XX:ReservedCodeCacheSize=
# This output file may be truncated or incomplete.
#
#  Out of Memory Error (allocation.cpp:390), pid=2868, tid=0x0000000000004658
#
# JRE version: Java(TM) SE Runtime Environment (8.0_101-b13) (build 1.8.0_101-b13)
# Java VM: Java HotSpot(TM) 64-Bit Server VM (25.101-b13 mixed mode windows-amd64 compressed oops)
# Failed to write core dump. Minidumps are not enabled by default on client versions of Windows
#

---------------  T H R E A D  ---------------

Current thread (0x0000000055635000):  JavaThread "C2 CompilerThread1" daemon [_thread_in_native, id=18008, stack(0x0000000055da0000,0x0000000055ea0000)]

Stack: [0x0000000055da0000,0x0000000055ea0000]
[error occurred during error reporting (printing stack bounds), id 0xc0000005]

Native frames: (J=compiled Java code, j=interpreted, Vv=VM code, C=native code)


Current CompileTask:
C2:   5545 1325       4       com.android.dx.ssa.SCCP::simulatePhi (169 bytes)


---------------  P R O C E S S  ---------------

Java Threads: ( => current thread )
  0x0000000056a52000 JavaThread "pool-2-thread-4" [_thread_blocked, id=16972, stack(0x00000000571e0000,0x00000000572e0000)]
  0x00000000557b5000 JavaThread "pool-2-thread-3" [_thread_in_Java, id=17184, stack(0x0000000056720000,0x0000000056820000)]
  0x0000000055743800 JavaThread "pool-2-thread-2" [_thread_blocked, id=15416, stack(0x0000000056570000,0x0000000056670000)]
  0x0000000055731000 JavaThread "pool-3-thread-1" [_thread_blocked, id=6720, stack(0x0000000056430000,0x0000000056530000)]
  0x0000000055730000 JavaThread "pool-2-thread-1" [_thread_in_Java, id=18412, stack(0x0000000056110000,0x0000000056210000)]
  0x000000005563d000 JavaThread "Service Thread" daemon [_thread_blocked, id=2388, stack(0x0000000055f80000,0x0000000056080000)]
  0x0000000055639800 JavaThread "C1 CompilerThread2" daemon [_thread_blocked, id=8744, stack(0x0000000054f30000,0x0000000055030000)]
=>0x0000000055635000 JavaThread "C2 CompilerThread1" daemon [_thread_in_native, id=18008, stack(0x0000000055da0000,0x0000000055ea0000)]
  0x00000000555e4800 JavaThread "C2 CompilerThread0" daemon [_thread_in_vm, id=15756, stack(0x0000000055a90000,0x0000000055b90000)]
  0x00000000555e0800 JavaThread "Attach Listener" daemon [_thread_blocked, id=13848, stack(0x0000000055b90000,0x0000000055c90000)]
  0x0000000054042000 JavaThread "Signal Dispatcher" daemon [_thread_blocked, id=5228, stack(0x00000000551b0000,0x00000000552b0000)]
  0x0000000054029800 JavaThread "Finalizer" daemon [_thread_blocked, id=1856, stack(0x00000000554e0000,0x00000000555e0000)]
  0x0000000053fe2800 JavaThread "Reference Handler" daemon [_thread_blocked, id=14824, stack(0x00000000552e0000,0x00000000553e0000)]
  0x000000000107f000 JavaThread "main" [_thread_in_native, id=18164, stack(0x0000000001270000,0x0000000001370000)]

Other Threads:
  0x0000000053fdb000 VMThread [stack: 0x0000000055050000,0x0000000055150000] [id=13400]
  0x000000005564d800 WatcherThread [stack: 0x0000000056260000,0x0000000056360000] [id=7572]

VM state:not at safepoint (normal execution)

VM Mutex/Monitor currently owned by a thread: None

Heap:
 PSYoungGen      total 68608K, used 9973K [0x00000000eab00000, 0x00000000f3100000, 0x0000000100000000)
  eden space 63488K, 7% used [0x00000000eab00000,0x00000000eafc2088,0x00000000ee900000)
  from space 5120K, 99% used [0x00000000ee900000,0x00000000eedfb5a0,0x00000000eee00000)
  to   space 5120K, 0% used [0x00000000f2c00000,0x00000000f2c00000,0x00000000f3100000)
 ParOldGen       total 84992K, used 47101K [0x00000000c0000000, 0x00000000c5300000, 0x00000000eab00000)
  object space 84992K, 55% used [0x00000000c0000000,0x00000000c2dff4f8,0x00000000c5300000)
 Metaspace       used 5798K, capacity 6896K, committed 7040K, reserved 1056768K
  class space    used 583K, capacity 616K, committed 640K, reserved 1048576K

Card table byte_map: [0x0000000010a00000,0x0000000010c10000] byte_map_base: 0x0000000010400000

Marking Bits: (ParMarkBitMap*) 0x0000000070a4a6d0
 Begin Bits: [0x0000000011450000, 0x0000000012450000)
 End Bits:   [0x0000000012450000, 0x0000000013450000)

Polling page: 0x00000000001c0000

CodeCache: size=245760Kb used=5604Kb max_used=5630Kb free=240155Kb
 bounds [0x0000000001640000, 0x0000000001bd0000, 0x0000000010640000]
 total_blobs=1543 nmethods=1281 adapters=175
 compilation: enabled

Compilation events (10 events):
Event: 5.532 Thread 0x0000000055639800 1337       2       com.android.dx.rop.cst.CstDouble::getType (4 bytes)
Event: 5.533 Thread 0x0000000055639800 nmethod 1337 0x0000000001b23150 code [0x0000000001b232a0, 0x0000000001b233f0]
Event: 5.533 Thread 0x0000000055639800 1338       2       com.android.dx.ssa.back.FirstFitLocalCombiningAllocator::isEven (12 bytes)
Event: 5.533 Thread 0x0000000055639800 nmethod 1338 0x0000000001b22e10 code [0x0000000001b22f60, 0x0000000001b230b0]
Event: 5.533 Thread 0x0000000055639800 1346       2       com.android.dx.rop.cst.CstLiteral64::hashCode (15 bytes)
Event: 5.533 Thread 0x0000000055639800 nmethod 1346 0x0000000001b22ad0 code [0x0000000001b22c20, 0x0000000001b22d90]
Event: 5.533 Thread 0x0000000055639800 1336       2       com.android.dx.cf.code.ByteOps::opInfo (6 bytes)
Event: 5.533 Thread 0x0000000055639800 nmethod 1336 0x0000000001b19090 code [0x0000000001b191e0, 0x0000000001b19330]
Event: 5.533 Thread 0x0000000055639800 1334       2       com.android.dx.util.ByteArray::getShort (25 bytes)
Event: 5.533 Thread 0x0000000055639800 nmethod 1334 0x0000000001b18bd0 code [0x0000000001b18d40, 0x0000000001b18f28]

GC Heap History (6 events):
Event: 2.965 GC heap before
{Heap before GC invocations=1 (full 0):
 PSYoungGen      total 36864K, used 31744K [0x00000000eab00000, 0x00000000ed400000, 0x0000000100000000)
  eden space 31744K, 100% used [0x00000000eab00000,0x00000000eca00000,0x00000000eca00000)
  from space 5120K, 0% used [0x00000000ecf00000,0x00000000ecf00000,0x00000000ed400000)
  to   space 5120K, 0% used [0x00000000eca00000,0x00000000eca00000,0x00000000ecf00000)
 ParOldGen       total 84992K, used 0K [0x00000000c0000000, 0x00000000c5300000, 0x00000000eab00000)
  object space 84992K, 0% used [0x00000000c0000000,0x00000000c0000000,0x00000000c5300000)
 Metaspace       used 5728K, capacity 6832K, committed 7040K, reserved 1056768K
  class space    used 579K, capacity 616K, committed 640K, reserved 1048576K
Event: 3.185 GC heap after
Heap after GC invocations=1 (full 0):
 PSYoungGen      total 36864K, used 5097K [0x00000000eab00000, 0x00000000ef300000, 0x0000000100000000)
  eden space 31744K, 0% used [0x00000000eab00000,0x00000000eab00000,0x00000000eca00000)
  from space 5120K, 99% used [0x00000000eca00000,0x00000000ecefa660,0x00000000ecf00000)
  to   space 5120K, 0% used [0x00000000eee00000,0x00000000eee00000,0x00000000ef300000)
 ParOldGen       total 84992K, used 3489K [0x00000000c0000000, 0x00000000c5300000, 0x00000000eab00000)
  object space 84992K, 4% used [0x00000000c0000000,0x00000000c0368640,0x00000000c5300000)
 Metaspace       used 5728K, capacity 6832K, committed 7040K, reserved 1056768K
  class space    used 579K, capacity 616K, committed 640K, reserved 1048576K
}
Event: 3.645 GC heap before
{Heap before GC invocations=2 (full 0):
 PSYoungGen      total 36864K, used 36841K [0x00000000eab00000, 0x00000000ef300000, 0x0000000100000000)
  eden space 31744K, 100% used [0x00000000eab00000,0x00000000eca00000,0x00000000eca00000)
  from space 5120K, 99% used [0x00000000eca00000,0x00000000ecefa660,0x00000000ecf00000)
  to   space 5120K, 0% used [0x00000000eee00000,0x00000000eee00000,0x00000000ef300000)
 ParOldGen       total 84992K, used 3489K [0x00000000c0000000, 0x00000000c5300000, 0x00000000eab00000)
  object space 84992K, 4% used [0x00000000c0000000,0x00000000c0368640,0x00000000c5300000)
 Metaspace       used 5742K, capacity 6832K, committed 7040K, reserved 1056768K
  class space    used 580K, capacity 616K, committed 640K, reserved 1048576K
Event: 3.680 GC heap after
Heap after GC invocations=2 (full 0):
 PSYoungGen      total 68608K, used 5113K [0x00000000eab00000, 0x00000000ef300000, 0x0000000100000000)
  eden space 63488K, 0% used [0x00000000eab00000,0x00000000eab00000,0x00000000ee900000)
  from space 5120K, 99% used [0x00000000eee00000,0x00000000ef2fe6c0,0x00000000ef300000)
  to   space 5120K, 0% used [0x00000000ee900000,0x00000000ee900000,0x00000000eee00000)
 ParOldGen       total 84992K, used 18889K [0x00000000c0000000, 0x00000000c5300000, 0x00000000eab00000)
  object space 84992K, 22% used [0x00000000c0000000,0x00000000c1272780,0x00000000c5300000)
 Metaspace       used 5742K, capacity 6832K, committed 7040K, reserved 1056768K
  class space    used 580K, capacity 616K, committed 640K, reserved 1048576K
}
Event: 5.147 GC heap before
{Heap before GC invocations=3 (full 0):
 PSYoungGen      total 68608K, used 68601K [0x00000000eab00000, 0x00000000ef300000, 0x0000000100000000)
  eden space 63488K, 100% used [0x00000000eab00000,0x00000000ee900000,0x00000000ee900000)
  from space 5120K, 99% used [0x00000000eee00000,0x00000000ef2fe6c0,0x00000000ef300000)
  to   space 5120K, 0% used [0x00000000ee900000,0x00000000ee900000,0x00000000eee00000)
 ParOldGen       total 84992K, used 18889K [0x00000000c0000000, 0x00000000c5300000, 0x00000000eab00000)
  object space 84992K, 22% used [0x00000000c0000000,0x00000000c1272780,0x00000000c5300000)
 Metaspace       used 5791K, capacity 6896K, committed 7040K, reserved 1056768K
  class space    used 583K, capacity 616K, committed 640K, reserved 1048576K
Event: 5.373 GC heap after
Heap after GC invocations=3 (full 0):
 PSYoungGen      total 68608K, used 5101K [0x00000000eab00000, 0x00000000f3100000, 0x0000000100000000)
  eden space 63488K, 0% used [0x00000000eab00000,0x00000000eab00000,0x00000000ee900000)
  from space 5120K, 99% used [0x00000000ee900000,0x00000000eedfb5a0,0x00000000eee00000)
  to   space 5120K, 0% used [0x00000000f2c00000,0x00000000f2c00000,0x00000000f3100000)
 ParOldGen       total 84992K, used 47101K [0x00000000c0000000, 0x00000000c5300000, 0x00000000eab00000)
  object space 84992K, 55% used [0x00000000c0000000,0x00000000c2dff4f8,0x00000000c5300000)
 Metaspace       used 5791K, capacity 6896K, committed 7040K, reserved 1056768K
  class space    used 583K, capacity 616K, committed 640K, reserved 1048576K
}

Deoptimization events (10 events):
Event: 3.735 Thread 0x0000000055743800 Uncommon trap: reason=class_check action=maybe_recompile pc=0x0000000001ad5fc4 method=com.android.dx.ssa.NormalSsaInsn.accept(Lcom/android/dx/ssa/SsaInsn$Visitor;)V @ 9
Event: 3.735 Thread 0x0000000055743800 Uncommon trap: reason=class_check action=maybe_recompile pc=0x0000000001ad5fc4 method=com.android.dx.ssa.NormalSsaInsn.accept(Lcom/android/dx/ssa/SsaInsn$Visitor;)V @ 9
Event: 3.736 Thread 0x0000000055743800 Uncommon trap: reason=class_check action=maybe_recompile pc=0x0000000001ad5fc4 method=com.android.dx.ssa.NormalSsaInsn.accept(Lcom/android/dx/ssa/SsaInsn$Visitor;)V @ 9
Event: 4.528 Thread 0x000000000107f000 Uncommon trap: reason=unloaded action=reinterpret pc=0x0000000001b2f58c method=com.android.dx.cf.cst.ConstantPoolParser.parse0(ILjava/util/BitSet;)Lcom/android/dx/rop/cst/Constant; @ 220
Event: 4.585 Thread 0x00000000557b5000 Uncommon trap: reason=unstable_if action=reinterpret pc=0x00000000019f842c method=com.android.dx.ssa.SsaRenamer$BlockRenamer.addMapping(ILcom/android/dx/rop/code/RegisterSpec;)V @ 120
Event: 4.585 Thread 0x00000000557b5000 Uncommon trap: reason=unstable_if action=reinterpret pc=0x0000000001b49fc4 method=com.android.dx.ssa.SCCP.simulateBranch(Lcom/android/dx/ssa/SsaInsn;)V @ 118
Event: 5.508 Thread 0x00000000557b5000 Uncommon trap: reason=uninitialized action=reinterpret pc=0x0000000001ab1ef0 method=com.android.dx.cf.code.BytecodeArray.parseInstruction(ILcom/android/dx/cf/code/BytecodeArray$Visitor;)I @ 1095
Event: 5.513 Thread 0x00000000557b5000 Uncommon trap: reason=unstable_if action=reinterpret pc=0x0000000001b88bf4 method=com.android.dx.cf.code.Ropper.processBlock(Lcom/android/dx/cf/code/ByteBlock;Lcom/android/dx/cf/code/Frame;[I)V @ 940
Event: 5.521 Thread 0x00000000557b5000 Uncommon trap: reason=unstable_if action=reinterpret pc=0x0000000001b0372c method=com.android.dx.rop.code.Insn.equalsHandleNulls(Ljava/lang/Object;Ljava/lang/Object;)Z @ 14
Event: 5.521 Thread 0x00000000557b5000 Uncommon trap: reason=unstable_if action=reinterpret pc=0x0000000001b11104 method=com.android.dx.rop.code.Insn.equalsHandleNulls(Ljava/lang/Object;Ljava/lang/Object;)Z @ 14

Internal exceptions (3 events):
Event: 0.062 Thread 0x000000000107f000 Exception <a 'java/lang/NoSuchMethodError': Method sun.misc.Unsafe.defineClass(Ljava/lang/String;[BII)Ljava/lang/Class; name or signature does not match> (0x00000000eab07cc0) thrown at [C:\re\workspace\8-2-build-windows-amd64-cygwin\jdk8u101\7261\hotspot\s<ÕâK7ç¯?
Event: 0.062 Thread 0x000000000107f000 Exception <a 'java/lang/NoSuchMethodError': Method sun.misc.Unsafe.prefetchRead(Ljava/lang/Object;J)V name or signature does not match> (0x00000000eab07fa8) thrown at [C:\re\workspace\8-2-build-windows-amd64-cygwin\jdk8u101\7261\hotspot\src\share\vm\prims\`CÙøã@
Event: 2.861 Thread 0x0000000055743800 Implicit null exception at 0x000000000196c4d2 to 0x000000000196c5d9

Events (10 events):
Event: 5.508 Thread 0x00000000557b5000 DEOPT UNPACKING pc=0x000000000168582a sp=0x000000005681e7d8 mode 2
Event: 5.513 Thread 0x00000000557b5000 Uncommon trap: trap_request=0xffffff65 fr.pc=0x0000000001b88bf4
Event: 5.513 Thread 0x00000000557b5000 DEOPT PACKING pc=0x0000000001b88bf4 sp=0x000000005681e900
Event: 5.513 Thread 0x00000000557b5000 DEOPT UNPACKING pc=0x000000000168582a sp=0x000000005681e8d8 mode 2
Event: 5.521 Thread 0x00000000557b5000 Uncommon trap: trap_request=0xffffff65 fr.pc=0x0000000001b0372c
Event: 5.521 Thread 0x00000000557b5000 DEOPT PACKING pc=0x0000000001b0372c sp=0x000000005681e7a0
Event: 5.521 Thread 0x00000000557b5000 DEOPT UNPACKING pc=0x000000000168582a sp=0x000000005681e6e8 mode 2
Event: 5.521 Thread 0x00000000557b5000 Uncommon trap: trap_request=0xffffff65 fr.pc=0x0000000001b11104
Event: 5.521 Thread 0x00000000557b5000 DEOPT PACKING pc=0x0000000001b11104 sp=0x000000005681e760
Event: 5.521 Thread 0x00000000557b5000 DEOPT UNPACKING pc=0x000000000168582a sp=0x000000005681e6d8 mode 2


Dynamic libraries:
0x000000013fe20000 - 0x000000013fe57000 	C:\Program Files\Java\jdk1.8.0_101\bin\java.exe
0x0000000077b40000 - 0x0000000077cea000 	C:\Windows\SYSTEM32\ntdll.dll
0x0000000077a20000 - 0x0000000077b3f000 	C:\Windows\system32\kernel32.dll
0x000007fefdbc0000 - 0x000007fefdc2a000 	C:\Windows\system32\KERNELBASE.dll
0x000007fefe0d0000 - 0x000007fefe1ab000 	C:\Windows\system32\ADVAPI32.dll
0x000007fefe390000 - 0x000007fefe42f000 	C:\Windows\system32\msvcrt.dll
0x000007fefe0b0000 - 0x000007fefe0cf000 	C:\Windows\SYSTEM32\sechost.dll
0x000007feffcd0000 - 0x000007feffdfd000 	C:\Windows\system32\RPCRT4.dll
0x0000000077920000 - 0x0000000077a1a000 	C:\Windows\system32\USER32.dll
0x000007feffc60000 - 0x000007feffcc7000 	C:\Windows\system32\GDI32.dll
0x000007feff9a0000 - 0x000007feff9ae000 	C:\Windows\system32\LPK.dll
0x000007fefe1b0000 - 0x000007fefe27a000 	C:\Windows\system32\USP10.dll
0x000007fefad30000 - 0x000007fefaf24000 	C:\Windows\WinSxS\amd64_microsoft.windows.common-controls_6595b64144ccf1df_6.0.7601.18837_none_fa3b1e3d17594757\COMCTL32.dll
0x000007fefdcd0000 - 0x000007fefdd41000 	C:\Windows\system32\SHLWAPI.dll
0x000007feffc30000 - 0x000007feffc5e000 	C:\Windows\system32\IMM32.DLL
0x000007fefe280000 - 0x000007fefe389000 	C:\Windows\system32\MSCTF.dll
0x0000000055c90000 - 0x0000000055d62000 	C:\Program Files\Java\jdk1.8.0_101\jre\bin\msvcr100.dll
0x0000000070230000 - 0x0000000070aca000 	C:\Program Files\Java\jdk1.8.0_101\jre\bin\server\jvm.dll
0x000007fef9db0000 - 0x000007fef9db9000 	C:\Windows\system32\WSOCK32.dll
0x000007feffe00000 - 0x000007feffe4d000 	C:\Windows\system32\WS2_32.dll
0x000007feff990000 - 0x000007feff998000 	C:\Windows\system32\NSI.dll
0x000007fefa620000 - 0x000007fefa65b000 	C:\Windows\system32\WINMM.dll
0x000007fefc7a0000 - 0x000007fefc7ac000 	C:\Windows\system32\VERSION.dll
0x0000000077d10000 - 0x0000000077d17000 	C:\Windows\system32\PSAPI.DLL
0x000000006a0b0000 - 0x000000006a0bf000 	C:\Program Files\Java\jdk1.8.0_101\jre\bin\verify.dll
0x0000000066f80000 - 0x0000000066fa9000 	C:\Program Files\Java\jdk1.8.0_101\jre\bin\java.dll
0x0000000069d50000 - 0x0000000069d66000 	C:\Program Files\Java\jdk1.8.0_101\jre\bin\zip.dll
0x000007fefec00000 - 0x000007feff98a000 	C:\Windows\system32\SHELL32.dll
0x000007fefe9f0000 - 0x000007fefebf3000 	C:\Windows\system32\ole32.dll
0x000007fefd880000 - 0x000007fefd88f000 	C:\Windows\system32\profapi.dll

VM Arguments:
jvm_args: -Djava.awt.headless=true -Xmx1024M -Dfile.encoding=windows-1252 -Duser.country=US -Duser.language=en -Duser.variant 
java_command: com.android.dx.command.Main --dex --force-jumbo --num-threads=4 --multi-dex --output C:\Pitonew\Android-Pitonew\app\build\intermediates\transforms\dex\debug\folders\1000\5\slice_1 C:\Pitonew\Android-Pitonew\app\build\intermediates\transforms\instantRunSlicer\debug\folders\1\5\slice_1
java_class_path (initial): C:\Users\jco\AppData\Local\Android\sdk\build-tools\25.0.2\lib\dx.jar
Launcher Type: SUN_STANDARD

Environment Variables:
JAVA_HOME=C:\Program Files\Java\jre1.8.0_111
PATH=C:\ProgramData\Oracle\Java\javapath;C:\Windows\system32;C:\Windows;C:\Windows\System32\Wbem;C:\Windows\System32\WindowsPowerShell\v1.0\;C:\Windows\CCM;C:\Program Files (x86)\WebEx\Productivity Tools;C:\Program Files\Microsoft SQL Server\Client SDK\ODBC\110\Tools\Binn\;C:\Program Files (x86)\Microsoft SQL Server\120\Tools\Binn\;C:\Program Files\Microsoft SQL Server\120\Tools\Binn\;C:\Program Files\Microsoft SQL Server\120\DTS\Binn\;C:\Program Files (x86)\WebEx\PTools020000000;C:\Program Files\TortoiseHg\;C:\RailsInstaller\Git\cmd;C:\RailsInstaller\nodejs\;C:\Program Files (x86)\Heroku\bin;C:\Program Files (x86)\git\cmd;C:\Program Files (x86)\Git\cmd;C:\Program Files (x86)\Brackets\command;C:\Program Files (x86)\nodejs\;C:\Program Files (x86)\Microsoft SQL Server\120\Tools\Binn\ManagementStudio\;C:\Program Files (x86)\Microsoft SQL Server\120\DTS\Binn\;C:\RailsInstaller\Git\cmd;C:\Quality Assurance\jruby-1.7.26\bin;c:\Python27;C:\Program Files\Mercurial;C:\Users\jco\AppData\Roaming\npm;C:\Users\jco\Downloads\apache-maven-3.3.9-bin\apache-maven-3.3.9\bin;C:\Users\jco\AppData\Local\Box\Box Edit\
USERNAME=jco
OS=Windows_NT
PROCESSOR_IDENTIFIER=Intel64 Family 6 Model 61 Stepping 4, GenuineIntel



---------------  S Y S T E M  ---------------

OS: Windows 7 , 64 bit Build 7601 (6.1.7601.23572)

CPU:total 4 (2 cores per cpu, 2 threads per core) family 6 model 61 stepping 4, cmov, cx8, fxsr, mmx, sse, sse2, sse3, ssse3, sse4.1, sse4.2, popcnt, avx, avx2, aes, clmul, erms, 3dnowpref, lzcnt, ht, tsc, tscinvbit, bmi1, bmi2, adx

Memory: 4k page, physical 8077544k(852744k free), swap 16506708k(12256k free)

vm_info: Java HotSpot(TM) 64-Bit Server VM (25.101-b13) for windows-amd64 JRE (1.8.0_101-b13), built on Jun 22 2016 01:21:29 by "java_re" with MS VC++ 10.0 (VS2010)

time: Wed Apr 05 16:38:37 2017
elapsed time: 5 seconds (0d 0h 0m 5s)

