#
# There is insufficient memory for the Java Runtime Environment to continue.
# Native memory allocation (malloc) failed to allocate 163536 bytes for Chunk::new
# Possible reasons:
#   The system is out of physical RAM or swap space
#   In 32 bit mode, the process size limit was hit
# Possible solutions:
#   Reduce memory load on the system
#   Increase physical memory or swap space
#   Check if swap backing store is full
#   Use 64 bit Java on a 64 bit OS
#   Decrease Java heap size (-Xmx/-Xms)
#   Decrease number of Java threads
#   Decrease Java thread stack sizes (-Xss)
#   Set larger code cache with -XX:ReservedCodeCacheSize=
# This output file may be truncated or incomplete.
#
#  Out of Memory Error (allocation.cpp:390), pid=1120, tid=0x0000000000002120
#
# JRE version: Java(TM) SE Runtime Environment (8.0_101-b13) (build 1.8.0_101-b13)
# Java VM: Java HotSpot(TM) 64-Bit Server VM (25.101-b13 mixed mode windows-amd64 compressed oops)
# Failed to write core dump. Minidumps are not enabled by default on client versions of Windows
#

---------------  T H R E A D  ---------------

Current thread (0x00000000154d8800):  JavaThread "C2 CompilerThread1" daemon [_thread_in_native, id=8480, stack(0x0000000015900000,0x0000000015a00000)]

Stack: [0x0000000015900000,0x0000000015a00000]
[error occurred during error reporting (printing stack bounds), id 0xc0000005]

Native frames: (J=compiled Java code, j=interpreted, Vv=VM code, C=native code)


Current CompileTask:
C2:   1987 1283   !   4       com.android.dx.cf.cst.ConstantPoolParser::parse0 (731 bytes)


---------------  P R O C E S S  ---------------

Java Threads: ( => current thread )
  0x0000000015763000 JavaThread "pool-2-thread-4" [_thread_blocked, id=16324, stack(0x00000000164d0000,0x00000000165d0000)]
  0x0000000015751800 JavaThread "pool-2-thread-3" [_thread_in_Java, id=1944, stack(0x00000000161f0000,0x00000000162f0000)]
  0x000000001575b000 JavaThread "pool-2-thread-2" [_thread_blocked, id=4368, stack(0x0000000016310000,0x0000000016410000)]
  0x0000000015679000 JavaThread "pool-3-thread-1" [_thread_blocked, id=7300, stack(0x00000000160d0000,0x00000000161d0000)]
  0x0000000015676800 JavaThread "pool-2-thread-1" [_thread_blocked, id=16328, stack(0x0000000015e80000,0x0000000015f80000)]
  0x00000000154e5000 JavaThread "Service Thread" daemon [_thread_blocked, id=15080, stack(0x0000000015c80000,0x0000000015d80000)]
  0x00000000154e1000 JavaThread "C1 CompilerThread2" daemon [_thread_blocked, id=13420, stack(0x0000000015a90000,0x0000000015b90000)]
=>0x00000000154d8800 JavaThread "C2 CompilerThread1" daemon [_thread_in_native, id=8480, stack(0x0000000015900000,0x0000000015a00000)]
  0x0000000013be9800 JavaThread "C2 CompilerThread0" daemon [_thread_in_native, id=15836, stack(0x0000000015380000,0x0000000015480000)]
  0x0000000013be5000 JavaThread "Attach Listener" daemon [_thread_blocked, id=8384, stack(0x0000000015160000,0x0000000015260000)]
  0x0000000013be2000 JavaThread "Signal Dispatcher" daemon [_thread_blocked, id=12756, stack(0x0000000015030000,0x0000000015130000)]
  0x0000000013bc9800 JavaThread "Finalizer" daemon [_thread_blocked, id=5600, stack(0x0000000014ec0000,0x0000000014fc0000)]
  0x0000000013b82800 JavaThread "Reference Handler" daemon [_thread_blocked, id=8924, stack(0x0000000014db0000,0x0000000014eb0000)]
  0x000000000015f000 JavaThread "main" [_thread_blocked, id=3140, stack(0x0000000000e20000,0x0000000000f20000)]

Other Threads:
  0x0000000013b7b000 VMThread [stack: 0x0000000014be0000,0x0000000014ce0000] [id=16028]
  0x0000000015505800 WatcherThread [stack: 0x0000000015270000,0x0000000015370000] [id=5792]

VM state:not at safepoint (normal execution)

VM Mutex/Monitor currently owned by a thread: None

Heap:
 PSYoungGen      total 36864K, used 8559K [0x00000000eab00000, 0x00000000ed400000, 0x0000000100000000)
  eden space 31744K, 10% used [0x00000000eab00000,0x00000000eae61c38,0x00000000eca00000)
  from space 5120K, 99% used [0x00000000eca00000,0x00000000ecefa2e0,0x00000000ecf00000)
  to   space 5120K, 0% used [0x00000000ecf00000,0x00000000ecf00000,0x00000000ed400000)
 ParOldGen       total 84992K, used 1316K [0x00000000c0000000, 0x00000000c5300000, 0x00000000eab00000)
  object space 84992K, 1% used [0x00000000c0000000,0x00000000c01491e8,0x00000000c5300000)
 Metaspace       used 5937K, capacity 7024K, committed 7296K, reserved 1056768K
  class space    used 590K, capacity 616K, committed 640K, reserved 1048576K

Card table byte_map: [0x00000000105b0000,0x00000000107c0000] byte_map_base: 0x000000000ffb0000

Marking Bits: (ParMarkBitMap*) 0x0000000070a4a6d0
 Begin Bits: [0x0000000010ff0000, 0x0000000011ff0000)
 End Bits:   [0x0000000011ff0000, 0x0000000012ff0000)

Polling page: 0x0000000000110000

CodeCache: size=245760Kb used=5158Kb max_used=5158Kb free=240601Kb
 bounds [0x00000000011f0000, 0x0000000001700000, 0x00000000101f0000]
 total_blobs=1548 nmethods=1285 adapters=176
 compilation: enabled

Compilation events (10 events):
Event: 1.937 Thread 0x00000000154e1000 nmethod 1282 0x00000000016fac50 code [0x00000000016fadc0, 0x00000000016fb028]
Event: 1.937 Thread 0x00000000154d8800 1283   !   4       com.android.dx.cf.cst.ConstantPoolParser::parse0 (731 bytes)
Event: 1.938 Thread 0x00000000154e1000 1284       3       com.android.dx.cf.direct.MethodListParser::set (30 bytes)
Event: 1.938 Thread 0x00000000154e1000 nmethod 1284 0x00000000016f8c90 code [0x00000000016f8e80, 0x00000000016f9898]
Event: 1.938 Thread 0x00000000154e1000 1285       3       com.android.dx.cf.iface.StdMember::getDescriptor (8 bytes)
Event: 1.939 Thread 0x00000000154e1000 nmethod 1285 0x00000000016f7550 code [0x00000000016f76a0, 0x00000000016f7890]
Event: 1.939 Thread 0x00000000154e1000 1286       3       com.android.dx.rop.type.Prototype::intern (31 bytes)
Event: 1.939 Thread 0x00000000154e1000 nmethod 1286 0x00000000016fc910 code [0x00000000016fcaa0, 0x00000000016fce28]
Event: 1.939 Thread 0x00000000154e1000 1287       3       com.android.dx.cf.attrib.AttCode::byteLength (29 bytes)
Event: 1.940 Thread 0x00000000154e1000 nmethod 1287 0x00000000016fcf90 code [0x00000000016fd160, 0x00000000016fdbb8]

GC Heap History (2 events):
Event: 1.529 GC heap before
{Heap before GC invocations=1 (full 0):
 PSYoungGen      total 36864K, used 31744K [0x00000000eab00000, 0x00000000ed400000, 0x0000000100000000)
  eden space 31744K, 100% used [0x00000000eab00000,0x00000000eca00000,0x00000000eca00000)
  from space 5120K, 0% used [0x00000000ecf00000,0x00000000ecf00000,0x00000000ed400000)
  to   space 5120K, 0% used [0x00000000eca00000,0x00000000eca00000,0x00000000ecf00000)
 ParOldGen       total 84992K, used 0K [0x00000000c0000000, 0x00000000c5300000, 0x00000000eab00000)
  object space 84992K, 0% used [0x00000000c0000000,0x00000000c0000000,0x00000000c5300000)
 Metaspace       used 5872K, capacity 6960K, committed 7040K, reserved 1056768K
  class space    used 590K, capacity 616K, committed 640K, reserved 1048576K
Event: 1.707 GC heap after
Heap after GC invocations=1 (full 0):
 PSYoungGen      total 36864K, used 5096K [0x00000000eab00000, 0x00000000ed400000, 0x0000000100000000)
  eden space 31744K, 0% used [0x00000000eab00000,0x00000000eab00000,0x00000000eca00000)
  from space 5120K, 99% used [0x00000000eca00000,0x00000000ecefa2e0,0x00000000ecf00000)
  to   space 5120K, 0% used [0x00000000ecf00000,0x00000000ecf00000,0x00000000ed400000)
 ParOldGen       total 84992K, used 1316K [0x00000000c0000000, 0x00000000c5300000, 0x00000000eab00000)
  object space 84992K, 1% used [0x00000000c0000000,0x00000000c01491e8,0x00000000c5300000)
 Metaspace       used 5872K, capacity 6960K, committed 7040K, reserved 1056768K
  class space    used 590K, capacity 616K, committed 640K, reserved 1048576K
}

Deoptimization events (8 events):
Event: 0.813 Thread 0x0000000015763000 Uncommon trap: reason=unstable_if action=reinterpret pc=0x0000000001418d6c method=java.util.HashMap.getNode(ILjava/lang/Object;)Ljava/util/HashMap$Node; @ 62
Event: 0.916 Thread 0x000000001575b000 Uncommon trap: reason=unstable_if action=reinterpret pc=0x00000000014abf38 method=java.util.HashMap.getNode(ILjava/lang/Object;)Ljava/util/HashMap$Node; @ 129
Event: 0.965 Thread 0x0000000015751800 Uncommon trap: reason=unstable_if action=reinterpret pc=0x000000000144f6e4 method=java.util.BitSet.ensureCapacity(I)V @ 6
Event: 1.095 Thread 0x000000001575b000 Uncommon trap: reason=class_check action=maybe_recompile pc=0x000000000149f82c method=com.android.dx.ssa.NormalSsaInsn.accept(Lcom/android/dx/ssa/SsaInsn$Visitor;)V @ 9
Event: 1.095 Thread 0x000000001575b000 Uncommon trap: reason=class_check action=maybe_recompile pc=0x000000000149f82c method=com.android.dx.ssa.NormalSsaInsn.accept(Lcom/android/dx/ssa/SsaInsn$Visitor;)V @ 9
Event: 1.095 Thread 0x000000001575b000 Uncommon trap: reason=class_check action=maybe_recompile pc=0x000000000149f82c method=com.android.dx.ssa.NormalSsaInsn.accept(Lcom/android/dx/ssa/SsaInsn$Visitor;)V @ 9
Event: 1.095 Thread 0x000000001575b000 Uncommon trap: reason=class_check action=maybe_recompile pc=0x000000000149f82c method=com.android.dx.ssa.NormalSsaInsn.accept(Lcom/android/dx/ssa/SsaInsn$Visitor;)V @ 9
Event: 1.168 Thread 0x000000001575b000 Uncommon trap: reason=unstable_if action=reinterpret pc=0x0000000001427f30 method=java.util.HashMap.getNode(ILjava/lang/Object;)Ljava/util/HashMap$Node; @ 129

Internal exceptions (2 events):
Event: 0.100 Thread 0x000000000015f000 Exception <a 'java/lang/NoSuchMethodError': Method sun.misc.Unsafe.defineClass(Ljava/lang/String;[BII)Ljava/lang/Class; name or signature does not match> (0x00000000eab07cc0) thrown at [C:\re\workspace\8-2-build-windows-amd64-cygwin\jdk8u101\7261\hotspot\sÑ÷U¸àÄ¹?
Event: 0.101 Thread 0x000000000015f000 Exception <a 'java/lang/NoSuchMethodError': Method sun.misc.Unsafe.prefetchRead(Ljava/lang/Object;J)V name or signature does not match> (0x00000000eab07fa8) thrown at [C:\re\workspace\8-2-build-windows-amd64-cygwin\jdk8u101\7261\hotspot\src\share\vm\prims\

Events (10 events):
Event: 1.187 Executing VM operation: ForceSafepoint
Event: 1.188 Executing VM operation: ForceSafepoint done
Event: 1.388 loading class java/util/TreeMap$EntrySet
Event: 1.388 loading class java/util/TreeMap$EntrySet done
Event: 1.388 loading class java/util/TreeMap$EntryIterator
Event: 1.388 loading class java/util/TreeMap$EntryIterator done
Event: 1.388 Executing VM operation: Deoptimize
Event: 1.389 Executing VM operation: Deoptimize done
Event: 1.501 Executing VM operation: ParallelGCFailedAllocation
Event: 1.707 Executing VM operation: ParallelGCFailedAllocation done


Dynamic libraries:
0x000000013fdb0000 - 0x000000013fde7000 	C:\Program Files\Java\jdk1.8.0_101\bin\java.exe
0x0000000076e10000 - 0x0000000076fba000 	C:\Windows\SYSTEM32\ntdll.dll
0x0000000076bf0000 - 0x0000000076d0f000 	C:\Windows\system32\kernel32.dll
0x000007fefce00000 - 0x000007fefce6a000 	C:\Windows\system32\KERNELBASE.dll
0x000007fefeab0000 - 0x000007fefeb8b000 	C:\Windows\system32\ADVAPI32.dll
0x000007fefd240000 - 0x000007fefd2df000 	C:\Windows\system32\msvcrt.dll
0x000007fefea00000 - 0x000007fefea1f000 	C:\Windows\SYSTEM32\sechost.dll
0x000007fefcf00000 - 0x000007fefd02d000 	C:\Windows\system32\RPCRT4.dll
0x0000000076d10000 - 0x0000000076e0a000 	C:\Windows\system32\USER32.dll
0x000007fefd980000 - 0x000007fefd9e7000 	C:\Windows\system32\GDI32.dll
0x000007fefeaa0000 - 0x000007fefeaae000 	C:\Windows\system32\LPK.dll
0x000007fefd8b0000 - 0x000007fefd97a000 	C:\Windows\system32\USP10.dll
0x000007fef9e30000 - 0x000007fefa024000 	C:\Windows\WinSxS\amd64_microsoft.windows.common-controls_6595b64144ccf1df_6.0.7601.18837_none_fa3b1e3d17594757\COMCTL32.dll
0x000007fefda40000 - 0x000007fefdab1000 	C:\Windows\system32\SHLWAPI.dll
0x000007fefd030000 - 0x000007fefd05e000 	C:\Windows\system32\IMM32.DLL
0x000007feff010000 - 0x000007feff119000 	C:\Windows\system32\MSCTF.dll
0x0000000052330000 - 0x0000000052402000 	C:\Program Files\Java\jdk1.8.0_101\jre\bin\msvcr100.dll
0x0000000070230000 - 0x0000000070aca000 	C:\Program Files\Java\jdk1.8.0_101\jre\bin\server\jvm.dll
0x000007fef9100000 - 0x000007fef9109000 	C:\Windows\system32\WSOCK32.dll
0x000007fefd9f0000 - 0x000007fefda3d000 	C:\Windows\system32\WS2_32.dll
0x000007fefd5b0000 - 0x000007fefd5b8000 	C:\Windows\system32\NSI.dll
0x000007fef9800000 - 0x000007fef983b000 	C:\Windows\system32\WINMM.dll
0x000007fefba70000 - 0x000007fefba7c000 	C:\Windows\system32\VERSION.dll
0x0000000076fe0000 - 0x0000000076fe7000 	C:\Windows\system32\PSAPI.DLL
0x0000000069270000 - 0x000000006927f000 	C:\Program Files\Java\jdk1.8.0_101\jre\bin\verify.dll
0x0000000068cb0000 - 0x0000000068cd9000 	C:\Program Files\Java\jdk1.8.0_101\jre\bin\java.dll
0x0000000068d00000 - 0x0000000068d16000 	C:\Program Files\Java\jdk1.8.0_101\jre\bin\zip.dll
0x000007fefdac0000 - 0x000007fefe84a000 	C:\Windows\system32\SHELL32.dll
0x000007fefd5c0000 - 0x000007fefd7c3000 	C:\Windows\system32\ole32.dll
0x000007fefcb40000 - 0x000007fefcb4f000 	C:\Windows\system32\profapi.dll

VM Arguments:
jvm_args: -Djava.awt.headless=true -Xmx1024M -Dfile.encoding=windows-1252 -Duser.country=US -Duser.language=en -Duser.variant 
java_command: com.android.dx.command.Main --dex --force-jumbo --num-threads=4 --multi-dex --output C:\Pitonew\Android-Pitonew\app\build\intermediates\transforms\dex\debug\folders\1000\10\classes_9634836ee2fc15a5c083deb042f2817afb0c0d07 C:\Users\jco\.android\build-cache\0176aa93e54cfee99e84e1e97e9c50a6a990d44e\output\jars\classes.jar
java_class_path (initial): C:\Users\jco\AppData\Local\Android\sdk\build-tools\25.0.2\lib\dx.jar
Launcher Type: SUN_STANDARD

Environment Variables:
JAVA_HOME=C:\Program Files\Java\jre1.8.0_111
PATH=C:\ProgramData\Oracle\Java\javapath;C:\Windows\system32;C:\Windows;C:\Windows\System32\Wbem;C:\Windows\System32\WindowsPowerShell\v1.0\;C:\Windows\CCM;C:\Program Files (x86)\WebEx\Productivity Tools;C:\Program Files\Microsoft SQL Server\Client SDK\ODBC\110\Tools\Binn\;C:\Program Files (x86)\Microsoft SQL Server\120\Tools\Binn\;C:\Program Files\Microsoft SQL Server\120\Tools\Binn\;C:\Program Files\Microsoft SQL Server\120\DTS\Binn\;C:\Program Files (x86)\WebEx\PTools020000000;C:\Program Files\TortoiseHg\;C:\RailsInstaller\Git\cmd;C:\RailsInstaller\nodejs\;C:\Program Files (x86)\Heroku\bin;C:\Program Files (x86)\git\cmd;C:\Program Files (x86)\Git\cmd;C:\Program Files (x86)\Brackets\command;C:\Program Files (x86)\nodejs\;C:\Program Files (x86)\Microsoft SQL Server\120\Tools\Binn\ManagementStudio\;C:\Program Files (x86)\Microsoft SQL Server\120\DTS\Binn\;C:\RailsInstaller\Git\cmd;C:\Quality Assurance\jruby-1.7.26\bin;c:\Python27;C:\Program Files\Mercurial;C:\Users\jco\AppData\Roaming\npm;C:\Users\jco\Downloads\apache-maven-3.3.9-bin\apache-maven-3.3.9\bin;C:\Users\jco\AppData\Local\Box\Box Edit\
USERNAME=jco
OS=Windows_NT
PROCESSOR_IDENTIFIER=Intel64 Family 6 Model 61 Stepping 4, GenuineIntel



---------------  S Y S T E M  ---------------

OS: Windows 7 , 64 bit Build 7601 (6.1.7601.23572)

CPU:total 4 (2 cores per cpu, 2 threads per core) family 6 model 61 stepping 4, cmov, cx8, fxsr, mmx, sse, sse2, sse3, ssse3, sse4.1, sse4.2, popcnt, avx, avx2, aes, clmul, erms, 3dnowpref, lzcnt, ht, tsc, tscinvbit, bmi1, bmi2, adx

Memory: 4k page, physical 8077544k(1644992k free), swap 16315464k(5168k free)

vm_info: Java HotSpot(TM) 64-Bit Server VM (25.101-b13) for windows-amd64 JRE (1.8.0_101-b13), built on Jun 22 2016 01:21:29 by "java_re" with MS VC++ 10.0 (VS2010)

time: Mon Mar 27 14:50:36 2017
elapsed time: 1 seconds (0d 0h 0m 1s)

