#
# A fatal error has been detected by the Java Runtime Environment:
#
#  EXCEPTION_ACCESS_VIOLATION (0xc0000005) at pc=0x0000000070363987, pid=17364, tid=0x0000000000003570
#
# JRE version: Java(TM) SE Runtime Environment (8.0_101-b13) (build 1.8.0_101-b13)
# Java VM: Java HotSpot(TM) 64-Bit Server VM (25.101-b13 mixed mode windows-amd64 compressed oops)
# Problematic frame:
# V  [jvm.dll+0x213987]
#
# Failed to write core dump. Minidumps are not enabled by default on client versions of Windows
#
# If you would like to submit a bug report, please visit:
#   http://bugreport.java.com/bugreport/crash.jsp
#

---------------  T H R E A D  ---------------

Current thread (0x0000000055609800):  JavaThread "pool-1-thread-2" [_thread_in_vm, id=13680, stack(0x00000000560a0000,0x00000000561a0000)]

siginfo: ExceptionCode=0xc0000005, writing address 0x0000000056197ff0

Registers:
RAX=0x0000000056197ff0, RBX=0x0000000000000007, RCX=0x0000000000006000, RDX=0x0000000000000012
RSP=0x000000005619dff0, RBP=0x0000000000000000, RSI=0x000000005619dff0, RDI=0x0000000000000007
R8 =0x0000000000000012, R9 =0x00000000556090e0, R10=0x00000000532346c0, R11=0x00000000560aa160
R12=0x00000000556090e0, R13=0x0000000055609800, R14=0x000000005619e0b8, R15=0x00000000532346c0
RIP=0x0000000070363987, EFLAGS=0x0000000000010206

Top of Stack: (sp=0x000000005619dff0)
0x000000005619dff0:   00000000534ead70 00000000536ad3b0
0x000000005619e000:   0000000055609800 00000000556090e0
0x000000005619e010:   00000000ffffffff 00000000703648b7
0x000000005619e020:   000000005619e120 00000000532346c0
0x000000005619e030:   0000000055609800 00000000702104e3
0x000000005619e040:   000000005619e080 0000000055609800
0x000000005619e050:   000000005619e110 0000000055609800
0x000000005619e060:   00000000532346c0 0000000055609800
0x000000005619e070:   00000000013031e0 0000000055609800
0x000000005619e080:   00000000532346c0 0000000055609800
0x000000005619e090:   00000000532346c0 0000000055609800
0x000000005619e0a0:   0000000000000001 00000000532346c0
0x000000005619e0b0:   0000000055609800 00000000555178f0
0x000000005619e0c0:   0000000055609800 00000000702119cd
0x000000005619e0d0:   000000005619e450 0000000013222368
0x000000005619e0e0:   000000001322f688 0000000000000000 

Instructions: (pc=0x0000000070363987)
0x0000000070363967:   48 89 6c 24 30 33 ed 66 90 e8 cb 37 08 00 ff c3
0x0000000070363977:   48 63 c8 48 8b c6 48 0f af cf 48 ff c7 48 2b c1
0x0000000070363987:   89 28 48 63 c3 48 3b 05 3d 0d 59 00 7e db 48 8b
0x0000000070363997:   6c 24 30 48 8b 5c 24 38 48 8b 74 24 40 48 83 c4 


Register to memory mapping:

RAX=0x0000000056197ff0 is pointing into the stack for thread: 0x0000000055609800
RBX=0x0000000000000007 is an unknown value
RCX=0x0000000000006000 is an unknown value
RDX=0x0000000000000012 is an unknown value
RSP=0x000000005619dff0 is pointing into the stack for thread: 0x0000000055609800
RBP=0x0000000000000000 is an unknown value
RSI=0x000000005619dff0 is pointing into the stack for thread: 0x0000000055609800
RDI=0x0000000000000007 is an unknown value
R8 =0x0000000000000012 is an unknown value
R9 =0x00000000556090e0 is an unknown value
R10={method} {0x00000000532346c8} 'loadClass' '(Ljava/lang/String;)Ljava/lang/Class;' in 'java/lang/ClassLoader'
R11=0x00000000560aa160 is pointing into the stack for thread: 0x0000000055609800
R12=0x00000000556090e0 is an unknown value
R13=0x0000000055609800 is a thread
R14=0x000000005619e0b8 is pointing into the stack for thread: 0x0000000055609800
R15={method} {0x00000000532346c8} 'loadClass' '(Ljava/lang/String;)Ljava/lang/Class;' in 'java/lang/ClassLoader'


Stack: [0x00000000560a0000,0x00000000561a0000],  sp=0x000000005619dff0,  free space=1015k
Native frames: (J=compiled Java code, j=interpreted, Vv=VM code, C=native code)

Java frames: (J=compiled Java code, j=interpreted, Vv=VM code)
j  com.android.dx.rop.annotation.Annotations.addAll(Lcom/android/dx/rop/annotation/Annotations;)V+32
j  com.android.dx.rop.annotation.Annotations.combine(Lcom/android/dx/rop/annotation/Annotations;Lcom/android/dx/rop/annotation/Annotations;)Lcom/android/dx/rop/annotation/Annotations;+10
j  com.android.dx.dex.cf.AttributeTranslator.getClassAnnotations(Lcom/android/dx/cf/direct/DirectClassFile;Lcom/android/dx/dex/cf/CfOptions;)Lcom/android/dx/rop/annotation/Annotations;+48
j  com.android.dx.dex.cf.CfTranslator.translate0(Lcom/android/dx/cf/direct/DirectClassFile;[BLcom/android/dx/dex/cf/CfOptions;Lcom/android/dx/dex/DexOptions;Lcom/android/dx/dex/file/DexFile;)Lcom/android/dx/dex/file/ClassDefItem;+69
j  com.android.dx.dex.cf.CfTranslator.translate(Lcom/android/dx/cf/direct/DirectClassFile;[BLcom/android/dx/dex/cf/CfOptions;Lcom/android/dx/dex/DexOptions;Lcom/android/dx/dex/file/DexFile;)Lcom/android/dx/dex/file/ClassDefItem;+6
j  com.android.dx.command.dexer.Main.translateClass([BLcom/android/dx/cf/direct/DirectClassFile;)Lcom/android/dx/dex/file/ClassDefItem;+17
j  com.android.dx.command.dexer.Main.access$2700([BLcom/android/dx/cf/direct/DirectClassFile;)Lcom/android/dx/dex/file/ClassDefItem;+2
j  com.android.dx.command.dexer.Main$ClassTranslatorTask.call()Lcom/android/dx/dex/file/ClassDefItem;+8
j  com.android.dx.command.dexer.Main$ClassTranslatorTask.call()Ljava/lang/Object;+1
j  java.util.concurrent.FutureTask.run()V+42
j  java.util.concurrent.ThreadPoolExecutor.runWorker(Ljava/util/concurrent/ThreadPoolExecutor$Worker;)V+95
j  java.util.concurrent.ThreadPoolExecutor$Worker.run()V+5
j  java.lang.Thread.run()V+11
v  ~StubRoutines::call_stub

---------------  P R O C E S S  ---------------

Java Threads: ( => current thread )
=>0x0000000055609800 JavaThread "pool-1-thread-2" [_thread_in_vm, id=13680, stack(0x00000000560a0000,0x00000000561a0000)]
  0x0000000055605000 JavaThread "pool-2-thread-1" [_thread_blocked, id=16264, stack(0x0000000055e50000,0x0000000055f50000)]
  0x0000000055604000 JavaThread "pool-1-thread-1" [_thread_in_native, id=9156, stack(0x0000000055b90000,0x0000000055c90000)]
  0x0000000055504000 JavaThread "Service Thread" daemon [_thread_blocked, id=16172, stack(0x00000000550c0000,0x00000000551c0000)]
  0x0000000055492000 JavaThread "C1 CompilerThread2" daemon [_thread_in_native, id=8852, stack(0x0000000055a70000,0x0000000055b70000)]
  0x0000000053c1f800 JavaThread "C2 CompilerThread1" daemon [_thread_blocked, id=17072, stack(0x0000000055890000,0x0000000055990000)]
  0x0000000053c1b800 JavaThread "C2 CompilerThread0" daemon [_thread_blocked, id=14348, stack(0x0000000055380000,0x0000000055480000)]
  0x0000000053c17000 JavaThread "Attach Listener" daemon [_thread_blocked, id=3048, stack(0x0000000055230000,0x0000000055330000)]
  0x0000000053c13800 JavaThread "Signal Dispatcher" daemon [_thread_blocked, id=8804, stack(0x0000000054f80000,0x0000000055080000)]
  0x0000000053bf9800 JavaThread "Finalizer" daemon [_thread_blocked, id=16968, stack(0x0000000054e80000,0x0000000054f80000)]
  0x0000000053bb2800 JavaThread "Reference Handler" daemon [_thread_blocked, id=9732, stack(0x0000000054c50000,0x0000000054d50000)]
  0x0000000000cff000 JavaThread "main" [_thread_in_Java, id=8988, stack(0x0000000000f20000,0x0000000001020000)]

Other Threads:
  0x0000000053bab000 VMThread [stack: 0x0000000054d80000,0x0000000054e80000] [id=10452]
  0x0000000055516800 WatcherThread [stack: 0x0000000055c90000,0x0000000055d90000] [id=8468]

VM state:not at safepoint (normal execution)

VM Mutex/Monitor currently owned by a thread: None

Heap:
 PSYoungGen      total 36864K, used 5084K [0x00000000eab00000, 0x00000000ed400000, 0x0000000100000000)
  eden space 31744K, 16% used [0x00000000eab00000,0x00000000eaff7088,0x00000000eca00000)
  from space 5120K, 0% used [0x00000000ecf00000,0x00000000ecf00000,0x00000000ed400000)
  to   space 5120K, 0% used [0x00000000eca00000,0x00000000eca00000,0x00000000ecf00000)
 ParOldGen       total 84992K, used 0K [0x00000000c0000000, 0x00000000c5300000, 0x00000000eab00000)
  object space 84992K, 0% used [0x00000000c0000000,0x00000000c0000000,0x00000000c5300000)
 Metaspace       used 3888K, capacity 5168K, committed 5376K, reserved 1056768K
  class space    used 445K, capacity 488K, committed 512K, reserved 1048576K

Card table byte_map: [0x00000000106b0000,0x00000000108c0000] byte_map_base: 0x00000000100b0000

Marking Bits: (ParMarkBitMap*) 0x000000007096a6d0
 Begin Bits: [0x0000000011020000, 0x0000000012020000)
 End Bits:   [0x0000000012020000, 0x0000000013020000)

Polling page: 0x0000000000210000

CodeCache: size=245760Kb used=1364Kb max_used=1364Kb free=244395Kb
 bounds [0x00000000012f0000, 0x0000000001560000, 0x00000000102f0000]
 total_blobs=416 nmethods=165 adapters=164
 compilation: enabled

Compilation events (10 events):
Event: 0.348 Thread 0x0000000055492000  154       3       sun.misc.PerfCounter::addElapsedTimeFrom (10 bytes)
Event: 0.348 Thread 0x0000000055492000 nmethod 154 0x00000000014410d0 code [0x0000000001441280, 0x0000000001441998]
Event: 0.350 Thread 0x0000000055492000  156       3       java.util.HashMap::putVal (300 bytes)
Event: 0.352 Thread 0x0000000055492000 nmethod 156 0x000000000143f510 code [0x000000000143f780, 0x00000000014409f8]
Event: 0.352 Thread 0x0000000055492000  155       3       java.util.HashMap::put (13 bytes)
Event: 0.352 Thread 0x0000000055492000 nmethod 155 0x0000000001441fd0 code [0x0000000001442160, 0x0000000001442518]
Event: 0.352 Thread 0x0000000055492000  157       3       com.android.dx.util.MutabilityControl::throwIfImmutable (18 bytes)
Event: 0.352 Thread 0x0000000055492000 nmethod 157 0x0000000001442650 code [0x00000000014427c0, 0x0000000001442a28]
Event: 0.358 Thread 0x0000000055492000  158       3       java.util.jar.Attributes$Name::hashCode (24 bytes)
Event: 0.358 Thread 0x0000000055492000 nmethod 158 0x0000000001442b10 code [0x0000000001442c80, 0x0000000001442e48]

GC Heap History (0 events):
No events

Deoptimization events (0 events):
No events

Internal exceptions (2 events):
Event: 0.083 Thread 0x0000000000cff000 Exception <a 'java/lang/NoSuchMethodError': Method sun.misc.Unsafe.defineClass(Ljava/lang/String;[BII)Ljava/lang/Class; name or signature does not match> (0x00000000eab07cc0) thrown at [C:\re\workspace\8-2-build-windows-amd64-cygwin\jdk8u101\7261\hotspot\sÍ]ï¤*µ?
Event: 0.083 Thread 0x0000000000cff000 Exception <a 'java/lang/NoSuchMethodError': Method sun.misc.Unsafe.prefetchRead(Ljava/lang/Object;J)V name or signature does not match> (0x00000000eab07fa8) thrown at [C:\re\workspace\8-2-build-windows-amd64-cygwin\jdk8u101\7261\hotspot\src\share\vm\prims\

Events (10 events):
Event: 0.358 loading class com/android/dx/rop/annotation/AnnotationVisibility
Event: 0.359 loading class com/android/dx/rop/annotation/AnnotationVisibility done
Event: 0.359 loading class com/android/dx/rop/annotation/NameValuePair
Event: 0.359 loading class com/android/dx/rop/annotation/NameValuePair done
Event: 0.360 loading class java/util/TreeMap$Values
Event: 0.360 loading class java/util/TreeMap$Values done
Event: 0.360 loading class java/util/TreeMap$ValueIterator
Event: 0.360 loading class java/util/TreeMap$PrivateEntryIterator
Event: 0.360 loading class java/util/TreeMap$PrivateEntryIterator done
Event: 0.360 loading class java/util/TreeMap$ValueIterator done


Dynamic libraries:
0x000000013fff0000 - 0x0000000140027000 	C:\Program Files\Java\jdk1.8.0_101\bin\java.exe
0x0000000077a10000 - 0x0000000077bba000 	C:\Windows\SYSTEM32\ntdll.dll
0x00000000778f0000 - 0x0000000077a0f000 	C:\Windows\system32\kernel32.dll
0x000007fefd780000 - 0x000007fefd7ea000 	C:\Windows\system32\KERNELBASE.dll
0x000007fefde20000 - 0x000007fefdefb000 	C:\Windows\system32\ADVAPI32.dll
0x000007feff590000 - 0x000007feff62f000 	C:\Windows\system32\msvcrt.dll
0x000007fefe200000 - 0x000007fefe21f000 	C:\Windows\SYSTEM32\sechost.dll
0x000007feff390000 - 0x000007feff4bd000 	C:\Windows\system32\RPCRT4.dll
0x00000000777f0000 - 0x00000000778ea000 	C:\Windows\system32\USER32.dll
0x000007feff240000 - 0x000007feff2a7000 	C:\Windows\system32\GDI32.dll
0x000007fefdd40000 - 0x000007fefdd4e000 	C:\Windows\system32\LPK.dll
0x000007fefdd50000 - 0x000007fefde1a000 	C:\Windows\system32\USP10.dll
0x000007fefbb10000 - 0x000007fefbd04000 	C:\Windows\WinSxS\amd64_microsoft.windows.common-controls_6595b64144ccf1df_6.0.7601.18837_none_fa3b1e3d17594757\COMCTL32.dll
0x000007fefdb30000 - 0x000007fefdba1000 	C:\Windows\system32\SHLWAPI.dll
0x000007fefdb00000 - 0x000007fefdb2e000 	C:\Windows\system32\IMM32.DLL
0x000007feffb70000 - 0x000007feffc79000 	C:\Windows\system32\MSCTF.dll
0x0000000078d90000 - 0x0000000078e62000 	C:\Program Files\Java\jdk1.8.0_101\jre\bin\msvcr100.dll
0x0000000070150000 - 0x00000000709ea000 	C:\Program Files\Java\jdk1.8.0_101\jre\bin\server\jvm.dll
0x000007fef9d10000 - 0x000007fef9d19000 	C:\Windows\system32\WSOCK32.dll
0x000007feff4c0000 - 0x000007feff50d000 	C:\Windows\system32\WS2_32.dll
0x000007feff230000 - 0x000007feff238000 	C:\Windows\system32\NSI.dll
0x000007fefa2b0000 - 0x000007fefa2eb000 	C:\Windows\system32\WINMM.dll
0x000007fefc670000 - 0x000007fefc67c000 	C:\Windows\system32\VERSION.dll
0x0000000077be0000 - 0x0000000077be7000 	C:\Windows\system32\PSAPI.DLL
0x00000000696b0000 - 0x00000000696bf000 	C:\Program Files\Java\jdk1.8.0_101\jre\bin\verify.dll
0x0000000069680000 - 0x00000000696a9000 	C:\Program Files\Java\jdk1.8.0_101\jre\bin\java.dll
0x0000000069660000 - 0x0000000069676000 	C:\Program Files\Java\jdk1.8.0_101\jre\bin\zip.dll
0x000007fefe2c0000 - 0x000007feff04a000 	C:\Windows\system32\SHELL32.dll
0x000007feff900000 - 0x000007feffb03000 	C:\Windows\system32\ole32.dll
0x000007fefd740000 - 0x000007fefd74f000 	C:\Windows\system32\profapi.dll

VM Arguments:
jvm_args: -Djava.awt.headless=true -Xmx1024M -Dfile.encoding=windows-1252 -Duser.country=US -Duser.language=en -Duser.variant 
java_command: com.android.dx.command.Main --dex --num-threads=4 --output C:\Pitonew\Android-Pitonew\app\build\intermediates\pre-dexed\debug\debug_ee6f6c572fc247c1bb9b643272c625bc2ea6bfc5.jar C:\Pitonew\Android-Pitonew\app\build\intermediates\classes\debug
java_class_path (initial): C:\Users\jco\AppData\Local\Android\sdk\build-tools\24.0.2\lib\dx.jar
Launcher Type: SUN_STANDARD

Environment Variables:
JAVA_HOME=C:\Program Files\Java\jre1.8.0_111
PATH=C:\ProgramData\Oracle\Java\javapath;C:\Windows\system32;C:\Windows;C:\Windows\System32\Wbem;C:\Windows\System32\WindowsPowerShell\v1.0\;C:\Windows\CCM;C:\Program Files (x86)\WebEx\Productivity Tools;C:\Program Files\Microsoft SQL Server\Client SDK\ODBC\110\Tools\Binn\;C:\Program Files (x86)\Microsoft SQL Server\120\Tools\Binn\;C:\Program Files\Microsoft SQL Server\120\Tools\Binn\;C:\Program Files\Microsoft SQL Server\120\DTS\Binn\;C:\Program Files (x86)\WebEx\PTools020000000;C:\Program Files\TortoiseHg\;C:\RailsInstaller\Git\cmd;C:\RailsInstaller\nodejs\;C:\Program Files (x86)\Heroku\bin;C:\Program Files (x86)\git\cmd;C:\Program Files (x86)\Git\cmd;C:\Program Files (x86)\Brackets\command;C:\Program Files (x86)\nodejs\;C:\Program Files (x86)\Microsoft SQL Server\120\Tools\Binn\ManagementStudio\;C:\Program Files (x86)\Microsoft SQL Server\120\DTS\Binn\;C:\RailsInstaller\Git\cmd;C:\Quality Assurance\jruby-1.7.26\bin;c:\Python27;C:\Program Files\Mercurial;C:\Users\jco\AppData\Roaming\npm;C:\Users\jco\Downloads\apache-maven-3.3.9-bin\apache-maven-3.3.9\bin;C:\Users\jco\AppData\Local\Box\Box Edit\
USERNAME=jco
OS=Windows_NT
PROCESSOR_IDENTIFIER=Intel64 Family 6 Model 61 Stepping 4, GenuineIntel



---------------  S Y S T E M  ---------------

OS: Windows 7 , 64 bit Build 7601 (6.1.7601.23572)

CPU:total 4 (2 cores per cpu, 2 threads per core) family 6 model 61 stepping 4, cmov, cx8, fxsr, mmx, sse, sse2, sse3, ssse3, sse4.1, sse4.2, popcnt, avx, avx2, aes, clmul, erms, 3dnowpref, lzcnt, ht, tsc, tscinvbit, bmi1, bmi2, adx

Memory: 4k page, physical 8077544k(761280k free), swap 17729344k(5056k free)

vm_info: Java HotSpot(TM) 64-Bit Server VM (25.101-b13) for windows-amd64 JRE (1.8.0_101-b13), built on Jun 22 2016 01:21:29 by "java_re" with MS VC++ 10.0 (VS2010)

time: Fri Mar 03 14:53:48 2017
elapsed time: 0 seconds (0d 0h 0m 0s)

